#
# There is insufficient memory for the Java Runtime Environment to continue.
# Native memory allocation (mmap) failed to map 274726912 bytes for G1 virtual space
# Possible reasons:
#   The system is out of physical RAM or swap space
#   The process is running with CompressedOops enabled, and the Java Heap may be blocking the growth of the native heap
# Possible solutions:
#   Reduce memory load on the system
#   Increase physical memory or swap space
#   Check if swap backing store is full
#   Decrease Java heap size (-Xmx/-Xms)
#   Decrease number of Java threads
#   Decrease Java thread stack sizes (-Xss)
#   Set larger code cache with -XX:ReservedCodeCacheSize=
#   JVM is running with Unscaled Compressed Oops mode in which the Java heap is
#     placed in the first 4GB address space. The Java Heap base address is the
#     maximum limit for the native heap growth. Please use -XX:HeapBaseMinAddress
#     to set the Java Heap base and to place the Java Heap above 4GB virtual address.
# This output file may be truncated or incomplete.
#
#  Out of Memory Error (os_windows.cpp:3769), pid=14364, tid=12392
#
# JRE version: OpenJDK Runtime Environment (17.0.6) (build 17.0.6+0-b2043.56-9586694)
# Java VM: OpenJDK 64-Bit Server VM (17.0.6+0-b2043.56-9586694, mixed mode, tiered, compressed oops, compressed class ptrs, g1 gc, windows-amd64)
# No core dump will be written. Minidumps are not enabled by default on client versions of Windows
#

---------------  S U M M A R Y ------------

Command Line: --add-opens=java.base/java.util=ALL-UNNAMED --add-opens=java.base/java.lang=ALL-UNNAMED --add-opens=java.base/java.lang.invoke=ALL-UNNAMED --add-opens=java.prefs/java.util.prefs=ALL-UNNAMED --add-opens=java.base/java.nio.charset=ALL-UNNAMED --add-opens=java.base/java.net=ALL-UNNAMED --add-opens=java.base/java.util.concurrent.atomic=ALL-UNNAMED -Xmx2048m -Dfile.encoding=UTF-8 -Duser.country=US -Duser.language=en -Duser.variant org.gradle.launcher.daemon.bootstrap.GradleDaemon 8.0

Host: Intel(R) Core(TM) i5-10210U CPU @ 1.60GHz, 8 cores, 7G,  Windows 11 , 64 bit Build 22621 (10.0.22621.1485)
Time: Thu Apr 27 15:29:26 2023 SE Asia Standard Time elapsed time: 35.024884 seconds (0d 0h 0m 35s)

---------------  T H R E A D  ---------------

Current thread (0x000001cc25013a40):  VMThread "VM Thread" [stack: 0x00000072dbc00000,0x00000072dbd00000] [id=12392]

Stack: [0x00000072dbc00000,0x00000072dbd00000]
Native frames: (J=compiled Java code, j=interpreted, Vv=VM code, C=native code)
V  [jvm.dll+0x683b4a]
V  [jvm.dll+0x842654]
V  [jvm.dll+0x843dfe]
V  [jvm.dll+0x844463]
V  [jvm.dll+0x249b75]
V  [jvm.dll+0x680a19]
V  [jvm.dll+0x674f0a]
V  [jvm.dll+0x309acb]
V  [jvm.dll+0x310f86]
V  [jvm.dll+0x3608ee]
V  [jvm.dll+0x360b1f]
V  [jvm.dll+0x2dfbf8]
V  [jvm.dll+0x2ddec4]
V  [jvm.dll+0x2dd4cc]
V  [jvm.dll+0x321f3b]
V  [jvm.dll+0x84893b]
V  [jvm.dll+0x849674]
V  [jvm.dll+0x849b8d]
V  [jvm.dll+0x849f64]
V  [jvm.dll+0x84a030]
V  [jvm.dll+0x7f25fa]
V  [jvm.dll+0x682985]
C  [ucrtbase.dll+0x29363]
C  [KERNEL32.DLL+0x1269d]
C  [ntdll.dll+0x5a9f8]

VM_Operation (0x00000072de3fe0e0): G1CollectForAllocation, mode: safepoint, requested by thread 0x000001cc281375b0


---------------  P R O C E S S  ---------------

Threads class SMR info:
_java_thread_list=0x000001cc258b52d0, length=147, elements={
0x000001cc0a7ec960, 0x000001cc2466a010, 0x000001cc2466a9d0, 0x000001cc25036420,
0x000001cc25038cf0, 0x000001cc250395b0, 0x000001cc25039e70, 0x000001cc2503e370,
0x000001cc25046c80, 0x000001cc25047580, 0x000001cc251cc010, 0x000001cc251e2010,
0x000001cc26901a90, 0x000001cc269015c0, 0x000001cc26902900, 0x000001cc26901f60,
0x000001cc27a03d10, 0x000001cc27a06d30, 0x000001cc27a076d0, 0x000001cc27a02ea0,
0x000001cc27a08a10, 0x000001cc27a08540, 0x000001cc27a07ba0, 0x000001cc27a08070,
0x000001cc27a03370, 0x000001cc27a03840, 0x000001cc27a09880, 0x000001cc27a02030,
0x000001cc27a046b0, 0x000001cc28136740, 0x000001cc2813cc50, 0x000001cc28139760,
0x000001cc2813aaa0, 0x000001cc28135da0, 0x000001cc2813a100, 0x000001cc28137f50,
0x000001cc2813b440, 0x000001cc2813b910, 0x000001cc281370e0, 0x000001cc28137a80,
0x000001cc2813bde0, 0x000001cc2813c2b0, 0x000001cc281375b0, 0x000001cc2813d120,
0x000001cc28136270, 0x000001cc2813d5f0, 0x000001cc28138dc0, 0x000001cc28139290,
0x000001cc27a08ee0, 0x000001cc27a05ec0, 0x000001cc27a06390, 0x000001cc27a05050,
0x000001cc27a06860, 0x000001cc27a029d0, 0x000001cc27a093b0, 0x000001cc27a041e0,
0x000001cc27a04b80, 0x000001cc26902430, 0x000001cc269010f0, 0x000001cc2e118320,
0x000001cc2e11cb50, 0x000001cc2e11bce0, 0x000001cc2e11d9c0, 0x000001cc2e11d4f0,
0x000001cc2e119190, 0x000001cc2e119660, 0x000001cc2e11ae70, 0x000001cc2e11b810,
0x000001cc2e11c1b0, 0x000001cc2e11b340, 0x000001cc2e1187f0, 0x000001cc2e11a4d0,
0x000001cc2e11d020, 0x000001cc2e11c680, 0x000001cc2e117e50, 0x000001cc2e11de90,
0x000001cc2e116640, 0x000001cc2e116b10, 0x000001cc2e116fe0, 0x000001cc2e119b30,
0x000001cc2e11a000, 0x000001cc2e1174b0, 0x000001cc2e11a9a0, 0x000001cc2e117980,
0x000001cc2e118cc0, 0x000001cc2debd240, 0x000001cc2debfd90, 0x000001cc2debb090,
0x000001cc2dec0260, 0x000001cc2debb560, 0x000001cc2debba30, 0x000001cc2debbf00,
0x000001cc2debf3f0, 0x000001cc2deb93b0, 0x000001cc2debd710, 0x000001cc2debdbe0,
0x000001cc2debe0b0, 0x000001cc2deb9d50, 0x000001cc2deba220, 0x000001cc2debc3d0,
0x000001cc2debc8a0, 0x000001cc2deba6f0, 0x000001cc2deb8a10, 0x000001cc2debcd70,
0x000001cc2debe580, 0x000001cc2debf8c0, 0x000001cc2deb8ee0, 0x000001cc2debabc0,
0x000001cc2debea50, 0x000001cc2debef20, 0x000001cc2deb9880, 0x000001cc2dc6e0f0,
0x000001cc2dc67710, 0x000001cc2dc68a50, 0x000001cc2dc6a730, 0x000001cc2dc6e5c0,
0x000001cc2dc67be0, 0x000001cc2dc68f20, 0x000001cc2dc6b5a0, 0x000001cc2dc6ac00,
0x000001cc2dc6b0d0, 0x000001cc2dc693f0, 0x000001cc2dc68580, 0x000001cc2dc680b0,
0x000001cc2dc6d750, 0x000001cc2dc698c0, 0x000001cc2dc6dc20, 0x000001cc2dc6ea90,
0x000001cc2dc69d90, 0x000001cc2dc6a260, 0x000001cc2dc6ef60, 0x000001cc2dc6ba70,
0x000001cc2dc6bf40, 0x000001cc2dc6c410, 0x000001cc2dc6cdb0, 0x000001cc2dc6d280,
0x000001cc28138420, 0x000001cc2951a6f0, 0x000001cc29513840, 0x000001cc29515050,
0x000001cc25383fd0, 0x000001cc25383630, 0x000001cc2538eb50, 0x000001cc2538c660,
0x000001cc2acd7340, 0x000001cc2b1bca10, 0x000001cc2a84ae90
}

Java Threads: ( => current thread )
  0x000001cc0a7ec960 JavaThread "main" [_thread_blocked, id=8988, stack(0x00000072db600000,0x00000072db700000)]
  0x000001cc2466a010 JavaThread "Reference Handler" daemon [_thread_blocked, id=3148, stack(0x00000072dbd00000,0x00000072dbe00000)]
  0x000001cc2466a9d0 JavaThread "Finalizer" daemon [_thread_blocked, id=14028, stack(0x00000072dbe00000,0x00000072dbf00000)]
  0x000001cc25036420 JavaThread "Signal Dispatcher" daemon [_thread_blocked, id=14820, stack(0x00000072dbf00000,0x00000072dc000000)]
  0x000001cc25038cf0 JavaThread "Attach Listener" daemon [_thread_blocked, id=14092, stack(0x00000072dc000000,0x00000072dc100000)]
  0x000001cc250395b0 JavaThread "Service Thread" daemon [_thread_blocked, id=20716, stack(0x00000072dc100000,0x00000072dc200000)]
  0x000001cc25039e70 JavaThread "Monitor Deflation Thread" daemon [_thread_blocked, id=14368, stack(0x00000072dc200000,0x00000072dc300000)]
  0x000001cc2503e370 JavaThread "C2 CompilerThread0" daemon [_thread_blocked, id=19128, stack(0x00000072dc300000,0x00000072dc400000)]
  0x000001cc25046c80 JavaThread "C1 CompilerThread0" daemon [_thread_blocked, id=1164, stack(0x00000072dc400000,0x00000072dc500000)]
  0x000001cc25047580 JavaThread "Sweeper thread" daemon [_thread_blocked, id=18464, stack(0x00000072dc500000,0x00000072dc600000)]
  0x000001cc251cc010 JavaThread "Common-Cleaner" daemon [_thread_blocked, id=7488, stack(0x00000072dc600000,0x00000072dc700000)]
  0x000001cc251e2010 JavaThread "Notification Thread" daemon [_thread_blocked, id=16072, stack(0x00000072dc700000,0x00000072dc800000)]
  0x000001cc26901a90 JavaThread "Daemon health stats" [_thread_blocked, id=8332, stack(0x00000072dce00000,0x00000072dcf00000)]
  0x000001cc269015c0 JavaThread "Incoming local TCP Connector on port 50430" [_thread_in_native, id=3008, stack(0x00000072dcf00000,0x00000072dd000000)]
  0x000001cc26902900 JavaThread "Daemon periodic checks" [_thread_blocked, id=1488, stack(0x00000072dd000000,0x00000072dd100000)]
  0x000001cc26901f60 JavaThread "Daemon" [_thread_blocked, id=15760, stack(0x00000072dd100000,0x00000072dd200000)]
  0x000001cc27a03d10 JavaThread "Daemon worker" [_thread_blocked, id=2088, stack(0x00000072dd400000,0x00000072dd500000)]
  0x000001cc27a06d30 JavaThread "Cache worker for journal cache (C:\Users\tranv\.gradle\caches\journal-1)" [_thread_blocked, id=19344, stack(0x00000072ddc00000,0x00000072ddd00000)]
  0x000001cc27a076d0 JavaThread "File lock request listener" [_thread_in_native, id=3900, stack(0x00000072ddd00000,0x00000072dde00000)]
  0x000001cc27a02ea0 JavaThread "Cache worker for file hash cache (C:\Users\tranv\.gradle\caches\8.0\fileHashes)" [_thread_blocked, id=17128, stack(0x00000072dde00000,0x00000072ddf00000)]
  0x000001cc27a08a10 JavaThread "File watcher server" daemon [_thread_blocked, id=6272, stack(0x00000072ddf00000,0x00000072de000000)]
  0x000001cc27a08540 JavaThread "File watcher consumer" daemon [_thread_blocked, id=8588, stack(0x00000072de000000,0x00000072de100000)]
  0x000001cc27a07ba0 JavaThread "Cache worker for file content cache (C:\Users\tranv\.gradle\caches\8.0\fileContent)" [_thread_blocked, id=22100, stack(0x00000072de200000,0x00000072de300000)]
  0x000001cc27a08070 JavaThread "Cache worker for execution history cache (C:\Users\tranv\.gradle\caches\8.0\executionHistory)" [_thread_blocked, id=21636, stack(0x00000072de500000,0x00000072de600000)]
  0x000001cc27a03370 JavaThread "jar transforms" [_thread_blocked, id=8916, stack(0x00000072de600000,0x00000072de700000)]
  0x000001cc27a03840 JavaThread "jar transforms Thread 2" [_thread_blocked, id=18316, stack(0x00000072de700000,0x00000072de800000)]
  0x000001cc27a09880 JavaThread "jar transforms Thread 3" [_thread_blocked, id=21988, stack(0x00000072de900000,0x00000072dea00000)]
  0x000001cc27a02030 JavaThread "jar transforms Thread 4" [_thread_blocked, id=15748, stack(0x00000072dea00000,0x00000072deb00000)]
  0x000001cc27a046b0 JavaThread "jar transforms Thread 5" [_thread_blocked, id=21780, stack(0x00000072dec00000,0x00000072ded00000)]
  0x000001cc28136740 JavaThread "jar transforms Thread 6" [_thread_blocked, id=20572, stack(0x00000072e3e00000,0x00000072e3f00000)]
  0x000001cc2813cc50 JavaThread "jar transforms Thread 7" [_thread_blocked, id=14748, stack(0x00000072e3f00000,0x00000072e4000000)]
  0x000001cc28139760 JavaThread "jar transforms Thread 8" [_thread_blocked, id=11352, stack(0x00000072e4000000,0x00000072e4100000)]
  0x000001cc2813aaa0 JavaThread "Memory manager" [_thread_blocked, id=14212, stack(0x00000072e4200000,0x00000072e4300000)]
  0x000001cc28135da0 JavaThread "pool-3-thread-1" [_thread_blocked, id=22564, stack(0x00000072e4400000,0x00000072e4500000)]
  0x000001cc2813a100 JavaThread "included builds" [_thread_blocked, id=18836, stack(0x00000072e4600000,0x00000072e4700000)]
  0x000001cc28137f50 JavaThread "Handler for socket connection from /127.0.0.1:50430 to /127.0.0.1:50470" [_thread_in_native, id=2676, stack(0x00000072dc900000,0x00000072dca00000)]
  0x000001cc2813b440 JavaThread "Cancel handler" [_thread_blocked, id=15108, stack(0x00000072dd200000,0x00000072dd300000)]
  0x000001cc2813b910 JavaThread "Asynchronous log dispatcher for DefaultDaemonConnection: socket connection from /127.0.0.1:50430 to /127.0.0.1:50470" [_thread_blocked, id=18684, stack(0x00000072dd300000,0x00000072dd400000)]
  0x000001cc281370e0 JavaThread "Stdin handler" [_thread_blocked, id=1284, stack(0x00000072dd500000,0x00000072dd600000)]
  0x000001cc28137a80 JavaThread "Daemon client event forwarder" [_thread_blocked, id=22500, stack(0x00000072dd600000,0x00000072dd700000)]
  0x000001cc2813bde0 JavaThread "Cache worker for checksums cache (C:\Users\tranv\AndroidStudio\BaoStore\.gradle\8.0\checksums)" [_thread_blocked, id=20388, stack(0x00000072dd700000,0x00000072dd800000)]
  0x000001cc2813c2b0 JavaThread "Cache worker for cache directory md-rule (C:\Users\tranv\.gradle\caches\8.0\md-rule)" [_thread_blocked, id=10868, stack(0x00000072de100000,0x00000072de200000)]
  0x000001cc281375b0 JavaThread "Cache worker for file hash cache (C:\Users\tranv\AndroidStudio\BaoStore\.gradle\8.0\fileHashes)" [_thread_blocked, id=17288, stack(0x00000072de300000,0x00000072de400000)]
  0x000001cc2813d120 JavaThread "Cache worker for cache directory md-supplier (C:\Users\tranv\.gradle\caches\8.0\md-supplier)" [_thread_blocked, id=22064, stack(0x00000072de400000,0x00000072de500000)]
  0x000001cc28136270 JavaThread "Cache worker for dependencies-accessors (C:\Users\tranv\AndroidStudio\BaoStore\.gradle\8.0\dependencies-accessors)" [_thread_blocked, id=12432, stack(0x00000072deb00000,0x00000072dec00000)]
  0x000001cc2813d5f0 JavaThread "Cache worker for Build Output Cleanup Cache (C:\Users\tranv\AndroidStudio\BaoStore\.gradle\buildOutputCleanup)" [_thread_blocked, id=22320, stack(0x00000072ded00000,0x00000072dee00000)]
  0x000001cc28138dc0 JavaThread "Unconstrained build operations" [_thread_blocked, id=10344, stack(0x00000072dee00000,0x00000072def00000)]
  0x000001cc28139290 JavaThread "Unconstrained build operations Thread 2" [_thread_blocked, id=18128, stack(0x00000072def00000,0x00000072df000000)]
  0x000001cc27a08ee0 JavaThread "Unconstrained build operations Thread 3" [_thread_blocked, id=20900, stack(0x00000072df000000,0x00000072df100000)]
  0x000001cc27a05ec0 JavaThread "Unconstrained build operations Thread 4" [_thread_blocked, id=11948, stack(0x00000072df100000,0x00000072df200000)]
  0x000001cc27a06390 JavaThread "Unconstrained build operations Thread 5" [_thread_blocked, id=6092, stack(0x00000072df200000,0x00000072df300000)]
  0x000001cc27a05050 JavaThread "Unconstrained build operations Thread 6" [_thread_blocked, id=13544, stack(0x00000072df300000,0x00000072df400000)]
  0x000001cc27a06860 JavaThread "Unconstrained build operations Thread 7" [_thread_blocked, id=15144, stack(0x00000072df400000,0x00000072df500000)]
  0x000001cc27a029d0 JavaThread "Unconstrained build operations Thread 8" [_thread_blocked, id=16524, stack(0x00000072df500000,0x00000072df600000)]
  0x000001cc27a093b0 JavaThread "Unconstrained build operations Thread 9" [_thread_blocked, id=6224, stack(0x00000072df600000,0x00000072df700000)]
  0x000001cc27a041e0 JavaThread "Unconstrained build operations Thread 10" [_thread_blocked, id=19244, stack(0x00000072df700000,0x00000072df800000)]
  0x000001cc27a04b80 JavaThread "Unconstrained build operations Thread 11" [_thread_blocked, id=10320, stack(0x00000072df800000,0x00000072df900000)]
  0x000001cc26902430 JavaThread "Unconstrained build operations Thread 12" [_thread_blocked, id=6180, stack(0x00000072df900000,0x00000072dfa00000)]
  0x000001cc269010f0 JavaThread "Unconstrained build operations Thread 13" [_thread_blocked, id=8432, stack(0x00000072dfa00000,0x00000072dfb00000)]
  0x000001cc2e118320 JavaThread "Unconstrained build operations Thread 14" [_thread_blocked, id=6748, stack(0x00000072dfb00000,0x00000072dfc00000)]
  0x000001cc2e11cb50 JavaThread "Unconstrained build operations Thread 15" [_thread_blocked, id=11192, stack(0x00000072dfc00000,0x00000072dfd00000)]
  0x000001cc2e11bce0 JavaThread "Unconstrained build operations Thread 16" [_thread_blocked, id=8972, stack(0x00000072dfd00000,0x00000072dfe00000)]
  0x000001cc2e11d9c0 JavaThread "Unconstrained build operations Thread 17" [_thread_blocked, id=5348, stack(0x00000072dfe00000,0x00000072dff00000)]
  0x000001cc2e11d4f0 JavaThread "Unconstrained build operations Thread 18" [_thread_blocked, id=16060, stack(0x00000072dff00000,0x00000072e0000000)]
  0x000001cc2e119190 JavaThread "Unconstrained build operations Thread 19" [_thread_blocked, id=10608, stack(0x00000072e0000000,0x00000072e0100000)]
  0x000001cc2e119660 JavaThread "Unconstrained build operations Thread 20" [_thread_blocked, id=11720, stack(0x00000072e0100000,0x00000072e0200000)]
  0x000001cc2e11ae70 JavaThread "Unconstrained build operations Thread 21" [_thread_blocked, id=3852, stack(0x00000072e0200000,0x00000072e0300000)]
  0x000001cc2e11b810 JavaThread "Unconstrained build operations Thread 22" [_thread_blocked, id=9648, stack(0x00000072e0300000,0x00000072e0400000)]
  0x000001cc2e11c1b0 JavaThread "Unconstrained build operations Thread 23" [_thread_blocked, id=21784, stack(0x00000072e0400000,0x00000072e0500000)]
  0x000001cc2e11b340 JavaThread "Unconstrained build operations Thread 24" [_thread_blocked, id=11460, stack(0x00000072e0500000,0x00000072e0600000)]
  0x000001cc2e1187f0 JavaThread "Unconstrained build operations Thread 25" [_thread_blocked, id=17820, stack(0x00000072e0600000,0x00000072e0700000)]
  0x000001cc2e11a4d0 JavaThread "Unconstrained build operations Thread 26" [_thread_blocked, id=12480, stack(0x00000072e0700000,0x00000072e0800000)]
  0x000001cc2e11d020 JavaThread "Unconstrained build operations Thread 27" [_thread_blocked, id=14668, stack(0x00000072e0800000,0x00000072e0900000)]
  0x000001cc2e11c680 JavaThread "Unconstrained build operations Thread 28" [_thread_blocked, id=10232, stack(0x00000072e0900000,0x00000072e0a00000)]
  0x000001cc2e117e50 JavaThread "Unconstrained build operations Thread 29" [_thread_blocked, id=5192, stack(0x00000072e0a00000,0x00000072e0b00000)]
  0x000001cc2e11de90 JavaThread "Unconstrained build operations Thread 30" [_thread_blocked, id=18864, stack(0x00000072e0b00000,0x00000072e0c00000)]
  0x000001cc2e116640 JavaThread "Unconstrained build operations Thread 31" [_thread_blocked, id=15220, stack(0x00000072e0c00000,0x00000072e0d00000)]
  0x000001cc2e116b10 JavaThread "Unconstrained build operations Thread 32" [_thread_blocked, id=10224, stack(0x00000072e0d00000,0x00000072e0e00000)]
  0x000001cc2e116fe0 JavaThread "Unconstrained build operations Thread 33" [_thread_blocked, id=11596, stack(0x00000072e0e00000,0x00000072e0f00000)]
  0x000001cc2e119b30 JavaThread "Unconstrained build operations Thread 34" [_thread_blocked, id=17648, stack(0x00000072e0f00000,0x00000072e1000000)]
  0x000001cc2e11a000 JavaThread "Unconstrained build operations Thread 35" [_thread_blocked, id=13852, stack(0x00000072e1000000,0x00000072e1100000)]
  0x000001cc2e1174b0 JavaThread "Unconstrained build operations Thread 36" [_thread_blocked, id=13724, stack(0x00000072e1100000,0x00000072e1200000)]
  0x000001cc2e11a9a0 JavaThread "Unconstrained build operations Thread 37" [_thread_blocked, id=6008, stack(0x00000072e1200000,0x00000072e1300000)]
  0x000001cc2e117980 JavaThread "Unconstrained build operations Thread 38" [_thread_blocked, id=12700, stack(0x00000072e1300000,0x00000072e1400000)]
  0x000001cc2e118cc0 JavaThread "Unconstrained build operations Thread 39" [_thread_blocked, id=11516, stack(0x00000072e1400000,0x00000072e1500000)]
  0x000001cc2debd240 JavaThread "Unconstrained build operations Thread 40" [_thread_blocked, id=18136, stack(0x00000072e1500000,0x00000072e1600000)]
  0x000001cc2debfd90 JavaThread "Unconstrained build operations Thread 41" [_thread_blocked, id=9388, stack(0x00000072e1600000,0x00000072e1700000)]
  0x000001cc2debb090 JavaThread "Unconstrained build operations Thread 42" [_thread_blocked, id=18668, stack(0x00000072e1700000,0x00000072e1800000)]
  0x000001cc2dec0260 JavaThread "Unconstrained build operations Thread 43" [_thread_blocked, id=13432, stack(0x00000072e1800000,0x00000072e1900000)]
  0x000001cc2debb560 JavaThread "Unconstrained build operations Thread 44" [_thread_blocked, id=10888, stack(0x00000072e1900000,0x00000072e1a00000)]
  0x000001cc2debba30 JavaThread "Unconstrained build operations Thread 45" [_thread_blocked, id=1548, stack(0x00000072e1a00000,0x00000072e1b00000)]
  0x000001cc2debbf00 JavaThread "Unconstrained build operations Thread 46" [_thread_blocked, id=22876, stack(0x00000072e1b00000,0x00000072e1c00000)]
  0x000001cc2debf3f0 JavaThread "Unconstrained build operations Thread 47" [_thread_blocked, id=5692, stack(0x00000072e1c00000,0x00000072e1d00000)]
  0x000001cc2deb93b0 JavaThread "Unconstrained build operations Thread 48" [_thread_blocked, id=9516, stack(0x00000072e1d00000,0x00000072e1e00000)]
  0x000001cc2debd710 JavaThread "Unconstrained build operations Thread 49" [_thread_blocked, id=14504, stack(0x00000072e1e00000,0x00000072e1f00000)]
  0x000001cc2debdbe0 JavaThread "Unconstrained build operations Thread 50" [_thread_blocked, id=9088, stack(0x00000072e1f00000,0x00000072e2000000)]
  0x000001cc2debe0b0 JavaThread "Unconstrained build operations Thread 51" [_thread_blocked, id=14008, stack(0x00000072e2000000,0x00000072e2100000)]
  0x000001cc2deb9d50 JavaThread "Unconstrained build operations Thread 52" [_thread_blocked, id=22336, stack(0x00000072e2100000,0x00000072e2200000)]
  0x000001cc2deba220 JavaThread "Unconstrained build operations Thread 53" [_thread_blocked, id=22640, stack(0x00000072e2200000,0x00000072e2300000)]
  0x000001cc2debc3d0 JavaThread "Unconstrained build operations Thread 54" [_thread_blocked, id=8756, stack(0x00000072e2300000,0x00000072e2400000)]
  0x000001cc2debc8a0 JavaThread "Unconstrained build operations Thread 55" [_thread_blocked, id=5744, stack(0x00000072e2400000,0x00000072e2500000)]
  0x000001cc2deba6f0 JavaThread "Unconstrained build operations Thread 56" [_thread_blocked, id=20488, stack(0x00000072e2500000,0x00000072e2600000)]
  0x000001cc2deb8a10 JavaThread "Unconstrained build operations Thread 57" [_thread_blocked, id=20008, stack(0x00000072e2600000,0x00000072e2700000)]
  0x000001cc2debcd70 JavaThread "Unconstrained build operations Thread 58" [_thread_blocked, id=18708, stack(0x00000072e2700000,0x00000072e2800000)]
  0x000001cc2debe580 JavaThread "Unconstrained build operations Thread 59" [_thread_blocked, id=20492, stack(0x00000072e2800000,0x00000072e2900000)]
  0x000001cc2debf8c0 JavaThread "Unconstrained build operations Thread 60" [_thread_blocked, id=1508, stack(0x00000072e2900000,0x00000072e2a00000)]
  0x000001cc2deb8ee0 JavaThread "Unconstrained build operations Thread 61" [_thread_blocked, id=12308, stack(0x00000072e2a00000,0x00000072e2b00000)]
  0x000001cc2debabc0 JavaThread "Unconstrained build operations Thread 62" [_thread_blocked, id=18612, stack(0x00000072e2b00000,0x00000072e2c00000)]
  0x000001cc2debea50 JavaThread "Unconstrained build operations Thread 63" [_thread_blocked, id=12580, stack(0x00000072e2c00000,0x00000072e2d00000)]
  0x000001cc2debef20 JavaThread "Unconstrained build operations Thread 64" [_thread_blocked, id=3572, stack(0x00000072e2d00000,0x00000072e2e00000)]
  0x000001cc2deb9880 JavaThread "Unconstrained build operations Thread 65" [_thread_blocked, id=17092, stack(0x00000072e2e00000,0x00000072e2f00000)]
  0x000001cc2dc6e0f0 JavaThread "Unconstrained build operations Thread 66" [_thread_blocked, id=7228, stack(0x00000072e2f00000,0x00000072e3000000)]
  0x000001cc2dc67710 JavaThread "Unconstrained build operations Thread 67" [_thread_blocked, id=8420, stack(0x00000072e3000000,0x00000072e3100000)]
  0x000001cc2dc68a50 JavaThread "Unconstrained build operations Thread 68" [_thread_blocked, id=16888, stack(0x00000072e3100000,0x00000072e3200000)]
  0x000001cc2dc6a730 JavaThread "Unconstrained build operations Thread 69" [_thread_blocked, id=20728, stack(0x00000072e3200000,0x00000072e3300000)]
  0x000001cc2dc6e5c0 JavaThread "Unconstrained build operations Thread 70" [_thread_blocked, id=3436, stack(0x00000072e3300000,0x00000072e3400000)]
  0x000001cc2dc67be0 JavaThread "Unconstrained build operations Thread 71" [_thread_blocked, id=8892, stack(0x00000072e3400000,0x00000072e3500000)]
  0x000001cc2dc68f20 JavaThread "Unconstrained build operations Thread 72" [_thread_blocked, id=13264, stack(0x00000072e3500000,0x00000072e3600000)]
  0x000001cc2dc6b5a0 JavaThread "Unconstrained build operations Thread 73" [_thread_blocked, id=21852, stack(0x00000072e3600000,0x00000072e3700000)]
  0x000001cc2dc6ac00 JavaThread "Unconstrained build operations Thread 74" [_thread_blocked, id=22384, stack(0x00000072e3700000,0x00000072e3800000)]
  0x000001cc2dc6b0d0 JavaThread "Unconstrained build operations Thread 75" [_thread_blocked, id=16496, stack(0x00000072e3800000,0x00000072e3900000)]
  0x000001cc2dc693f0 JavaThread "Unconstrained build operations Thread 76" [_thread_blocked, id=6840, stack(0x00000072e3900000,0x00000072e3a00000)]
  0x000001cc2dc68580 JavaThread "Unconstrained build operations Thread 77" [_thread_blocked, id=11692, stack(0x00000072e3a00000,0x00000072e3b00000)]
  0x000001cc2dc680b0 JavaThread "Unconstrained build operations Thread 78" [_thread_blocked, id=19196, stack(0x00000072e3b00000,0x00000072e3c00000)]
  0x000001cc2dc6d750 JavaThread "Unconstrained build operations Thread 79" [_thread_blocked, id=14072, stack(0x00000072e3c00000,0x00000072e3d00000)]
  0x000001cc2dc698c0 JavaThread "Unconstrained build operations Thread 80" [_thread_blocked, id=11984, stack(0x00000072e3d00000,0x00000072e3e00000)]
  0x000001cc2dc6dc20 JavaThread "build event listener" [_thread_blocked, id=7312, stack(0x00000072e4100000,0x00000072e4200000)]
  0x000001cc2dc6ea90 JavaThread "pool-6-thread-1" [_thread_blocked, id=13124, stack(0x00000072e4500000,0x00000072e4600000)]
  0x000001cc2dc69d90 JavaThread "build event listener" [_thread_blocked, id=11920, stack(0x00000072e4700000,0x00000072e4800000)]
  0x000001cc2dc6a260 JavaThread "included builds" [_thread_blocked, id=7212, stack(0x00000072e4800000,0x00000072e4900000)]
  0x000001cc2dc6ef60 JavaThread "Execution worker" [_thread_blocked, id=20772, stack(0x00000072e4900000,0x00000072e4a00000)]
  0x000001cc2dc6ba70 JavaThread "Execution worker Thread 2" [_thread_blocked, id=14344, stack(0x00000072e4a00000,0x00000072e4b00000)]
  0x000001cc2dc6bf40 JavaThread "Execution worker Thread 3" [_thread_blocked, id=4196, stack(0x00000072e4b00000,0x00000072e4c00000)]
  0x000001cc2dc6c410 JavaThread "Execution worker Thread 4" [_thread_blocked, id=16020, stack(0x00000072e4c00000,0x00000072e4d00000)]
  0x000001cc2dc6cdb0 JavaThread "Execution worker Thread 5" [_thread_blocked, id=9660, stack(0x00000072e4d00000,0x00000072e4e00000)]
  0x000001cc2dc6d280 JavaThread "Execution worker Thread 6" [_thread_blocked, id=14856, stack(0x00000072e4e00000,0x00000072e4f00000)]
  0x000001cc28138420 JavaThread "Execution worker Thread 7" [_thread_blocked, id=15024, stack(0x00000072e4f00000,0x00000072e5000000)]
  0x000001cc2951a6f0 JavaThread "Cache worker for execution history cache (C:\Users\tranv\AndroidStudio\BaoStore\.gradle\8.0\executionHistory)" [_thread_blocked, id=17768, stack(0x00000072e5000000,0x00000072e5100000)]
  0x000001cc29513840 JavaThread "WorkerExecutor Queue" [_thread_blocked, id=21076, stack(0x00000072e5100000,0x00000072e5200000)]
  0x000001cc29515050 JavaThread "WorkerExecutor Queue Thread 2" [_thread_blocked, id=10596, stack(0x00000072e5200000,0x00000072e5300000)]
  0x000001cc25383fd0 JavaThread "WorkerExecutor Queue Thread 3" [_thread_blocked, id=22228, stack(0x00000072e5a00000,0x00000072e5b00000)]
  0x000001cc25383630 JavaThread "WorkerExecutor Queue Thread 4" [_thread_blocked, id=22252, stack(0x00000072e5b00000,0x00000072e5c00000)]
  0x000001cc2538eb50 JavaThread "WorkerExecutor Queue Thread 5" [_thread_blocked, id=20604, stack(0x00000072e5c00000,0x00000072e5d00000)]
  0x000001cc2538c660 JavaThread "WorkerExecutor Queue Thread 6" [_thread_blocked, id=12144, stack(0x00000072e5d00000,0x00000072e5e00000)]
  0x000001cc2acd7340 JavaThread "WorkerExecutor Queue Thread 7" [_thread_blocked, id=16156, stack(0x00000072e5e00000,0x00000072e5f00000)]
  0x000001cc2b1bca10 JavaThread "WorkerExecutor Queue Thread 8" [_thread_blocked, id=19052, stack(0x00000072e5f00000,0x00000072e6000000)]
  0x000001cc2a84ae90 JavaThread "C2 CompilerThread1" daemon [_thread_blocked, id=9364, stack(0x00000072e6000000,0x00000072e6100000)]

Other Threads:
=>0x000001cc25013a40 VMThread "VM Thread" [stack: 0x00000072dbc00000,0x00000072dbd00000] [id=12392]
  0x000001cc0a86a850 WatcherThread [stack: 0x00000072dc800000,0x00000072dc900000] [id=21868]
  0x000001cc0a849270 GCTaskThread "GC Thread#0" [stack: 0x00000072db700000,0x00000072db800000] [id=19480]
  0x000001cc25f521b0 GCTaskThread "GC Thread#1" [stack: 0x00000072dca00000,0x00000072dcb00000] [id=5472]
  0x000001cc25f52460 GCTaskThread "GC Thread#2" [stack: 0x00000072dcb00000,0x00000072dcc00000] [id=18872]
  0x000001cc2605eb50 GCTaskThread "GC Thread#3" [stack: 0x00000072dcc00000,0x00000072dcd00000] [id=5532]
  0x000001cc25362e90 GCTaskThread "GC Thread#4" [stack: 0x00000072dcd00000,0x00000072dce00000] [id=21756]
  0x000001cc26971b20 GCTaskThread "GC Thread#5" [stack: 0x00000072dd800000,0x00000072dd900000] [id=22272]
  0x000001cc26972080 GCTaskThread "GC Thread#6" [stack: 0x00000072dd900000,0x00000072dda00000] [id=6660]
  0x000001cc26971060 GCTaskThread "GC Thread#7" [stack: 0x00000072dda00000,0x00000072ddb00000] [id=14152]
  0x000001cc0a85b230 ConcurrentGCThread "G1 Main Marker" [stack: 0x00000072db800000,0x00000072db900000] [id=12536]
  0x000001cc0a85c2f0 ConcurrentGCThread "G1 Conc#0" [stack: 0x00000072db900000,0x00000072dba00000] [id=21652]
  0x000001cc26972890 ConcurrentGCThread "G1 Conc#1" [stack: 0x00000072ddb00000,0x00000072ddc00000] [id=11656]
  0x000001cc0a8ae660 ConcurrentGCThread "G1 Refine#0" [stack: 0x00000072dba00000,0x00000072dbb00000] [id=9532]
  0x000001cc27cdace0 ConcurrentGCThread "G1 Refine#1" [stack: 0x00000072de800000,0x00000072de900000] [id=3260]
  0x000001cc26194540 ConcurrentGCThread "G1 Refine#2" [stack: 0x00000072e4300000,0x00000072e4400000] [id=11780]
  0x000001cc26194260 ConcurrentGCThread "G1 Refine#3" [stack: 0x00000072e5300000,0x00000072e5400000] [id=21708]
  0x000001cc26194b00 ConcurrentGCThread "G1 Refine#4" [stack: 0x00000072e5400000,0x00000072e5500000] [id=6780]
  0x000001cc26195680 ConcurrentGCThread "G1 Refine#5" [stack: 0x00000072e5500000,0x00000072e5600000] [id=22776]
  0x000001cc26194de0 ConcurrentGCThread "G1 Refine#6" [stack: 0x00000072e5600000,0x00000072e5700000] [id=13752]
  0x000001cc26195960 ConcurrentGCThread "G1 Refine#7" [stack: 0x00000072e5700000,0x00000072e5800000] [id=5892]
  0x000001cc244aa110 ConcurrentGCThread "G1 Service" [stack: 0x00000072dbb00000,0x00000072dbc00000] [id=9276]

Threads with active compile tasks:
C2 CompilerThread0    35066 13856       4       com.sun.org.apache.xerces.internal.impl.XMLEntityScanner::scanQName (580 bytes)
C2 CompilerThread1    35066 12368 % !   4       com.android.ide.common.resources.DataMerger::mergeData @ 247 (611 bytes)

VM state: at safepoint (normal execution)

VM Mutex/Monitor currently owned by a thread:  ([mutex/lock_event])
[0x000001cc0a7e9bd0] Threads_lock - owner thread: 0x000001cc25013a40
[0x000001cc0a7e8d30] Heap_lock - owner thread: 0x000001cc281375b0

Heap address: 0x0000000080000000, size: 2048 MB, Compressed Oops mode: 32-bit

CDS archive(s) not mapped
Compressed class space mapped at: 0x0000000100000000-0x0000000140000000, reserved size: 1073741824
Narrow klass base: 0x0000000000000000, Narrow klass shift: 3, Narrow klass range: 0x140000000

GC Precious Log:
 CPUs: 8 total, 8 available
 Memory: 8014M
 Large Page Support: Disabled
 NUMA Support: Disabled
 Compressed Oops: Enabled (32-bit)
 Heap Region Size: 1M
 Heap Min Capacity: 8M
 Heap Initial Capacity: 126M
 Heap Max Capacity: 2G
 Pre-touch: Disabled
 Parallel Workers: 8
 Concurrent Workers: 2
 Concurrent Refinement Workers: 8
 Periodic GC: Disabled

Heap:
 garbage-first heap   total 268288K, used 116474K [0x0000000080000000, 0x0000000100000000)
  region size 1024K, 1 young (1024K), 1 survivors (1024K)
 Metaspace       used 102144K, committed 102912K, reserved 1138688K
  class space    used 13259K, committed 13632K, reserved 1048576K

Heap Regions: E=young(eden), S=young(survivor), O=old, HS=humongous(starts), HC=humongous(continues), CS=collection set, F=free, OA=open archive, CA=closed archive, TAMS=top-at-mark-start (previous, next)
|   0|0x0000000080000000, 0x0000000080100000, 0x0000000080100000|100%|HS|  |TAMS 0x0000000080100000, 0x0000000080000000| Complete 
|   1|0x0000000080100000, 0x0000000080200000, 0x0000000080200000|100%|HC|  |TAMS 0x0000000080200000, 0x0000000080100000| Complete 
|   2|0x0000000080200000, 0x0000000080300000, 0x0000000080300000|100%|HC|  |TAMS 0x0000000080300000, 0x0000000080200000| Complete 
|   3|0x0000000080300000, 0x0000000080400000, 0x0000000080400000|100%|HC|  |TAMS 0x0000000080400000, 0x0000000080300000| Complete 
|   4|0x0000000080400000, 0x0000000080500000, 0x0000000080500000|100%| O|  |TAMS 0x0000000080500000, 0x0000000080400000| Untracked 
|   5|0x0000000080500000, 0x0000000080600000, 0x0000000080600000|100%| O|  |TAMS 0x0000000080600000, 0x0000000080500000| Untracked 
|   6|0x0000000080600000, 0x0000000080700000, 0x0000000080700000|100%| O|  |TAMS 0x0000000080700000, 0x0000000080600000| Untracked 
|   7|0x0000000080700000, 0x0000000080800000, 0x0000000080800000|100%| O|  |TAMS 0x0000000080800000, 0x0000000080700000| Untracked 
|   8|0x0000000080800000, 0x0000000080900000, 0x0000000080900000|100%| O|  |TAMS 0x0000000080900000, 0x0000000080800000| Untracked 
|   9|0x0000000080900000, 0x0000000080a00000, 0x0000000080a00000|100%| O|  |TAMS 0x0000000080a00000, 0x0000000080900000| Untracked 
|  10|0x0000000080a00000, 0x0000000080b00000, 0x0000000080b00000|100%| O|  |TAMS 0x0000000080b00000, 0x0000000080a00000| Untracked 
|  11|0x0000000080b00000, 0x0000000080c00000, 0x0000000080c00000|100%| O|  |TAMS 0x0000000080c00000, 0x0000000080b00000| Untracked 
|  12|0x0000000080c00000, 0x0000000080d00000, 0x0000000080d00000|100%| O|  |TAMS 0x0000000080d00000, 0x0000000080c00000| Untracked 
|  13|0x0000000080d00000, 0x0000000080e00000, 0x0000000080e00000|100%| O|  |TAMS 0x0000000080e00000, 0x0000000080d00000| Untracked 
|  14|0x0000000080e00000, 0x0000000080f00000, 0x0000000080f00000|100%| O|  |TAMS 0x0000000080f00000, 0x0000000080e00000| Untracked 
|  15|0x0000000080f00000, 0x0000000081000000, 0x0000000081000000|100%| O|  |TAMS 0x0000000081000000, 0x0000000080f00000| Untracked 
|  16|0x0000000081000000, 0x0000000081100000, 0x0000000081100000|100%| O|  |TAMS 0x0000000081100000, 0x0000000081000000| Untracked 
|  17|0x0000000081100000, 0x0000000081200000, 0x0000000081200000|100%| O|  |TAMS 0x0000000081200000, 0x0000000081100000| Untracked 
|  18|0x0000000081200000, 0x0000000081300000, 0x0000000081300000|100%| O|  |TAMS 0x0000000081300000, 0x0000000081200000| Untracked 
|  19|0x0000000081300000, 0x0000000081400000, 0x0000000081400000|100%| O|  |TAMS 0x0000000081400000, 0x0000000081300000| Untracked 
|  20|0x0000000081400000, 0x0000000081500000, 0x0000000081500000|100%| O|  |TAMS 0x0000000081500000, 0x0000000081400000| Untracked 
|  21|0x0000000081500000, 0x0000000081600000, 0x0000000081600000|100%| O|  |TAMS 0x0000000081600000, 0x0000000081500000| Untracked 
|  22|0x0000000081600000, 0x0000000081700000, 0x0000000081700000|100%| O|  |TAMS 0x0000000081700000, 0x0000000081600000| Untracked 
|  23|0x0000000081700000, 0x0000000081800000, 0x0000000081800000|100%| O|  |TAMS 0x0000000081800000, 0x0000000081700000| Untracked 
|  24|0x0000000081800000, 0x0000000081900000, 0x0000000081900000|100%| O|  |TAMS 0x0000000081900000, 0x0000000081800000| Untracked 
|  25|0x0000000081900000, 0x0000000081a00000, 0x0000000081a00000|100%|HS|  |TAMS 0x0000000081a00000, 0x0000000081900000| Complete 
|  26|0x0000000081a00000, 0x0000000081b00000, 0x0000000081b00000|100%| O|  |TAMS 0x0000000081b00000, 0x0000000081a00000| Untracked 
|  27|0x0000000081b00000, 0x0000000081c00000, 0x0000000081c00000|100%| O|  |TAMS 0x0000000081c00000, 0x0000000081b00000| Untracked 
|  28|0x0000000081c00000, 0x0000000081d00000, 0x0000000081d00000|100%| O|  |TAMS 0x0000000081d00000, 0x0000000081c00000| Untracked 
|  29|0x0000000081d00000, 0x0000000081e00000, 0x0000000081e00000|100%| O|  |TAMS 0x0000000081e00000, 0x0000000081d00000| Untracked 
|  30|0x0000000081e00000, 0x0000000081f00000, 0x0000000081f00000|100%| O|  |TAMS 0x0000000081f00000, 0x0000000081e00000| Untracked 
|  31|0x0000000081f00000, 0x0000000082000000, 0x0000000082000000|100%| O|  |TAMS 0x0000000082000000, 0x0000000081f00000| Untracked 
|  32|0x0000000082000000, 0x0000000082100000, 0x0000000082100000|100%| O|  |TAMS 0x0000000082100000, 0x0000000082000000| Untracked 
|  33|0x0000000082100000, 0x0000000082200000, 0x0000000082200000|100%| O|  |TAMS 0x0000000082200000, 0x0000000082100000| Untracked 
|  34|0x0000000082200000, 0x0000000082300000, 0x0000000082300000|100%| O|  |TAMS 0x0000000082300000, 0x0000000082200000| Untracked 
|  35|0x0000000082300000, 0x0000000082400000, 0x0000000082400000|100%| O|  |TAMS 0x0000000082300000, 0x0000000082300000| Untracked 
|  36|0x0000000082400000, 0x0000000082500000, 0x0000000082500000|100%|HS|  |TAMS 0x0000000082500000, 0x0000000082400000| Complete 
|  37|0x0000000082500000, 0x0000000082600000, 0x0000000082600000|100%| O|  |TAMS 0x0000000082600000, 0x0000000082500000| Untracked 
|  38|0x0000000082600000, 0x0000000082700000, 0x0000000082700000|100%| O|  |TAMS 0x0000000082700000, 0x0000000082600000| Untracked 
|  39|0x0000000082700000, 0x0000000082800000, 0x0000000082800000|100%| O|  |TAMS 0x0000000082800000, 0x0000000082700000| Untracked 
|  40|0x0000000082800000, 0x0000000082900000, 0x0000000082900000|100%| O|  |TAMS 0x0000000082900000, 0x0000000082800000| Untracked 
|  41|0x0000000082900000, 0x0000000082a00000, 0x0000000082a00000|100%| O|  |TAMS 0x0000000082a00000, 0x0000000082900000| Untracked 
|  42|0x0000000082a00000, 0x0000000082b00000, 0x0000000082b00000|100%| O|  |TAMS 0x0000000082b00000, 0x0000000082a00000| Untracked 
|  43|0x0000000082b00000, 0x0000000082c00000, 0x0000000082c00000|100%| O|  |TAMS 0x0000000082b00000, 0x0000000082b00000| Untracked 
|  44|0x0000000082c00000, 0x0000000082d00000, 0x0000000082d00000|100%| O|  |TAMS 0x0000000082d00000, 0x0000000082c00000| Untracked 
|  45|0x0000000082d00000, 0x0000000082e00000, 0x0000000082e00000|100%| O|  |TAMS 0x0000000082e00000, 0x0000000082d00000| Untracked 
|  46|0x0000000082e00000, 0x0000000082f00000, 0x0000000082f00000|100%| O|  |TAMS 0x0000000082f00000, 0x0000000082e00000| Untracked 
|  47|0x0000000082f00000, 0x0000000083000000, 0x0000000083000000|100%| O|  |TAMS 0x0000000083000000, 0x0000000082f00000| Untracked 
|  48|0x0000000083000000, 0x0000000083100000, 0x0000000083100000|100%| O|  |TAMS 0x0000000083100000, 0x0000000083000000| Untracked 
|  49|0x0000000083100000, 0x0000000083200000, 0x0000000083200000|100%| O|  |TAMS 0x0000000083200000, 0x0000000083100000| Untracked 
|  50|0x0000000083200000, 0x0000000083300000, 0x0000000083300000|100%| O|  |TAMS 0x0000000083300000, 0x0000000083200000| Untracked 
|  51|0x0000000083300000, 0x0000000083400000, 0x0000000083400000|100%| O|  |TAMS 0x0000000083400000, 0x0000000083300000| Untracked 
|  52|0x0000000083400000, 0x0000000083500000, 0x0000000083500000|100%| O|  |TAMS 0x0000000083500000, 0x0000000083400000| Untracked 
|  53|0x0000000083500000, 0x0000000083600000, 0x0000000083600000|100%| O|  |TAMS 0x0000000083600000, 0x0000000083500000| Untracked 
|  54|0x0000000083600000, 0x0000000083700000, 0x0000000083700000|100%| O|  |TAMS 0x0000000083700000, 0x0000000083600000| Untracked 
|  55|0x0000000083700000, 0x0000000083800000, 0x0000000083800000|100%| O|  |TAMS 0x0000000083800000, 0x0000000083700000| Untracked 
|  56|0x0000000083800000, 0x0000000083900000, 0x0000000083900000|100%| O|  |TAMS 0x0000000083900000, 0x0000000083800000| Untracked 
|  57|0x0000000083900000, 0x0000000083a00000, 0x0000000083a00000|100%| O|  |TAMS 0x0000000083a00000, 0x0000000083900000| Untracked 
|  58|0x0000000083a00000, 0x0000000083b00000, 0x0000000083b00000|100%| O|  |TAMS 0x0000000083b00000, 0x0000000083a00000| Untracked 
|  59|0x0000000083b00000, 0x0000000083c00000, 0x0000000083c00000|100%| O|  |TAMS 0x0000000083c00000, 0x0000000083b00000| Untracked 
|  60|0x0000000083c00000, 0x0000000083d00000, 0x0000000083d00000|100%| O|  |TAMS 0x0000000083d00000, 0x0000000083c00000| Untracked 
|  61|0x0000000083d00000, 0x0000000083e00000, 0x0000000083e00000|100%| O|  |TAMS 0x0000000083e00000, 0x0000000083d00000| Untracked 
|  62|0x0000000083e00000, 0x0000000083f00000, 0x0000000083f00000|100%| O|  |TAMS 0x0000000083f00000, 0x0000000083e00000| Untracked 
|  63|0x0000000083f00000, 0x0000000084000000, 0x0000000084000000|100%| O|  |TAMS 0x0000000084000000, 0x0000000083f00000| Untracked 
|  64|0x0000000084000000, 0x0000000084100000, 0x0000000084100000|100%| O|  |TAMS 0x0000000084100000, 0x0000000084000000| Untracked 
|  65|0x0000000084100000, 0x0000000084200000, 0x0000000084200000|100%| O|  |TAMS 0x0000000084200000, 0x0000000084100000| Untracked 
|  66|0x0000000084200000, 0x0000000084300000, 0x0000000084300000|100%| O|  |TAMS 0x0000000084300000, 0x0000000084200000| Untracked 
|  67|0x0000000084300000, 0x0000000084400000, 0x0000000084400000|100%| O|  |TAMS 0x0000000084400000, 0x0000000084300000| Untracked 
|  68|0x0000000084400000, 0x0000000084400000, 0x0000000084500000|  0%| F|  |TAMS 0x0000000084400000, 0x0000000084400000| Untracked 
|  69|0x0000000084500000, 0x0000000084600000, 0x0000000084600000|100%| O|  |TAMS 0x0000000084600000, 0x0000000084500000| Untracked 
|  70|0x0000000084600000, 0x0000000084700000, 0x0000000084700000|100%| O|  |TAMS 0x0000000084700000, 0x0000000084600000| Untracked 
|  71|0x0000000084700000, 0x0000000084800000, 0x0000000084800000|100%| O|  |TAMS 0x0000000084800000, 0x0000000084700000| Untracked 
|  72|0x0000000084800000, 0x0000000084900000, 0x0000000084900000|100%| O|  |TAMS 0x0000000084900000, 0x0000000084800000| Untracked 
|  73|0x0000000084900000, 0x0000000084a00000, 0x0000000084a00000|100%| O|  |TAMS 0x0000000084a00000, 0x0000000084900000| Untracked 
|  74|0x0000000084a00000, 0x0000000084b00000, 0x0000000084b00000|100%| O|  |TAMS 0x0000000084b00000, 0x0000000084a00000| Untracked 
|  75|0x0000000084b00000, 0x0000000084c00000, 0x0000000084c00000|100%| O|  |TAMS 0x0000000084c00000, 0x0000000084b00000| Untracked 
|  76|0x0000000084c00000, 0x0000000084d00000, 0x0000000084d00000|100%| O|  |TAMS 0x0000000084d00000, 0x0000000084c00000| Untracked 
|  77|0x0000000084d00000, 0x0000000084e00000, 0x0000000084e00000|100%| O|  |TAMS 0x0000000084e00000, 0x0000000084d00000| Untracked 
|  78|0x0000000084e00000, 0x0000000084f00000, 0x0000000084f00000|100%| O|  |TAMS 0x0000000084f00000, 0x0000000084e00000| Untracked 
|  79|0x0000000084f00000, 0x0000000085000000, 0x0000000085000000|100%| O|  |TAMS 0x0000000085000000, 0x0000000084f00000| Untracked 
|  80|0x0000000085000000, 0x0000000085100000, 0x0000000085100000|100%| O|  |TAMS 0x0000000085100000, 0x0000000085000000| Untracked 
|  81|0x0000000085100000, 0x0000000085200000, 0x0000000085200000|100%| O|  |TAMS 0x0000000085200000, 0x0000000085100000| Untracked 
|  82|0x0000000085200000, 0x0000000085300000, 0x0000000085300000|100%| O|  |TAMS 0x0000000085300000, 0x0000000085200000| Untracked 
|  83|0x0000000085300000, 0x0000000085400000, 0x0000000085400000|100%| O|  |TAMS 0x0000000085400000, 0x0000000085300000| Untracked 
|  84|0x0000000085400000, 0x0000000085500000, 0x0000000085500000|100%| O|  |TAMS 0x0000000085500000, 0x0000000085400000| Untracked 
|  85|0x0000000085500000, 0x0000000085600000, 0x0000000085600000|100%| O|  |TAMS 0x0000000085600000, 0x0000000085500000| Untracked 
|  86|0x0000000085600000, 0x0000000085700000, 0x0000000085700000|100%| O|  |TAMS 0x0000000085600000, 0x0000000085600000| Untracked 
|  87|0x0000000085700000, 0x0000000085800000, 0x0000000085800000|100%| O|  |TAMS 0x0000000085800000, 0x0000000085700000| Untracked 
|  88|0x0000000085800000, 0x0000000085900000, 0x0000000085900000|100%| O|  |TAMS 0x0000000085900000, 0x0000000085800000| Untracked 
|  89|0x0000000085900000, 0x0000000085a00000, 0x0000000085a00000|100%| O|  |TAMS 0x0000000085a00000, 0x0000000085900000| Untracked 
|  90|0x0000000085a00000, 0x0000000085a00000, 0x0000000085b00000|  0%| F|  |TAMS 0x0000000085a00000, 0x0000000085a00000| Untracked 
|  91|0x0000000085b00000, 0x0000000085c00000, 0x0000000085c00000|100%| O|  |TAMS 0x0000000085c00000, 0x0000000085b00000| Untracked 
|  92|0x0000000085c00000, 0x0000000085d00000, 0x0000000085d00000|100%| O|  |TAMS 0x0000000085d00000, 0x0000000085c00000| Untracked 
|  93|0x0000000085d00000, 0x0000000085d00000, 0x0000000085e00000|  0%| F|  |TAMS 0x0000000085d00000, 0x0000000085d00000| Untracked 
|  94|0x0000000085e00000, 0x0000000085f00000, 0x0000000085f00000|100%| O|  |TAMS 0x0000000085e00000, 0x0000000085e00000| Untracked 
|  95|0x0000000085f00000, 0x0000000085f00000, 0x0000000086000000|  0%| F|  |TAMS 0x0000000085f00000, 0x0000000085f00000| Untracked 
|  96|0x0000000086000000, 0x0000000086100000, 0x0000000086100000|100%| O|  |TAMS 0x0000000086000000, 0x0000000086000000| Untracked 
|  97|0x0000000086100000, 0x00000000861cbc00, 0x0000000086200000| 79%| O|  |TAMS 0x0000000086100000, 0x0000000086100000| Untracked 
|  98|0x0000000086200000, 0x0000000086200000, 0x0000000086300000|  0%| F|  |TAMS 0x0000000086200000, 0x0000000086200000| Untracked 
|  99|0x0000000086300000, 0x0000000086300000, 0x0000000086400000|  0%| F|  |TAMS 0x0000000086300000, 0x0000000086300000| Untracked 
| 100|0x0000000086400000, 0x0000000086400000, 0x0000000086500000|  0%| F|  |TAMS 0x0000000086400000, 0x0000000086400000| Untracked 
| 101|0x0000000086500000, 0x0000000086500000, 0x0000000086600000|  0%| F|  |TAMS 0x0000000086500000, 0x0000000086500000| Untracked 
| 102|0x0000000086600000, 0x0000000086600000, 0x0000000086700000|  0%| F|  |TAMS 0x0000000086600000, 0x0000000086600000| Untracked 
| 103|0x0000000086700000, 0x0000000086700000, 0x0000000086800000|  0%| F|  |TAMS 0x0000000086700000, 0x0000000086700000| Untracked 
| 104|0x0000000086800000, 0x0000000086800000, 0x0000000086900000|  0%| F|  |TAMS 0x0000000086800000, 0x0000000086800000| Untracked 
| 105|0x0000000086900000, 0x0000000086900000, 0x0000000086a00000|  0%| F|  |TAMS 0x0000000086900000, 0x0000000086900000| Untracked 
| 106|0x0000000086a00000, 0x0000000086a00000, 0x0000000086b00000|  0%| F|  |TAMS 0x0000000086a00000, 0x0000000086a00000| Untracked 
| 107|0x0000000086b00000, 0x0000000086b00000, 0x0000000086c00000|  0%| F|  |TAMS 0x0000000086b00000, 0x0000000086b00000| Untracked 
| 108|0x0000000086c00000, 0x0000000086d00000, 0x0000000086d00000|100%| O|  |TAMS 0x0000000086d00000, 0x0000000086c00000| Untracked 
| 109|0x0000000086d00000, 0x0000000086e00000, 0x0000000086e00000|100%| O|  |TAMS 0x0000000086e00000, 0x0000000086d00000| Untracked 
| 110|0x0000000086e00000, 0x0000000086f00000, 0x0000000086f00000|100%| O|  |TAMS 0x0000000086f00000, 0x0000000086e00000| Untracked 
| 111|0x0000000086f00000, 0x0000000087000000, 0x0000000087000000|100%| O|  |TAMS 0x0000000087000000, 0x0000000086f00000| Untracked 
| 112|0x0000000087000000, 0x0000000087100000, 0x0000000087100000|100%| O|  |TAMS 0x0000000087100000, 0x0000000087000000| Untracked 
| 113|0x0000000087100000, 0x0000000087200000, 0x0000000087200000|100%| O|  |TAMS 0x0000000087200000, 0x0000000087100000| Untracked 
| 114|0x0000000087200000, 0x0000000087300000, 0x0000000087300000|100%| O|  |TAMS 0x0000000087300000, 0x0000000087200000| Untracked 
| 115|0x0000000087300000, 0x0000000087400000, 0x0000000087400000|100%| O|  |TAMS 0x0000000087400000, 0x0000000087300000| Untracked 
| 116|0x0000000087400000, 0x0000000087500000, 0x0000000087500000|100%| O|  |TAMS 0x0000000087500000, 0x0000000087400000| Untracked 
| 117|0x0000000087500000, 0x0000000087600000, 0x0000000087600000|100%| O|  |TAMS 0x0000000087600000, 0x0000000087500000| Untracked 
| 118|0x0000000087600000, 0x0000000087700000, 0x0000000087700000|100%| O|  |TAMS 0x0000000087700000, 0x0000000087600000| Untracked 
| 119|0x0000000087700000, 0x0000000087800000, 0x0000000087800000|100%| O|  |TAMS 0x0000000087800000, 0x0000000087700000| Untracked 
| 120|0x0000000087800000, 0x0000000087900000, 0x0000000087900000|100%| O|  |TAMS 0x0000000087900000, 0x0000000087800000| Untracked 
| 121|0x0000000087900000, 0x0000000087a00000, 0x0000000087a00000|100%| O|  |TAMS 0x0000000087a00000, 0x0000000087900000| Untracked 
| 122|0x0000000087a00000, 0x0000000087a00000, 0x0000000087b00000|  0%| F|  |TAMS 0x0000000087a00000, 0x0000000087a00000| Untracked 
| 123|0x0000000087b00000, 0x0000000087b00000, 0x0000000087c00000|  0%| F|  |TAMS 0x0000000087b00000, 0x0000000087b00000| Untracked 
| 124|0x0000000087c00000, 0x0000000087c00000, 0x0000000087d00000|  0%| F|  |TAMS 0x0000000087c00000, 0x0000000087c00000| Untracked 
| 125|0x0000000087d00000, 0x0000000087d00000, 0x0000000087e00000|  0%| F|  |TAMS 0x0000000087d00000, 0x0000000087d00000| Untracked 
| 126|0x0000000087e00000, 0x0000000087e00000, 0x0000000087f00000|  0%| F|  |TAMS 0x0000000087e00000, 0x0000000087e00000| Untracked 
| 127|0x0000000087f00000, 0x0000000087f00000, 0x0000000088000000|  0%| F|  |TAMS 0x0000000087f00000, 0x0000000087f00000| Untracked 
| 128|0x0000000088000000, 0x0000000088000000, 0x0000000088100000|  0%| F|  |TAMS 0x0000000088000000, 0x0000000088000000| Untracked 
| 129|0x0000000088100000, 0x0000000088100000, 0x0000000088200000|  0%| F|  |TAMS 0x0000000088100000, 0x0000000088100000| Untracked 
| 130|0x0000000088200000, 0x0000000088300000, 0x0000000088300000|100%| O|  |TAMS 0x0000000088300000, 0x0000000088200000| Untracked 
| 131|0x0000000088300000, 0x0000000088400000, 0x0000000088400000|100%| O|  |TAMS 0x0000000088400000, 0x0000000088300000| Untracked 
| 132|0x0000000088400000, 0x0000000088500000, 0x0000000088500000|100%| O|  |TAMS 0x0000000088452000, 0x0000000088400000| Untracked 
| 133|0x0000000088500000, 0x0000000088500000, 0x0000000088600000|  0%| F|  |TAMS 0x0000000088500000, 0x0000000088500000| Untracked 
| 134|0x0000000088600000, 0x0000000088600000, 0x0000000088700000|  0%| F|  |TAMS 0x0000000088600000, 0x0000000088600000| Untracked 
| 135|0x0000000088700000, 0x0000000088700000, 0x0000000088800000|  0%| F|  |TAMS 0x0000000088700000, 0x0000000088700000| Untracked 
| 136|0x0000000088800000, 0x0000000088800000, 0x0000000088900000|  0%| F|  |TAMS 0x0000000088800000, 0x0000000088800000| Untracked 
| 137|0x0000000088900000, 0x0000000088900000, 0x0000000088a00000|  0%| F|  |TAMS 0x0000000088900000, 0x0000000088900000| Untracked 
| 138|0x0000000088a00000, 0x0000000088a00000, 0x0000000088b00000|  0%| F|  |TAMS 0x0000000088a00000, 0x0000000088a00000| Untracked 
| 139|0x0000000088b00000, 0x0000000088b00000, 0x0000000088c00000|  0%| F|  |TAMS 0x0000000088b00000, 0x0000000088b00000| Untracked 
| 140|0x0000000088c00000, 0x0000000088c00000, 0x0000000088d00000|  0%| F|  |TAMS 0x0000000088c00000, 0x0000000088c00000| Untracked 
| 141|0x0000000088d00000, 0x0000000088e00000, 0x0000000088e00000|100%| O|  |TAMS 0x0000000088e00000, 0x0000000088d00000| Untracked 
| 142|0x0000000088e00000, 0x0000000088e00000, 0x0000000088f00000|  0%| F|  |TAMS 0x0000000088e00000, 0x0000000088e00000| Untracked 
| 143|0x0000000088f00000, 0x0000000089000000, 0x0000000089000000|100%| O|  |TAMS 0x0000000089000000, 0x0000000088f00000| Untracked 
| 144|0x0000000089000000, 0x0000000089000000, 0x0000000089100000|  0%| F|  |TAMS 0x0000000089000000, 0x0000000089000000| Untracked 
| 145|0x0000000089100000, 0x0000000089100000, 0x0000000089200000|  0%| F|  |TAMS 0x0000000089100000, 0x0000000089100000| Untracked 
| 146|0x0000000089200000, 0x0000000089200000, 0x0000000089300000|  0%| F|  |TAMS 0x0000000089200000, 0x0000000089200000| Untracked 
| 147|0x0000000089300000, 0x0000000089300000, 0x0000000089400000|  0%| F|  |TAMS 0x0000000089300000, 0x0000000089300000| Untracked 
| 148|0x0000000089400000, 0x0000000089400000, 0x0000000089500000|  0%| F|  |TAMS 0x0000000089400000, 0x0000000089400000| Untracked 
| 149|0x0000000089500000, 0x0000000089500000, 0x0000000089600000|  0%| F|  |TAMS 0x0000000089500000, 0x0000000089500000| Untracked 
| 150|0x0000000089600000, 0x0000000089600000, 0x0000000089700000|  0%| F|  |TAMS 0x0000000089600000, 0x0000000089600000| Untracked 
| 151|0x0000000089700000, 0x0000000089700000, 0x0000000089800000|  0%| F|  |TAMS 0x0000000089700000, 0x0000000089700000| Untracked 
| 152|0x0000000089800000, 0x0000000089800000, 0x0000000089900000|  0%| F|  |TAMS 0x0000000089800000, 0x0000000089800000| Untracked 
| 153|0x0000000089900000, 0x0000000089900000, 0x0000000089a00000|  0%| F|  |TAMS 0x0000000089900000, 0x0000000089900000| Untracked 
| 154|0x0000000089a00000, 0x0000000089a00000, 0x0000000089b00000|  0%| F|  |TAMS 0x0000000089a00000, 0x0000000089a00000| Untracked 
| 155|0x0000000089b00000, 0x0000000089b00000, 0x0000000089c00000|  0%| F|  |TAMS 0x0000000089b00000, 0x0000000089b00000| Untracked 
| 156|0x0000000089c00000, 0x0000000089c00000, 0x0000000089d00000|  0%| F|  |TAMS 0x0000000089c00000, 0x0000000089c00000| Untracked 
| 157|0x0000000089d00000, 0x0000000089d00000, 0x0000000089e00000|  0%| F|  |TAMS 0x0000000089d00000, 0x0000000089d00000| Untracked 
| 158|0x0000000089e00000, 0x0000000089e00000, 0x0000000089f00000|  0%| F|  |TAMS 0x0000000089e00000, 0x0000000089e00000| Untracked 
| 159|0x0000000089f00000, 0x0000000089f00000, 0x000000008a000000|  0%| F|  |TAMS 0x0000000089f00000, 0x0000000089f00000| Untracked 
| 160|0x000000008a000000, 0x000000008a000000, 0x000000008a100000|  0%| F|  |TAMS 0x000000008a000000, 0x000000008a000000| Untracked 
| 161|0x000000008a100000, 0x000000008a100000, 0x000000008a200000|  0%| F|  |TAMS 0x000000008a100000, 0x000000008a100000| Untracked 
| 162|0x000000008a200000, 0x000000008a200000, 0x000000008a300000|  0%| F|  |TAMS 0x000000008a200000, 0x000000008a200000| Untracked 
| 163|0x000000008a300000, 0x000000008a300000, 0x000000008a400000|  0%| F|  |TAMS 0x000000008a300000, 0x000000008a300000| Untracked 
| 164|0x000000008a400000, 0x000000008a400000, 0x000000008a500000|  0%| F|  |TAMS 0x000000008a400000, 0x000000008a400000| Untracked 
| 165|0x000000008a500000, 0x000000008a500000, 0x000000008a600000|  0%| F|  |TAMS 0x000000008a500000, 0x000000008a500000| Untracked 
| 166|0x000000008a600000, 0x000000008a600000, 0x000000008a700000|  0%| F|  |TAMS 0x000000008a600000, 0x000000008a600000| Untracked 
| 167|0x000000008a700000, 0x000000008a700000, 0x000000008a800000|  0%| F|  |TAMS 0x000000008a700000, 0x000000008a700000| Untracked 
| 168|0x000000008a800000, 0x000000008a800000, 0x000000008a900000|  0%| F|  |TAMS 0x000000008a800000, 0x000000008a800000| Untracked 
| 169|0x000000008a900000, 0x000000008a900000, 0x000000008aa00000|  0%| F|  |TAMS 0x000000008a900000, 0x000000008a900000| Untracked 
| 170|0x000000008aa00000, 0x000000008aa00000, 0x000000008ab00000|  0%| F|  |TAMS 0x000000008aa00000, 0x000000008aa00000| Untracked 
| 171|0x000000008ab00000, 0x000000008ab00000, 0x000000008ac00000|  0%| F|  |TAMS 0x000000008ab00000, 0x000000008ab00000| Untracked 
| 172|0x000000008ac00000, 0x000000008ac00000, 0x000000008ad00000|  0%| F|  |TAMS 0x000000008ac00000, 0x000000008ac00000| Untracked 
| 173|0x000000008ad00000, 0x000000008ad00000, 0x000000008ae00000|  0%| F|  |TAMS 0x000000008ad00000, 0x000000008ad00000| Untracked 
| 174|0x000000008ae00000, 0x000000008ae00000, 0x000000008af00000|  0%| F|  |TAMS 0x000000008ae00000, 0x000000008ae00000| Untracked 
| 175|0x000000008af00000, 0x000000008af00000, 0x000000008b000000|  0%| F|  |TAMS 0x000000008af00000, 0x000000008af00000| Untracked 
| 176|0x000000008b000000, 0x000000008b000000, 0x000000008b100000|  0%| F|  |TAMS 0x000000008b000000, 0x000000008b000000| Untracked 
| 177|0x000000008b100000, 0x000000008b100000, 0x000000008b200000|  0%| F|  |TAMS 0x000000008b100000, 0x000000008b100000| Untracked 
| 178|0x000000008b200000, 0x000000008b200000, 0x000000008b300000|  0%| F|  |TAMS 0x000000008b200000, 0x000000008b200000| Untracked 
| 179|0x000000008b300000, 0x000000008b300000, 0x000000008b400000|  0%| F|  |TAMS 0x000000008b300000, 0x000000008b300000| Untracked 
| 180|0x000000008b400000, 0x000000008b400000, 0x000000008b500000|  0%| F|  |TAMS 0x000000008b400000, 0x000000008b400000| Untracked 
| 181|0x000000008b500000, 0x000000008b500000, 0x000000008b600000|  0%| F|  |TAMS 0x000000008b500000, 0x000000008b500000| Untracked 
| 182|0x000000008b600000, 0x000000008b600000, 0x000000008b700000|  0%| F|  |TAMS 0x000000008b600000, 0x000000008b600000| Untracked 
| 183|0x000000008b700000, 0x000000008b700000, 0x000000008b800000|  0%| F|  |TAMS 0x000000008b700000, 0x000000008b700000| Untracked 
| 184|0x000000008b800000, 0x000000008b800000, 0x000000008b900000|  0%| F|  |TAMS 0x000000008b800000, 0x000000008b800000| Untracked 
| 185|0x000000008b900000, 0x000000008b900000, 0x000000008ba00000|  0%| F|  |TAMS 0x000000008b900000, 0x000000008b900000| Untracked 
| 186|0x000000008ba00000, 0x000000008ba00000, 0x000000008bb00000|  0%| F|  |TAMS 0x000000008ba00000, 0x000000008ba00000| Untracked 
| 187|0x000000008bb00000, 0x000000008bb00000, 0x000000008bc00000|  0%| F|  |TAMS 0x000000008bb00000, 0x000000008bb00000| Untracked 
| 188|0x000000008bc00000, 0x000000008bc00000, 0x000000008bd00000|  0%| F|  |TAMS 0x000000008bc00000, 0x000000008bc00000| Untracked 
| 189|0x000000008bd00000, 0x000000008bd00000, 0x000000008be00000|  0%| F|  |TAMS 0x000000008bd00000, 0x000000008bd00000| Untracked 
| 190|0x000000008be00000, 0x000000008be00000, 0x000000008bf00000|  0%| F|  |TAMS 0x000000008be00000, 0x000000008be00000| Untracked 
| 191|0x000000008bf00000, 0x000000008bf00000, 0x000000008c000000|  0%| F|  |TAMS 0x000000008bf00000, 0x000000008bf00000| Untracked 
| 192|0x000000008c000000, 0x000000008c000000, 0x000000008c100000|  0%| F|  |TAMS 0x000000008c000000, 0x000000008c000000| Untracked 
| 193|0x000000008c100000, 0x000000008c100000, 0x000000008c200000|  0%| F|  |TAMS 0x000000008c100000, 0x000000008c100000| Untracked 
| 194|0x000000008c200000, 0x000000008c200000, 0x000000008c300000|  0%| F|  |TAMS 0x000000008c200000, 0x000000008c200000| Untracked 
| 195|0x000000008c300000, 0x000000008c300000, 0x000000008c400000|  0%| F|  |TAMS 0x000000008c300000, 0x000000008c300000| Untracked 
| 196|0x000000008c400000, 0x000000008c400000, 0x000000008c500000|  0%| F|  |TAMS 0x000000008c400000, 0x000000008c400000| Untracked 
| 197|0x000000008c500000, 0x000000008c500000, 0x000000008c600000|  0%| F|  |TAMS 0x000000008c500000, 0x000000008c500000| Untracked 
| 198|0x000000008c600000, 0x000000008c600000, 0x000000008c700000|  0%| F|  |TAMS 0x000000008c600000, 0x000000008c600000| Untracked 
| 199|0x000000008c700000, 0x000000008c700000, 0x000000008c800000|  0%| F|  |TAMS 0x000000008c700000, 0x000000008c700000| Untracked 
| 200|0x000000008c800000, 0x000000008c800000, 0x000000008c900000|  0%| F|  |TAMS 0x000000008c800000, 0x000000008c800000| Untracked 
| 201|0x000000008c900000, 0x000000008c900000, 0x000000008ca00000|  0%| F|  |TAMS 0x000000008c900000, 0x000000008c900000| Untracked 
| 202|0x000000008ca00000, 0x000000008ca00000, 0x000000008cb00000|  0%| F|  |TAMS 0x000000008ca00000, 0x000000008ca00000| Untracked 
| 203|0x000000008cb00000, 0x000000008cb00000, 0x000000008cc00000|  0%| F|  |TAMS 0x000000008cb00000, 0x000000008cb00000| Untracked 
| 204|0x000000008cc00000, 0x000000008cc00000, 0x000000008cd00000|  0%| F|  |TAMS 0x000000008cc00000, 0x000000008cc00000| Untracked 
| 205|0x000000008cd00000, 0x000000008cd00000, 0x000000008ce00000|  0%| F|  |TAMS 0x000000008cd00000, 0x000000008cd00000| Untracked 
| 206|0x000000008ce00000, 0x000000008ce00000, 0x000000008cf00000|  0%| F|  |TAMS 0x000000008ce00000, 0x000000008ce00000| Untracked 
| 207|0x000000008cf00000, 0x000000008cf00000, 0x000000008d000000|  0%| F|  |TAMS 0x000000008cf00000, 0x000000008cf00000| Untracked 
| 208|0x000000008d000000, 0x000000008d000000, 0x000000008d100000|  0%| F|  |TAMS 0x000000008d000000, 0x000000008d000000| Untracked 
| 209|0x000000008d100000, 0x000000008d100000, 0x000000008d200000|  0%| F|  |TAMS 0x000000008d100000, 0x000000008d100000| Untracked 
| 210|0x000000008d200000, 0x000000008d200000, 0x000000008d300000|  0%| F|  |TAMS 0x000000008d200000, 0x000000008d200000| Untracked 
| 211|0x000000008d300000, 0x000000008d300000, 0x000000008d400000|  0%| F|  |TAMS 0x000000008d300000, 0x000000008d300000| Untracked 
| 212|0x000000008d400000, 0x000000008d400000, 0x000000008d500000|  0%| F|  |TAMS 0x000000008d400000, 0x000000008d400000| Untracked 
| 213|0x000000008d500000, 0x000000008d500000, 0x000000008d600000|  0%| F|  |TAMS 0x000000008d500000, 0x000000008d500000| Untracked 
| 214|0x000000008d600000, 0x000000008d600000, 0x000000008d700000|  0%| F|  |TAMS 0x000000008d600000, 0x000000008d600000| Untracked 
| 215|0x000000008d700000, 0x000000008d700000, 0x000000008d800000|  0%| F|  |TAMS 0x000000008d700000, 0x000000008d700000| Untracked 
| 216|0x000000008d800000, 0x000000008d800000, 0x000000008d900000|  0%| F|  |TAMS 0x000000008d800000, 0x000000008d800000| Untracked 
| 217|0x000000008d900000, 0x000000008d900000, 0x000000008da00000|  0%| F|  |TAMS 0x000000008d900000, 0x000000008d900000| Untracked 
| 218|0x000000008da00000, 0x000000008da00000, 0x000000008db00000|  0%| F|  |TAMS 0x000000008da00000, 0x000000008da00000| Untracked 
| 219|0x000000008db00000, 0x000000008db00000, 0x000000008dc00000|  0%| F|  |TAMS 0x000000008db00000, 0x000000008db00000| Untracked 
| 220|0x000000008dc00000, 0x000000008dc00000, 0x000000008dd00000|  0%| F|  |TAMS 0x000000008dc00000, 0x000000008dc00000| Untracked 
| 221|0x000000008dd00000, 0x000000008dd00000, 0x000000008de00000|  0%| F|  |TAMS 0x000000008dd00000, 0x000000008dd00000| Untracked 
| 222|0x000000008de00000, 0x000000008de00000, 0x000000008df00000|  0%| F|  |TAMS 0x000000008de00000, 0x000000008de00000| Untracked 
| 223|0x000000008df00000, 0x000000008df00000, 0x000000008e000000|  0%| F|  |TAMS 0x000000008df00000, 0x000000008df00000| Untracked 
| 224|0x000000008e000000, 0x000000008e000000, 0x000000008e100000|  0%| F|  |TAMS 0x000000008e000000, 0x000000008e000000| Untracked 
| 225|0x000000008e100000, 0x000000008e100000, 0x000000008e200000|  0%| F|  |TAMS 0x000000008e100000, 0x000000008e100000| Untracked 
| 226|0x000000008e200000, 0x000000008e200000, 0x000000008e300000|  0%| F|  |TAMS 0x000000008e200000, 0x000000008e200000| Untracked 
| 227|0x000000008e300000, 0x000000008e300000, 0x000000008e400000|  0%| F|  |TAMS 0x000000008e300000, 0x000000008e300000| Untracked 
| 228|0x000000008e400000, 0x000000008e400000, 0x000000008e500000|  0%| F|  |TAMS 0x000000008e400000, 0x000000008e400000| Untracked 
| 229|0x000000008e500000, 0x000000008e500000, 0x000000008e600000|  0%| F|  |TAMS 0x000000008e500000, 0x000000008e500000| Untracked 
| 230|0x000000008e600000, 0x000000008e600000, 0x000000008e700000|  0%| F|  |TAMS 0x000000008e600000, 0x000000008e600000| Untracked 
| 231|0x000000008e700000, 0x000000008e700000, 0x000000008e800000|  0%| F|  |TAMS 0x000000008e700000, 0x000000008e700000| Untracked 
| 232|0x000000008e800000, 0x000000008e800000, 0x000000008e900000|  0%| F|  |TAMS 0x000000008e800000, 0x000000008e800000| Untracked 
| 233|0x000000008e900000, 0x000000008e900000, 0x000000008ea00000|  0%| F|  |TAMS 0x000000008e900000, 0x000000008e900000| Untracked 
| 234|0x000000008ea00000, 0x000000008ea00000, 0x000000008eb00000|  0%| F|  |TAMS 0x000000008ea00000, 0x000000008ea00000| Untracked 
| 235|0x000000008eb00000, 0x000000008eb00000, 0x000000008ec00000|  0%| F|  |TAMS 0x000000008eb00000, 0x000000008eb00000| Untracked 
| 236|0x000000008ec00000, 0x000000008ec00000, 0x000000008ed00000|  0%| F|  |TAMS 0x000000008ec00000, 0x000000008ec00000| Untracked 
| 237|0x000000008ed00000, 0x000000008ed00000, 0x000000008ee00000|  0%| F|  |TAMS 0x000000008ed00000, 0x000000008ed00000| Untracked 
| 238|0x000000008ee00000, 0x000000008ee00000, 0x000000008ef00000|  0%| F|  |TAMS 0x000000008ee00000, 0x000000008ee00000| Untracked 
| 239|0x000000008ef00000, 0x000000008ef00000, 0x000000008f000000|  0%| F|  |TAMS 0x000000008ef00000, 0x000000008ef00000| Untracked 
| 240|0x000000008f000000, 0x000000008f000000, 0x000000008f100000|  0%| F|  |TAMS 0x000000008f000000, 0x000000008f000000| Untracked 
| 241|0x000000008f100000, 0x000000008f100000, 0x000000008f200000|  0%| F|  |TAMS 0x000000008f100000, 0x000000008f100000| Untracked 
| 242|0x000000008f200000, 0x000000008f200000, 0x000000008f300000|  0%| F|  |TAMS 0x000000008f200000, 0x000000008f200000| Untracked 
| 243|0x000000008f300000, 0x000000008f300000, 0x000000008f400000|  0%| F|  |TAMS 0x000000008f300000, 0x000000008f300000| Untracked 
| 244|0x000000008f400000, 0x000000008f400000, 0x000000008f500000|  0%| F|  |TAMS 0x000000008f400000, 0x000000008f400000| Untracked 
| 245|0x000000008f500000, 0x000000008f500000, 0x000000008f600000|  0%| F|  |TAMS 0x000000008f500000, 0x000000008f500000| Untracked 
| 246|0x000000008f600000, 0x000000008f600000, 0x000000008f700000|  0%| F|  |TAMS 0x000000008f600000, 0x000000008f600000| Untracked 
| 247|0x000000008f700000, 0x000000008f700000, 0x000000008f800000|  0%| F|  |TAMS 0x000000008f700000, 0x000000008f700000| Untracked 
| 248|0x000000008f800000, 0x000000008f800000, 0x000000008f900000|  0%| F|  |TAMS 0x000000008f800000, 0x000000008f800000| Untracked 
| 249|0x000000008f900000, 0x000000008f900000, 0x000000008fa00000|  0%| F|  |TAMS 0x000000008f900000, 0x000000008f900000| Untracked 
| 250|0x000000008fa00000, 0x000000008fa00000, 0x000000008fb00000|  0%| F|  |TAMS 0x000000008fa00000, 0x000000008fa00000| Untracked 
| 251|0x000000008fb00000, 0x000000008fb00000, 0x000000008fc00000|  0%| F|  |TAMS 0x000000008fb00000, 0x000000008fb00000| Untracked 
| 252|0x000000008fc00000, 0x000000008fc00000, 0x000000008fd00000|  0%| F|  |TAMS 0x000000008fc00000, 0x000000008fc00000| Untracked 
| 253|0x000000008fd00000, 0x000000008fd00000, 0x000000008fe00000|  0%| F|  |TAMS 0x000000008fd00000, 0x000000008fd00000| Untracked 
| 254|0x000000008fe00000, 0x000000008fef2f00, 0x000000008ff00000| 94%| S|CS|TAMS 0x000000008fe00000, 0x000000008fe00000| Complete 
| 255|0x000000008ff00000, 0x000000008ff00000, 0x0000000090000000|  0%| F|  |TAMS 0x000000008ff00000, 0x000000008ff00000| Untracked 
| 256|0x0000000090000000, 0x0000000090000000, 0x0000000090100000|  0%| F|  |TAMS 0x0000000090000000, 0x0000000090000000| Untracked 
| 257|0x0000000090100000, 0x0000000090100000, 0x0000000090200000|  0%| F|  |TAMS 0x0000000090100000, 0x0000000090100000| Untracked 
| 258|0x0000000090200000, 0x0000000090200000, 0x0000000090300000|  0%| F|  |TAMS 0x0000000090200000, 0x0000000090200000| Untracked 
| 259|0x0000000090300000, 0x0000000090300000, 0x0000000090400000|  0%| F|  |TAMS 0x0000000090300000, 0x0000000090300000| Untracked 
| 260|0x0000000090400000, 0x0000000090400000, 0x0000000090500000|  0%| F|  |TAMS 0x0000000090400000, 0x0000000090400000| Untracked 
| 261|0x0000000090500000, 0x0000000090500000, 0x0000000090600000|  0%| F|  |TAMS 0x0000000090500000, 0x0000000090500000| Untracked 

Card table byte_map: [0x000001cc1d3e0000,0x000001cc1d7e0000] _byte_map_base: 0x000001cc1cfe0000

Marking Bits (Prev, Next): (CMBitMap*) 0x000001cc0a84a7e0, (CMBitMap*) 0x000001cc0a84a7a0
 Prev Bits: [0x000001cc1fbe0000, 0x000001cc21be0000)
 Next Bits: [0x000001cc1dbe0000, 0x000001cc1fbe0000)

Polling page: 0x000001cc08730000

Metaspace:

Usage:
  Non-class:     86.80 MB used.
      Class:     12.95 MB used.
       Both:     99.75 MB used.

Virtual space:
  Non-class space:       88.00 MB reserved,      87.19 MB (>99%) committed,  11 nodes.
      Class space:        1.00 GB reserved,      13.31 MB (  1%) committed,  1 nodes.
             Both:        1.09 GB reserved,     100.50 MB (  9%) committed. 

Chunk freelists:
   Non-Class:  368.00 KB
       Class:  2.65 MB
        Both:  3.01 MB

MaxMetaspaceSize: unlimited
CompressedClassSpaceSize: 1.00 GB
Initial GC threshold: 21.00 MB
Current GC threshold: 166.50 MB
CDS: off
MetaspaceReclaimPolicy: balanced
 - commit_granule_bytes: 65536.
 - commit_granule_words: 8192.
 - virtual_space_node_default_size: 1048576.
 - enlarge_chunks_in_place: 1.
 - new_chunks_are_fully_committed: 0.
 - uncommit_free_chunks: 1.
 - use_allocation_guard: 0.
 - handle_deallocations: 1.


Internal statistics:

num_allocs_failed_limit: 6.
num_arena_births: 1100.
num_arena_deaths: 14.
num_vsnodes_births: 12.
num_vsnodes_deaths: 0.
num_space_committed: 1607.
num_space_uncommitted: 0.
num_chunks_returned_to_freelist: 22.
num_chunks_taken_from_freelist: 4892.
num_chunk_merges: 13.
num_chunk_splits: 3222.
num_chunks_enlarged: 2152.
num_purges: 2.
num_inconsistent_stats: 0.

CodeHeap 'non-profiled nmethods': size=120000Kb used=5330Kb max_used=5734Kb free=114669Kb
 bounds [0x000001cc15780000, 0x000001cc15d40000, 0x000001cc1ccb0000]
CodeHeap 'profiled nmethods': size=120000Kb used=22797Kb max_used=24803Kb free=97202Kb
 bounds [0x000001cc0dcb0000, 0x000001cc0f500000, 0x000001cc151e0000]
CodeHeap 'non-nmethods': size=5760Kb used=2382Kb max_used=2472Kb free=3377Kb
 bounds [0x000001cc151e0000, 0x000001cc15470000, 0x000001cc15780000]
 total_blobs=12946 nmethods=12027 adapters=831
 compilation: enabled
              stopped_count=0, restarted_count=0
 full_count=0

Compilation events (20 events):
Event: 34.946 Thread 0x000001cc25046c80 14116       1       com.android.aaptcompiler.ResourceFile::getSource (5 bytes)
Event: 34.947 Thread 0x000001cc25046c80 nmethod 14116 0x000001cc15921810 code [0x000001cc159219a0, 0x000001cc15921a78]
Event: 34.947 Thread 0x000001cc25046c80 14117       1       com.android.aaptcompiler.ResourceFile::getConfiguration (5 bytes)
Event: 34.947 Thread 0x000001cc25046c80 nmethod 14117 0x000001cc15a67110 code [0x000001cc15a672a0, 0x000001cc15a67378]
Event: 34.949 Thread 0x000001cc25046c80 14118       1       com.android.aaptcompiler.ResourceFile::getType (5 bytes)
Event: 34.950 Thread 0x000001cc25046c80 nmethod 14118 0x000001cc15b94610 code [0x000001cc15b947a0, 0x000001cc15b94878]
Event: 34.950 Thread 0x000001cc25046c80 14119       2       android.aapt.pb.internal.ResourcesInternal$CompiledFile::getConfig (18 bytes)
Event: 34.950 Thread 0x000001cc25046c80 nmethod 14119 0x000001cc0e6c7410 code [0x000001cc0e6c75a0, 0x000001cc0e6c76b8]
Event: 34.950 Thread 0x000001cc25046c80 14120       1       com.android.ide.common.resources.CompileResourceRequest::getMergeBlameFolder (5 bytes)
Event: 34.950 Thread 0x000001cc25046c80 nmethod 14120 0x000001cc158acc90 code [0x000001cc158ace20, 0x000001cc158acef8]
Event: 34.954 Thread 0x000001cc2a84ae90 nmethod 14110% 0x000001cc15c3d490 code [0x000001cc15c3d6a0, 0x000001cc15c3e150]
Event: 34.954 Thread 0x000001cc2a84ae90 12605       4       sun.nio.cs.UTF_8$Encoder::encodeArrayLoopSlow (377 bytes)
Event: 34.960 Thread 0x000001cc25046c80 14121       2       com.sun.org.apache.xerces.internal.impl.XMLErrorReporter::getMessageFormatter (14 bytes)
Event: 34.960 Thread 0x000001cc25046c80 nmethod 14121 0x000001cc0eaaac90 code [0x000001cc0eaaae40, 0x000001cc0eaaafc8]
Event: 34.961 Thread 0x000001cc25046c80 14122       2       com.sun.xml.internal.stream.util.BufferAllocator::getByteBuffer (59 bytes)
Event: 34.961 Thread 0x000001cc25046c80 nmethod 14122 0x000001cc0e144590 code [0x000001cc0e144740, 0x000001cc0e144998]
Event: 34.978 Thread 0x000001cc2a84ae90 nmethod 12605 0x000001cc15bf6910 code [0x000001cc15bf6b20, 0x000001cc15bf76d8]
Event: 34.978 Thread 0x000001cc2a84ae90 12554       4       java.util.HashMap::removeNode (291 bytes)
Event: 35.004 Thread 0x000001cc2a84ae90 nmethod 12554 0x000001cc15ba2610 code [0x000001cc15ba27e0, 0x000001cc15ba3528]
Event: 35.005 Thread 0x000001cc2a84ae90 12368 % !   4       com.android.ide.common.resources.DataMerger::mergeData @ 247 (611 bytes)

GC Heap History (20 events):
Event: 26.672 GC heap after
{Heap after GC invocations=32 (full 0):
 garbage-first heap   total 158720K, used 81100K [0x0000000080000000, 0x0000000100000000)
  region size 1024K, 6 young (6144K), 6 survivors (6144K)
 Metaspace       used 90806K, committed 91456K, reserved 1130496K
  class space    used 12064K, committed 12352K, reserved 1048576K
}
Event: 27.662 GC heap before
{Heap before GC invocations=32 (full 0):
 garbage-first heap   total 158720K, used 125132K [0x0000000080000000, 0x0000000100000000)
  region size 1024K, 50 young (51200K), 6 survivors (6144K)
 Metaspace       used 92348K, committed 92992K, reserved 1130496K
  class space    used 12320K, committed 12608K, reserved 1048576K
}
Event: 27.678 GC heap after
{Heap after GC invocations=33 (full 0):
 garbage-first heap   total 158720K, used 88142K [0x0000000080000000, 0x0000000100000000)
  region size 1024K, 7 young (7168K), 7 survivors (7168K)
 Metaspace       used 92348K, committed 92992K, reserved 1130496K
  class space    used 12320K, committed 12608K, reserved 1048576K
}
Event: 28.216 GC heap before
{Heap before GC invocations=34 (full 0):
 garbage-first heap   total 167936K, used 125006K [0x0000000080000000, 0x0000000100000000)
  region size 1024K, 44 young (45056K), 7 survivors (7168K)
 Metaspace       used 92895K, committed 93568K, reserved 1130496K
  class space    used 12426K, committed 12736K, reserved 1048576K
}
Event: 28.226 GC heap after
{Heap after GC invocations=35 (full 0):
 garbage-first heap   total 167936K, used 91379K [0x0000000080000000, 0x0000000100000000)
  region size 1024K, 4 young (4096K), 4 survivors (4096K)
 Metaspace       used 92895K, committed 93568K, reserved 1130496K
  class space    used 12426K, committed 12736K, reserved 1048576K
}
Event: 28.284 GC heap before
{Heap before GC invocations=35 (full 0):
 garbage-first heap   total 167936K, used 95475K [0x0000000080000000, 0x0000000100000000)
  region size 1024K, 8 young (8192K), 4 survivors (4096K)
 Metaspace       used 92918K, committed 93632K, reserved 1130496K
  class space    used 12426K, committed 12736K, reserved 1048576K
}
Event: 28.293 GC heap after
{Heap after GC invocations=36 (full 0):
 garbage-first heap   total 268288K, used 91421K [0x0000000080000000, 0x0000000100000000)
  region size 1024K, 1 young (1024K), 1 survivors (1024K)
 Metaspace       used 92918K, committed 93632K, reserved 1130496K
  class space    used 12426K, committed 12736K, reserved 1048576K
}
Event: 31.205 GC heap before
{Heap before GC invocations=36 (full 0):
 garbage-first heap   total 268288K, used 217373K [0x0000000080000000, 0x0000000100000000)
  region size 1024K, 116 young (118784K), 1 survivors (1024K)
 Metaspace       used 96569K, committed 97344K, reserved 1138688K
  class space    used 12820K, committed 13184K, reserved 1048576K
}
Event: 31.221 GC heap after
{Heap after GC invocations=37 (full 0):
 garbage-first heap   total 268288K, used 119256K [0x0000000080000000, 0x0000000100000000)
  region size 1024K, 15 young (15360K), 15 survivors (15360K)
 Metaspace       used 96569K, committed 97344K, reserved 1138688K
  class space    used 12820K, committed 13184K, reserved 1048576K
}
Event: 32.674 GC heap before
{Heap before GC invocations=37 (full 0):
 garbage-first heap   total 268288K, used 195032K [0x0000000080000000, 0x0000000100000000)
  region size 1024K, 76 young (77824K), 15 survivors (15360K)
 Metaspace       used 97116K, committed 97856K, reserved 1138688K
  class space    used 12862K, committed 13184K, reserved 1048576K
}
Event: 32.701 GC heap after
{Heap after GC invocations=38 (full 0):
 garbage-first heap   total 268288K, used 137216K [0x0000000080000000, 0x0000000100000000)
  region size 1024K, 12 young (12288K), 12 survivors (12288K)
 Metaspace       used 97116K, committed 97856K, reserved 1138688K
  class space    used 12862K, committed 13184K, reserved 1048576K
}
Event: 33.539 GC heap before
{Heap before GC invocations=39 (full 0):
 garbage-first heap   total 268288K, used 209920K [0x0000000080000000, 0x0000000100000000)
  region size 1024K, 74 young (75776K), 12 survivors (12288K)
 Metaspace       used 100612K, committed 101376K, reserved 1138688K
  class space    used 13157K, committed 13504K, reserved 1048576K
}
Event: 33.569 GC heap after
{Heap after GC invocations=40 (full 0):
 garbage-first heap   total 268288K, used 145080K [0x0000000080000000, 0x0000000100000000)
  region size 1024K, 10 young (10240K), 10 survivors (10240K)
 Metaspace       used 100612K, committed 101376K, reserved 1138688K
  class space    used 13157K, committed 13504K, reserved 1048576K
}
Event: 33.608 GC heap before
{Heap before GC invocations=40 (full 0):
 garbage-first heap   total 268288K, used 148152K [0x0000000080000000, 0x0000000100000000)
  region size 1024K, 13 young (13312K), 10 survivors (10240K)
 Metaspace       used 100673K, committed 101376K, reserved 1138688K
  class space    used 13161K, committed 13504K, reserved 1048576K
}
Event: 33.628 GC heap after
{Heap after GC invocations=41 (full 0):
 garbage-first heap   total 268288K, used 145694K [0x0000000080000000, 0x0000000100000000)
  region size 1024K, 2 young (2048K), 2 survivors (2048K)
 Metaspace       used 100673K, committed 101376K, reserved 1138688K
  class space    used 13161K, committed 13504K, reserved 1048576K
}
Event: 34.240 GC heap before
{Heap before GC invocations=41 (full 0):
 garbage-first heap   total 268288K, used 204062K [0x0000000080000000, 0x0000000100000000)
  region size 1024K, 60 young (61440K), 2 survivors (2048K)
 Metaspace       used 101477K, committed 102272K, reserved 1138688K
  class space    used 13211K, committed 13568K, reserved 1048576K
}
Event: 34.245 GC heap after
{Heap after GC invocations=42 (full 0):
 garbage-first heap   total 268288K, used 146456K [0x0000000080000000, 0x0000000100000000)
  region size 1024K, 3 young (3072K), 3 survivors (3072K)
 Metaspace       used 101477K, committed 102272K, reserved 1138688K
  class space    used 13211K, committed 13568K, reserved 1048576K
}
Event: 34.857 GC heap before
{Heap before GC invocations=43 (full 0):
 garbage-first heap   total 268288K, used 196632K [0x0000000080000000, 0x0000000100000000)
  region size 1024K, 65 young (66560K), 3 survivors (3072K)
 Metaspace       used 102139K, committed 102912K, reserved 1138688K
  class space    used 13259K, committed 13632K, reserved 1048576K
}
Event: 34.865 GC heap after
{Heap after GC invocations=44 (full 0):
 garbage-first heap   total 268288K, used 137407K [0x0000000080000000, 0x0000000100000000)
  region size 1024K, 6 young (6144K), 6 survivors (6144K)
 Metaspace       used 102139K, committed 102912K, reserved 1138688K
  class space    used 13259K, committed 13632K, reserved 1048576K
}
Event: 35.012 GC heap before
{Heap before GC invocations=44 (full 0):
 garbage-first heap   total 268288K, used 143551K [0x0000000080000000, 0x0000000100000000)
  region size 1024K, 13 young (13312K), 6 survivors (6144K)
 Metaspace       used 102144K, committed 102912K, reserved 1138688K
  class space    used 13259K, committed 13632K, reserved 1048576K
}

Dll operation events (2 events):
Event: 0.010 Loaded shared library C:\Program Files\Android\Android Studio\jbr\bin\java.dll
Event: 0.561 Loaded shared library C:\Program Files\Android\Android Studio\jbr\bin\verify.dll

Deoptimization events (20 events):
Event: 34.872 Thread 0x000001cc29515050 DEOPT PACKING pc=0x000001cc157ece04 sp=0x00000072e52fc7b0
Event: 34.872 Thread 0x000001cc29515050 DEOPT UNPACKING pc=0x000001cc152369a3 sp=0x00000072e52fc6f8 mode 2
Event: 34.872 Thread 0x000001cc29515050 Uncommon trap: trap_request=0xffffffbe fr.pc=0x000001cc157ece04 relative=0x0000000000000a44
Event: 34.872 Thread 0x000001cc29515050 Uncommon trap: reason=profile_predicate action=maybe_recompile pc=0x000001cc157ece04 method=com.google.protobuf.Utf8$UnsafeProcessor.encodeUtf8(Ljava/lang/CharSequence;[BII)I @ 146 c2
Event: 34.872 Thread 0x000001cc29515050 DEOPT PACKING pc=0x000001cc157ece04 sp=0x00000072e52fc7b0
Event: 34.872 Thread 0x000001cc29515050 DEOPT UNPACKING pc=0x000001cc152369a3 sp=0x00000072e52fc6f8 mode 2
Event: 34.872 Thread 0x000001cc29515050 Uncommon trap: trap_request=0xffffffbe fr.pc=0x000001cc157ece04 relative=0x0000000000000a44
Event: 34.872 Thread 0x000001cc29515050 Uncommon trap: reason=profile_predicate action=maybe_recompile pc=0x000001cc157ece04 method=com.google.protobuf.Utf8$UnsafeProcessor.encodeUtf8(Ljava/lang/CharSequence;[BII)I @ 146 c2
Event: 34.872 Thread 0x000001cc29515050 DEOPT PACKING pc=0x000001cc157ece04 sp=0x00000072e52fc7b0
Event: 34.872 Thread 0x000001cc29515050 DEOPT UNPACKING pc=0x000001cc152369a3 sp=0x00000072e52fc6f8 mode 2
Event: 34.872 Thread 0x000001cc29515050 Uncommon trap: trap_request=0xffffffbe fr.pc=0x000001cc157ece04 relative=0x0000000000000a44
Event: 34.872 Thread 0x000001cc29515050 Uncommon trap: reason=profile_predicate action=maybe_recompile pc=0x000001cc157ece04 method=com.google.protobuf.Utf8$UnsafeProcessor.encodeUtf8(Ljava/lang/CharSequence;[BII)I @ 146 c2
Event: 34.872 Thread 0x000001cc29515050 DEOPT PACKING pc=0x000001cc157ece04 sp=0x00000072e52fc7b0
Event: 34.872 Thread 0x000001cc29515050 DEOPT UNPACKING pc=0x000001cc152369a3 sp=0x00000072e52fc6f8 mode 2
Event: 34.899 Thread 0x000001cc29515050 DEOPT PACKING pc=0x000001cc0f37deae sp=0x00000072e52fd3d0
Event: 34.899 Thread 0x000001cc29515050 DEOPT UNPACKING pc=0x000001cc15237143 sp=0x00000072e52fc870 mode 0
Event: 34.918 Thread 0x000001cc29515050 DEOPT PACKING pc=0x000001cc0f37deae sp=0x00000072e52fd3d0
Event: 34.918 Thread 0x000001cc29515050 DEOPT UNPACKING pc=0x000001cc15237143 sp=0x00000072e52fc870 mode 0
Event: 35.002 Thread 0x000001cc281375b0 DEOPT PACKING pc=0x000001cc0ef3a3b1 sp=0x00000072de3fe330
Event: 35.002 Thread 0x000001cc281375b0 DEOPT UNPACKING pc=0x000001cc15237143 sp=0x00000072de3fd7d0 mode 0

Classes unloaded (7 events):
Event: 32.896 Thread 0x000001cc25013a40 Unloading class 0x0000000100c7dc00 'java/lang/invoke/LambdaForm$DMH+0x0000000100c7dc00'
Event: 32.896 Thread 0x000001cc25013a40 Unloading class 0x0000000100c7d800 'java/lang/invoke/LambdaForm$DMH+0x0000000100c7d800'
Event: 32.896 Thread 0x000001cc25013a40 Unloading class 0x0000000100c7d400 'java/lang/invoke/LambdaForm$DMH+0x0000000100c7d400'
Event: 32.896 Thread 0x000001cc25013a40 Unloading class 0x0000000100c7d000 'java/lang/invoke/LambdaForm$DMH+0x0000000100c7d000'
Event: 32.896 Thread 0x000001cc25013a40 Unloading class 0x0000000100c7cc00 'java/lang/invoke/LambdaForm$DMH+0x0000000100c7cc00'
Event: 32.896 Thread 0x000001cc25013a40 Unloading class 0x0000000100c7c800 'java/lang/invoke/LambdaForm$DMH+0x0000000100c7c800'
Event: 32.896 Thread 0x000001cc25013a40 Unloading class 0x0000000100c7c400 'java/lang/invoke/LambdaForm$DMH+0x0000000100c7c400'

Classes redefined (0 events):
No events

Internal exceptions (20 events):
Event: 34.961 Thread 0x000001cc2dc6c410 Exception <a 'sun/nio/fs/WindowsException'{0x0000000090029a98}> (0x0000000090029a98) 
thrown [s\src\hotspot\share\prims\jni.cpp, line 517]
Event: 34.963 Thread 0x000001cc2dc6c410 Exception <a 'sun/nio/fs/WindowsException'{0x000000009002c3c0}> (0x000000009002c3c0) 
thrown [s\src\hotspot\share\prims\jni.cpp, line 517]
Event: 34.966 Thread 0x000001cc2dc6c410 Exception <a 'sun/nio/fs/WindowsException'{0x000000009005e570}> (0x000000009005e570) 
thrown [s\src\hotspot\share\prims\jni.cpp, line 517]
Event: 34.968 Thread 0x000001cc2dc6c410 Exception <a 'sun/nio/fs/WindowsException'{0x000000009006d828}> (0x000000009006d828) 
thrown [s\src\hotspot\share\prims\jni.cpp, line 517]
Event: 34.971 Thread 0x000001cc2dc6c410 Exception <a 'sun/nio/fs/WindowsException'{0x0000000090077090}> (0x0000000090077090) 
thrown [s\src\hotspot\share\prims\jni.cpp, line 517]
Event: 34.973 Thread 0x000001cc2dc6c410 Exception <a 'sun/nio/fs/WindowsException'{0x0000000090096dd0}> (0x0000000090096dd0) 
thrown [s\src\hotspot\share\prims\jni.cpp, line 517]
Event: 34.975 Thread 0x000001cc2dc6c410 Exception <a 'sun/nio/fs/WindowsException'{0x000000009009bd10}> (0x000000009009bd10) 
thrown [s\src\hotspot\share\prims\jni.cpp, line 517]
Event: 34.977 Thread 0x000001cc2dc6c410 Exception <a 'sun/nio/fs/WindowsException'{0x000000009009db48}> (0x000000009009db48) 
thrown [s\src\hotspot\share\prims\jni.cpp, line 517]
Event: 34.979 Thread 0x000001cc2dc6c410 Exception <a 'sun/nio/fs/WindowsException'{0x00000000900a04c0}> (0x00000000900a04c0) 
thrown [s\src\hotspot\share\prims\jni.cpp, line 517]
Event: 34.982 Thread 0x000001cc2dc6c410 Exception <a 'sun/nio/fs/WindowsException'{0x00000000900b1550}> (0x00000000900b1550) 
thrown [s\src\hotspot\share\prims\jni.cpp, line 517]
Event: 34.984 Thread 0x000001cc2dc6c410 Exception <a 'sun/nio/fs/WindowsException'{0x00000000900c7c38}> (0x00000000900c7c38) 
thrown [s\src\hotspot\share\prims\jni.cpp, line 517]
Event: 34.986 Thread 0x000001cc2dc6c410 Exception <a 'sun/nio/fs/WindowsException'{0x00000000900dfe98}> (0x00000000900dfe98) 
thrown [s\src\hotspot\share\prims\jni.cpp, line 517]
Event: 34.988 Thread 0x000001cc2dc6c410 Exception <a 'sun/nio/fs/WindowsException'{0x00000000900f9b98}> (0x00000000900f9b98) 
thrown [s\src\hotspot\share\prims\jni.cpp, line 517]
Event: 34.990 Thread 0x000001cc2dc6c410 Exception <a 'sun/nio/fs/WindowsException'{0x000000008ff11170}> (0x000000008ff11170) 
thrown [s\src\hotspot\share\prims\jni.cpp, line 517]
Event: 34.993 Thread 0x000001cc2dc6c410 Exception <a 'sun/nio/fs/WindowsException'{0x000000008ff38f88}> (0x000000008ff38f88) 
thrown [s\src\hotspot\share\prims\jni.cpp, line 517]
Event: 34.999 Thread 0x000001cc2dc6c410 Exception <a 'sun/nio/fs/WindowsException'{0x000000008ff5ac40}> (0x000000008ff5ac40) 
thrown [s\src\hotspot\share\prims\jni.cpp, line 517]
Event: 35.001 Thread 0x000001cc2dc6c410 Exception <a 'sun/nio/fs/WindowsException'{0x000000008ff64130}> (0x000000008ff64130) 
thrown [s\src\hotspot\share\prims\jni.cpp, line 517]
Event: 35.003 Thread 0x000001cc2dc6c410 Exception <a 'sun/nio/fs/WindowsException'{0x000000008ff9b4b8}> (0x000000008ff9b4b8) 
thrown [s\src\hotspot\share\prims\jni.cpp, line 517]
Event: 35.006 Thread 0x000001cc2dc6c410 Exception <a 'sun/nio/fs/WindowsException'{0x000000008ffb9db0}> (0x000000008ffb9db0) 
thrown [s\src\hotspot\share\prims\jni.cpp, line 517]
Event: 35.009 Thread 0x000001cc2dc6c410 Exception <a 'sun/nio/fs/WindowsException'{0x000000008ffd7ac0}> (0x000000008ffd7ac0) 
thrown [s\src\hotspot\share\prims\jni.cpp, line 517]

VM Operations (20 events):
Event: 33.025 Executing VM operation: G1Concurrent done
Event: 33.538 Executing VM operation: G1CollectForAllocation
Event: 33.570 Executing VM operation: G1CollectForAllocation done
Event: 33.608 Executing VM operation: G1CollectForAllocation
Event: 33.631 Executing VM operation: G1CollectForAllocation done
Event: 34.240 Executing VM operation: G1CollectForAllocation
Event: 34.247 Executing VM operation: G1CollectForAllocation done
Event: 34.423 Executing VM operation: G1Concurrent
Event: 34.437 Executing VM operation: G1Concurrent done
Event: 34.459 Executing VM operation: HandshakeAllThreads
Event: 34.468 Executing VM operation: HandshakeAllThreads done
Event: 34.520 Executing VM operation: G1Concurrent
Event: 34.520 Executing VM operation: G1Concurrent done
Event: 34.596 Executing VM operation: HandshakeAllThreads
Event: 34.596 Executing VM operation: HandshakeAllThreads done
Event: 34.654 Executing VM operation: HandshakeAllThreads
Event: 34.655 Executing VM operation: HandshakeAllThreads done
Event: 34.857 Executing VM operation: G1CollectForAllocation
Event: 34.865 Executing VM operation: G1CollectForAllocation done
Event: 35.012 Executing VM operation: G1CollectForAllocation

Events (20 events):
Event: 34.684 Thread 0x000001cc25047580 flushing nmethod 0x000001cc0f31c810
Event: 34.684 Thread 0x000001cc25047580 flushing nmethod 0x000001cc0f31f710
Event: 34.684 Thread 0x000001cc25047580 flushing nmethod 0x000001cc0f320190
Event: 34.684 Thread 0x000001cc25047580 flushing nmethod 0x000001cc0f324a90
Event: 34.684 Thread 0x000001cc25047580 flushing nmethod 0x000001cc0f32d710
Event: 34.684 Thread 0x000001cc25047580 flushing nmethod 0x000001cc0f32e190
Event: 34.684 Thread 0x000001cc25047580 flushing nmethod 0x000001cc0f34f610
Event: 34.684 Thread 0x000001cc25047580 flushing nmethod 0x000001cc0f354b90
Event: 34.684 Thread 0x000001cc25047580 flushing nmethod 0x000001cc0f35f590
Event: 34.684 Thread 0x000001cc25047580 flushing nmethod 0x000001cc0f362610
Event: 34.684 Thread 0x000001cc25047580 flushing nmethod 0x000001cc0f36b890
Event: 34.684 Thread 0x000001cc25047580 flushing nmethod 0x000001cc0f394310
Event: 34.684 Thread 0x000001cc25047580 flushing nmethod 0x000001cc0f3b2890
Event: 34.684 Thread 0x000001cc25047580 flushing nmethod 0x000001cc0f3c3090
Event: 34.685 Thread 0x000001cc25047580 flushing nmethod 0x000001cc0f3d0010
Event: 34.685 Thread 0x000001cc25047580 flushing nmethod 0x000001cc0f3d9590
Event: 34.687 loading class java/nio/file/StandardCopyOption
Event: 34.687 loading class java/nio/file/StandardCopyOption done
Event: 34.688 loading class sun/nio/fs/WindowsFileCopy
Event: 34.689 loading class sun/nio/fs/WindowsFileCopy done


Dynamic libraries:
0x00007ff6f1de0000 - 0x00007ff6f1dea000 	C:\Program Files\Android\Android Studio\jbr\bin\java.exe
0x00007ff83e590000 - 0x00007ff83e7a4000 	C:\WINDOWS\SYSTEM32\ntdll.dll
0x00007ff83df50000 - 0x00007ff83e012000 	C:\WINDOWS\System32\KERNEL32.DLL
0x00007ff83bb40000 - 0x00007ff83bedc000 	C:\WINDOWS\System32\KERNELBASE.dll
0x00007ff83c280000 - 0x00007ff83c391000 	C:\WINDOWS\System32\ucrtbase.dll
0x00007ff832470000 - 0x00007ff83248b000 	C:\Program Files\Android\Android Studio\jbr\bin\VCRUNTIME140.dll
0x00007ff823320000 - 0x00007ff823337000 	C:\Program Files\Android\Android Studio\jbr\bin\jli.dll
0x00007ff83d4e0000 - 0x00007ff83d68b000 	C:\WINDOWS\System32\USER32.dll
0x00007ff81bb00000 - 0x00007ff81bd8e000 	C:\WINDOWS\WinSxS\amd64_microsoft.windows.common-controls_6595b64144ccf1df_6.0.22621.608_none_a9444ca7c10bb01d\COMCTL32.dll
0x00007ff83bf60000 - 0x00007ff83bf86000 	C:\WINDOWS\System32\win32u.dll
0x00007ff83e040000 - 0x00007ff83e0e7000 	C:\WINDOWS\System32\msvcrt.dll
0x00007ff83df20000 - 0x00007ff83df49000 	C:\WINDOWS\System32\GDI32.dll
0x00007ff83bf90000 - 0x00007ff83c0a3000 	C:\WINDOWS\System32\gdi32full.dll
0x00007ff83c0b0000 - 0x00007ff83c14a000 	C:\WINDOWS\System32\msvcp_win.dll
0x00007ff83c5f0000 - 0x00007ff83c621000 	C:\WINDOWS\System32\IMM32.DLL
0x00007ff832e00000 - 0x00007ff832e0c000 	C:\Program Files\Android\Android Studio\jbr\bin\vcruntime140_1.dll
0x00007ff81dc60000 - 0x00007ff81dced000 	C:\Program Files\Android\Android Studio\jbr\bin\msvcp140.dll
0x00007fff913e0000 - 0x00007fff9204d000 	C:\Program Files\Android\Android Studio\jbr\bin\server\jvm.dll
0x00007ff83c850000 - 0x00007ff83c8fe000 	C:\WINDOWS\System32\ADVAPI32.dll
0x00007ff83d190000 - 0x00007ff83d234000 	C:\WINDOWS\System32\sechost.dll
0x00007ff83e150000 - 0x00007ff83e267000 	C:\WINDOWS\System32\RPCRT4.dll
0x00007ff832140000 - 0x00007ff832174000 	C:\WINDOWS\SYSTEM32\WINMM.dll
0x00007ff822e20000 - 0x00007ff822e29000 	C:\WINDOWS\SYSTEM32\WSOCK32.dll
0x00007ff83d690000 - 0x00007ff83d701000 	C:\WINDOWS\System32\WS2_32.dll
0x00007ff831320000 - 0x00007ff83132a000 	C:\WINDOWS\SYSTEM32\VERSION.dll
0x00007ff83aa20000 - 0x00007ff83aa38000 	C:\WINDOWS\SYSTEM32\kernel.appcore.dll
0x00007ff837380000 - 0x00007ff83738a000 	C:\Program Files\Android\Android Studio\jbr\bin\jimage.dll
0x00007ff839400000 - 0x00007ff83962e000 	C:\WINDOWS\SYSTEM32\DBGHELP.DLL
0x00007ff83d710000 - 0x00007ff83da99000 	C:\WINDOWS\System32\combase.dll
0x00007ff83d240000 - 0x00007ff83d317000 	C:\WINDOWS\System32\OLEAUT32.dll
0x00007ff8177b0000 - 0x00007ff8177e2000 	C:\WINDOWS\SYSTEM32\dbgcore.DLL
0x00007ff83bee0000 - 0x00007ff83bf5b000 	C:\WINDOWS\System32\bcryptPrimitives.dll
0x00007ffff2930000 - 0x00007ffff2955000 	C:\Program Files\Android\Android Studio\jbr\bin\java.dll
0x00007ff8336a0000 - 0x00007ff8336b8000 	C:\Program Files\Android\Android Studio\jbr\bin\zip.dll
0x00007ff83c9a0000 - 0x00007ff83d190000 	C:\WINDOWS\System32\SHELL32.dll
0x00007ff8399e0000 - 0x00007ff83a2ad000 	C:\WINDOWS\SYSTEM32\windows.storage.dll
0x00007ff8398a0000 - 0x00007ff8399de000 	C:\WINDOWS\SYSTEM32\wintypes.dll
0x00007ff83e450000 - 0x00007ff83e541000 	C:\WINDOWS\System32\SHCORE.dll
0x00007ff83e0f0000 - 0x00007ff83e14e000 	C:\WINDOWS\System32\shlwapi.dll
0x00007ff83b900000 - 0x00007ff83b921000 	C:\WINDOWS\SYSTEM32\profapi.dll
0x00007fffca780000 - 0x00007fffca799000 	C:\Program Files\Android\Android Studio\jbr\bin\net.dll
0x00007ff831c00000 - 0x00007ff831d37000 	C:\WINDOWS\SYSTEM32\WINHTTP.dll
0x00007ff83ae90000 - 0x00007ff83aef9000 	C:\WINDOWS\system32\mswsock.dll
0x00007fffc9340000 - 0x00007fffc9356000 	C:\Program Files\Android\Android Studio\jbr\bin\nio.dll
0x00007ff804e60000 - 0x00007ff804e70000 	C:\Program Files\Android\Android Studio\jbr\bin\verify.dll
0x00007ff836a60000 - 0x00007ff836a87000 	C:\Users\tranv\.gradle\native\68d5fa5c4cc2d200863cafc0d521ce42e7d3e7ee720ec0a83991735586a16f82\windows-amd64\native-platform.dll
0x00007ffff86e0000 - 0x00007ffff8824000 	C:\Users\tranv\.gradle\native\e376f236ea51e6404a007f0833ffe2c6e607c4080706a723a18a27aeea778392\windows-amd64\native-platform-file-events.dll
0x00007ff816cd0000 - 0x00007ff816cd9000 	C:\Program Files\Android\Android Studio\jbr\bin\management.dll
0x00007ff807490000 - 0x00007ff80749b000 	C:\Program Files\Android\Android Studio\jbr\bin\management_ext.dll
0x00007ff83e020000 - 0x00007ff83e028000 	C:\WINDOWS\System32\PSAPI.DLL
0x00007ff83b0f0000 - 0x00007ff83b10b000 	C:\WINDOWS\SYSTEM32\CRYPTSP.dll
0x00007ff83a990000 - 0x00007ff83a9c5000 	C:\WINDOWS\system32\rsaenh.dll
0x00007ff83af90000 - 0x00007ff83afb8000 	C:\WINDOWS\SYSTEM32\USERENV.dll
0x00007ff83b2b0000 - 0x00007ff83b2d8000 	C:\WINDOWS\SYSTEM32\bcrypt.dll
0x00007ff83b110000 - 0x00007ff83b11c000 	C:\WINDOWS\SYSTEM32\CRYPTBASE.dll
0x00007ff83a500000 - 0x00007ff83a52d000 	C:\WINDOWS\SYSTEM32\IPHLPAPI.DLL
0x00007ff83c900000 - 0x00007ff83c909000 	C:\WINDOWS\System32\NSI.dll
0x00007ff832120000 - 0x00007ff832139000 	C:\WINDOWS\SYSTEM32\dhcpcsvc6.DLL
0x00007ff8316e0000 - 0x00007ff8316ff000 	C:\WINDOWS\SYSTEM32\dhcpcsvc.DLL
0x00007ff83a570000 - 0x00007ff83a663000 	C:\WINDOWS\SYSTEM32\DNSAPI.dll
0x00007ff8044b0000 - 0x00007ff8044b8000 	C:\WINDOWS\system32\wshunix.dll
0x00007ff83aa40000 - 0x00007ff83aa74000 	C:\WINDOWS\SYSTEM32\ntmarta.dll

dbghelp: loaded successfully - version: 4.0.5 - missing functions: none
symbol engine: initialized successfully - sym options: 0x614 - pdb path: .;C:\Program Files\Android\Android Studio\jbr\bin;C:\WINDOWS\SYSTEM32;C:\WINDOWS\WinSxS\amd64_microsoft.windows.common-controls_6595b64144ccf1df_6.0.22621.608_none_a9444ca7c10bb01d;C:\Program Files\Android\Android Studio\jbr\bin\server;C:\Users\tranv\.gradle\native\68d5fa5c4cc2d200863cafc0d521ce42e7d3e7ee720ec0a83991735586a16f82\windows-amd64;C:\Users\tranv\.gradle\native\e376f236ea51e6404a007f0833ffe2c6e607c4080706a723a18a27aeea778392\windows-amd64

VM Arguments:
jvm_args: --add-opens=java.base/java.util=ALL-UNNAMED --add-opens=java.base/java.lang=ALL-UNNAMED --add-opens=java.base/java.lang.invoke=ALL-UNNAMED --add-opens=java.prefs/java.util.prefs=ALL-UNNAMED --add-opens=java.base/java.nio.charset=ALL-UNNAMED --add-opens=java.base/java.net=ALL-UNNAMED --add-opens=java.base/java.util.concurrent.atomic=ALL-UNNAMED -Xmx2048m -Dfile.encoding=UTF-8 -Duser.country=US -Duser.language=en -Duser.variant 
java_command: org.gradle.launcher.daemon.bootstrap.GradleDaemon 8.0
java_class_path (initial): C:\Users\tranv\.gradle\wrapper\dists\gradle-8.0-bin\ca5e32bp14vu59qr306oxotwh\gradle-8.0\lib\gradle-launcher-8.0.jar
Launcher Type: SUN_STANDARD

[Global flags]
     intx CICompilerCount                          = 4                                         {product} {ergonomic}
     uint ConcGCThreads                            = 2                                         {product} {ergonomic}
     uint G1ConcRefinementThreads                  = 8                                         {product} {ergonomic}
   size_t G1HeapRegionSize                         = 1048576                                   {product} {ergonomic}
    uintx GCDrainStackTargetSize                   = 64                                        {product} {ergonomic}
   size_t InitialHeapSize                          = 132120576                                 {product} {ergonomic}
   size_t MarkStackSize                            = 4194304                                   {product} {ergonomic}
   size_t MaxHeapSize                              = 2147483648                                {product} {command line}
   size_t MaxNewSize                               = 1287651328                                {product} {ergonomic}
   size_t MinHeapDeltaBytes                        = 1048576                                   {product} {ergonomic}
   size_t MinHeapSize                              = 8388608                                   {product} {ergonomic}
    uintx NonNMethodCodeHeapSize                   = 5839372                                {pd product} {ergonomic}
    uintx NonProfiledCodeHeapSize                  = 122909434                              {pd product} {ergonomic}
    uintx ProfiledCodeHeapSize                     = 122909434                              {pd product} {ergonomic}
    uintx ReservedCodeCacheSize                    = 251658240                              {pd product} {ergonomic}
     bool SegmentedCodeCache                       = true                                      {product} {ergonomic}
   size_t SoftMaxHeapSize                          = 2147483648                             {manageable} {ergonomic}
     bool UseCompressedClassPointers               = true                           {product lp64_product} {ergonomic}
     bool UseCompressedOops                        = true                           {product lp64_product} {ergonomic}
     bool UseG1GC                                  = true                                      {product} {ergonomic}
     bool UseLargePagesIndividualAllocation        = false                                  {pd product} {ergonomic}

Logging:
Log output configuration:
 #0: stdout all=warning uptime,level,tags
 #1: stderr all=off uptime,level,tags

Environment Variables:
PATH=C:\Program Files\Common Files\Oracle\Java\javapath;C:\Program Files (x86)\Common Files\Oracle\Java\javapath;C:\WINDOWS\system32;C:\WINDOWS;C:\WINDOWS\System32\Wbem;C:\WINDOWS\System32\WindowsPowerShell\v1.0\;C:\WINDOWS\System32\OpenSSH\;%JAVA_HOME%\bin;C:\Program Files\nodejs\;C:\Program Files\dotnet\;C:\Program Files\Git\cmd;D:\program\xampp\php;C:\composer;C:\Users\tranv\AppData\Local\Programs\Python\Python310\Scripts\;C:\Users\tranv\AppData\Local\Programs\Python\Python310\;C:\Users\tranv\AppData\Local\Microsoft\WindowsApps;C:\Users\tranv\AppData\Local\Programs\Microsoft VS Code\bin;C:\Users\tranv\AppData\Roaming\npm;C:\Users\tranv\.dotnet\tools;C:\Users\tranv\AppData\Local\GitHubDesktop\bin;C:\Program Files\Inkscape\bin;C:\Program Files\Java\jdk-19\bin;C:\Users\tranv\AppData\Local\JetBrains\Toolbox\scripts;C:\Program Files\heroku\bin;C:\Users\tranv\AppData\Roaming\Composer\vendor\bin
USERNAME=tranv
OS=Windows_NT
PROCESSOR_IDENTIFIER=Intel64 Family 6 Model 142 Stepping 12, GenuineIntel
TMP=C:\Users\tranv\AppData\Local\Temp
TEMP=C:\Users\tranv\AppData\Local\Temp



---------------  S Y S T E M  ---------------

OS:
 Windows 11 , 64 bit Build 22621 (10.0.22621.1485)
OS uptime: 0 days 20:39 hours

CPU: total 8 (initial active 8) (4 cores per cpu, 2 threads per core) family 6 model 142 stepping 12 microcode 0xec, cx8, cmov, fxsr, ht, mmx, 3dnowpref, sse, sse2, sse3, ssse3, sse4.1, sse4.2, popcnt, lzcnt, tsc, tscinvbit, avx, avx2, aes, erms, clmul, bmi1, bmi2, adx, fma, vzeroupper, clflush, clflushopt

Memory: 4k page, system-wide physical 8014M (483M free)
TotalPageFile size 32590M (AvailPageFile size 98M)
current process WorkingSet (physical memory assigned to process): 523M, peak: 531M
current process commit charge ("private bytes"): 588M, peak: 850M

vm_info: OpenJDK 64-Bit Server VM (17.0.6+0-b2043.56-9586694) for windows-amd64 JRE (17.0.6+0-b2043.56-9586694), built on Feb  9 2023 20:06:20 by "androidbuild" with MS VC++ 16.10 / 16.11 (VS2019)

END.
