#
# There is insufficient memory for the Java Runtime Environment to continue.
# Native memory allocation (mmap) failed to map 136314880 bytes for G1 virtual space
# Possible reasons:
#   The system is out of physical RAM or swap space
#   The process is running with CompressedOops enabled, and the Java Heap may be blocking the growth of the native heap
# Possible solutions:
#   Reduce memory load on the system
#   Increase physical memory or swap space
#   Check if swap backing store is full
#   Decrease Java heap size (-Xmx/-Xms)
#   Decrease number of Java threads
#   Decrease Java thread stack sizes (-Xss)
#   Set larger code cache with -XX:ReservedCodeCacheSize=
#   JVM is running with Unscaled Compressed Oops mode in which the Java heap is
#     placed in the first 4GB address space. The Java Heap base address is the
#     maximum limit for the native heap growth. Please use -XX:HeapBaseMinAddress
#     to set the Java Heap base and to place the Java Heap above 4GB virtual address.
# This output file may be truncated or incomplete.
#
#  Out of Memory Error (os_windows.cpp:3769), pid=22524, tid=17204
#
# JRE version: OpenJDK Runtime Environment (17.0.6) (build 17.0.6+0-b2043.56-9586694)
# Java VM: OpenJDK 64-Bit Server VM (17.0.6+0-b2043.56-9586694, mixed mode, tiered, compressed oops, compressed class ptrs, g1 gc, windows-amd64)
# No core dump will be written. Minidumps are not enabled by default on client versions of Windows
#

---------------  S U M M A R Y ------------

Command Line: --add-opens=java.base/java.util=ALL-UNNAMED --add-opens=java.base/java.lang=ALL-UNNAMED --add-opens=java.base/java.lang.invoke=ALL-UNNAMED --add-opens=java.prefs/java.util.prefs=ALL-UNNAMED --add-opens=java.base/java.nio.charset=ALL-UNNAMED --add-opens=java.base/java.net=ALL-UNNAMED --add-opens=java.base/java.util.concurrent.atomic=ALL-UNNAMED -Xmx2048m -Dfile.encoding=UTF-8 -Duser.country=US -Duser.language=en -Duser.variant org.gradle.launcher.daemon.bootstrap.GradleDaemon 8.0

Host: Intel(R) Core(TM) i5-10210U CPU @ 1.60GHz, 8 cores, 7G,  Windows 11 , 64 bit Build 22621 (10.0.22621.1485)
Time: Thu Apr 27 15:26:36 2023 SE Asia Standard Time elapsed time: 20.615639 seconds (0d 0h 0m 20s)

---------------  T H R E A D  ---------------

Current thread (0x00000196668fd940):  VMThread "VM Thread" [stack: 0x00000081fe700000,0x00000081fe800000] [id=17204]

Stack: [0x00000081fe700000,0x00000081fe800000]
Native frames: (J=compiled Java code, j=interpreted, Vv=VM code, C=native code)
V  [jvm.dll+0x683b4a]
V  [jvm.dll+0x842654]
V  [jvm.dll+0x843dfe]
V  [jvm.dll+0x844463]
V  [jvm.dll+0x249b75]
V  [jvm.dll+0x680a19]
V  [jvm.dll+0x674f0a]
V  [jvm.dll+0x309acb]
V  [jvm.dll+0x310f86]
V  [jvm.dll+0x3608ee]
V  [jvm.dll+0x360b1f]
V  [jvm.dll+0x2dfbf8]
V  [jvm.dll+0x2ddec4]
V  [jvm.dll+0x2dd4cc]
V  [jvm.dll+0x321f3b]
V  [jvm.dll+0x84893b]
V  [jvm.dll+0x849674]
V  [jvm.dll+0x849b8d]
V  [jvm.dll+0x849f64]
V  [jvm.dll+0x84a030]
V  [jvm.dll+0x7f25fa]
V  [jvm.dll+0x682985]
C  [ucrtbase.dll+0x29363]
C  [KERNEL32.DLL+0x1269d]
C  [ntdll.dll+0x5a9f8]

VM_Operation (0x00000081836fcc10): G1CollectForAllocation, mode: safepoint, requested by thread 0x0000019668e30710


---------------  P R O C E S S  ---------------

Threads class SMR info:
_java_thread_list=0x000001966f292060, length=145, elements={
0x000001964caacae0, 0x0000019667413260, 0x0000019667413c10, 0x0000019666915730,
0x000001966743b560, 0x00000196674311b0, 0x0000019667431a70, 0x0000019667432660,
0x0000019667432f60, 0x000001966743eb60, 0x00000196675c0800, 0x00000196675c58f0,
0x0000019669d5ce80, 0x0000019668f81040, 0x0000019668af62c0, 0x000001966815e520,
0x000001966a1816e0, 0x0000019668fa7fb0, 0x0000019668ee2c00, 0x0000019669c3ecd0,
0x0000019668830470, 0x000001966882e790, 0x000001966882ffa0, 0x000001966882fad0,
0x000001966882cab0, 0x000001966882cf80, 0x000001966882d450, 0x000001966882ec60,
0x000001966882d920, 0x000001966882f600, 0x000001966882ddf0, 0x000001966882e2c0,
0x000001966882f130, 0x000001966e955a70, 0x000001966e9503d0, 0x000001966e954c00,
0x000001966e94e6f0, 0x000001966e951be0, 0x000001966e9508a0, 0x000001966e954260,
0x000001966e953d90, 0x000001966e9555a0, 0x000001966e950d70, 0x000001966e951240,
0x000001966e9533f0, 0x000001966e94f090, 0x000001966e951710, 0x000001966e9520b0,
0x000001966e952580, 0x000001966e954730, 0x000001966e9538c0, 0x000001966e9550d0,
0x000001966e952a50, 0x000001966e94ebc0, 0x0000019668e31f20, 0x0000019668e323f0,
0x0000019668e310b0, 0x0000019668e2ea30, 0x0000019668e2f3d0, 0x0000019668e345a0,
0x0000019668e35410, 0x0000019668e328c0, 0x0000019668e34a70, 0x0000019668e33c00,
0x0000019668e34f40, 0x0000019668e30be0, 0x0000019668e30710, 0x0000019668e32d90,
0x0000019668e2ef00, 0x0000019668e358e0, 0x0000019668e33260, 0x0000019668e2f8a0,
0x0000019668e2fd70, 0x0000019668e30240, 0x0000019668e2e090, 0x0000019668e33730,
0x0000019668e340d0, 0x0000019668e31580, 0x0000019668e31a50, 0x0000019668e2e560,
0x000001966cacdcc0, 0x000001966cacd7f0, 0x000001966cacb170, 0x000001966cacbfe0,
0x000001966cace190, 0x000001966cacc980, 0x000001966cac8fc0, 0x000001966cacb640,
0x000001966cacbb10, 0x000001966cacc4b0, 0x000001966cace660, 0x000001966cac9960,
0x000001966caca300, 0x000001966cacce50, 0x000001966cac8150, 0x000001966caceb30,
0x000001966cac9490, 0x000001966cacd320, 0x000001966cacf000, 0x000001966cacf4d0,
0x000001966caca7d0, 0x000001966cac7c80, 0x000001966cac8620, 0x000001966cac8af0,
0x000001966cac9e30, 0x000001966cacaca0, 0x000001966b4dc970, 0x000001966b4dc4a0,
0x000001966b4da7c0, 0x000001966b4dbb00, 0x000001966b4dbfd0, 0x000001966b4d8fb0,
0x000001966b4d5f90, 0x000001966b4d9950, 0x000001966b4d8140, 0x000001966b4d6460,
0x000001966b4d6930, 0x000001966b4d6e00, 0x000001966b4dac90, 0x000001966b4d72d0,
0x000001966b4d7c70, 0x000001966b4db630, 0x000001966b4d77a0, 0x000001966b4dce40,
0x000001966b4d8ae0, 0x0000019671969b40, 0x000001966b4d9480, 0x000001966b4d9e20,
0x000001966b4db160, 0x0000019667bc6950, 0x0000019667bc3460, 0x0000019667bc3e00,
0x0000019667bc5ae0, 0x0000019667bc9e40, 0x0000019667bc6e20, 0x0000019667bc72f0,
0x0000019667bc8b00, 0x0000019672081e10, 0x00000196720822e0, 0x0000019672081940,
0x0000019672081470, 0x0000019672080fa0, 0x000001966f04f9a0, 0x000001966f04e190,
0x000001966f04eb30
}

Java Threads: ( => current thread )
  0x000001964caacae0 JavaThread "main" [_thread_blocked, id=17296, stack(0x00000081fe100000,0x00000081fe200000)]
  0x0000019667413260 JavaThread "Reference Handler" daemon [_thread_blocked, id=23120, stack(0x00000081fe800000,0x00000081fe900000)]
  0x0000019667413c10 JavaThread "Finalizer" daemon [_thread_blocked, id=7280, stack(0x00000081fe900000,0x00000081fea00000)]
  0x0000019666915730 JavaThread "Signal Dispatcher" daemon [_thread_blocked, id=13560, stack(0x00000081fea00000,0x00000081feb00000)]
  0x000001966743b560 JavaThread "Attach Listener" daemon [_thread_blocked, id=9512, stack(0x00000081feb00000,0x00000081fec00000)]
  0x00000196674311b0 JavaThread "Service Thread" daemon [_thread_blocked, id=3936, stack(0x00000081fec00000,0x00000081fed00000)]
  0x0000019667431a70 JavaThread "Monitor Deflation Thread" daemon [_thread_blocked, id=18008, stack(0x00000081fed00000,0x00000081fee00000)]
  0x0000019667432660 JavaThread "C2 CompilerThread0" daemon [_thread_blocked, id=5704, stack(0x00000081fee00000,0x00000081fef00000)]
  0x0000019667432f60 JavaThread "C1 CompilerThread0" daemon [_thread_blocked, id=11412, stack(0x00000081fef00000,0x00000081ff000000)]
  0x000001966743eb60 JavaThread "Sweeper thread" daemon [_thread_blocked, id=4192, stack(0x00000081ff000000,0x00000081ff100000)]
  0x00000196675c0800 JavaThread "Common-Cleaner" daemon [_thread_blocked, id=3984, stack(0x00000081ff100000,0x00000081ff200000)]
  0x00000196675c58f0 JavaThread "Notification Thread" daemon [_thread_blocked, id=14784, stack(0x00000081ff200000,0x00000081ff300000)]
  0x0000019669d5ce80 JavaThread "Daemon health stats" [_thread_blocked, id=17076, stack(0x00000081ffa00000,0x00000081ffb00000)]
  0x0000019668f81040 JavaThread "Incoming local TCP Connector on port 49980" [_thread_in_native, id=20076, stack(0x00000081ff900000,0x00000081ffa00000)]
  0x0000019668af62c0 JavaThread "Daemon periodic checks" [_thread_blocked, id=16084, stack(0x00000081ffb00000,0x00000081ffc00000)]
  0x000001966815e520 JavaThread "Daemon" [_thread_blocked, id=20360, stack(0x00000081ffc00000,0x00000081ffd00000)]
  0x000001966a1816e0 JavaThread "Handler for socket connection from /127.0.0.1:49980 to /127.0.0.1:49981" [_thread_in_native, id=10876, stack(0x00000081ffd00000,0x00000081ffe00000)]
  0x0000019668fa7fb0 JavaThread "Cancel handler" [_thread_blocked, id=15216, stack(0x00000081ffe00000,0x00000081fff00000)]
  0x0000019668ee2c00 JavaThread "Daemon worker" [_thread_blocked, id=3368, stack(0x00000081fff00000,0x0000008200000000)]
  0x0000019669c3ecd0 JavaThread "Asynchronous log dispatcher for DefaultDaemonConnection: socket connection from /127.0.0.1:49980 to /127.0.0.1:49981" [_thread_blocked, id=16056, stack(0x0000008180000000,0x0000008180100000)]
  0x0000019668830470 JavaThread "Stdin handler" [_thread_blocked, id=11824, stack(0x0000008180100000,0x0000008180200000)]
  0x000001966882e790 JavaThread "Daemon client event forwarder" [_thread_blocked, id=14120, stack(0x0000008180200000,0x0000008180300000)]
  0x000001966882ffa0 JavaThread "Cache worker for journal cache (C:\Users\tranv\.gradle\caches\journal-1)" [_thread_blocked, id=9428, stack(0x0000008180700000,0x0000008180800000)]
  0x000001966882fad0 JavaThread "File lock request listener" [_thread_in_native, id=5396, stack(0x0000008180800000,0x0000008180900000)]
  0x000001966882cab0 JavaThread "Cache worker for file hash cache (C:\Users\tranv\.gradle\caches\8.0\fileHashes)" [_thread_blocked, id=22340, stack(0x0000008180900000,0x0000008180a00000)]
  0x000001966882cf80 JavaThread "File watcher server" daemon [_thread_blocked, id=13148, stack(0x0000008180c00000,0x0000008180d00000)]
  0x000001966882d450 JavaThread "File watcher consumer" daemon [_thread_blocked, id=2140, stack(0x0000008180d00000,0x0000008180e00000)]
  0x000001966882ec60 JavaThread "Cache worker for checksums cache (C:\Users\tranv\AndroidStudio\BaoStore\.gradle\8.0\checksums)" [_thread_blocked, id=5652, stack(0x0000008180e00000,0x0000008180f00000)]
  0x000001966882d920 JavaThread "Cache worker for cache directory md-rule (C:\Users\tranv\.gradle\caches\8.0\md-rule)" [_thread_blocked, id=14724, stack(0x0000008180f00000,0x0000008181000000)]
  0x000001966882f600 JavaThread "Cache worker for file content cache (C:\Users\tranv\.gradle\caches\8.0\fileContent)" [_thread_blocked, id=23128, stack(0x0000008181000000,0x0000008181100000)]
  0x000001966882ddf0 JavaThread "Cache worker for file hash cache (C:\Users\tranv\AndroidStudio\BaoStore\.gradle\8.0\fileHashes)" [_thread_blocked, id=22280, stack(0x0000008181100000,0x0000008181200000)]
  0x000001966882e2c0 JavaThread "Cache worker for cache directory md-supplier (C:\Users\tranv\.gradle\caches\8.0\md-supplier)" [_thread_blocked, id=18760, stack(0x0000008181200000,0x0000008181300000)]
  0x000001966882f130 JavaThread "Cache worker for execution history cache (C:\Users\tranv\.gradle\caches\8.0\executionHistory)" [_thread_blocked, id=15640, stack(0x0000008181300000,0x0000008181400000)]
  0x000001966e955a70 JavaThread "jar transforms" [_thread_blocked, id=21104, stack(0x0000008181400000,0x0000008181500000)]
  0x000001966e9503d0 JavaThread "jar transforms Thread 2" [_thread_blocked, id=16712, stack(0x0000008181500000,0x0000008181600000)]
  0x000001966e954c00 JavaThread "jar transforms Thread 3" [_thread_blocked, id=14860, stack(0x0000008181700000,0x0000008181800000)]
  0x000001966e94e6f0 JavaThread "jar transforms Thread 4" [_thread_blocked, id=3176, stack(0x0000008181800000,0x0000008181900000)]
  0x000001966e951be0 JavaThread "Cache worker for dependencies-accessors (C:\Users\tranv\AndroidStudio\BaoStore\.gradle\8.0\dependencies-accessors)" [_thread_blocked, id=17396, stack(0x0000008181900000,0x0000008181a00000)]
  0x000001966e9508a0 JavaThread "jar transforms Thread 5" [_thread_blocked, id=9664, stack(0x0000008181a00000,0x0000008181b00000)]
  0x000001966e954260 JavaThread "Cache worker for Build Output Cleanup Cache (C:\Users\tranv\AndroidStudio\BaoStore\.gradle\buildOutputCleanup)" [_thread_blocked, id=5928, stack(0x0000008181b00000,0x0000008181c00000)]
  0x000001966e953d90 JavaThread "Unconstrained build operations" [_thread_blocked, id=13328, stack(0x0000008181c00000,0x0000008181d00000)]
  0x000001966e9555a0 JavaThread "Unconstrained build operations Thread 2" [_thread_blocked, id=21800, stack(0x0000008181d00000,0x0000008181e00000)]
  0x000001966e950d70 JavaThread "Unconstrained build operations Thread 3" [_thread_blocked, id=21072, stack(0x0000008181e00000,0x0000008181f00000)]
  0x000001966e951240 JavaThread "Unconstrained build operations Thread 4" [_thread_blocked, id=13404, stack(0x0000008181f00000,0x0000008182000000)]
  0x000001966e9533f0 JavaThread "Unconstrained build operations Thread 5" [_thread_blocked, id=13616, stack(0x0000008182000000,0x0000008182100000)]
  0x000001966e94f090 JavaThread "Unconstrained build operations Thread 6" [_thread_blocked, id=4724, stack(0x0000008182100000,0x0000008182200000)]
  0x000001966e951710 JavaThread "Unconstrained build operations Thread 7" [_thread_blocked, id=19856, stack(0x0000008182200000,0x0000008182300000)]
  0x000001966e9520b0 JavaThread "Unconstrained build operations Thread 8" [_thread_blocked, id=2708, stack(0x0000008182300000,0x0000008182400000)]
  0x000001966e952580 JavaThread "Unconstrained build operations Thread 9" [_thread_blocked, id=8188, stack(0x0000008182400000,0x0000008182500000)]
  0x000001966e954730 JavaThread "Unconstrained build operations Thread 10" [_thread_blocked, id=10448, stack(0x0000008182500000,0x0000008182600000)]
  0x000001966e9538c0 JavaThread "Unconstrained build operations Thread 11" [_thread_blocked, id=21536, stack(0x0000008182600000,0x0000008182700000)]
  0x000001966e9550d0 JavaThread "Unconstrained build operations Thread 12" [_thread_blocked, id=22888, stack(0x0000008182700000,0x0000008182800000)]
  0x000001966e952a50 JavaThread "Unconstrained build operations Thread 13" [_thread_blocked, id=7000, stack(0x0000008182800000,0x0000008182900000)]
  0x000001966e94ebc0 JavaThread "Unconstrained build operations Thread 14" [_thread_blocked, id=6824, stack(0x0000008182900000,0x0000008182a00000)]
  0x0000019668e31f20 JavaThread "Unconstrained build operations Thread 15" [_thread_blocked, id=11400, stack(0x0000008182a00000,0x0000008182b00000)]
  0x0000019668e323f0 JavaThread "Unconstrained build operations Thread 16" [_thread_blocked, id=15836, stack(0x0000008182b00000,0x0000008182c00000)]
  0x0000019668e310b0 JavaThread "Unconstrained build operations Thread 17" [_thread_blocked, id=18264, stack(0x0000008182c00000,0x0000008182d00000)]
  0x0000019668e2ea30 JavaThread "Unconstrained build operations Thread 18" [_thread_blocked, id=17916, stack(0x0000008182d00000,0x0000008182e00000)]
  0x0000019668e2f3d0 JavaThread "Unconstrained build operations Thread 19" [_thread_blocked, id=13372, stack(0x0000008182e00000,0x0000008182f00000)]
  0x0000019668e345a0 JavaThread "Unconstrained build operations Thread 20" [_thread_blocked, id=3288, stack(0x0000008182f00000,0x0000008183000000)]
  0x0000019668e35410 JavaThread "Unconstrained build operations Thread 21" [_thread_blocked, id=2528, stack(0x0000008183000000,0x0000008183100000)]
  0x0000019668e328c0 JavaThread "Unconstrained build operations Thread 22" [_thread_blocked, id=2464, stack(0x0000008183100000,0x0000008183200000)]
  0x0000019668e34a70 JavaThread "Unconstrained build operations Thread 23" [_thread_blocked, id=19168, stack(0x0000008183200000,0x0000008183300000)]
  0x0000019668e33c00 JavaThread "Unconstrained build operations Thread 24" [_thread_blocked, id=17680, stack(0x0000008183300000,0x0000008183400000)]
  0x0000019668e34f40 JavaThread "Unconstrained build operations Thread 25" [_thread_blocked, id=2500, stack(0x0000008183400000,0x0000008183500000)]
  0x0000019668e30be0 JavaThread "Unconstrained build operations Thread 26" [_thread_blocked, id=16592, stack(0x0000008183500000,0x0000008183600000)]
  0x0000019668e30710 JavaThread "Unconstrained build operations Thread 27" [_thread_blocked, id=19356, stack(0x0000008183600000,0x0000008183700000)]
  0x0000019668e32d90 JavaThread "Unconstrained build operations Thread 28" [_thread_blocked, id=15236, stack(0x0000008183700000,0x0000008183800000)]
  0x0000019668e2ef00 JavaThread "Unconstrained build operations Thread 29" [_thread_blocked, id=10368, stack(0x0000008183800000,0x0000008183900000)]
  0x0000019668e358e0 JavaThread "Unconstrained build operations Thread 30" [_thread_blocked, id=7884, stack(0x0000008183900000,0x0000008183a00000)]
  0x0000019668e33260 JavaThread "Unconstrained build operations Thread 31" [_thread_blocked, id=19072, stack(0x0000008183a00000,0x0000008183b00000)]
  0x0000019668e2f8a0 JavaThread "Unconstrained build operations Thread 32" [_thread_blocked, id=12864, stack(0x0000008183b00000,0x0000008183c00000)]
  0x0000019668e2fd70 JavaThread "Unconstrained build operations Thread 33" [_thread_blocked, id=6456, stack(0x0000008183c00000,0x0000008183d00000)]
  0x0000019668e30240 JavaThread "Unconstrained build operations Thread 34" [_thread_blocked, id=22904, stack(0x0000008183d00000,0x0000008183e00000)]
  0x0000019668e2e090 JavaThread "Unconstrained build operations Thread 35" [_thread_blocked, id=5212, stack(0x0000008183e00000,0x0000008183f00000)]
  0x0000019668e33730 JavaThread "Unconstrained build operations Thread 36" [_thread_blocked, id=19176, stack(0x0000008183f00000,0x0000008184000000)]
  0x0000019668e340d0 JavaThread "Unconstrained build operations Thread 37" [_thread_blocked, id=1844, stack(0x0000008184000000,0x0000008184100000)]
  0x0000019668e31580 JavaThread "Unconstrained build operations Thread 38" [_thread_blocked, id=14924, stack(0x0000008184100000,0x0000008184200000)]
  0x0000019668e31a50 JavaThread "Unconstrained build operations Thread 39" [_thread_blocked, id=22000, stack(0x0000008184200000,0x0000008184300000)]
  0x0000019668e2e560 JavaThread "Unconstrained build operations Thread 40" [_thread_blocked, id=5768, stack(0x0000008184300000,0x0000008184400000)]
  0x000001966cacdcc0 JavaThread "Unconstrained build operations Thread 41" [_thread_blocked, id=19016, stack(0x0000008184400000,0x0000008184500000)]
  0x000001966cacd7f0 JavaThread "Unconstrained build operations Thread 42" [_thread_blocked, id=20876, stack(0x0000008184500000,0x0000008184600000)]
  0x000001966cacb170 JavaThread "Unconstrained build operations Thread 43" [_thread_blocked, id=3264, stack(0x0000008184600000,0x0000008184700000)]
  0x000001966cacbfe0 JavaThread "Unconstrained build operations Thread 44" [_thread_blocked, id=14236, stack(0x0000008184700000,0x0000008184800000)]
  0x000001966cace190 JavaThread "Unconstrained build operations Thread 45" [_thread_blocked, id=3716, stack(0x0000008184800000,0x0000008184900000)]
  0x000001966cacc980 JavaThread "Unconstrained build operations Thread 46" [_thread_blocked, id=20912, stack(0x0000008184900000,0x0000008184a00000)]
  0x000001966cac8fc0 JavaThread "Unconstrained build operations Thread 47" [_thread_blocked, id=15244, stack(0x0000008184a00000,0x0000008184b00000)]
  0x000001966cacb640 JavaThread "Unconstrained build operations Thread 48" [_thread_blocked, id=12996, stack(0x0000008184b00000,0x0000008184c00000)]
  0x000001966cacbb10 JavaThread "Unconstrained build operations Thread 49" [_thread_blocked, id=7224, stack(0x0000008184c00000,0x0000008184d00000)]
  0x000001966cacc4b0 JavaThread "Unconstrained build operations Thread 50" [_thread_blocked, id=2200, stack(0x0000008184d00000,0x0000008184e00000)]
  0x000001966cace660 JavaThread "Unconstrained build operations Thread 51" [_thread_blocked, id=15408, stack(0x0000008184e00000,0x0000008184f00000)]
  0x000001966cac9960 JavaThread "Unconstrained build operations Thread 52" [_thread_blocked, id=9840, stack(0x0000008184f00000,0x0000008185000000)]
  0x000001966caca300 JavaThread "Unconstrained build operations Thread 53" [_thread_blocked, id=11680, stack(0x0000008185000000,0x0000008185100000)]
  0x000001966cacce50 JavaThread "Unconstrained build operations Thread 54" [_thread_blocked, id=14328, stack(0x0000008185100000,0x0000008185200000)]
  0x000001966cac8150 JavaThread "Unconstrained build operations Thread 55" [_thread_blocked, id=19484, stack(0x0000008185200000,0x0000008185300000)]
  0x000001966caceb30 JavaThread "Unconstrained build operations Thread 56" [_thread_blocked, id=22304, stack(0x0000008185300000,0x0000008185400000)]
  0x000001966cac9490 JavaThread "Unconstrained build operations Thread 57" [_thread_blocked, id=13996, stack(0x0000008185400000,0x0000008185500000)]
  0x000001966cacd320 JavaThread "Unconstrained build operations Thread 58" [_thread_blocked, id=820, stack(0x0000008185500000,0x0000008185600000)]
  0x000001966cacf000 JavaThread "Unconstrained build operations Thread 59" [_thread_blocked, id=22080, stack(0x0000008185600000,0x0000008185700000)]
  0x000001966cacf4d0 JavaThread "Unconstrained build operations Thread 60" [_thread_blocked, id=20844, stack(0x0000008185700000,0x0000008185800000)]
  0x000001966caca7d0 JavaThread "Unconstrained build operations Thread 61" [_thread_blocked, id=10640, stack(0x0000008185800000,0x0000008185900000)]
  0x000001966cac7c80 JavaThread "Unconstrained build operations Thread 62" [_thread_blocked, id=12900, stack(0x0000008185900000,0x0000008185a00000)]
  0x000001966cac8620 JavaThread "Unconstrained build operations Thread 63" [_thread_blocked, id=15956, stack(0x0000008185a00000,0x0000008185b00000)]
  0x000001966cac8af0 JavaThread "Unconstrained build operations Thread 64" [_thread_blocked, id=2652, stack(0x0000008185b00000,0x0000008185c00000)]
  0x000001966cac9e30 JavaThread "Unconstrained build operations Thread 65" [_thread_blocked, id=2860, stack(0x0000008185c00000,0x0000008185d00000)]
  0x000001966cacaca0 JavaThread "Unconstrained build operations Thread 66" [_thread_blocked, id=12780, stack(0x0000008185d00000,0x0000008185e00000)]
  0x000001966b4dc970 JavaThread "Unconstrained build operations Thread 67" [_thread_blocked, id=15728, stack(0x0000008185e00000,0x0000008185f00000)]
  0x000001966b4dc4a0 JavaThread "Unconstrained build operations Thread 68" [_thread_blocked, id=1616, stack(0x0000008185f00000,0x0000008186000000)]
  0x000001966b4da7c0 JavaThread "Unconstrained build operations Thread 69" [_thread_blocked, id=6040, stack(0x0000008186000000,0x0000008186100000)]
  0x000001966b4dbb00 JavaThread "Unconstrained build operations Thread 70" [_thread_blocked, id=2712, stack(0x0000008186100000,0x0000008186200000)]
  0x000001966b4dbfd0 JavaThread "Unconstrained build operations Thread 71" [_thread_blocked, id=6044, stack(0x0000008186200000,0x0000008186300000)]
  0x000001966b4d8fb0 JavaThread "Unconstrained build operations Thread 72" [_thread_blocked, id=17308, stack(0x0000008186300000,0x0000008186400000)]
  0x000001966b4d5f90 JavaThread "Unconstrained build operations Thread 73" [_thread_blocked, id=7836, stack(0x0000008186400000,0x0000008186500000)]
  0x000001966b4d9950 JavaThread "Unconstrained build operations Thread 74" [_thread_blocked, id=1840, stack(0x0000008186500000,0x0000008186600000)]
  0x000001966b4d8140 JavaThread "Unconstrained build operations Thread 75" [_thread_blocked, id=14184, stack(0x0000008186600000,0x0000008186700000)]
  0x000001966b4d6460 JavaThread "Unconstrained build operations Thread 76" [_thread_blocked, id=22316, stack(0x0000008186700000,0x0000008186800000)]
  0x000001966b4d6930 JavaThread "Unconstrained build operations Thread 77" [_thread_blocked, id=17252, stack(0x0000008186800000,0x0000008186900000)]
  0x000001966b4d6e00 JavaThread "Unconstrained build operations Thread 78" [_thread_blocked, id=18044, stack(0x0000008186900000,0x0000008186a00000)]
  0x000001966b4dac90 JavaThread "Unconstrained build operations Thread 79" [_thread_blocked, id=21424, stack(0x0000008186a00000,0x0000008186b00000)]
  0x000001966b4d72d0 JavaThread "Unconstrained build operations Thread 80" [_thread_blocked, id=12212, stack(0x0000008186b00000,0x0000008186c00000)]
  0x000001966b4d7c70 JavaThread "jar transforms Thread 6" [_thread_blocked, id=10092, stack(0x0000008186c00000,0x0000008186d00000)]
  0x000001966b4db630 JavaThread "jar transforms Thread 7" [_thread_blocked, id=12220, stack(0x0000008186d00000,0x0000008186e00000)]
  0x000001966b4d77a0 JavaThread "jar transforms Thread 8" [_thread_blocked, id=8364, stack(0x0000008186e00000,0x0000008186f00000)]
  0x000001966b4dce40 JavaThread "build event listener" [_thread_blocked, id=7408, stack(0x0000008180b00000,0x0000008180c00000)]
  0x000001966b4d8ae0 JavaThread "Memory manager" [_thread_blocked, id=2992, stack(0x0000008187000000,0x0000008187100000)]
  0x0000019671969b40 JavaThread "C2 CompilerThread1" daemon [_thread_blocked, id=11696, stack(0x0000008180a00000,0x0000008180b00000)]
  0x000001966b4d9480 JavaThread "pool-3-thread-1" [_thread_blocked, id=13992, stack(0x0000008186f00000,0x0000008187000000)]
  0x000001966b4d9e20 JavaThread "build event listener" [_thread_blocked, id=7240, stack(0x0000008187100000,0x0000008187200000)]
  0x000001966b4db160 JavaThread "included builds" [_thread_blocked, id=9340, stack(0x0000008187200000,0x0000008187300000)]
  0x0000019667bc6950 JavaThread "Execution worker" [_thread_blocked, id=16820, stack(0x0000008187300000,0x0000008187400000)]
  0x0000019667bc3460 JavaThread "Execution worker Thread 2" [_thread_blocked, id=21832, stack(0x0000008187400000,0x0000008187500000)]
  0x0000019667bc3e00 JavaThread "Execution worker Thread 3" [_thread_blocked, id=21224, stack(0x0000008187500000,0x0000008187600000)]
  0x0000019667bc5ae0 JavaThread "Execution worker Thread 4" [_thread_blocked, id=22892, stack(0x0000008187600000,0x0000008187700000)]
  0x0000019667bc9e40 JavaThread "Execution worker Thread 5" [_thread_blocked, id=12784, stack(0x0000008187700000,0x0000008187800000)]
  0x0000019667bc6e20 JavaThread "Execution worker Thread 6" [_thread_blocked, id=19528, stack(0x0000008187800000,0x0000008187900000)]
  0x0000019667bc72f0 JavaThread "Execution worker Thread 7" [_thread_blocked, id=15016, stack(0x0000008187900000,0x0000008187a00000)]
  0x0000019667bc8b00 JavaThread "Cache worker for execution history cache (C:\Users\tranv\AndroidStudio\BaoStore\.gradle\8.0\executionHistory)" [_thread_blocked, id=4896, stack(0x0000008187a00000,0x0000008187b00000)]
  0x0000019672081e10 JavaThread "WorkerExecutor Queue" [_thread_blocked, id=12428, stack(0x0000008187e00000,0x0000008187f00000)]
  0x00000196720822e0 JavaThread "WorkerExecutor Queue Thread 2" [_thread_blocked, id=14076, stack(0x0000008187f00000,0x0000008188000000)]
  0x0000019672081940 JavaThread "WorkerExecutor Queue Thread 3" [_thread_blocked, id=10140, stack(0x0000008188000000,0x0000008188100000)]
  0x0000019672081470 JavaThread "WorkerExecutor Queue Thread 4" [_thread_blocked, id=19240, stack(0x0000008188100000,0x0000008188200000)]
  0x0000019672080fa0 JavaThread "WorkerExecutor Queue Thread 5" [_thread_blocked, id=23304, stack(0x0000008188200000,0x0000008188300000)]
  0x000001966f04f9a0 JavaThread "WorkerExecutor Queue Thread 6" [_thread_blocked, id=3156, stack(0x0000008188300000,0x0000008188400000)]
  0x000001966f04e190 JavaThread "WorkerExecutor Queue Thread 7" [_thread_blocked, id=21936, stack(0x0000008188400000,0x0000008188500000)]
  0x000001966f04eb30 JavaThread "WorkerExecutor Queue Thread 8" [_thread_blocked, id=688, stack(0x0000008188500000,0x0000008188600000)]

Other Threads:
=>0x00000196668fd940 VMThread "VM Thread" [stack: 0x00000081fe700000,0x00000081fe800000] [id=17204]
  0x00000196675be4d0 WatcherThread [stack: 0x00000081ff300000,0x00000081ff400000] [id=4288]
  0x000001964cb093b0 GCTaskThread "GC Thread#0" [stack: 0x00000081fe200000,0x00000081fe300000] [id=4856]
  0x0000019667873a90 GCTaskThread "GC Thread#1" [stack: 0x00000081ff500000,0x00000081ff600000] [id=3664]
  0x00000196678752c0 GCTaskThread "GC Thread#2" [stack: 0x00000081ff600000,0x00000081ff700000] [id=4576]
  0x0000019667875570 GCTaskThread "GC Thread#3" [stack: 0x00000081ff700000,0x00000081ff800000] [id=18096]
  0x0000019667875010 GCTaskThread "GC Thread#4" [stack: 0x00000081ff800000,0x00000081ff900000] [id=11388]
  0x0000019667873d40 GCTaskThread "GC Thread#5" [stack: 0x0000008180300000,0x0000008180400000] [id=16028]
  0x0000019667873ff0 GCTaskThread "GC Thread#6" [stack: 0x0000008180400000,0x0000008180500000] [id=17072]
  0x000001966a223260 GCTaskThread "GC Thread#7" [stack: 0x0000008180500000,0x0000008180600000] [id=16204]
  0x000001964cb1a350 ConcurrentGCThread "G1 Main Marker" [stack: 0x00000081fe300000,0x00000081fe400000] [id=12980]
  0x000001964cb1b400 ConcurrentGCThread "G1 Conc#0" [stack: 0x00000081fe400000,0x00000081fe500000] [id=13352]
  0x000001966a220200 ConcurrentGCThread "G1 Conc#1" [stack: 0x0000008180600000,0x0000008180700000] [id=23164]
  0x000001964cb6d310 ConcurrentGCThread "G1 Refine#0" [stack: 0x00000081fe500000,0x00000081fe600000] [id=2492]
  0x000001966d558220 ConcurrentGCThread "G1 Refine#1" [stack: 0x0000008181600000,0x0000008181700000] [id=15960]
  0x000001966b6f9610 ConcurrentGCThread "G1 Refine#2" [stack: 0x0000008187b00000,0x0000008187c00000] [id=22476]
  0x000001966b6f98f0 ConcurrentGCThread "G1 Refine#3" [stack: 0x0000008187c00000,0x0000008187d00000] [id=3132]
  0x000001966b6faff0 ConcurrentGCThread "G1 Refine#4" [stack: 0x0000008187d00000,0x0000008187e00000] [id=4408]
  0x000001964cb6eae0 ConcurrentGCThread "G1 Service" [stack: 0x00000081fe600000,0x00000081fe700000] [id=3972]

Threads with active compile tasks:
C2 CompilerThread0    20650 12662       4       com.android.aaptcompiler.XmlStringBuilder::append (376 bytes)
C2 CompilerThread1    20650 12665   !   4       com.google.common.collect.RegularImmutableSortedSet::indexOf (35 bytes)

VM state: at safepoint (normal execution)

VM Mutex/Monitor currently owned by a thread:  ([mutex/lock_event])
[0x000001964a982680] Threads_lock - owner thread: 0x00000196668fd940
[0x000001964a9811b0] Heap_lock - owner thread: 0x0000019668e30710

Heap address: 0x0000000080000000, size: 2048 MB, Compressed Oops mode: 32-bit

CDS archive(s) not mapped
Compressed class space mapped at: 0x0000000100000000-0x0000000140000000, reserved size: 1073741824
Narrow klass base: 0x0000000000000000, Narrow klass shift: 3, Narrow klass range: 0x140000000

GC Precious Log:
 CPUs: 8 total, 8 available
 Memory: 8014M
 Large Page Support: Disabled
 NUMA Support: Disabled
 Compressed Oops: Enabled (32-bit)
 Heap Region Size: 1M
 Heap Min Capacity: 8M
 Heap Initial Capacity: 126M
 Heap Max Capacity: 2G
 Pre-touch: Disabled
 Parallel Workers: 8
 Concurrent Workers: 2
 Concurrent Refinement Workers: 8
 Periodic GC: Disabled

Heap:
 garbage-first heap   total 203776K, used 120959K [0x0000000080000000, 0x0000000100000000)
  region size 1024K, 5 young (5120K), 5 survivors (5120K)
 Metaspace       used 96110K, committed 96832K, reserved 1138688K
  class space    used 12863K, committed 13184K, reserved 1048576K

Heap Regions: E=young(eden), S=young(survivor), O=old, HS=humongous(starts), HC=humongous(continues), CS=collection set, F=free, OA=open archive, CA=closed archive, TAMS=top-at-mark-start (previous, next)
|   0|0x0000000080000000, 0x0000000080100000, 0x0000000080100000|100%|HS|  |TAMS 0x0000000080100000, 0x0000000080000000| Complete 
|   1|0x0000000080100000, 0x0000000080200000, 0x0000000080200000|100%|HC|  |TAMS 0x0000000080200000, 0x0000000080100000| Complete 
|   2|0x0000000080200000, 0x0000000080300000, 0x0000000080300000|100%|HC|  |TAMS 0x0000000080300000, 0x0000000080200000| Complete 
|   3|0x0000000080300000, 0x0000000080400000, 0x0000000080400000|100%|HC|  |TAMS 0x0000000080400000, 0x0000000080300000| Complete 
|   4|0x0000000080400000, 0x0000000080500000, 0x0000000080500000|100%| O|  |TAMS 0x0000000080500000, 0x0000000080400000| Untracked 
|   5|0x0000000080500000, 0x0000000080600000, 0x0000000080600000|100%| O|  |TAMS 0x0000000080600000, 0x0000000080500000| Untracked 
|   6|0x0000000080600000, 0x0000000080700000, 0x0000000080700000|100%| O|  |TAMS 0x0000000080700000, 0x0000000080600000| Untracked 
|   7|0x0000000080700000, 0x0000000080800000, 0x0000000080800000|100%| O|  |TAMS 0x0000000080800000, 0x0000000080700000| Untracked 
|   8|0x0000000080800000, 0x0000000080900000, 0x0000000080900000|100%| O|  |TAMS 0x0000000080900000, 0x0000000080800000| Untracked 
|   9|0x0000000080900000, 0x0000000080a00000, 0x0000000080a00000|100%| O|  |TAMS 0x0000000080a00000, 0x0000000080900000| Untracked 
|  10|0x0000000080a00000, 0x0000000080b00000, 0x0000000080b00000|100%| O|  |TAMS 0x0000000080b00000, 0x0000000080a00000| Untracked 
|  11|0x0000000080b00000, 0x0000000080bafa00, 0x0000000080c00000| 68%| O|  |TAMS 0x0000000080bafa00, 0x0000000080b00000| Untracked 
|  12|0x0000000080c00000, 0x0000000080d00000, 0x0000000080d00000|100%| O|  |TAMS 0x0000000080d00000, 0x0000000080c00000| Untracked 
|  13|0x0000000080d00000, 0x0000000080e00000, 0x0000000080e00000|100%| O|  |TAMS 0x0000000080e00000, 0x0000000080d00000| Untracked 
|  14|0x0000000080e00000, 0x0000000080f00000, 0x0000000080f00000|100%| O|  |TAMS 0x0000000080f00000, 0x0000000080e00000| Untracked 
|  15|0x0000000080f00000, 0x0000000081000000, 0x0000000081000000|100%| O|  |TAMS 0x0000000081000000, 0x0000000080f00000| Untracked 
|  16|0x0000000081000000, 0x0000000081100000, 0x0000000081100000|100%| O|  |TAMS 0x0000000081100000, 0x0000000081000000| Untracked 
|  17|0x0000000081100000, 0x0000000081200000, 0x0000000081200000|100%| O|  |TAMS 0x0000000081200000, 0x0000000081100000| Untracked 
|  18|0x0000000081200000, 0x0000000081300000, 0x0000000081300000|100%| O|  |TAMS 0x0000000081300000, 0x0000000081200000| Untracked 
|  19|0x0000000081300000, 0x0000000081400000, 0x0000000081400000|100%| O|  |TAMS 0x0000000081400000, 0x0000000081300000| Untracked 
|  20|0x0000000081400000, 0x0000000081500000, 0x0000000081500000|100%| O|  |TAMS 0x0000000081500000, 0x0000000081400000| Untracked 
|  21|0x0000000081500000, 0x0000000081600000, 0x0000000081600000|100%| O|  |TAMS 0x0000000081600000, 0x0000000081500000| Untracked 
|  22|0x0000000081600000, 0x0000000081700000, 0x0000000081700000|100%| O|  |TAMS 0x0000000081700000, 0x0000000081600000| Untracked 
|  23|0x0000000081700000, 0x0000000081800000, 0x0000000081800000|100%| O|  |TAMS 0x0000000081800000, 0x0000000081700000| Untracked 
|  24|0x0000000081800000, 0x0000000081900000, 0x0000000081900000|100%| O|  |TAMS 0x0000000081900000, 0x0000000081800000| Untracked 
|  25|0x0000000081900000, 0x0000000081a00000, 0x0000000081a00000|100%| O|  |TAMS 0x0000000081a00000, 0x0000000081900000| Untracked 
|  26|0x0000000081a00000, 0x0000000081b00000, 0x0000000081b00000|100%| O|  |TAMS 0x0000000081b00000, 0x0000000081a00000| Untracked 
|  27|0x0000000081b00000, 0x0000000081c00000, 0x0000000081c00000|100%| O|  |TAMS 0x0000000081c00000, 0x0000000081b00000| Untracked 
|  28|0x0000000081c00000, 0x0000000081d00000, 0x0000000081d00000|100%| O|  |TAMS 0x0000000081d00000, 0x0000000081c00000| Untracked 
|  29|0x0000000081d00000, 0x0000000081e00000, 0x0000000081e00000|100%| O|  |TAMS 0x0000000081e00000, 0x0000000081d00000| Untracked 
|  30|0x0000000081e00000, 0x0000000081f00000, 0x0000000081f00000|100%|HS|  |TAMS 0x0000000081f00000, 0x0000000081e00000| Complete 
|  31|0x0000000081f00000, 0x0000000082000000, 0x0000000082000000|100%| O|  |TAMS 0x0000000082000000, 0x0000000081f00000| Untracked 
|  32|0x0000000082000000, 0x0000000082100000, 0x0000000082100000|100%| O|  |TAMS 0x0000000082100000, 0x0000000082000000| Untracked 
|  33|0x0000000082100000, 0x0000000082200000, 0x0000000082200000|100%| O|  |TAMS 0x0000000082200000, 0x0000000082100000| Untracked 
|  34|0x0000000082200000, 0x0000000082300000, 0x0000000082300000|100%|HS|  |TAMS 0x0000000082300000, 0x0000000082200000| Complete 
|  35|0x0000000082300000, 0x0000000082400000, 0x0000000082400000|100%| O|  |TAMS 0x0000000082400000, 0x0000000082300000| Untracked 
|  36|0x0000000082400000, 0x0000000082500000, 0x0000000082500000|100%| O|  |TAMS 0x0000000082500000, 0x0000000082400000| Untracked 
|  37|0x0000000082500000, 0x0000000082600000, 0x0000000082600000|100%| O|  |TAMS 0x0000000082500000, 0x0000000082500000| Untracked 
|  38|0x0000000082600000, 0x0000000082700000, 0x0000000082700000|100%| O|  |TAMS 0x0000000082700000, 0x0000000082600000| Untracked 
|  39|0x0000000082700000, 0x0000000082800000, 0x0000000082800000|100%| O|  |TAMS 0x0000000082800000, 0x0000000082700000| Untracked 
|  40|0x0000000082800000, 0x0000000082900000, 0x0000000082900000|100%| O|  |TAMS 0x0000000082900000, 0x0000000082800000| Untracked 
|  41|0x0000000082900000, 0x0000000082a00000, 0x0000000082a00000|100%| O|  |TAMS 0x0000000082a00000, 0x0000000082900000| Untracked 
|  42|0x0000000082a00000, 0x0000000082b00000, 0x0000000082b00000|100%| O|  |TAMS 0x0000000082b00000, 0x0000000082a00000| Untracked 
|  43|0x0000000082b00000, 0x0000000082c00000, 0x0000000082c00000|100%| O|  |TAMS 0x0000000082c00000, 0x0000000082b00000| Untracked 
|  44|0x0000000082c00000, 0x0000000082d00000, 0x0000000082d00000|100%| O|  |TAMS 0x0000000082d00000, 0x0000000082c00000| Untracked 
|  45|0x0000000082d00000, 0x0000000082e00000, 0x0000000082e00000|100%| O|  |TAMS 0x0000000082d00000, 0x0000000082d00000| Untracked 
|  46|0x0000000082e00000, 0x0000000082f00000, 0x0000000082f00000|100%| O|  |TAMS 0x0000000082f00000, 0x0000000082e00000| Untracked 
|  47|0x0000000082f00000, 0x0000000083000000, 0x0000000083000000|100%| O|  |TAMS 0x0000000083000000, 0x0000000082f00000| Untracked 
|  48|0x0000000083000000, 0x0000000083100000, 0x0000000083100000|100%| O|  |TAMS 0x0000000083100000, 0x0000000083000000| Untracked 
|  49|0x0000000083100000, 0x0000000083200000, 0x0000000083200000|100%| O|  |TAMS 0x0000000083200000, 0x0000000083100000| Untracked 
|  50|0x0000000083200000, 0x0000000083300000, 0x0000000083300000|100%| O|  |TAMS 0x0000000083300000, 0x0000000083200000| Untracked 
|  51|0x0000000083300000, 0x0000000083400000, 0x0000000083400000|100%| O|  |TAMS 0x0000000083400000, 0x0000000083300000| Untracked 
|  52|0x0000000083400000, 0x0000000083500000, 0x0000000083500000|100%| O|  |TAMS 0x0000000083500000, 0x0000000083400000| Untracked 
|  53|0x0000000083500000, 0x0000000083600000, 0x0000000083600000|100%| O|  |TAMS 0x0000000083600000, 0x0000000083500000| Untracked 
|  54|0x0000000083600000, 0x0000000083700000, 0x0000000083700000|100%| O|  |TAMS 0x0000000083700000, 0x0000000083600000| Untracked 
|  55|0x0000000083700000, 0x0000000083800000, 0x0000000083800000|100%| O|  |TAMS 0x00000000837ca400, 0x0000000083700000| Untracked 
|  56|0x0000000083800000, 0x0000000083900000, 0x0000000083900000|100%| O|  |TAMS 0x0000000083800000, 0x0000000083800000| Untracked 
|  57|0x0000000083900000, 0x0000000083a00000, 0x0000000083a00000|100%| O|  |TAMS 0x0000000083900000, 0x0000000083900000| Untracked 
|  58|0x0000000083a00000, 0x0000000083b00000, 0x0000000083b00000|100%| O|  |TAMS 0x0000000083a00000, 0x0000000083a00000| Untracked 
|  59|0x0000000083b00000, 0x0000000083c00000, 0x0000000083c00000|100%| O|  |TAMS 0x0000000083b00000, 0x0000000083b00000| Untracked 
|  60|0x0000000083c00000, 0x0000000083d00000, 0x0000000083d00000|100%| O|  |TAMS 0x0000000083c00000, 0x0000000083c00000| Untracked 
|  61|0x0000000083d00000, 0x0000000083e00000, 0x0000000083e00000|100%| O|  |TAMS 0x0000000083d00000, 0x0000000083d00000| Untracked 
|  62|0x0000000083e00000, 0x0000000083f00000, 0x0000000083f00000|100%| O|  |TAMS 0x0000000083e00000, 0x0000000083e00000| Untracked 
|  63|0x0000000083f00000, 0x0000000084000000, 0x0000000084000000|100%| O|  |TAMS 0x0000000083f00000, 0x0000000083f00000| Untracked 
|  64|0x0000000084000000, 0x0000000084100000, 0x0000000084100000|100%| O|  |TAMS 0x0000000084000000, 0x0000000084000000| Untracked 
|  65|0x0000000084100000, 0x0000000084200000, 0x0000000084200000|100%| O|  |TAMS 0x0000000084100000, 0x0000000084100000| Untracked 
|  66|0x0000000084200000, 0x0000000084300000, 0x0000000084300000|100%| O|  |TAMS 0x0000000084200000, 0x0000000084200000| Untracked 
|  67|0x0000000084300000, 0x0000000084400000, 0x0000000084400000|100%| O|  |TAMS 0x0000000084300000, 0x0000000084300000| Untracked 
|  68|0x0000000084400000, 0x0000000084500000, 0x0000000084500000|100%| O|  |TAMS 0x0000000084400000, 0x0000000084400000| Untracked 
|  69|0x0000000084500000, 0x0000000084600000, 0x0000000084600000|100%| O|  |TAMS 0x0000000084500000, 0x0000000084500000| Untracked 
|  70|0x0000000084600000, 0x0000000084700000, 0x0000000084700000|100%| O|  |TAMS 0x0000000084600000, 0x0000000084600000| Untracked 
|  71|0x0000000084700000, 0x0000000084800000, 0x0000000084800000|100%| O|  |TAMS 0x0000000084700000, 0x0000000084700000| Untracked 
|  72|0x0000000084800000, 0x0000000084900000, 0x0000000084900000|100%| O|  |TAMS 0x0000000084800000, 0x0000000084800000| Untracked 
|  73|0x0000000084900000, 0x0000000084a00000, 0x0000000084a00000|100%| O|  |TAMS 0x0000000084900000, 0x0000000084900000| Untracked 
|  74|0x0000000084a00000, 0x0000000084b00000, 0x0000000084b00000|100%| O|  |TAMS 0x0000000084a00000, 0x0000000084a00000| Untracked 
|  75|0x0000000084b00000, 0x0000000084c00000, 0x0000000084c00000|100%| O|  |TAMS 0x0000000084b00000, 0x0000000084b00000| Untracked 
|  76|0x0000000084c00000, 0x0000000084d00000, 0x0000000084d00000|100%| O|  |TAMS 0x0000000084c00000, 0x0000000084c00000| Untracked 
|  77|0x0000000084d00000, 0x0000000084e00000, 0x0000000084e00000|100%| O|  |TAMS 0x0000000084d00000, 0x0000000084d00000| Untracked 
|  78|0x0000000084e00000, 0x0000000084f00000, 0x0000000084f00000|100%| O|  |TAMS 0x0000000084e00000, 0x0000000084e00000| Untracked 
|  79|0x0000000084f00000, 0x0000000085000000, 0x0000000085000000|100%| O|  |TAMS 0x0000000084f00000, 0x0000000084f00000| Untracked 
|  80|0x0000000085000000, 0x0000000085100000, 0x0000000085100000|100%| O|  |TAMS 0x0000000085000000, 0x0000000085000000| Untracked 
|  81|0x0000000085100000, 0x0000000085200000, 0x0000000085200000|100%| O|  |TAMS 0x0000000085100000, 0x0000000085100000| Untracked 
|  82|0x0000000085200000, 0x0000000085300000, 0x0000000085300000|100%| O|  |TAMS 0x0000000085200000, 0x0000000085200000| Untracked 
|  83|0x0000000085300000, 0x0000000085400000, 0x0000000085400000|100%| O|  |TAMS 0x0000000085300000, 0x0000000085300000| Untracked 
|  84|0x0000000085400000, 0x0000000085500000, 0x0000000085500000|100%| O|  |TAMS 0x0000000085400000, 0x0000000085400000| Untracked 
|  85|0x0000000085500000, 0x0000000085600000, 0x0000000085600000|100%| O|  |TAMS 0x0000000085500000, 0x0000000085500000| Untracked 
|  86|0x0000000085600000, 0x0000000085700000, 0x0000000085700000|100%| O|  |TAMS 0x0000000085600000, 0x0000000085600000| Untracked 
|  87|0x0000000085700000, 0x0000000085800000, 0x0000000085800000|100%| O|  |TAMS 0x0000000085700000, 0x0000000085700000| Untracked 
|  88|0x0000000085800000, 0x0000000085900000, 0x0000000085900000|100%| O|  |TAMS 0x0000000085800000, 0x0000000085800000| Untracked 
|  89|0x0000000085900000, 0x0000000085a00000, 0x0000000085a00000|100%| O|  |TAMS 0x0000000085900000, 0x0000000085900000| Untracked 
|  90|0x0000000085a00000, 0x0000000085b00000, 0x0000000085b00000|100%| O|  |TAMS 0x0000000085a00000, 0x0000000085a00000| Untracked 
|  91|0x0000000085b00000, 0x0000000085c00000, 0x0000000085c00000|100%| O|  |TAMS 0x0000000085b00000, 0x0000000085b00000| Untracked 
|  92|0x0000000085c00000, 0x0000000085d00000, 0x0000000085d00000|100%| O|  |TAMS 0x0000000085c00000, 0x0000000085c00000| Untracked 
|  93|0x0000000085d00000, 0x0000000085e00000, 0x0000000085e00000|100%| O|  |TAMS 0x0000000085d00000, 0x0000000085d00000| Untracked 
|  94|0x0000000085e00000, 0x0000000085f00000, 0x0000000085f00000|100%| O|  |TAMS 0x0000000085e00000, 0x0000000085e00000| Untracked 
|  95|0x0000000085f00000, 0x0000000086000000, 0x0000000086000000|100%| O|  |TAMS 0x0000000085f00000, 0x0000000085f00000| Untracked 
|  96|0x0000000086000000, 0x0000000086100000, 0x0000000086100000|100%| O|  |TAMS 0x0000000086000000, 0x0000000086000000| Untracked 
|  97|0x0000000086100000, 0x0000000086200000, 0x0000000086200000|100%| O|  |TAMS 0x0000000086100000, 0x0000000086100000| Untracked 
|  98|0x0000000086200000, 0x0000000086300000, 0x0000000086300000|100%| O|  |TAMS 0x0000000086200000, 0x0000000086200000| Untracked 
|  99|0x0000000086300000, 0x0000000086400000, 0x0000000086400000|100%| O|  |TAMS 0x0000000086300000, 0x0000000086300000| Untracked 
| 100|0x0000000086400000, 0x0000000086457600, 0x0000000086500000| 34%| O|  |TAMS 0x0000000086400000, 0x0000000086400000| Untracked 
| 101|0x0000000086500000, 0x0000000086600000, 0x0000000086600000|100%| O|  |TAMS 0x0000000086500000, 0x0000000086500000| Untracked 
| 102|0x0000000086600000, 0x0000000086700000, 0x0000000086700000|100%| O|  |TAMS 0x0000000086600000, 0x0000000086600000| Untracked 
| 103|0x0000000086700000, 0x0000000086800000, 0x0000000086800000|100%| O|  |TAMS 0x0000000086700000, 0x0000000086700000| Untracked 
| 104|0x0000000086800000, 0x0000000086900000, 0x0000000086900000|100%| O|  |TAMS 0x0000000086800000, 0x0000000086800000| Untracked 
| 105|0x0000000086900000, 0x0000000086a00000, 0x0000000086a00000|100%| O|  |TAMS 0x0000000086900000, 0x0000000086900000| Untracked 
| 106|0x0000000086a00000, 0x0000000086b00000, 0x0000000086b00000|100%| O|  |TAMS 0x0000000086a00000, 0x0000000086a00000| Untracked 
| 107|0x0000000086b00000, 0x0000000086c00000, 0x0000000086c00000|100%| O|  |TAMS 0x0000000086b00000, 0x0000000086b00000| Untracked 
| 108|0x0000000086c00000, 0x0000000086d00000, 0x0000000086d00000|100%| O|  |TAMS 0x0000000086c00000, 0x0000000086c00000| Untracked 
| 109|0x0000000086d00000, 0x0000000086d00000, 0x0000000086e00000|  0%| F|  |TAMS 0x0000000086d00000, 0x0000000086d00000| Untracked 
| 110|0x0000000086e00000, 0x0000000086e00000, 0x0000000086f00000|  0%| F|  |TAMS 0x0000000086e00000, 0x0000000086e00000| Untracked 
| 111|0x0000000086f00000, 0x0000000086f00000, 0x0000000087000000|  0%| F|  |TAMS 0x0000000086f00000, 0x0000000086f00000| Untracked 
| 112|0x0000000087000000, 0x0000000087000000, 0x0000000087100000|  0%| F|  |TAMS 0x0000000087000000, 0x0000000087000000| Untracked 
| 113|0x0000000087100000, 0x0000000087200000, 0x0000000087200000|100%| O|  |TAMS 0x0000000087100000, 0x0000000087100000| Untracked 
| 114|0x0000000087200000, 0x0000000087300000, 0x0000000087300000|100%| O|  |TAMS 0x0000000087200000, 0x0000000087200000| Untracked 
| 115|0x0000000087300000, 0x0000000087400000, 0x0000000087400000|100%| O|  |TAMS 0x0000000087300000, 0x0000000087300000| Untracked 
| 116|0x0000000087400000, 0x0000000087500000, 0x0000000087500000|100%| O|  |TAMS 0x0000000087400000, 0x0000000087400000| Untracked 
| 117|0x0000000087500000, 0x0000000087600000, 0x0000000087600000|100%| O|  |TAMS 0x0000000087500000, 0x0000000087500000| Untracked 
| 118|0x0000000087600000, 0x0000000087700000, 0x0000000087700000|100%| O|  |TAMS 0x0000000087600000, 0x0000000087600000| Untracked 
| 119|0x0000000087700000, 0x0000000087700000, 0x0000000087800000|  0%| F|  |TAMS 0x0000000087700000, 0x0000000087700000| Untracked 
| 120|0x0000000087800000, 0x0000000087800000, 0x0000000087900000|  0%| F|  |TAMS 0x0000000087800000, 0x0000000087800000| Untracked 
| 121|0x0000000087900000, 0x0000000087900000, 0x0000000087a00000|  0%| F|  |TAMS 0x0000000087900000, 0x0000000087900000| Untracked 
| 122|0x0000000087a00000, 0x0000000087a00000, 0x0000000087b00000|  0%| F|  |TAMS 0x0000000087a00000, 0x0000000087a00000| Untracked 
| 123|0x0000000087b00000, 0x0000000087b00000, 0x0000000087c00000|  0%| F|  |TAMS 0x0000000087b00000, 0x0000000087b00000| Untracked 
| 124|0x0000000087c00000, 0x0000000087c00000, 0x0000000087d00000|  0%| F|  |TAMS 0x0000000087c00000, 0x0000000087c00000| Untracked 
| 125|0x0000000087d00000, 0x0000000087d00000, 0x0000000087e00000|  0%| F|  |TAMS 0x0000000087d00000, 0x0000000087d00000| Untracked 
| 126|0x0000000087e00000, 0x0000000087e00000, 0x0000000087f00000|  0%| F|  |TAMS 0x0000000087e00000, 0x0000000087e00000| Untracked 
| 127|0x0000000087f00000, 0x0000000087f00000, 0x0000000088000000|  0%| F|  |TAMS 0x0000000087f00000, 0x0000000087f00000| Untracked 
| 128|0x0000000088000000, 0x0000000088000000, 0x0000000088100000|  0%| F|  |TAMS 0x0000000088000000, 0x0000000088000000| Untracked 
| 129|0x0000000088100000, 0x0000000088100000, 0x0000000088200000|  0%| F|  |TAMS 0x0000000088100000, 0x0000000088100000| Untracked 
| 130|0x0000000088200000, 0x0000000088200000, 0x0000000088300000|  0%| F|  |TAMS 0x0000000088200000, 0x0000000088200000| Untracked 
| 131|0x0000000088300000, 0x0000000088300000, 0x0000000088400000|  0%| F|  |TAMS 0x0000000088300000, 0x0000000088300000| Untracked 
| 132|0x0000000088400000, 0x0000000088400000, 0x0000000088500000|  0%| F|  |TAMS 0x0000000088400000, 0x0000000088400000| Untracked 
| 133|0x0000000088500000, 0x0000000088500000, 0x0000000088600000|  0%| F|  |TAMS 0x0000000088500000, 0x0000000088500000| Untracked 
| 134|0x0000000088600000, 0x0000000088600000, 0x0000000088700000|  0%| F|  |TAMS 0x0000000088600000, 0x0000000088600000| Untracked 
| 135|0x0000000088700000, 0x0000000088700000, 0x0000000088800000|  0%| F|  |TAMS 0x0000000088700000, 0x0000000088700000| Untracked 
| 136|0x0000000088800000, 0x0000000088800000, 0x0000000088900000|  0%| F|  |TAMS 0x0000000088800000, 0x0000000088800000| Untracked 
| 137|0x0000000088900000, 0x0000000088900000, 0x0000000088a00000|  0%| F|  |TAMS 0x0000000088900000, 0x0000000088900000| Untracked 
| 138|0x0000000088a00000, 0x0000000088a00000, 0x0000000088b00000|  0%| F|  |TAMS 0x0000000088a00000, 0x0000000088a00000| Untracked 
| 139|0x0000000088b00000, 0x0000000088b00000, 0x0000000088c00000|  0%| F|  |TAMS 0x0000000088b00000, 0x0000000088b00000| Untracked 
| 140|0x0000000088c00000, 0x0000000088c00000, 0x0000000088d00000|  0%| F|  |TAMS 0x0000000088c00000, 0x0000000088c00000| Untracked 
| 141|0x0000000088d00000, 0x0000000088d00000, 0x0000000088e00000|  0%| F|  |TAMS 0x0000000088d00000, 0x0000000088d00000| Untracked 
| 142|0x0000000088e00000, 0x0000000088e00000, 0x0000000088f00000|  0%| F|  |TAMS 0x0000000088e00000, 0x0000000088e00000| Untracked 
| 143|0x0000000088f00000, 0x0000000088f00000, 0x0000000089000000|  0%| F|  |TAMS 0x0000000088f00000, 0x0000000088f00000| Untracked 
| 144|0x0000000089000000, 0x0000000089000000, 0x0000000089100000|  0%| F|  |TAMS 0x0000000089000000, 0x0000000089000000| Untracked 
| 145|0x0000000089100000, 0x0000000089100000, 0x0000000089200000|  0%| F|  |TAMS 0x0000000089100000, 0x0000000089100000| Untracked 
| 146|0x0000000089200000, 0x0000000089200000, 0x0000000089300000|  0%| F|  |TAMS 0x0000000089200000, 0x0000000089200000| Untracked 
| 147|0x0000000089300000, 0x0000000089300000, 0x0000000089400000|  0%| F|  |TAMS 0x0000000089300000, 0x0000000089300000| Untracked 
| 148|0x0000000089400000, 0x0000000089400000, 0x0000000089500000|  0%| F|  |TAMS 0x0000000089400000, 0x0000000089400000| Untracked 
| 149|0x0000000089500000, 0x0000000089500000, 0x0000000089600000|  0%| F|  |TAMS 0x0000000089500000, 0x0000000089500000| Untracked 
| 150|0x0000000089600000, 0x0000000089600000, 0x0000000089700000|  0%| F|  |TAMS 0x0000000089600000, 0x0000000089600000| Untracked 
| 151|0x0000000089700000, 0x0000000089718e60, 0x0000000089800000|  9%| S|CS|TAMS 0x0000000089700000, 0x0000000089700000| Complete 
| 152|0x0000000089800000, 0x0000000089900000, 0x0000000089900000|100%| S|CS|TAMS 0x0000000089800000, 0x0000000089800000| Complete 
| 153|0x0000000089900000, 0x0000000089a00000, 0x0000000089a00000|100%| S|CS|TAMS 0x0000000089900000, 0x0000000089900000| Complete 
| 154|0x0000000089a00000, 0x0000000089b00000, 0x0000000089b00000|100%| S|CS|TAMS 0x0000000089a00000, 0x0000000089a00000| Complete 
| 155|0x0000000089b00000, 0x0000000089c00000, 0x0000000089c00000|100%| S|CS|TAMS 0x0000000089b00000, 0x0000000089b00000| Complete 
| 156|0x0000000089c00000, 0x0000000089c00000, 0x0000000089d00000|  0%| F|  |TAMS 0x0000000089c00000, 0x0000000089c00000| Untracked 
| 157|0x0000000089d00000, 0x0000000089d00000, 0x0000000089e00000|  0%| F|  |TAMS 0x0000000089d00000, 0x0000000089d00000| Untracked 
| 158|0x0000000089e00000, 0x0000000089e00000, 0x0000000089f00000|  0%| F|  |TAMS 0x0000000089e00000, 0x0000000089e00000| Untracked 
| 159|0x0000000089f00000, 0x0000000089f00000, 0x000000008a000000|  0%| F|  |TAMS 0x0000000089f00000, 0x0000000089f00000| Untracked 
| 160|0x000000008a000000, 0x000000008a000000, 0x000000008a100000|  0%| F|  |TAMS 0x000000008a000000, 0x000000008a000000| Untracked 
| 161|0x000000008a100000, 0x000000008a100000, 0x000000008a200000|  0%| F|  |TAMS 0x000000008a100000, 0x000000008a100000| Untracked 
| 162|0x000000008a200000, 0x000000008a200000, 0x000000008a300000|  0%| F|  |TAMS 0x000000008a200000, 0x000000008a200000| Untracked 
| 163|0x000000008a300000, 0x000000008a300000, 0x000000008a400000|  0%| F|  |TAMS 0x000000008a300000, 0x000000008a300000| Untracked 
| 164|0x000000008a400000, 0x000000008a400000, 0x000000008a500000|  0%| F|  |TAMS 0x000000008a400000, 0x000000008a400000| Untracked 
| 165|0x000000008a500000, 0x000000008a500000, 0x000000008a600000|  0%| F|  |TAMS 0x000000008a500000, 0x000000008a500000| Untracked 
| 166|0x000000008a600000, 0x000000008a600000, 0x000000008a700000|  0%| F|  |TAMS 0x000000008a600000, 0x000000008a600000| Untracked 
| 167|0x000000008a700000, 0x000000008a700000, 0x000000008a800000|  0%| F|  |TAMS 0x000000008a700000, 0x000000008a700000| Untracked 
| 168|0x000000008a800000, 0x000000008a800000, 0x000000008a900000|  0%| F|  |TAMS 0x000000008a800000, 0x000000008a800000| Untracked 
| 169|0x000000008a900000, 0x000000008a900000, 0x000000008aa00000|  0%| F|  |TAMS 0x000000008a900000, 0x000000008a900000| Untracked 
| 170|0x000000008aa00000, 0x000000008aa00000, 0x000000008ab00000|  0%| F|  |TAMS 0x000000008aa00000, 0x000000008aa00000| Untracked 
| 171|0x000000008ab00000, 0x000000008ab00000, 0x000000008ac00000|  0%| F|  |TAMS 0x000000008ab00000, 0x000000008ab00000| Untracked 
| 172|0x000000008ac00000, 0x000000008ac00000, 0x000000008ad00000|  0%| F|  |TAMS 0x000000008ac00000, 0x000000008ac00000| Untracked 
| 173|0x000000008ad00000, 0x000000008ad00000, 0x000000008ae00000|  0%| F|  |TAMS 0x000000008ad00000, 0x000000008ad00000| Untracked 
| 174|0x000000008ae00000, 0x000000008ae00000, 0x000000008af00000|  0%| F|  |TAMS 0x000000008ae00000, 0x000000008ae00000| Untracked 
| 175|0x000000008af00000, 0x000000008af00000, 0x000000008b000000|  0%| F|  |TAMS 0x000000008af00000, 0x000000008af00000| Untracked 
| 176|0x000000008b000000, 0x000000008b000000, 0x000000008b100000|  0%| F|  |TAMS 0x000000008b000000, 0x000000008b000000| Untracked 
| 177|0x000000008b100000, 0x000000008b100000, 0x000000008b200000|  0%| F|  |TAMS 0x000000008b100000, 0x000000008b100000| Untracked 
| 178|0x000000008b200000, 0x000000008b200000, 0x000000008b300000|  0%| F|  |TAMS 0x000000008b200000, 0x000000008b200000| Untracked 
| 179|0x000000008b300000, 0x000000008b300000, 0x000000008b400000|  0%| F|  |TAMS 0x000000008b300000, 0x000000008b300000| Untracked 
| 180|0x000000008b400000, 0x000000008b400000, 0x000000008b500000|  0%| F|  |TAMS 0x000000008b400000, 0x000000008b400000| Untracked 
| 181|0x000000008b500000, 0x000000008b500000, 0x000000008b600000|  0%| F|  |TAMS 0x000000008b500000, 0x000000008b500000| Untracked 
| 182|0x000000008b600000, 0x000000008b600000, 0x000000008b700000|  0%| F|  |TAMS 0x000000008b600000, 0x000000008b600000| Untracked 
| 183|0x000000008b700000, 0x000000008b700000, 0x000000008b800000|  0%| F|  |TAMS 0x000000008b700000, 0x000000008b700000| Untracked 
| 184|0x000000008b800000, 0x000000008b800000, 0x000000008b900000|  0%| F|  |TAMS 0x000000008b800000, 0x000000008b800000| Untracked 
| 185|0x000000008b900000, 0x000000008b900000, 0x000000008ba00000|  0%| F|  |TAMS 0x000000008b900000, 0x000000008b900000| Untracked 
| 186|0x000000008ba00000, 0x000000008ba00000, 0x000000008bb00000|  0%| F|  |TAMS 0x000000008ba00000, 0x000000008ba00000| Untracked 
| 187|0x000000008bb00000, 0x000000008bb00000, 0x000000008bc00000|  0%| F|  |TAMS 0x000000008bb00000, 0x000000008bb00000| Untracked 
| 188|0x000000008bc00000, 0x000000008bc00000, 0x000000008bd00000|  0%| F|  |TAMS 0x000000008bc00000, 0x000000008bc00000| Untracked 
| 189|0x000000008bd00000, 0x000000008bd00000, 0x000000008be00000|  0%| F|  |TAMS 0x000000008bd00000, 0x000000008bd00000| Untracked 
| 190|0x000000008be00000, 0x000000008be00000, 0x000000008bf00000|  0%| F|  |TAMS 0x000000008be00000, 0x000000008be00000| Untracked 
| 191|0x000000008bf00000, 0x000000008bf00000, 0x000000008c000000|  0%| F|  |TAMS 0x000000008bf00000, 0x000000008bf00000| Untracked 
| 192|0x000000008c000000, 0x000000008c000000, 0x000000008c100000|  0%| F|  |TAMS 0x000000008c000000, 0x000000008c000000| Untracked 
| 193|0x000000008c100000, 0x000000008c100000, 0x000000008c200000|  0%| F|  |TAMS 0x000000008c100000, 0x000000008c100000| Untracked 
| 194|0x000000008c200000, 0x000000008c200000, 0x000000008c300000|  0%| F|  |TAMS 0x000000008c200000, 0x000000008c200000| Untracked 
| 195|0x000000008c300000, 0x000000008c300000, 0x000000008c400000|  0%| F|  |TAMS 0x000000008c300000, 0x000000008c300000| Untracked 
| 196|0x000000008c400000, 0x000000008c400000, 0x000000008c500000|  0%| F|  |TAMS 0x000000008c400000, 0x000000008c400000| Untracked 
| 197|0x000000008c500000, 0x000000008c500000, 0x000000008c600000|  0%| F|  |TAMS 0x000000008c500000, 0x000000008c500000| Untracked 
| 198|0x000000008c600000, 0x000000008c600000, 0x000000008c700000|  0%| F|  |TAMS 0x000000008c600000, 0x000000008c600000| Untracked 

Card table byte_map: [0x000001965f6a0000,0x000001965faa0000] _byte_map_base: 0x000001965f2a0000

Marking Bits (Prev, Next): (CMBitMap*) 0x000001964cb098c0, (CMBitMap*) 0x000001964cb09900
 Prev Bits: [0x000001965fea0000, 0x0000019661ea0000)
 Next Bits: [0x0000019661ea0000, 0x0000019663ea0000)

Polling page: 0x000001964aab0000

Metaspace:

Usage:
  Non-class:     81.30 MB used.
      Class:     12.56 MB used.
       Both:     93.86 MB used.

Virtual space:
  Non-class space:       88.00 MB reserved,      81.69 MB ( 93%) committed,  11 nodes.
      Class space:        1.00 GB reserved,      12.88 MB (  1%) committed,  1 nodes.
             Both:        1.09 GB reserved,      94.56 MB (  9%) committed. 

Chunk freelists:
   Non-Class:  2.08 MB
       Class:  3.08 MB
        Both:  5.16 MB

MaxMetaspaceSize: unlimited
CompressedClassSpaceSize: 1.00 GB
Initial GC threshold: 21.00 MB
Current GC threshold: 113.44 MB
CDS: off
MetaspaceReclaimPolicy: balanced
 - commit_granule_bytes: 65536.
 - commit_granule_words: 8192.
 - virtual_space_node_default_size: 1048576.
 - enlarge_chunks_in_place: 1.
 - new_chunks_are_fully_committed: 0.
 - uncommit_free_chunks: 1.
 - use_allocation_guard: 0.
 - handle_deallocations: 1.


Internal statistics:

num_allocs_failed_limit: 6.
num_arena_births: 972.
num_arena_deaths: 0.
num_vsnodes_births: 12.
num_vsnodes_deaths: 0.
num_space_committed: 1512.
num_space_uncommitted: 0.
num_chunks_returned_to_freelist: 6.
num_chunks_taken_from_freelist: 4510.
num_chunk_merges: 6.
num_chunk_splits: 2958.
num_chunks_enlarged: 1956.
num_purges: 0.
num_inconsistent_stats: 0.

CodeHeap 'non-profiled nmethods': size=120000Kb used=6513Kb max_used=6513Kb free=113486Kb
 bounds [0x0000019657a40000, 0x00000196580a0000, 0x000001965ef70000]
CodeHeap 'profiled nmethods': size=120000Kb used=21416Kb max_used=21416Kb free=98583Kb
 bounds [0x000001964ff70000, 0x0000019651460000, 0x00000196574a0000]
CodeHeap 'non-nmethods': size=5760Kb used=2385Kb max_used=2489Kb free=3375Kb
 bounds [0x00000196574a0000, 0x0000019657740000, 0x0000019657a40000]
 total_blobs=11876 nmethods=10958 adapters=830
 compilation: enabled
              stopped_count=0, restarted_count=0
 full_count=0

Compilation events (20 events):
Event: 20.597 Thread 0x0000019667432f60 12729       2       org.gradle.internal.execution.steps.RemoveUntrackedExecutionStateStep$$Lambda$1046/0x0000000100bd5248::accept (16 bytes)
Event: 20.597 Thread 0x0000019667432f60 nmethod 12729 0x0000019651457910 code [0x0000019651457ae0, 0x0000019651457dd8]
Event: 20.597 Thread 0x0000019671969b40 nmethod 11733 0x000001965809c090 code [0x000001965809c220, 0x000001965809c3d8]
Event: 20.597 Thread 0x0000019667432f60 12730       2       org.gradle.internal.execution.steps.SkipUpToDateStep$$Lambda$1043/0x0000000100bd7538::<init> (10 bytes)
Event: 20.597 Thread 0x0000019671969b40 12665   !   4       com.google.common.collect.RegularImmutableSortedSet::indexOf (35 bytes)
Event: 20.598 Thread 0x0000019667432f60 nmethod 12730 0x0000019651458010 code [0x00000196514581a0, 0x00000196514582f8]
Event: 20.598 Thread 0x0000019667432f60 12732       2       org.gradle.api.internal.artifacts.transform.DefaultTransformerInvocationFactory$AbstractTransformerExecution$$Lambda$1169/0x0000000100c01338::get (8 bytes)
Event: 20.598 Thread 0x0000019667432f60 nmethod 12732 0x0000019651458390 code [0x0000019651458520, 0x0000019651458648]
Event: 20.598 Thread 0x0000019667432f60 12733       2       org.gradle.internal.execution.history.changes.ExecutionStateChanges::incremental (12 bytes)
Event: 20.598 Thread 0x0000019667432f60 nmethod 12733 0x0000019651458710 code [0x00000196514588c0, 0x0000019651458b78]
Event: 20.598 Thread 0x0000019667432f60 12731       2       sun.nio.ch.FileChannelImpl::setUninterruptible (6 bytes)
Event: 20.598 Thread 0x0000019667432f60 nmethod 12731 0x0000019651458c10 code [0x0000019651458da0, 0x0000019651458eb8]
Event: 20.600 Thread 0x0000019667432f60 12734       2       sun.nio.ch.ChannelInputStream::close (10 bytes)
Event: 20.600 Thread 0x0000019667432f60 nmethod 12734 0x0000019651458f90 code [0x0000019651459120, 0x0000019651459248]
Event: 20.600 Thread 0x0000019667432f60 12735       2       java.io.InputStreamReader::<init> (30 bytes)
Event: 20.601 Thread 0x0000019667432f60 nmethod 12735 0x0000019651459310 code [0x00000196514594e0, 0x0000019651459868]
Event: 20.602 Thread 0x0000019667432f60 12736       2       org.gradle.api.internal.artifacts.transform.ImmutableTransformationWorkspaceServices::getWorkspaceProvider (5 bytes)
Event: 20.602 Thread 0x0000019667432f60 nmethod 12736 0x0000019651459990 code [0x0000019651459b20, 0x0000019651459c38]
Event: 20.602 Thread 0x0000019667432f60 12737       2       org.gradle.api.internal.artifacts.transform.DefaultTransformerInvocationFactory$AbstractTransformerExecution::getWorkspaceProvider (10 bytes)
Event: 20.602 Thread 0x0000019667432f60 nmethod 12737 0x0000019651459d10 code [0x0000019651459ea0, 0x0000019651459fc8]

GC Heap History (20 events):
Event: 10.785 GC heap after
{Heap after GC invocations=27 (full 0):
 garbage-first heap   total 103424K, used 57900K [0x0000000080000000, 0x0000000100000000)
  region size 1024K, 3 young (3072K), 3 survivors (3072K)
 Metaspace       used 68900K, committed 69440K, reserved 1114112K
  class space    used 9053K, committed 9280K, reserved 1048576K
}
Event: 11.290 GC heap before
{Heap before GC invocations=28 (full 0):
 garbage-first heap   total 104448K, used 81452K [0x0000000080000000, 0x0000000100000000)
  region size 1024K, 27 young (27648K), 3 survivors (3072K)
 Metaspace       used 71917K, committed 72512K, reserved 1114112K
  class space    used 9527K, committed 9792K, reserved 1048576K
}
Event: 11.294 GC heap after
{Heap after GC invocations=29 (full 0):
 garbage-first heap   total 104448K, used 59447K [0x0000000080000000, 0x0000000100000000)
  region size 1024K, 4 young (4096K), 4 survivors (4096K)
 Metaspace       used 71917K, committed 72512K, reserved 1114112K
  class space    used 9527K, committed 9792K, reserved 1048576K
}
Event: 11.312 GC heap before
{Heap before GC invocations=29 (full 0):
 garbage-first heap   total 104448K, used 59447K [0x0000000080000000, 0x0000000100000000)
  region size 1024K, 5 young (5120K), 4 survivors (4096K)
 Metaspace       used 72069K, committed 72576K, reserved 1114112K
  class space    used 9566K, committed 9792K, reserved 1048576K
}
Event: 11.317 GC heap after
{Heap after GC invocations=30 (full 0):
 garbage-first heap   total 203776K, used 59387K [0x0000000080000000, 0x0000000100000000)
  region size 1024K, 1 young (1024K), 1 survivors (1024K)
 Metaspace       used 72069K, committed 72576K, reserved 1114112K
  class space    used 9566K, committed 9792K, reserved 1048576K
}
Event: 13.794 GC heap before
{Heap before GC invocations=30 (full 0):
 garbage-first heap   total 203776K, used 153595K [0x0000000080000000, 0x0000000100000000)
  region size 1024K, 93 young (95232K), 1 survivors (1024K)
 Metaspace       used 78830K, committed 79424K, reserved 1122304K
  class space    used 10687K, committed 10944K, reserved 1048576K
}
Event: 13.807 GC heap after
{Heap after GC invocations=31 (full 0):
 garbage-first heap   total 203776K, used 66113K [0x0000000080000000, 0x0000000100000000)
  region size 1024K, 8 young (8192K), 8 survivors (8192K)
 Metaspace       used 78830K, committed 79424K, reserved 1122304K
  class space    used 10687K, committed 10944K, reserved 1048576K
}
Event: 15.277 GC heap before
{Heap before GC invocations=31 (full 0):
 garbage-first heap   total 203776K, used 152129K [0x0000000080000000, 0x0000000100000000)
  region size 1024K, 93 young (95232K), 8 survivors (8192K)
 Metaspace       used 84221K, committed 84864K, reserved 1122304K
  class space    used 11420K, committed 11712K, reserved 1048576K
}
Event: 15.297 GC heap after
{Heap after GC invocations=32 (full 0):
 garbage-first heap   total 203776K, used 78324K [0x0000000080000000, 0x0000000100000000)
  region size 1024K, 12 young (12288K), 12 survivors (12288K)
 Metaspace       used 84221K, committed 84864K, reserved 1122304K
  class space    used 11420K, committed 11712K, reserved 1048576K
}
Event: 16.578 GC heap before
{Heap before GC invocations=32 (full 0):
 garbage-first heap   total 203776K, used 154100K [0x0000000080000000, 0x0000000100000000)
  region size 1024K, 87 young (89088K), 12 survivors (12288K)
 Metaspace       used 88068K, committed 88704K, reserved 1130496K
  class space    used 11983K, committed 12288K, reserved 1048576K
}
Event: 16.599 GC heap after
{Heap after GC invocations=33 (full 0):
 garbage-first heap   total 203776K, used 86079K [0x0000000080000000, 0x0000000100000000)
  region size 1024K, 8 young (8192K), 8 survivors (8192K)
 Metaspace       used 88068K, committed 88704K, reserved 1130496K
  class space    used 11983K, committed 12288K, reserved 1048576K
}
Event: 18.067 GC heap before
{Heap before GC invocations=33 (full 0):
 garbage-first heap   total 203776K, used 161855K [0x0000000080000000, 0x0000000100000000)
  region size 1024K, 80 young (81920K), 8 survivors (8192K)
 Metaspace       used 91331K, committed 91968K, reserved 1130496K
  class space    used 12409K, committed 12672K, reserved 1048576K
}
Event: 18.086 GC heap after
{Heap after GC invocations=34 (full 0):
 garbage-first heap   total 203776K, used 105090K [0x0000000080000000, 0x0000000100000000)
  region size 1024K, 10 young (10240K), 10 survivors (10240K)
 Metaspace       used 91331K, committed 91968K, reserved 1130496K
  class space    used 12409K, committed 12672K, reserved 1048576K
}
Event: 19.264 GC heap before
{Heap before GC invocations=34 (full 0):
 garbage-first heap   total 203776K, used 161410K [0x0000000080000000, 0x0000000100000000)
  region size 1024K, 57 young (58368K), 10 survivors (10240K)
 Metaspace       used 92127K, committed 92800K, reserved 1130496K
  class space    used 12490K, committed 12800K, reserved 1048576K
}
Event: 19.277 GC heap after
{Heap after GC invocations=35 (full 0):
 garbage-first heap   total 203776K, used 115576K [0x0000000080000000, 0x0000000100000000)
  region size 1024K, 8 young (8192K), 8 survivors (8192K)
 Metaspace       used 92127K, committed 92800K, reserved 1130496K
  class space    used 12490K, committed 12800K, reserved 1048576K
}
Event: 19.824 GC heap before
{Heap before GC invocations=35 (full 0):
 garbage-first heap   total 203776K, used 171896K [0x0000000080000000, 0x0000000100000000)
  region size 1024K, 47 young (48128K), 8 survivors (8192K)
 Metaspace       used 94187K, committed 94912K, reserved 1138688K
  class space    used 12705K, committed 13056K, reserved 1048576K
}
Event: 19.833 GC heap after
{Heap after GC invocations=36 (full 0):
 garbage-first heap   total 203776K, used 114073K [0x0000000080000000, 0x0000000100000000)
  region size 1024K, 4 young (4096K), 4 survivors (4096K)
 Metaspace       used 94187K, committed 94912K, reserved 1138688K
  class space    used 12705K, committed 13056K, reserved 1048576K
}
Event: 20.247 GC heap before
{Heap before GC invocations=36 (full 0):
 garbage-first heap   total 203776K, used 158105K [0x0000000080000000, 0x0000000100000000)
  region size 1024K, 48 young (49152K), 4 survivors (4096K)
 Metaspace       used 95440K, committed 96128K, reserved 1138688K
  class space    used 12806K, committed 13120K, reserved 1048576K
}
Event: 20.255 GC heap after
{Heap after GC invocations=37 (full 0):
 garbage-first heap   total 203776K, used 117362K [0x0000000080000000, 0x0000000100000000)
  region size 1024K, 5 young (5120K), 5 survivors (5120K)
 Metaspace       used 95440K, committed 96128K, reserved 1138688K
  class space    used 12806K, committed 13120K, reserved 1048576K
}
Event: 20.604 GC heap before
{Heap before GC invocations=37 (full 0):
 garbage-first heap   total 203776K, used 160370K [0x0000000080000000, 0x0000000100000000)
  region size 1024K, 48 young (49152K), 5 survivors (5120K)
 Metaspace       used 96110K, committed 96832K, reserved 1138688K
  class space    used 12863K, committed 13184K, reserved 1048576K
}

Dll operation events (2 events):
Event: 0.007 Loaded shared library C:\Program Files\Android\Android Studio\jbr\bin\java.dll
Event: 0.312 Loaded shared library C:\Program Files\Android\Android Studio\jbr\bin\verify.dll

Deoptimization events (20 events):
Event: 20.380 Thread 0x000001966f04e190 DEOPT PACKING pc=0x000001965080d7d1 sp=0x00000081884fd790
Event: 20.380 Thread 0x000001966f04e190 DEOPT UNPACKING pc=0x00000196574f7143 sp=0x00000081884fcc88 mode 0
Event: 20.388 Thread 0x000001966f04e190 DEOPT PACKING pc=0x000001965037d5b2 sp=0x00000081884fdba0
Event: 20.388 Thread 0x000001966f04e190 DEOPT UNPACKING pc=0x00000196574f7143 sp=0x00000081884fd068 mode 0
Event: 20.423 Thread 0x0000019667bc6950 Uncommon trap: trap_request=0xffffff45 fr.pc=0x0000019657d14680 relative=0x00000000000018c0
Event: 20.423 Thread 0x0000019667bc6950 Uncommon trap: reason=unstable_if action=reinterpret pc=0x0000019657d14680 method=java.util.concurrent.locks.AbstractQueuedSynchronizer.acquire(Ljava/util/concurrent/locks/AbstractQueuedSynchronizer$Node;IZZZJ)I @ 180 c2
Event: 20.423 Thread 0x0000019667bc6950 DEOPT PACKING pc=0x0000019657d14680 sp=0x00000081873fb3f0
Event: 20.423 Thread 0x0000019667bc6950 DEOPT UNPACKING pc=0x00000196574f69a3 sp=0x00000081873fb3e0 mode 2
Event: 20.426 Thread 0x0000019667bc8b00 Uncommon trap: trap_request=0xffffffbe fr.pc=0x0000019658077198 relative=0x0000000000000278
Event: 20.426 Thread 0x0000019667bc8b00 Uncommon trap: reason=profile_predicate action=maybe_recompile pc=0x0000019658077198 method=java.util.Collections.indexedBinarySearch(Ljava/util/List;Ljava/lang/Object;)I @ 13 c2
Event: 20.426 Thread 0x0000019667bc8b00 DEOPT PACKING pc=0x0000019658077198 sp=0x0000008187afe4c0
Event: 20.426 Thread 0x0000019667bc8b00 DEOPT UNPACKING pc=0x00000196574f69a3 sp=0x0000008187afe450 mode 2
Event: 20.426 Thread 0x0000019667bc8b00 Uncommon trap: trap_request=0xffffffbe fr.pc=0x0000019658077198 relative=0x0000000000000278
Event: 20.426 Thread 0x0000019667bc8b00 Uncommon trap: reason=profile_predicate action=maybe_recompile pc=0x0000019658077198 method=java.util.Collections.indexedBinarySearch(Ljava/util/List;Ljava/lang/Object;)I @ 13 c2
Event: 20.426 Thread 0x0000019667bc8b00 DEOPT PACKING pc=0x0000019658077198 sp=0x0000008187afe520
Event: 20.426 Thread 0x0000019667bc8b00 DEOPT UNPACKING pc=0x00000196574f69a3 sp=0x0000008187afe4a0 mode 2
Event: 20.480 Thread 0x0000019667bc72f0 Uncommon trap: trap_request=0xffffffc6 fr.pc=0x0000019657ae57a0 relative=0x0000000000000100
Event: 20.480 Thread 0x0000019667bc72f0 Uncommon trap: reason=bimorphic_or_optimized_type_check action=maybe_recompile pc=0x0000019657ae57a0 method=com.google.common.collect.RegularImmutableMap.checkNoConflictInKeyBucket(Ljava/lang/Object;Ljava/lang/Object;Lcom/google/common/collect/ImmutableMa
Event: 20.480 Thread 0x0000019667bc72f0 DEOPT PACKING pc=0x0000019657ae57a0 sp=0x00000081879fd210
Event: 20.480 Thread 0x0000019667bc72f0 DEOPT UNPACKING pc=0x00000196574f69a3 sp=0x00000081879fd1a8 mode 2

Classes unloaded (0 events):
No events

Classes redefined (0 events):
No events

Internal exceptions (20 events):
Event: 19.895 Thread 0x0000019667bc6950 Exception <a 'sun/nio/fs/WindowsException'{0x000000008c4d7dc0}> (0x000000008c4d7dc0) 
thrown [s\src\hotspot\share\prims\jni.cpp, line 517]
Event: 19.897 Thread 0x0000019667bc6950 Exception <a 'sun/nio/fs/WindowsException'{0x000000008c4d8f68}> (0x000000008c4d8f68) 
thrown [s\src\hotspot\share\prims\jni.cpp, line 517]
Event: 19.900 Thread 0x0000019667bc6950 Exception <a 'sun/nio/fs/WindowsException'{0x000000008c4da100}> (0x000000008c4da100) 
thrown [s\src\hotspot\share\prims\jni.cpp, line 517]
Event: 19.902 Thread 0x0000019667bc6950 Exception <a 'sun/nio/fs/WindowsException'{0x000000008c4db2d8}> (0x000000008c4db2d8) 
thrown [s\src\hotspot\share\prims\jni.cpp, line 517]
Event: 19.904 Thread 0x0000019667bc6950 Exception <a 'sun/nio/fs/WindowsException'{0x000000008c335840}> (0x000000008c335840) 
thrown [s\src\hotspot\share\prims\jni.cpp, line 517]
Event: 19.906 Thread 0x0000019667bc6950 Exception <a 'sun/nio/fs/WindowsException'{0x000000008c336990}> (0x000000008c336990) 
thrown [s\src\hotspot\share\prims\jni.cpp, line 517]
Event: 19.907 Thread 0x0000019667bc6950 Exception <a 'sun/nio/fs/WindowsException'{0x000000008c337ba0}> (0x000000008c337ba0) 
thrown [s\src\hotspot\share\prims\jni.cpp, line 517]
Event: 19.910 Thread 0x0000019667bc6950 Exception <a 'sun/nio/fs/WindowsException'{0x000000008c338e38}> (0x000000008c338e38) 
thrown [s\src\hotspot\share\prims\jni.cpp, line 517]
Event: 19.913 Thread 0x0000019667bc6950 Exception <a 'sun/nio/fs/WindowsException'{0x000000008c33a080}> (0x000000008c33a080) 
thrown [s\src\hotspot\share\prims\jni.cpp, line 517]
Event: 19.915 Thread 0x0000019667bc6950 Exception <a 'sun/nio/fs/WindowsException'{0x000000008c33b280}> (0x000000008c33b280) 
thrown [s\src\hotspot\share\prims\jni.cpp, line 517]
Event: 19.917 Thread 0x0000019667bc6950 Exception <a 'sun/nio/fs/WindowsException'{0x000000008c33c4b0}> (0x000000008c33c4b0) 
thrown [s\src\hotspot\share\prims\jni.cpp, line 517]
Event: 19.919 Thread 0x0000019667bc6950 Exception <a 'sun/nio/fs/WindowsException'{0x000000008c33d638}> (0x000000008c33d638) 
thrown [s\src\hotspot\share\prims\jni.cpp, line 517]
Event: 19.924 Thread 0x0000019667bc6950 Exception <a 'sun/nio/fs/WindowsException'{0x000000008c33fad8}> (0x000000008c33fad8) 
thrown [s\src\hotspot\share\prims\jni.cpp, line 517]
Event: 19.930 Thread 0x0000019667bc6950 Exception <a 'sun/nio/fs/WindowsException'{0x000000008c341fe8}> (0x000000008c341fe8) 
thrown [s\src\hotspot\share\prims\jni.cpp, line 517]
Event: 19.934 Thread 0x0000019667bc6950 Exception <a 'sun/nio/fs/WindowsException'{0x000000008c3dbe80}> (0x000000008c3dbe80) 
thrown [s\src\hotspot\share\prims\jni.cpp, line 517]
Event: 19.936 Thread 0x0000019667bc6950 Exception <a 'sun/nio/fs/WindowsException'{0x000000008c3dd0c0}> (0x000000008c3dd0c0) 
thrown [s\src\hotspot\share\prims\jni.cpp, line 517]
Event: 20.011 Thread 0x0000019667bc6950 Implicit null exception at 0x0000019657ff0488 to 0x0000019657ff0614
Event: 20.346 Thread 0x0000019667bc72f0 Exception <a 'sun/nio/fs/WindowsException'{0x000000008bb90bd0}> (0x000000008bb90bd0) 
thrown [s\src\hotspot\share\prims\jni.cpp, line 517]
Event: 20.363 Thread 0x0000019667bc72f0 Exception <a 'java/lang/NoSuchMethodError'{0x000000008b955148}: 'int java.lang.invoke.DirectMethodHandle$Holder.invokeSpecial(java.lang.Object, java.lang.Object, java.lang.Object, java.lang.Object, java.lang.Object)'> (0x000000008b955148) 
thrown [s\src\hotspot\share\interpreter\linkResolver.cpp, line 771]
Event: 20.487 Thread 0x0000019667bc72f0 Exception <a 'sun/nio/fs/WindowsException'{0x000000008a82e740}> (0x000000008a82e740) 
thrown [s\src\hotspot\share\prims\jni.cpp, line 517]

VM Operations (20 events):
Event: 19.277 Executing VM operation: G1CollectForAllocation done
Event: 19.819 Executing VM operation: ICBufferFull
Event: 19.819 Executing VM operation: ICBufferFull done
Event: 19.824 Executing VM operation: G1CollectForAllocation
Event: 19.834 Executing VM operation: G1CollectForAllocation done
Event: 20.007 Executing VM operation: HandshakeAllThreads
Event: 20.007 Executing VM operation: HandshakeAllThreads done
Event: 20.049 Executing VM operation: ICBufferFull
Event: 20.049 Executing VM operation: ICBufferFull done
Event: 20.168 Executing VM operation: HandshakeAllThreads
Event: 20.172 Executing VM operation: HandshakeAllThreads done
Event: 20.238 Executing VM operation: HandshakeAllThreads
Event: 20.238 Executing VM operation: HandshakeAllThreads done
Event: 20.247 Executing VM operation: G1CollectForAllocation
Event: 20.255 Executing VM operation: G1CollectForAllocation done
Event: 20.360 Executing VM operation: HandshakeAllThreads
Event: 20.360 Executing VM operation: HandshakeAllThreads done
Event: 20.472 Executing VM operation: ICBufferFull
Event: 20.473 Executing VM operation: ICBufferFull done
Event: 20.603 Executing VM operation: G1CollectForAllocation

Events (20 events):
Event: 19.890 loading class sun/nio/fs/WindowsFileCopy done
Event: 20.055 loading class java/util/zip/ZipInputStream
Event: 20.056 loading class java/util/zip/ZipInputStream done
Event: 20.072 loading class java/nio/file/FileChannelLinesSpliterator
Event: 20.072 loading class java/nio/file/FileChannelLinesSpliterator done
Event: 20.073 loading class java/util/stream/Streams$1
Event: 20.073 loading class java/util/stream/Streams$1 done
Event: 20.084 loading class java/nio/file/FileChannelLinesSpliterator$1
Event: 20.084 loading class java/nio/file/FileChannelLinesSpliterator$1 done
Event: 20.182 loading class java/net/HttpURLConnection
Event: 20.183 loading class java/net/HttpURLConnection done
Event: 20.183 loading class sun/net/ProgressMonitor
Event: 20.184 loading class sun/net/ProgressMonitor done
Event: 20.184 loading class sun/net/DefaultProgressMeteringPolicy
Event: 20.184 loading class sun/net/ProgressMeteringPolicy
Event: 20.184 loading class sun/net/ProgressMeteringPolicy done
Event: 20.184 loading class sun/net/DefaultProgressMeteringPolicy done
Event: 20.243 Thread 0x000001966743eb60 flushing nmethod 0x000001965800ea90
Event: 20.263 Thread 0x000001966743eb60 flushing nmethod 0x00000196508c6b90
Event: 20.272 Thread 0x000001966743eb60 flushing nmethod 0x0000019651020890


Dynamic libraries:
0x00007ff7d9cf0000 - 0x00007ff7d9cfa000 	C:\Program Files\Android\Android Studio\jbr\bin\java.exe
0x00007ff83e590000 - 0x00007ff83e7a4000 	C:\WINDOWS\SYSTEM32\ntdll.dll
0x00007ff83df50000 - 0x00007ff83e012000 	C:\WINDOWS\System32\KERNEL32.DLL
0x00007ff83bb40000 - 0x00007ff83bedc000 	C:\WINDOWS\System32\KERNELBASE.dll
0x00007ff83c280000 - 0x00007ff83c391000 	C:\WINDOWS\System32\ucrtbase.dll
0x00007ff823320000 - 0x00007ff823337000 	C:\Program Files\Android\Android Studio\jbr\bin\jli.dll
0x00007ff821710000 - 0x00007ff82172b000 	C:\Program Files\Android\Android Studio\jbr\bin\VCRUNTIME140.dll
0x00007ff83d4e0000 - 0x00007ff83d68b000 	C:\WINDOWS\System32\USER32.dll
0x00007ff81bb00000 - 0x00007ff81bd8e000 	C:\WINDOWS\WinSxS\amd64_microsoft.windows.common-controls_6595b64144ccf1df_6.0.22621.608_none_a9444ca7c10bb01d\COMCTL32.dll
0x00007ff83bf60000 - 0x00007ff83bf86000 	C:\WINDOWS\System32\win32u.dll
0x00007ff83e040000 - 0x00007ff83e0e7000 	C:\WINDOWS\System32\msvcrt.dll
0x00007ff83df20000 - 0x00007ff83df49000 	C:\WINDOWS\System32\GDI32.dll
0x00007ff83bf90000 - 0x00007ff83c0a3000 	C:\WINDOWS\System32\gdi32full.dll
0x00007ff83c0b0000 - 0x00007ff83c14a000 	C:\WINDOWS\System32\msvcp_win.dll
0x00007ff83c5f0000 - 0x00007ff83c621000 	C:\WINDOWS\System32\IMM32.DLL
0x00007ff824240000 - 0x00007ff82424c000 	C:\Program Files\Android\Android Studio\jbr\bin\vcruntime140_1.dll
0x00007ff81db90000 - 0x00007ff81dc1d000 	C:\Program Files\Android\Android Studio\jbr\bin\msvcp140.dll
0x00007fff913e0000 - 0x00007fff9204d000 	C:\Program Files\Android\Android Studio\jbr\bin\server\jvm.dll
0x00007ff83c850000 - 0x00007ff83c8fe000 	C:\WINDOWS\System32\ADVAPI32.dll
0x00007ff83d190000 - 0x00007ff83d234000 	C:\WINDOWS\System32\sechost.dll
0x00007ff83e150000 - 0x00007ff83e267000 	C:\WINDOWS\System32\RPCRT4.dll
0x00007ff832140000 - 0x00007ff832174000 	C:\WINDOWS\SYSTEM32\WINMM.dll
0x00007ff822e20000 - 0x00007ff822e29000 	C:\WINDOWS\SYSTEM32\WSOCK32.dll
0x00007ff83d690000 - 0x00007ff83d701000 	C:\WINDOWS\System32\WS2_32.dll
0x00007ff831320000 - 0x00007ff83132a000 	C:\WINDOWS\SYSTEM32\VERSION.dll
0x00007ff83aa20000 - 0x00007ff83aa38000 	C:\WINDOWS\SYSTEM32\kernel.appcore.dll
0x00007ff837380000 - 0x00007ff83738a000 	C:\Program Files\Android\Android Studio\jbr\bin\jimage.dll
0x00007ff839400000 - 0x00007ff83962e000 	C:\WINDOWS\SYSTEM32\DBGHELP.DLL
0x00007ff83d710000 - 0x00007ff83da99000 	C:\WINDOWS\System32\combase.dll
0x00007ff83d240000 - 0x00007ff83d317000 	C:\WINDOWS\System32\OLEAUT32.dll
0x00007ff8177b0000 - 0x00007ff8177e2000 	C:\WINDOWS\SYSTEM32\dbgcore.DLL
0x00007ff83bee0000 - 0x00007ff83bf5b000 	C:\WINDOWS\System32\bcryptPrimitives.dll
0x00007ffff2930000 - 0x00007ffff2955000 	C:\Program Files\Android\Android Studio\jbr\bin\java.dll
0x00007ff8336a0000 - 0x00007ff8336b8000 	C:\Program Files\Android\Android Studio\jbr\bin\zip.dll
0x00007ff83c9a0000 - 0x00007ff83d190000 	C:\WINDOWS\System32\SHELL32.dll
0x00007ff8399e0000 - 0x00007ff83a2ad000 	C:\WINDOWS\SYSTEM32\windows.storage.dll
0x00007ff8398a0000 - 0x00007ff8399de000 	C:\WINDOWS\SYSTEM32\wintypes.dll
0x00007ff83e450000 - 0x00007ff83e541000 	C:\WINDOWS\System32\SHCORE.dll
0x00007ff83e0f0000 - 0x00007ff83e14e000 	C:\WINDOWS\System32\shlwapi.dll
0x00007ff83b900000 - 0x00007ff83b921000 	C:\WINDOWS\SYSTEM32\profapi.dll
0x00007fffca780000 - 0x00007fffca799000 	C:\Program Files\Android\Android Studio\jbr\bin\net.dll
0x00007ff831c00000 - 0x00007ff831d37000 	C:\WINDOWS\SYSTEM32\WINHTTP.dll
0x00007ff83ae90000 - 0x00007ff83aef9000 	C:\WINDOWS\system32\mswsock.dll
0x00007fffc9340000 - 0x00007fffc9356000 	C:\Program Files\Android\Android Studio\jbr\bin\nio.dll
0x00007ff804e60000 - 0x00007ff804e70000 	C:\Program Files\Android\Android Studio\jbr\bin\verify.dll
0x00007ff836a60000 - 0x00007ff836a87000 	C:\Users\tranv\.gradle\native\68d5fa5c4cc2d200863cafc0d521ce42e7d3e7ee720ec0a83991735586a16f82\windows-amd64\native-platform.dll
0x00007ffff2430000 - 0x00007ffff2574000 	C:\Users\tranv\.gradle\native\e376f236ea51e6404a007f0833ffe2c6e607c4080706a723a18a27aeea778392\windows-amd64\native-platform-file-events.dll
0x00007ff816cd0000 - 0x00007ff816cd9000 	C:\Program Files\Android\Android Studio\jbr\bin\management.dll
0x00007ff807490000 - 0x00007ff80749b000 	C:\Program Files\Android\Android Studio\jbr\bin\management_ext.dll
0x00007ff83e020000 - 0x00007ff83e028000 	C:\WINDOWS\System32\PSAPI.DLL
0x00007ff83b0f0000 - 0x00007ff83b10b000 	C:\WINDOWS\SYSTEM32\CRYPTSP.dll
0x00007ff83a990000 - 0x00007ff83a9c5000 	C:\WINDOWS\system32\rsaenh.dll
0x00007ff83af90000 - 0x00007ff83afb8000 	C:\WINDOWS\SYSTEM32\USERENV.dll
0x00007ff83b2b0000 - 0x00007ff83b2d8000 	C:\WINDOWS\SYSTEM32\bcrypt.dll
0x00007ff83b110000 - 0x00007ff83b11c000 	C:\WINDOWS\SYSTEM32\CRYPTBASE.dll
0x00007ff83a500000 - 0x00007ff83a52d000 	C:\WINDOWS\SYSTEM32\IPHLPAPI.DLL
0x00007ff83c900000 - 0x00007ff83c909000 	C:\WINDOWS\System32\NSI.dll
0x00007ff832120000 - 0x00007ff832139000 	C:\WINDOWS\SYSTEM32\dhcpcsvc6.DLL
0x00007ff8316e0000 - 0x00007ff8316ff000 	C:\WINDOWS\SYSTEM32\dhcpcsvc.DLL
0x00007ff83a570000 - 0x00007ff83a663000 	C:\WINDOWS\SYSTEM32\DNSAPI.dll
0x00007ff8044b0000 - 0x00007ff8044b8000 	C:\WINDOWS\system32\wshunix.dll
0x00007ff83aa40000 - 0x00007ff83aa74000 	C:\WINDOWS\SYSTEM32\ntmarta.dll

dbghelp: loaded successfully - version: 4.0.5 - missing functions: none
symbol engine: initialized successfully - sym options: 0x614 - pdb path: .;C:\Program Files\Android\Android Studio\jbr\bin;C:\WINDOWS\SYSTEM32;C:\WINDOWS\WinSxS\amd64_microsoft.windows.common-controls_6595b64144ccf1df_6.0.22621.608_none_a9444ca7c10bb01d;C:\Program Files\Android\Android Studio\jbr\bin\server;C:\Users\tranv\.gradle\native\68d5fa5c4cc2d200863cafc0d521ce42e7d3e7ee720ec0a83991735586a16f82\windows-amd64;C:\Users\tranv\.gradle\native\e376f236ea51e6404a007f0833ffe2c6e607c4080706a723a18a27aeea778392\windows-amd64

VM Arguments:
jvm_args: --add-opens=java.base/java.util=ALL-UNNAMED --add-opens=java.base/java.lang=ALL-UNNAMED --add-opens=java.base/java.lang.invoke=ALL-UNNAMED --add-opens=java.prefs/java.util.prefs=ALL-UNNAMED --add-opens=java.base/java.nio.charset=ALL-UNNAMED --add-opens=java.base/java.net=ALL-UNNAMED --add-opens=java.base/java.util.concurrent.atomic=ALL-UNNAMED -Xmx2048m -Dfile.encoding=UTF-8 -Duser.country=US -Duser.language=en -Duser.variant 
java_command: org.gradle.launcher.daemon.bootstrap.GradleDaemon 8.0
java_class_path (initial): C:\Users\tranv\.gradle\wrapper\dists\gradle-8.0-bin\ca5e32bp14vu59qr306oxotwh\gradle-8.0\lib\gradle-launcher-8.0.jar
Launcher Type: SUN_STANDARD

[Global flags]
     intx CICompilerCount                          = 4                                         {product} {ergonomic}
     uint ConcGCThreads                            = 2                                         {product} {ergonomic}
     uint G1ConcRefinementThreads                  = 8                                         {product} {ergonomic}
   size_t G1HeapRegionSize                         = 1048576                                   {product} {ergonomic}
    uintx GCDrainStackTargetSize                   = 64                                        {product} {ergonomic}
   size_t InitialHeapSize                          = 132120576                                 {product} {ergonomic}
   size_t MarkStackSize                            = 4194304                                   {product} {ergonomic}
   size_t MaxHeapSize                              = 2147483648                                {product} {command line}
   size_t MaxNewSize                               = 1287651328                                {product} {ergonomic}
   size_t MinHeapDeltaBytes                        = 1048576                                   {product} {ergonomic}
   size_t MinHeapSize                              = 8388608                                   {product} {ergonomic}
    uintx NonNMethodCodeHeapSize                   = 5839372                                {pd product} {ergonomic}
    uintx NonProfiledCodeHeapSize                  = 122909434                              {pd product} {ergonomic}
    uintx ProfiledCodeHeapSize                     = 122909434                              {pd product} {ergonomic}
    uintx ReservedCodeCacheSize                    = 251658240                              {pd product} {ergonomic}
     bool SegmentedCodeCache                       = true                                      {product} {ergonomic}
   size_t SoftMaxHeapSize                          = 2147483648                             {manageable} {ergonomic}
     bool UseCompressedClassPointers               = true                           {product lp64_product} {ergonomic}
     bool UseCompressedOops                        = true                           {product lp64_product} {ergonomic}
     bool UseG1GC                                  = true                                      {product} {ergonomic}
     bool UseLargePagesIndividualAllocation        = false                                  {pd product} {ergonomic}

Logging:
Log output configuration:
 #0: stdout all=warning uptime,level,tags
 #1: stderr all=off uptime,level,tags

Environment Variables:
PATH=C:\Program Files\Common Files\Oracle\Java\javapath;C:\Program Files (x86)\Common Files\Oracle\Java\javapath;C:\WINDOWS\system32;C:\WINDOWS;C:\WINDOWS\System32\Wbem;C:\WINDOWS\System32\WindowsPowerShell\v1.0\;C:\WINDOWS\System32\OpenSSH\;%JAVA_HOME%\bin;C:\Program Files\nodejs\;C:\Program Files\dotnet\;C:\Program Files\Git\cmd;D:\program\xampp\php;C:\composer;C:\Users\tranv\AppData\Local\Programs\Python\Python310\Scripts\;C:\Users\tranv\AppData\Local\Programs\Python\Python310\;C:\Users\tranv\AppData\Local\Microsoft\WindowsApps;C:\Users\tranv\AppData\Local\Programs\Microsoft VS Code\bin;C:\Users\tranv\AppData\Roaming\npm;C:\Users\tranv\.dotnet\tools;C:\Users\tranv\AppData\Local\GitHubDesktop\bin;C:\Program Files\Inkscape\bin;C:\Program Files\Java\jdk-19\bin;C:\Users\tranv\AppData\Local\JetBrains\Toolbox\scripts;C:\Program Files\heroku\bin;C:\Users\tranv\AppData\Roaming\Composer\vendor\bin
USERNAME=tranv
OS=Windows_NT
PROCESSOR_IDENTIFIER=Intel64 Family 6 Model 142 Stepping 12, GenuineIntel
TMP=C:\Users\tranv\AppData\Local\Temp
TEMP=C:\Users\tranv\AppData\Local\Temp



---------------  S Y S T E M  ---------------

OS:
 Windows 11 , 64 bit Build 22621 (10.0.22621.1485)
OS uptime: 0 days 20:36 hours

CPU: total 8 (initial active 8) (4 cores per cpu, 2 threads per core) family 6 model 142 stepping 12 microcode 0xec, cx8, cmov, fxsr, ht, mmx, 3dnowpref, sse, sse2, sse3, ssse3, sse4.1, sse4.2, popcnt, lzcnt, tsc, tscinvbit, avx, avx2, aes, erms, clmul, bmi1, bmi2, adx, fma, vzeroupper, clflush, clflushopt

Memory: 4k page, system-wide physical 8014M (434M free)
TotalPageFile size 32590M (AvailPageFile size 115M)
current process WorkingSet (physical memory assigned to process): 452M, peak: 477M
current process commit charge ("private bytes"): 494M, peak: 622M

vm_info: OpenJDK 64-Bit Server VM (17.0.6+0-b2043.56-9586694) for windows-amd64 JRE (17.0.6+0-b2043.56-9586694), built on Feb  9 2023 20:06:20 by "androidbuild" with MS VC++ 16.10 / 16.11 (VS2019)

END.
