#
# There is insufficient memory for the Java Runtime Environment to continue.
# Native memory allocation (mmap) failed to map 251658240 bytes for G1 virtual space
# Possible reasons:
#   The system is out of physical RAM or swap space
#   The process is running with CompressedOops enabled, and the Java Heap may be blocking the growth of the native heap
# Possible solutions:
#   Reduce memory load on the system
#   Increase physical memory or swap space
#   Check if swap backing store is full
#   Decrease Java heap size (-Xmx/-Xms)
#   Decrease number of Java threads
#   Decrease Java thread stack sizes (-Xss)
#   Set larger code cache with -XX:ReservedCodeCacheSize=
#   JVM is running with Unscaled Compressed Oops mode in which the Java heap is
#     placed in the first 4GB address space. The Java Heap base address is the
#     maximum limit for the native heap growth. Please use -XX:HeapBaseMinAddress
#     to set the Java Heap base and to place the Java Heap above 4GB virtual address.
# This output file may be truncated or incomplete.
#
#  Out of Memory Error (os_windows.cpp:3769), pid=9136, tid=1528
#
# JRE version: OpenJDK Runtime Environment (17.0.6) (build 17.0.6+0-b2043.56-9586694)
# Java VM: OpenJDK 64-Bit Server VM (17.0.6+0-b2043.56-9586694, mixed mode, tiered, compressed oops, compressed class ptrs, g1 gc, windows-amd64)
# No core dump will be written. Minidumps are not enabled by default on client versions of Windows
#

---------------  S U M M A R Y ------------

Command Line: --add-opens=java.base/java.util=ALL-UNNAMED --add-opens=java.base/java.lang=ALL-UNNAMED --add-opens=java.base/java.lang.invoke=ALL-UNNAMED --add-opens=java.prefs/java.util.prefs=ALL-UNNAMED --add-opens=java.base/java.nio.charset=ALL-UNNAMED --add-opens=java.base/java.net=ALL-UNNAMED --add-opens=java.base/java.util.concurrent.atomic=ALL-UNNAMED -Xmx2048m -Dfile.encoding=UTF-8 -Duser.country=US -Duser.language=en -Duser.variant org.gradle.launcher.daemon.bootstrap.GradleDaemon 8.0

Host: Intel(R) Core(TM) i5-10210U CPU @ 1.60GHz, 8 cores, 7G,  Windows 11 , 64 bit Build 22621 (10.0.22621.1485)
Time: Thu Apr 27 15:33:36 2023 SE Asia Standard Time elapsed time: 21.208265 seconds (0d 0h 0m 21s)

---------------  T H R E A D  ---------------

Current thread (0x0000027dc4988850):  VMThread "VM Thread" [stack: 0x000000ff8e200000,0x000000ff8e300000] [id=1528]

Stack: [0x000000ff8e200000,0x000000ff8e300000]
Native frames: (J=compiled Java code, j=interpreted, Vv=VM code, C=native code)
V  [jvm.dll+0x683b4a]
V  [jvm.dll+0x842654]
V  [jvm.dll+0x843dfe]
V  [jvm.dll+0x844463]
V  [jvm.dll+0x249b75]
V  [jvm.dll+0x680a19]
V  [jvm.dll+0x674f0a]
V  [jvm.dll+0x309acb]
V  [jvm.dll+0x310f86]
V  [jvm.dll+0x3608ee]
V  [jvm.dll+0x360b1f]
V  [jvm.dll+0x2dfbf8]
V  [jvm.dll+0x2ddec4]
V  [jvm.dll+0x2dd4cc]
V  [jvm.dll+0x321f3b]
V  [jvm.dll+0x84893b]
V  [jvm.dll+0x849674]
V  [jvm.dll+0x849b8d]
V  [jvm.dll+0x849f64]
V  [jvm.dll+0x84a030]
V  [jvm.dll+0x7f25fa]
V  [jvm.dll+0x682985]
C  [ucrtbase.dll+0x29363]
C  [KERNEL32.DLL+0x1269d]
C  [ntdll.dll+0x5a9f8]

VM_Operation (0x000000ff919fbd00): G1CollectForAllocation, mode: safepoint, requested by thread 0x0000027dc79e6220


---------------  P R O C E S S  ---------------

Threads class SMR info:
_java_thread_list=0x0000027dc89f91b0, length=146, elements={
0x0000027daab29220, 0x0000027dc498c410, 0x0000027dc498cfc0, 0x0000027dc54361a0,
0x0000027dc5445d80, 0x0000027dc5448960, 0x0000027dc5449310, 0x0000027dc5449ff0,
0x0000027dc544c000, 0x0000027dc544ce00, 0x0000027dc55d8990, 0x0000027dc55dbe90,
0x0000027dc6b2b580, 0x0000027dc79c33b0, 0x0000027dc6f4b080, 0x0000027dc67c5370,
0x0000027dc67c5840, 0x0000027dc7d05150, 0x0000027dc6391c10, 0x0000027dc69fe010,
0x0000027dc6a019d0, 0x0000027dc69fee80, 0x0000027dc6a01030, 0x0000027dc69fe9b0,
0x0000027dc69ff350, 0x0000027dc69ff820, 0x0000027dc6a00690, 0x0000027dc6a001c0,
0x0000027dc69ffcf0, 0x0000027dc6a00b60, 0x0000027dc6a01500, 0x0000027dc69fe4e0,
0x0000027dc9462eb0, 0x0000027dc9463850, 0x0000027dc9465a00, 0x0000027dc94dd290,
0x0000027dc9465530, 0x0000027dc94641f0, 0x0000027dc94646c0, 0x0000027dc9464b90,
0x0000027dc9463380, 0x0000027dc9462510, 0x0000027dc94629e0, 0x0000027dc79e5880,
0x0000027dc79e66f0, 0x0000027dc79e6220, 0x0000027dc79e7560, 0x0000027dc79e4a10,
0x0000027dc79e6bc0, 0x0000027dc79e7090, 0x0000027dc79e7a30, 0x0000027dc79e7f00,
0x0000027dc79e83d0, 0x0000027dc79e5d50, 0x0000027dc79e88a0, 0x0000027dc79e4540,
0x0000027dc79e1050, 0x0000027dc79e2390, 0x0000027dc79e2860, 0x0000027dc79e1520,
0x0000027dc79e53b0, 0x0000027dc79e19f0, 0x0000027dc79e4ee0, 0x0000027dc79e2d30,
0x0000027dc79e3200, 0x0000027dc79e1ec0, 0x0000027dc79e36d0, 0x0000027dc79e3ba0,
0x0000027dc79e4070, 0x0000027dca6ffde0, 0x0000027dca7002b0, 0x0000027dca700780,
0x0000027dca6fe100, 0x0000027dca700c50, 0x0000027dca701120, 0x0000027dca6fd290,
0x0000027dca6fe5d0, 0x0000027dca6fd760, 0x0000027dca6fb5b0, 0x0000027dca6f98d0,
0x0000027dca6f9da0, 0x0000027dca6fa270, 0x0000027dca6fdc30, 0x0000027dca6fac10,
0x0000027dca6feaa0, 0x0000027dca6fef70, 0x0000027dca6fa740, 0x0000027dca6fb0e0,
0x0000027dca6fba80, 0x0000027dca6fbf50, 0x0000027dca6fc420, 0x0000027dca6fc8f0,
0x0000027dca6fcdc0, 0x0000027dca6ff440, 0x0000027dca6ff910, 0x0000027dc8d394c0,
0x0000027dc8d3c010, 0x0000027dc8d38650, 0x0000027dc8d3f030, 0x0000027dc8d3b670,
0x0000027dc8d38180, 0x0000027dc8d38b20, 0x0000027dc8d3eb60, 0x0000027dc8d3d350,
0x0000027dc8d3a330, 0x0000027dc8d3b1a0, 0x0000027dc8d3f500, 0x0000027dc8d3c4e0,
0x0000027dc8d3c9b0, 0x0000027dc8d3bb40, 0x0000027dc8d3ce80, 0x0000027dc8d3d820,
0x0000027dc8d37cb0, 0x0000027dc8d3dcf0, 0x0000027dc8d3e1c0, 0x0000027dc8d3e690,
0x0000027dc8d38ff0, 0x0000027dc8d3a800, 0x0000027dc8d39990, 0x0000027dc8d39e60,
0x0000027dc8d3acd0, 0x0000027dc7faaa70, 0x0000027dc7fa88c0, 0x0000027dc7fac750,
0x0000027dc7fa6be0, 0x0000027dc7faa0d0, 0x0000027dc7fa7a50, 0x0000027dc7fa83f0,
0x0000027dc7fab8e0, 0x0000027dc7fa9c00, 0x0000027dc7fa6240, 0x0000027dc7fa53d0,
0x0000027dc7fa58a0, 0x0000027dc7fa7f20, 0x0000027dc7fa5d70, 0x0000027dc7fa6710,
0x0000027dc7fa8d90, 0x0000027dc94dd7a0, 0x0000027dcae00df0, 0x0000027dcadff5e0,
0x0000027dcae00920, 0x0000027dc8aa0550, 0x0000027dc853c080, 0x0000027dc853bbb0,
0x0000027dc7faaf40, 0x0000027dcadffab0
}

Java Threads: ( => current thread )
  0x0000027daab29220 JavaThread "main" [_thread_blocked, id=3948, stack(0x000000ff8dc00000,0x000000ff8dd00000)]
  0x0000027dc498c410 JavaThread "Reference Handler" daemon [_thread_blocked, id=10056, stack(0x000000ff8e300000,0x000000ff8e400000)]
  0x0000027dc498cfc0 JavaThread "Finalizer" daemon [_thread_blocked, id=13916, stack(0x000000ff8e400000,0x000000ff8e500000)]
  0x0000027dc54361a0 JavaThread "Signal Dispatcher" daemon [_thread_blocked, id=22504, stack(0x000000ff8e500000,0x000000ff8e600000)]
  0x0000027dc5445d80 JavaThread "Attach Listener" daemon [_thread_blocked, id=9772, stack(0x000000ff8e600000,0x000000ff8e700000)]
  0x0000027dc5448960 JavaThread "Service Thread" daemon [_thread_blocked, id=11172, stack(0x000000ff8e700000,0x000000ff8e800000)]
  0x0000027dc5449310 JavaThread "Monitor Deflation Thread" daemon [_thread_blocked, id=16944, stack(0x000000ff8e800000,0x000000ff8e900000)]
  0x0000027dc5449ff0 JavaThread "C2 CompilerThread0" daemon [_thread_in_native, id=5900, stack(0x000000ff8e900000,0x000000ff8ea00000)]
  0x0000027dc544c000 JavaThread "C1 CompilerThread0" daemon [_thread_blocked, id=14676, stack(0x000000ff8ea00000,0x000000ff8eb00000)]
  0x0000027dc544ce00 JavaThread "Sweeper thread" daemon [_thread_blocked, id=2528, stack(0x000000ff8eb00000,0x000000ff8ec00000)]
  0x0000027dc55d8990 JavaThread "Common-Cleaner" daemon [_thread_blocked, id=3288, stack(0x000000ff8ec00000,0x000000ff8ed00000)]
  0x0000027dc55dbe90 JavaThread "Notification Thread" daemon [_thread_blocked, id=11000, stack(0x000000ff8ed00000,0x000000ff8ee00000)]
  0x0000027dc6b2b580 JavaThread "Daemon health stats" [_thread_blocked, id=17936, stack(0x000000ff8f500000,0x000000ff8f600000)]
  0x0000027dc79c33b0 JavaThread "Incoming local TCP Connector on port 50769" [_thread_in_native, id=9612, stack(0x000000ff8f600000,0x000000ff8f700000)]
  0x0000027dc6f4b080 JavaThread "Daemon periodic checks" [_thread_blocked, id=8996, stack(0x000000ff8f700000,0x000000ff8f800000)]
  0x0000027dc67c5370 JavaThread "Daemon" [_thread_blocked, id=5508, stack(0x000000ff8f000000,0x000000ff8f100000)]
  0x0000027dc67c5840 JavaThread "Handler for socket connection from /127.0.0.1:50769 to /127.0.0.1:50770" [_thread_in_native, id=21532, stack(0x000000ff8f800000,0x000000ff8f900000)]
  0x0000027dc7d05150 JavaThread "Cancel handler" [_thread_blocked, id=18660, stack(0x000000ff8f900000,0x000000ff8fa00000)]
  0x0000027dc6391c10 JavaThread "Daemon worker" [_thread_blocked, id=22660, stack(0x000000ff8fa00000,0x000000ff8fb00000)]
  0x0000027dc69fe010 JavaThread "Asynchronous log dispatcher for DefaultDaemonConnection: socket connection from /127.0.0.1:50769 to /127.0.0.1:50770" [_thread_blocked, id=7148, stack(0x000000ff8fb00000,0x000000ff8fc00000)]
  0x0000027dc6a019d0 JavaThread "Stdin handler" [_thread_blocked, id=20788, stack(0x000000ff8fc00000,0x000000ff8fd00000)]
  0x0000027dc69fee80 JavaThread "Daemon client event forwarder" [_thread_blocked, id=15000, stack(0x000000ff8fd00000,0x000000ff8fe00000)]
  0x0000027dc6a01030 JavaThread "Cache worker for journal cache (C:\Users\tranv\.gradle\caches\journal-1)" [_thread_blocked, id=12812, stack(0x000000ff90100000,0x000000ff90200000)]
  0x0000027dc69fe9b0 JavaThread "File lock request listener" [_thread_in_native, id=9052, stack(0x000000ff90200000,0x000000ff90300000)]
  0x0000027dc69ff350 JavaThread "Cache worker for file hash cache (C:\Users\tranv\.gradle\caches\8.0\fileHashes)" [_thread_blocked, id=5024, stack(0x000000ff90300000,0x000000ff90400000)]
  0x0000027dc69ff820 JavaThread "File watcher server" daemon [_thread_blocked, id=23044, stack(0x000000ff90500000,0x000000ff90600000)]
  0x0000027dc6a00690 JavaThread "File watcher consumer" daemon [_thread_blocked, id=804, stack(0x000000ff90600000,0x000000ff90700000)]
  0x0000027dc6a001c0 JavaThread "Cache worker for checksums cache (C:\Users\tranv\AndroidStudio\BaoStore\.gradle\8.0\checksums)" [_thread_blocked, id=13168, stack(0x000000ff90700000,0x000000ff90800000)]
  0x0000027dc69ffcf0 JavaThread "Cache worker for cache directory md-rule (C:\Users\tranv\.gradle\caches\8.0\md-rule)" [_thread_blocked, id=18724, stack(0x000000ff90800000,0x000000ff90900000)]
  0x0000027dc6a00b60 JavaThread "Cache worker for file content cache (C:\Users\tranv\.gradle\caches\8.0\fileContent)" [_thread_blocked, id=21192, stack(0x000000ff90900000,0x000000ff90a00000)]
  0x0000027dc6a01500 JavaThread "Cache worker for file hash cache (C:\Users\tranv\AndroidStudio\BaoStore\.gradle\8.0\fileHashes)" [_thread_blocked, id=8236, stack(0x000000ff90a00000,0x000000ff90b00000)]
  0x0000027dc69fe4e0 JavaThread "Cache worker for cache directory md-supplier (C:\Users\tranv\.gradle\caches\8.0\md-supplier)" [_thread_blocked, id=15284, stack(0x000000ff90b00000,0x000000ff90c00000)]
  0x0000027dc9462eb0 JavaThread "Cache worker for execution history cache (C:\Users\tranv\.gradle\caches\8.0\executionHistory)" [_thread_blocked, id=7812, stack(0x000000ff90c00000,0x000000ff90d00000)]
  0x0000027dc9463850 JavaThread "jar transforms" [_thread_blocked, id=21096, stack(0x000000ff90400000,0x000000ff90500000)]
  0x0000027dc9465a00 JavaThread "jar transforms Thread 2" [_thread_blocked, id=10924, stack(0x000000ff90d00000,0x000000ff90e00000)]
  0x0000027dc94dd290 JavaThread "C2 CompilerThread1" daemon [_thread_blocked, id=19232, stack(0x000000ff90e00000,0x000000ff90f00000)]
  0x0000027dc9465530 JavaThread "jar transforms Thread 3" [_thread_blocked, id=2876, stack(0x000000ff91000000,0x000000ff91100000)]
  0x0000027dc94641f0 JavaThread "jar transforms Thread 4" [_thread_blocked, id=3700, stack(0x000000ff91100000,0x000000ff91200000)]
  0x0000027dc94646c0 JavaThread "Cache worker for dependencies-accessors (C:\Users\tranv\AndroidStudio\BaoStore\.gradle\8.0\dependencies-accessors)" [_thread_blocked, id=4192, stack(0x000000ff91200000,0x000000ff91300000)]
  0x0000027dc9464b90 JavaThread "jar transforms Thread 5" [_thread_blocked, id=11224, stack(0x000000ff91300000,0x000000ff91400000)]
  0x0000027dc9463380 JavaThread "Cache worker for Build Output Cleanup Cache (C:\Users\tranv\AndroidStudio\BaoStore\.gradle\buildOutputCleanup)" [_thread_blocked, id=6932, stack(0x000000ff91400000,0x000000ff91500000)]
  0x0000027dc9462510 JavaThread "Unconstrained build operations" [_thread_blocked, id=14844, stack(0x000000ff91500000,0x000000ff91600000)]
  0x0000027dc94629e0 JavaThread "Unconstrained build operations Thread 2" [_thread_blocked, id=18564, stack(0x000000ff91600000,0x000000ff91700000)]
  0x0000027dc79e5880 JavaThread "Unconstrained build operations Thread 3" [_thread_blocked, id=19696, stack(0x000000ff91700000,0x000000ff91800000)]
  0x0000027dc79e66f0 JavaThread "Unconstrained build operations Thread 4" [_thread_blocked, id=8100, stack(0x000000ff91800000,0x000000ff91900000)]
  0x0000027dc79e6220 JavaThread "Unconstrained build operations Thread 5" [_thread_blocked, id=8160, stack(0x000000ff91900000,0x000000ff91a00000)]
  0x0000027dc79e7560 JavaThread "Unconstrained build operations Thread 6" [_thread_blocked, id=23256, stack(0x000000ff91a00000,0x000000ff91b00000)]
  0x0000027dc79e4a10 JavaThread "Unconstrained build operations Thread 7" [_thread_blocked, id=6476, stack(0x000000ff91b00000,0x000000ff91c00000)]
  0x0000027dc79e6bc0 JavaThread "Unconstrained build operations Thread 8" [_thread_blocked, id=17956, stack(0x000000ff91c00000,0x000000ff91d00000)]
  0x0000027dc79e7090 JavaThread "Unconstrained build operations Thread 9" [_thread_blocked, id=14192, stack(0x000000ff91d00000,0x000000ff91e00000)]
  0x0000027dc79e7a30 JavaThread "Unconstrained build operations Thread 10" [_thread_blocked, id=16184, stack(0x000000ff91e00000,0x000000ff91f00000)]
  0x0000027dc79e7f00 JavaThread "Unconstrained build operations Thread 11" [_thread_blocked, id=16732, stack(0x000000ff91f00000,0x000000ff92000000)]
  0x0000027dc79e83d0 JavaThread "Unconstrained build operations Thread 12" [_thread_blocked, id=19608, stack(0x000000ff92000000,0x000000ff92100000)]
  0x0000027dc79e5d50 JavaThread "Unconstrained build operations Thread 13" [_thread_blocked, id=16332, stack(0x000000ff92100000,0x000000ff92200000)]
  0x0000027dc79e88a0 JavaThread "Unconstrained build operations Thread 14" [_thread_blocked, id=18672, stack(0x000000ff92200000,0x000000ff92300000)]
  0x0000027dc79e4540 JavaThread "Unconstrained build operations Thread 15" [_thread_blocked, id=18588, stack(0x000000ff92300000,0x000000ff92400000)]
  0x0000027dc79e1050 JavaThread "Unconstrained build operations Thread 16" [_thread_blocked, id=12232, stack(0x000000ff92400000,0x000000ff92500000)]
  0x0000027dc79e2390 JavaThread "Unconstrained build operations Thread 17" [_thread_blocked, id=14500, stack(0x000000ff92500000,0x000000ff92600000)]
  0x0000027dc79e2860 JavaThread "Unconstrained build operations Thread 18" [_thread_blocked, id=10348, stack(0x000000ff92600000,0x000000ff92700000)]
  0x0000027dc79e1520 JavaThread "Unconstrained build operations Thread 19" [_thread_blocked, id=19152, stack(0x000000ff92700000,0x000000ff92800000)]
  0x0000027dc79e53b0 JavaThread "Unconstrained build operations Thread 20" [_thread_blocked, id=10708, stack(0x000000ff92800000,0x000000ff92900000)]
  0x0000027dc79e19f0 JavaThread "Unconstrained build operations Thread 21" [_thread_blocked, id=11996, stack(0x000000ff92900000,0x000000ff92a00000)]
  0x0000027dc79e4ee0 JavaThread "Unconstrained build operations Thread 22" [_thread_blocked, id=22732, stack(0x000000ff92a00000,0x000000ff92b00000)]
  0x0000027dc79e2d30 JavaThread "Unconstrained build operations Thread 23" [_thread_blocked, id=20760, stack(0x000000ff92b00000,0x000000ff92c00000)]
  0x0000027dc79e3200 JavaThread "Unconstrained build operations Thread 24" [_thread_blocked, id=18260, stack(0x000000ff92c00000,0x000000ff92d00000)]
  0x0000027dc79e1ec0 JavaThread "Unconstrained build operations Thread 25" [_thread_blocked, id=23432, stack(0x000000ff92d00000,0x000000ff92e00000)]
  0x0000027dc79e36d0 JavaThread "Unconstrained build operations Thread 26" [_thread_blocked, id=13676, stack(0x000000ff92e00000,0x000000ff92f00000)]
  0x0000027dc79e3ba0 JavaThread "Unconstrained build operations Thread 27" [_thread_blocked, id=21364, stack(0x000000ff92f00000,0x000000ff93000000)]
  0x0000027dc79e4070 JavaThread "Unconstrained build operations Thread 28" [_thread_blocked, id=12636, stack(0x000000ff93000000,0x000000ff93100000)]
  0x0000027dca6ffde0 JavaThread "Unconstrained build operations Thread 29" [_thread_blocked, id=4876, stack(0x000000ff93100000,0x000000ff93200000)]
  0x0000027dca7002b0 JavaThread "Unconstrained build operations Thread 30" [_thread_blocked, id=8012, stack(0x000000ff93200000,0x000000ff93300000)]
  0x0000027dca700780 JavaThread "Unconstrained build operations Thread 31" [_thread_blocked, id=11184, stack(0x000000ff93300000,0x000000ff93400000)]
  0x0000027dca6fe100 JavaThread "Unconstrained build operations Thread 32" [_thread_blocked, id=17104, stack(0x000000ff93400000,0x000000ff93500000)]
  0x0000027dca700c50 JavaThread "Unconstrained build operations Thread 33" [_thread_blocked, id=11992, stack(0x000000ff93500000,0x000000ff93600000)]
  0x0000027dca701120 JavaThread "Unconstrained build operations Thread 34" [_thread_blocked, id=10400, stack(0x000000ff93600000,0x000000ff93700000)]
  0x0000027dca6fd290 JavaThread "Unconstrained build operations Thread 35" [_thread_blocked, id=1740, stack(0x000000ff93700000,0x000000ff93800000)]
  0x0000027dca6fe5d0 JavaThread "Unconstrained build operations Thread 36" [_thread_blocked, id=12756, stack(0x000000ff93800000,0x000000ff93900000)]
  0x0000027dca6fd760 JavaThread "Unconstrained build operations Thread 37" [_thread_blocked, id=8904, stack(0x000000ff93900000,0x000000ff93a00000)]
  0x0000027dca6fb5b0 JavaThread "Unconstrained build operations Thread 38" [_thread_blocked, id=23388, stack(0x000000ff93a00000,0x000000ff93b00000)]
  0x0000027dca6f98d0 JavaThread "Unconstrained build operations Thread 39" [_thread_blocked, id=2040, stack(0x000000ff93b00000,0x000000ff93c00000)]
  0x0000027dca6f9da0 JavaThread "Unconstrained build operations Thread 40" [_thread_blocked, id=16296, stack(0x000000ff93c00000,0x000000ff93d00000)]
  0x0000027dca6fa270 JavaThread "Unconstrained build operations Thread 41" [_thread_blocked, id=21508, stack(0x000000ff93d00000,0x000000ff93e00000)]
  0x0000027dca6fdc30 JavaThread "Unconstrained build operations Thread 42" [_thread_blocked, id=10032, stack(0x000000ff93e00000,0x000000ff93f00000)]
  0x0000027dca6fac10 JavaThread "Unconstrained build operations Thread 43" [_thread_blocked, id=2428, stack(0x000000ff93f00000,0x000000ff94000000)]
  0x0000027dca6feaa0 JavaThread "Unconstrained build operations Thread 44" [_thread_blocked, id=11232, stack(0x000000ff94000000,0x000000ff94100000)]
  0x0000027dca6fef70 JavaThread "Unconstrained build operations Thread 45" [_thread_blocked, id=7824, stack(0x000000ff94100000,0x000000ff94200000)]
  0x0000027dca6fa740 JavaThread "Unconstrained build operations Thread 46" [_thread_blocked, id=16796, stack(0x000000ff94200000,0x000000ff94300000)]
  0x0000027dca6fb0e0 JavaThread "Unconstrained build operations Thread 47" [_thread_blocked, id=8396, stack(0x000000ff94300000,0x000000ff94400000)]
  0x0000027dca6fba80 JavaThread "Unconstrained build operations Thread 48" [_thread_blocked, id=3660, stack(0x000000ff94400000,0x000000ff94500000)]
  0x0000027dca6fbf50 JavaThread "Unconstrained build operations Thread 49" [_thread_blocked, id=20704, stack(0x000000ff94500000,0x000000ff94600000)]
  0x0000027dca6fc420 JavaThread "Unconstrained build operations Thread 50" [_thread_blocked, id=6644, stack(0x000000ff94600000,0x000000ff94700000)]
  0x0000027dca6fc8f0 JavaThread "Unconstrained build operations Thread 51" [_thread_blocked, id=9068, stack(0x000000ff94700000,0x000000ff94800000)]
  0x0000027dca6fcdc0 JavaThread "Unconstrained build operations Thread 52" [_thread_blocked, id=23040, stack(0x000000ff94800000,0x000000ff94900000)]
  0x0000027dca6ff440 JavaThread "Unconstrained build operations Thread 53" [_thread_blocked, id=5652, stack(0x000000ff94900000,0x000000ff94a00000)]
  0x0000027dca6ff910 JavaThread "Unconstrained build operations Thread 54" [_thread_blocked, id=5220, stack(0x000000ff94a00000,0x000000ff94b00000)]
  0x0000027dc8d394c0 JavaThread "Unconstrained build operations Thread 55" [_thread_blocked, id=7232, stack(0x000000ff94b00000,0x000000ff94c00000)]
  0x0000027dc8d3c010 JavaThread "Unconstrained build operations Thread 56" [_thread_blocked, id=13644, stack(0x000000ff94c00000,0x000000ff94d00000)]
  0x0000027dc8d38650 JavaThread "Unconstrained build operations Thread 57" [_thread_blocked, id=13196, stack(0x000000ff94d00000,0x000000ff94e00000)]
  0x0000027dc8d3f030 JavaThread "Unconstrained build operations Thread 58" [_thread_blocked, id=10876, stack(0x000000ff94e00000,0x000000ff94f00000)]
  0x0000027dc8d3b670 JavaThread "Unconstrained build operations Thread 59" [_thread_blocked, id=18500, stack(0x000000ff94f00000,0x000000ff95000000)]
  0x0000027dc8d38180 JavaThread "Unconstrained build operations Thread 60" [_thread_blocked, id=17688, stack(0x000000ff95000000,0x000000ff95100000)]
  0x0000027dc8d38b20 JavaThread "Unconstrained build operations Thread 61" [_thread_blocked, id=6228, stack(0x000000ff95100000,0x000000ff95200000)]
  0x0000027dc8d3eb60 JavaThread "Unconstrained build operations Thread 62" [_thread_blocked, id=19096, stack(0x000000ff95200000,0x000000ff95300000)]
  0x0000027dc8d3d350 JavaThread "Unconstrained build operations Thread 63" [_thread_blocked, id=11944, stack(0x000000ff95300000,0x000000ff95400000)]
  0x0000027dc8d3a330 JavaThread "Unconstrained build operations Thread 64" [_thread_blocked, id=19648, stack(0x000000ff95400000,0x000000ff95500000)]
  0x0000027dc8d3b1a0 JavaThread "Unconstrained build operations Thread 65" [_thread_blocked, id=23032, stack(0x000000ff95500000,0x000000ff95600000)]
  0x0000027dc8d3f500 JavaThread "Unconstrained build operations Thread 66" [_thread_blocked, id=17048, stack(0x000000ff95600000,0x000000ff95700000)]
  0x0000027dc8d3c4e0 JavaThread "Unconstrained build operations Thread 67" [_thread_blocked, id=22480, stack(0x000000ff95700000,0x000000ff95800000)]
  0x0000027dc8d3c9b0 JavaThread "Unconstrained build operations Thread 68" [_thread_blocked, id=11776, stack(0x000000ff95800000,0x000000ff95900000)]
  0x0000027dc8d3bb40 JavaThread "Unconstrained build operations Thread 69" [_thread_blocked, id=10812, stack(0x000000ff95900000,0x000000ff95a00000)]
  0x0000027dc8d3ce80 JavaThread "Unconstrained build operations Thread 70" [_thread_blocked, id=10860, stack(0x000000ff95a00000,0x000000ff95b00000)]
  0x0000027dc8d3d820 JavaThread "Unconstrained build operations Thread 71" [_thread_blocked, id=22316, stack(0x000000ff95b00000,0x000000ff95c00000)]
  0x0000027dc8d37cb0 JavaThread "Unconstrained build operations Thread 72" [_thread_blocked, id=13788, stack(0x000000ff95c00000,0x000000ff95d00000)]
  0x0000027dc8d3dcf0 JavaThread "Unconstrained build operations Thread 73" [_thread_blocked, id=21128, stack(0x000000ff95d00000,0x000000ff95e00000)]
  0x0000027dc8d3e1c0 JavaThread "Unconstrained build operations Thread 74" [_thread_blocked, id=17176, stack(0x000000ff95e00000,0x000000ff95f00000)]
  0x0000027dc8d3e690 JavaThread "Unconstrained build operations Thread 75" [_thread_blocked, id=2112, stack(0x000000ff95f00000,0x000000ff96000000)]
  0x0000027dc8d38ff0 JavaThread "Unconstrained build operations Thread 76" [_thread_blocked, id=16840, stack(0x000000ff96000000,0x000000ff96100000)]
  0x0000027dc8d3a800 JavaThread "Unconstrained build operations Thread 77" [_thread_blocked, id=6356, stack(0x000000ff96100000,0x000000ff96200000)]
  0x0000027dc8d39990 JavaThread "Unconstrained build operations Thread 78" [_thread_blocked, id=8036, stack(0x000000ff96200000,0x000000ff96300000)]
  0x0000027dc8d39e60 JavaThread "Unconstrained build operations Thread 79" [_thread_blocked, id=20164, stack(0x000000ff96300000,0x000000ff96400000)]
  0x0000027dc8d3acd0 JavaThread "Unconstrained build operations Thread 80" [_thread_blocked, id=8948, stack(0x000000ff96400000,0x000000ff96500000)]
  0x0000027dc7faaa70 JavaThread "jar transforms Thread 6" [_thread_blocked, id=9140, stack(0x000000ff96500000,0x000000ff96600000)]
  0x0000027dc7fa88c0 JavaThread "jar transforms Thread 7" [_thread_blocked, id=18824, stack(0x000000ff96600000,0x000000ff96700000)]
  0x0000027dc7fac750 JavaThread "jar transforms Thread 8" [_thread_blocked, id=3144, stack(0x000000ff96700000,0x000000ff96800000)]
  0x0000027dc7fa6be0 JavaThread "build event listener" [_thread_blocked, id=12244, stack(0x000000ff96800000,0x000000ff96900000)]
  0x0000027dc7faa0d0 JavaThread "Memory manager" [_thread_blocked, id=10532, stack(0x000000ff96900000,0x000000ff96a00000)]
  0x0000027dc7fa7a50 JavaThread "pool-3-thread-1" [_thread_blocked, id=15068, stack(0x000000ff96a00000,0x000000ff96b00000)]
  0x0000027dc7fa83f0 JavaThread "build event listener" [_thread_blocked, id=3408, stack(0x000000ff96b00000,0x000000ff96c00000)]
  0x0000027dc7fab8e0 JavaThread "included builds" [_thread_blocked, id=7548, stack(0x000000ff96c00000,0x000000ff96d00000)]
  0x0000027dc7fa9c00 JavaThread "Execution worker" [_thread_blocked, id=14988, stack(0x000000ff96d00000,0x000000ff96e00000)]
  0x0000027dc7fa6240 JavaThread "Execution worker Thread 2" [_thread_blocked, id=16412, stack(0x000000ff96e00000,0x000000ff96f00000)]
  0x0000027dc7fa53d0 JavaThread "Execution worker Thread 3" [_thread_blocked, id=18756, stack(0x000000ff96f00000,0x000000ff97000000)]
  0x0000027dc7fa58a0 JavaThread "Execution worker Thread 4" [_thread_blocked, id=14256, stack(0x000000ff97000000,0x000000ff97100000)]
  0x0000027dc7fa7f20 JavaThread "Execution worker Thread 5" [_thread_blocked, id=20432, stack(0x000000ff97100000,0x000000ff97200000)]
  0x0000027dc7fa5d70 JavaThread "Execution worker Thread 6" [_thread_blocked, id=19132, stack(0x000000ff97200000,0x000000ff97300000)]
  0x0000027dc7fa6710 JavaThread "Execution worker Thread 7" [_thread_blocked, id=11840, stack(0x000000ff97300000,0x000000ff97400000)]
  0x0000027dc7fa8d90 JavaThread "Cache worker for execution history cache (C:\Users\tranv\AndroidStudio\BaoStore\.gradle\8.0\executionHistory)" [_thread_blocked, id=18388, stack(0x000000ff97400000,0x000000ff97500000)]
  0x0000027dc94dd7a0 JavaThread "C2 CompilerThread2" daemon [_thread_in_native, id=4964, stack(0x000000ff97800000,0x000000ff97900000)]
  0x0000027dcae00df0 JavaThread "WorkerExecutor Queue" [_thread_blocked, id=8520, stack(0x000000ff97b00000,0x000000ff97c00000)]
  0x0000027dcadff5e0 JavaThread "WorkerExecutor Queue Thread 2" [_thread_blocked, id=12412, stack(0x000000ff97c00000,0x000000ff97d00000)]
  0x0000027dcae00920 JavaThread "WorkerExecutor Queue Thread 3" [_thread_blocked, id=17420, stack(0x000000ff97d00000,0x000000ff97e00000)]
  0x0000027dc8aa0550 JavaThread "WorkerExecutor Queue Thread 4" [_thread_blocked, id=23440, stack(0x000000ff97e00000,0x000000ff97f00000)]
  0x0000027dc853c080 JavaThread "WorkerExecutor Queue Thread 5" [_thread_blocked, id=4708, stack(0x000000ff97f00000,0x000000ff98000000)]
  0x0000027dc853bbb0 JavaThread "WorkerExecutor Queue Thread 6" [_thread_blocked, id=15076, stack(0x000000ff98000000,0x000000ff98100000)]
  0x0000027dc7faaf40 JavaThread "WorkerExecutor Queue Thread 7" [_thread_blocked, id=9608, stack(0x000000ff98100000,0x000000ff98200000)]
  0x0000027dcadffab0 JavaThread "WorkerExecutor Queue Thread 8" [_thread_blocked, id=20468, stack(0x000000ff98200000,0x000000ff98300000)]

Other Threads:
=>0x0000027dc4988850 VMThread "VM Thread" [stack: 0x000000ff8e200000,0x000000ff8e300000] [id=1528]
  0x0000027daabaf8c0 WatcherThread [stack: 0x000000ff8ee00000,0x000000ff8ef00000] [id=5212]
  0x0000027daab84320 GCTaskThread "GC Thread#0" [stack: 0x000000ff8dd00000,0x000000ff8de00000] [id=16596]
  0x0000027dc5eb21d0 GCTaskThread "GC Thread#1" [stack: 0x000000ff8f100000,0x000000ff8f200000] [id=19144]
  0x0000027dc5d4f910 GCTaskThread "GC Thread#2" [stack: 0x000000ff8f200000,0x000000ff8f300000] [id=16008]
  0x0000027dc64fac70 GCTaskThread "GC Thread#3" [stack: 0x000000ff8f300000,0x000000ff8f400000] [id=13480]
  0x0000027dc6b2c6c0 GCTaskThread "GC Thread#4" [stack: 0x000000ff8f400000,0x000000ff8f500000] [id=3160]
  0x0000027dc8196c90 GCTaskThread "GC Thread#5" [stack: 0x000000ff8ef00000,0x000000ff8f000000] [id=12916]
  0x0000027dc8272f90 GCTaskThread "GC Thread#6" [stack: 0x000000ff8fe00000,0x000000ff8ff00000] [id=14732]
  0x0000027dc8155e20 GCTaskThread "GC Thread#7" [stack: 0x000000ff8ff00000,0x000000ff90000000] [id=19184]
  0x0000027daab953c0 ConcurrentGCThread "G1 Main Marker" [stack: 0x000000ff8de00000,0x000000ff8df00000] [id=16920]
  0x0000027daab95dd0 ConcurrentGCThread "G1 Conc#0" [stack: 0x000000ff8df00000,0x000000ff8e000000] [id=14816]
  0x0000027dc6a04e20 ConcurrentGCThread "G1 Conc#1" [stack: 0x000000ff90000000,0x000000ff90100000] [id=6712]
  0x0000027daabed370 ConcurrentGCThread "G1 Refine#0" [stack: 0x000000ff8e000000,0x000000ff8e100000] [id=11736]
  0x0000027dc8bc3e30 ConcurrentGCThread "G1 Refine#1" [stack: 0x000000ff90f00000,0x000000ff91000000] [id=9724]
  0x0000027dcb17ad70 ConcurrentGCThread "G1 Refine#2" [stack: 0x000000ff97500000,0x000000ff97600000] [id=3844]
  0x0000027dcb17b050 ConcurrentGCThread "G1 Refine#3" [stack: 0x000000ff97600000,0x000000ff97700000] [id=13696]
  0x0000027dcb17b330 ConcurrentGCThread "G1 Refine#4" [stack: 0x000000ff97700000,0x000000ff97800000] [id=5968]
  0x0000027dce2b0140 ConcurrentGCThread "G1 Refine#5" [stack: 0x000000ff97900000,0x000000ff97a00000] [id=18748]
  0x0000027dce2acaa0 ConcurrentGCThread "G1 Refine#6" [stack: 0x000000ff97a00000,0x000000ff97b00000] [id=13716]
  0x0000027daabeec40 ConcurrentGCThread "G1 Service" [stack: 0x000000ff8e100000,0x000000ff8e200000] [id=21156]

Threads with active compile tasks:
C2 CompilerThread0    21256 12920       4       org.gradle.internal.instantiation.generator.AbstractClassGenerator::inspectType (560 bytes)
C2 CompilerThread1    21256 13396   !   4       java.io.BufferedReader::readLine (327 bytes)
C2 CompilerThread2    21256 13538       4       com.android.tools.build.apkzlib.zip.ZFile::directFullyRead (111 bytes)

VM state: at safepoint (normal execution)

VM Mutex/Monitor currently owned by a thread:  ([mutex/lock_event])
[0x0000027daab25020] Threads_lock - owner thread: 0x0000027dc4988850
[0x0000027daab24690] Heap_lock - owner thread: 0x0000027dc79e6220

Heap address: 0x0000000080000000, size: 2048 MB, Compressed Oops mode: 32-bit

CDS archive(s) not mapped
Compressed class space mapped at: 0x0000000100000000-0x0000000140000000, reserved size: 1073741824
Narrow klass base: 0x0000000000000000, Narrow klass shift: 3, Narrow klass range: 0x140000000

GC Precious Log:
 CPUs: 8 total, 8 available
 Memory: 8014M
 Large Page Support: Disabled
 NUMA Support: Disabled
 Compressed Oops: Enabled (32-bit)
 Heap Region Size: 1M
 Heap Min Capacity: 8M
 Heap Initial Capacity: 126M
 Heap Max Capacity: 2G
 Pre-touch: Disabled
 Parallel Workers: 8
 Concurrent Workers: 2
 Concurrent Refinement Workers: 8
 Periodic GC: Disabled

Heap:
 garbage-first heap   total 229376K, used 110202K [0x0000000080000000, 0x0000000100000000)
  region size 1024K, 6 young (6144K), 6 survivors (6144K)
 Metaspace       used 100848K, committed 101504K, reserved 1138688K
  class space    used 13574K, committed 13888K, reserved 1048576K

Heap Regions: E=young(eden), S=young(survivor), O=old, HS=humongous(starts), HC=humongous(continues), CS=collection set, F=free, OA=open archive, CA=closed archive, TAMS=top-at-mark-start (previous, next)
|   0|0x0000000080000000, 0x0000000080100000, 0x0000000080100000|100%|HS|  |TAMS 0x0000000080100000, 0x0000000080000000| Complete 
|   1|0x0000000080100000, 0x0000000080200000, 0x0000000080200000|100%|HC|  |TAMS 0x0000000080200000, 0x0000000080100000| Complete 
|   2|0x0000000080200000, 0x0000000080300000, 0x0000000080300000|100%|HC|  |TAMS 0x0000000080300000, 0x0000000080200000| Complete 
|   3|0x0000000080300000, 0x0000000080400000, 0x0000000080400000|100%|HC|  |TAMS 0x0000000080400000, 0x0000000080300000| Complete 
|   4|0x0000000080400000, 0x0000000080500000, 0x0000000080500000|100%| O|  |TAMS 0x0000000080500000, 0x0000000080400000| Untracked 
|   5|0x0000000080500000, 0x0000000080600000, 0x0000000080600000|100%| O|  |TAMS 0x0000000080600000, 0x0000000080500000| Untracked 
|   6|0x0000000080600000, 0x0000000080700000, 0x0000000080700000|100%| O|  |TAMS 0x0000000080700000, 0x0000000080600000| Untracked 
|   7|0x0000000080700000, 0x0000000080800000, 0x0000000080800000|100%| O|  |TAMS 0x0000000080800000, 0x0000000080700000| Untracked 
|   8|0x0000000080800000, 0x0000000080900000, 0x0000000080900000|100%| O|  |TAMS 0x0000000080900000, 0x0000000080800000| Untracked 
|   9|0x0000000080900000, 0x0000000080a00000, 0x0000000080a00000|100%| O|  |TAMS 0x0000000080a00000, 0x0000000080900000| Untracked 
|  10|0x0000000080a00000, 0x0000000080b00000, 0x0000000080b00000|100%| O|  |TAMS 0x0000000080b00000, 0x0000000080a00000| Untracked 
|  11|0x0000000080b00000, 0x0000000080c00000, 0x0000000080c00000|100%| O|  |TAMS 0x0000000080c00000, 0x0000000080b00000| Untracked 
|  12|0x0000000080c00000, 0x0000000080d00000, 0x0000000080d00000|100%| O|  |TAMS 0x0000000080d00000, 0x0000000080c00000| Untracked 
|  13|0x0000000080d00000, 0x0000000080e00000, 0x0000000080e00000|100%| O|  |TAMS 0x0000000080e00000, 0x0000000080d00000| Untracked 
|  14|0x0000000080e00000, 0x0000000080f00000, 0x0000000080f00000|100%| O|  |TAMS 0x0000000080f00000, 0x0000000080e00000| Untracked 
|  15|0x0000000080f00000, 0x0000000081000000, 0x0000000081000000|100%| O|  |TAMS 0x0000000081000000, 0x0000000080f00000| Untracked 
|  16|0x0000000081000000, 0x0000000081100000, 0x0000000081100000|100%| O|  |TAMS 0x0000000081100000, 0x0000000081000000| Untracked 
|  17|0x0000000081100000, 0x0000000081200000, 0x0000000081200000|100%| O|  |TAMS 0x0000000081200000, 0x0000000081100000| Untracked 
|  18|0x0000000081200000, 0x0000000081300000, 0x0000000081300000|100%| O|  |TAMS 0x0000000081300000, 0x0000000081200000| Untracked 
|  19|0x0000000081300000, 0x0000000081400000, 0x0000000081400000|100%| O|  |TAMS 0x0000000081400000, 0x0000000081300000| Untracked 
|  20|0x0000000081400000, 0x0000000081500000, 0x0000000081500000|100%| O|  |TAMS 0x0000000081500000, 0x0000000081400000| Untracked 
|  21|0x0000000081500000, 0x0000000081600000, 0x0000000081600000|100%| O|  |TAMS 0x0000000081600000, 0x0000000081500000| Untracked 
|  22|0x0000000081600000, 0x0000000081700000, 0x0000000081700000|100%| O|  |TAMS 0x0000000081700000, 0x0000000081600000| Untracked 
|  23|0x0000000081700000, 0x0000000081800000, 0x0000000081800000|100%| O|  |TAMS 0x0000000081800000, 0x0000000081700000| Untracked 
|  24|0x0000000081800000, 0x0000000081900000, 0x0000000081900000|100%| O|  |TAMS 0x0000000081900000, 0x0000000081800000| Untracked 
|  25|0x0000000081900000, 0x0000000081a00000, 0x0000000081a00000|100%| O|  |TAMS 0x0000000081a00000, 0x0000000081900000| Untracked 
|  26|0x0000000081a00000, 0x0000000081b00000, 0x0000000081b00000|100%| O|  |TAMS 0x0000000081b00000, 0x0000000081a00000| Untracked 
|  27|0x0000000081b00000, 0x0000000081c00000, 0x0000000081c00000|100%| O|  |TAMS 0x0000000081c00000, 0x0000000081b00000| Untracked 
|  28|0x0000000081c00000, 0x0000000081d00000, 0x0000000081d00000|100%| O|  |TAMS 0x0000000081d00000, 0x0000000081c00000| Untracked 
|  29|0x0000000081d00000, 0x0000000081e00000, 0x0000000081e00000|100%| O|  |TAMS 0x0000000081e00000, 0x0000000081d00000| Untracked 
|  30|0x0000000081e00000, 0x0000000081f00000, 0x0000000081f00000|100%| O|  |TAMS 0x0000000081f00000, 0x0000000081e00000| Untracked 
|  31|0x0000000081f00000, 0x0000000082000000, 0x0000000082000000|100%| O|  |TAMS 0x0000000082000000, 0x0000000081f00000| Untracked 
|  32|0x0000000082000000, 0x0000000082100000, 0x0000000082100000|100%|HS|  |TAMS 0x0000000082100000, 0x0000000082000000| Complete 
|  33|0x0000000082100000, 0x0000000082200000, 0x0000000082200000|100%|HS|  |TAMS 0x0000000082200000, 0x0000000082100000| Complete 
|  34|0x0000000082200000, 0x0000000082300000, 0x0000000082300000|100%| O|  |TAMS 0x0000000082300000, 0x0000000082200000| Untracked 
|  35|0x0000000082300000, 0x0000000082400000, 0x0000000082400000|100%| O|  |TAMS 0x0000000082400000, 0x0000000082300000| Untracked 
|  36|0x0000000082400000, 0x0000000082500000, 0x0000000082500000|100%| O|  |TAMS 0x0000000082500000, 0x0000000082400000| Untracked 
|  37|0x0000000082500000, 0x0000000082600000, 0x0000000082600000|100%| O|  |TAMS 0x0000000082600000, 0x0000000082500000| Untracked 
|  38|0x0000000082600000, 0x0000000082700000, 0x0000000082700000|100%| O|  |TAMS 0x0000000082700000, 0x0000000082600000| Untracked 
|  39|0x0000000082700000, 0x0000000082800000, 0x0000000082800000|100%| O|  |TAMS 0x0000000082800000, 0x0000000082700000| Untracked 
|  40|0x0000000082800000, 0x0000000082900000, 0x0000000082900000|100%| O|  |TAMS 0x0000000082900000, 0x0000000082800000| Untracked 
|  41|0x0000000082900000, 0x0000000082a00000, 0x0000000082a00000|100%| O|  |TAMS 0x0000000082a00000, 0x0000000082900000| Untracked 
|  42|0x0000000082a00000, 0x0000000082b00000, 0x0000000082b00000|100%| O|  |TAMS 0x0000000082b00000, 0x0000000082a00000| Untracked 
|  43|0x0000000082b00000, 0x0000000082c00000, 0x0000000082c00000|100%| O|  |TAMS 0x0000000082c00000, 0x0000000082b00000| Untracked 
|  44|0x0000000082c00000, 0x0000000082d00000, 0x0000000082d00000|100%| O|  |TAMS 0x0000000082d00000, 0x0000000082c00000| Untracked 
|  45|0x0000000082d00000, 0x0000000082e00000, 0x0000000082e00000|100%| O|  |TAMS 0x0000000082e00000, 0x0000000082d00000| Untracked 
|  46|0x0000000082e00000, 0x0000000082f00000, 0x0000000082f00000|100%| O|  |TAMS 0x0000000082f00000, 0x0000000082e00000| Untracked 
|  47|0x0000000082f00000, 0x0000000083000000, 0x0000000083000000|100%| O|  |TAMS 0x0000000083000000, 0x0000000082f00000| Untracked 
|  48|0x0000000083000000, 0x0000000083100000, 0x0000000083100000|100%| O|  |TAMS 0x0000000083100000, 0x0000000083000000| Untracked 
|  49|0x0000000083100000, 0x0000000083200000, 0x0000000083200000|100%| O|  |TAMS 0x0000000083200000, 0x0000000083100000| Untracked 
|  50|0x0000000083200000, 0x0000000083300000, 0x0000000083300000|100%| O|  |TAMS 0x0000000083300000, 0x0000000083200000| Untracked 
|  51|0x0000000083300000, 0x0000000083400000, 0x0000000083400000|100%| O|  |TAMS 0x0000000083300000, 0x0000000083300000| Untracked 
|  52|0x0000000083400000, 0x0000000083500000, 0x0000000083500000|100%| O|  |TAMS 0x0000000083500000, 0x0000000083400000| Untracked 
|  53|0x0000000083500000, 0x0000000083600000, 0x0000000083600000|100%| O|  |TAMS 0x0000000083600000, 0x0000000083500000| Untracked 
|  54|0x0000000083600000, 0x0000000083700000, 0x0000000083700000|100%| O|  |TAMS 0x0000000083700000, 0x0000000083600000| Untracked 
|  55|0x0000000083700000, 0x0000000083800000, 0x0000000083800000|100%| O|  |TAMS 0x0000000083800000, 0x0000000083700000| Untracked 
|  56|0x0000000083800000, 0x0000000083900000, 0x0000000083900000|100%| O|  |TAMS 0x0000000083900000, 0x0000000083800000| Untracked 
|  57|0x0000000083900000, 0x0000000083a00000, 0x0000000083a00000|100%| O|  |TAMS 0x0000000083a00000, 0x0000000083900000| Untracked 
|  58|0x0000000083a00000, 0x0000000083b00000, 0x0000000083b00000|100%| O|  |TAMS 0x0000000083b00000, 0x0000000083a00000| Untracked 
|  59|0x0000000083b00000, 0x0000000083c00000, 0x0000000083c00000|100%| O|  |TAMS 0x0000000083c00000, 0x0000000083b00000| Untracked 
|  60|0x0000000083c00000, 0x0000000083d00000, 0x0000000083d00000|100%| O|  |TAMS 0x0000000083d00000, 0x0000000083c00000| Untracked 
|  61|0x0000000083d00000, 0x0000000083e00000, 0x0000000083e00000|100%| O|  |TAMS 0x0000000083e00000, 0x0000000083d00000| Untracked 
|  62|0x0000000083e00000, 0x0000000083f00000, 0x0000000083f00000|100%| O|  |TAMS 0x0000000083f00000, 0x0000000083e00000| Untracked 
|  63|0x0000000083f00000, 0x0000000084000000, 0x0000000084000000|100%| O|  |TAMS 0x0000000084000000, 0x0000000083f00000| Untracked 
|  64|0x0000000084000000, 0x0000000084100000, 0x0000000084100000|100%| O|  |TAMS 0x0000000084100000, 0x0000000084000000| Untracked 
|  65|0x0000000084100000, 0x0000000084200000, 0x0000000084200000|100%| O|  |TAMS 0x0000000084200000, 0x0000000084100000| Untracked 
|  66|0x0000000084200000, 0x0000000084300000, 0x0000000084300000|100%| O|  |TAMS 0x0000000084300000, 0x0000000084200000| Untracked 
|  67|0x0000000084300000, 0x0000000084400000, 0x0000000084400000|100%| O|  |TAMS 0x0000000084400000, 0x0000000084300000| Untracked 
|  68|0x0000000084400000, 0x0000000084500000, 0x0000000084500000|100%| O|  |TAMS 0x0000000084500000, 0x0000000084400000| Untracked 
|  69|0x0000000084500000, 0x0000000084600000, 0x0000000084600000|100%| O|  |TAMS 0x0000000084600000, 0x0000000084500000| Untracked 
|  70|0x0000000084600000, 0x0000000084700000, 0x0000000084700000|100%| O|  |TAMS 0x0000000084700000, 0x0000000084600000| Untracked 
|  71|0x0000000084700000, 0x0000000084800000, 0x0000000084800000|100%| O|  |TAMS 0x0000000084800000, 0x0000000084700000| Untracked 
|  72|0x0000000084800000, 0x0000000084900000, 0x0000000084900000|100%| O|  |TAMS 0x0000000084900000, 0x0000000084800000| Untracked 
|  73|0x0000000084900000, 0x0000000084a00000, 0x0000000084a00000|100%| O|  |TAMS 0x0000000084a00000, 0x0000000084900000| Untracked 
|  74|0x0000000084a00000, 0x0000000084b00000, 0x0000000084b00000|100%| O|  |TAMS 0x0000000084b00000, 0x0000000084a00000| Untracked 
|  75|0x0000000084b00000, 0x0000000084c00000, 0x0000000084c00000|100%| O|  |TAMS 0x0000000084c00000, 0x0000000084b00000| Untracked 
|  76|0x0000000084c00000, 0x0000000084d00000, 0x0000000084d00000|100%| O|  |TAMS 0x0000000084d00000, 0x0000000084c00000| Untracked 
|  77|0x0000000084d00000, 0x0000000084e00000, 0x0000000084e00000|100%| O|  |TAMS 0x0000000084e00000, 0x0000000084d00000| Untracked 
|  78|0x0000000084e00000, 0x0000000084f00000, 0x0000000084f00000|100%| O|  |TAMS 0x0000000084f00000, 0x0000000084e00000| Untracked 
|  79|0x0000000084f00000, 0x0000000085000000, 0x0000000085000000|100%| O|  |TAMS 0x0000000085000000, 0x0000000084f00000| Untracked 
|  80|0x0000000085000000, 0x0000000085100000, 0x0000000085100000|100%| O|  |TAMS 0x0000000085100000, 0x0000000085000000| Untracked 
|  81|0x0000000085100000, 0x0000000085200000, 0x0000000085200000|100%| O|  |TAMS 0x0000000085200000, 0x0000000085100000| Untracked 
|  82|0x0000000085200000, 0x0000000085200000, 0x0000000085300000|  0%| F|  |TAMS 0x0000000085200000, 0x0000000085200000| Untracked 
|  83|0x0000000085300000, 0x0000000085400000, 0x0000000085400000|100%| O|  |TAMS 0x0000000085400000, 0x0000000085300000| Untracked 
|  84|0x0000000085400000, 0x0000000085500000, 0x0000000085500000|100%| O|  |TAMS 0x0000000085500000, 0x0000000085400000| Untracked 
|  85|0x0000000085500000, 0x0000000085600000, 0x0000000085600000|100%| O|  |TAMS 0x0000000085600000, 0x0000000085500000| Untracked 
|  86|0x0000000085600000, 0x0000000085700000, 0x0000000085700000|100%| O|  |TAMS 0x0000000085700000, 0x0000000085600000| Untracked 
|  87|0x0000000085700000, 0x0000000085800000, 0x0000000085800000|100%| O|  |TAMS 0x0000000085700000, 0x0000000085700000| Untracked 
|  88|0x0000000085800000, 0x0000000085800000, 0x0000000085900000|  0%| F|  |TAMS 0x0000000085800000, 0x0000000085800000| Untracked 
|  89|0x0000000085900000, 0x0000000085900000, 0x0000000085a00000|  0%| F|  |TAMS 0x0000000085900000, 0x0000000085900000| Untracked 
|  90|0x0000000085a00000, 0x0000000085b00000, 0x0000000085b00000|100%| O|  |TAMS 0x0000000085a00000, 0x0000000085a00000| Untracked 
|  91|0x0000000085b00000, 0x0000000085b00000, 0x0000000085c00000|  0%| F|  |TAMS 0x0000000085b00000, 0x0000000085b00000| Untracked 
|  92|0x0000000085c00000, 0x0000000085d00000, 0x0000000085d00000|100%| O|  |TAMS 0x0000000085c00000, 0x0000000085c00000| Untracked 
|  93|0x0000000085d00000, 0x0000000085e00000, 0x0000000085e00000|100%| O|  |TAMS 0x0000000085d00000, 0x0000000085d00000| Untracked 
|  94|0x0000000085e00000, 0x0000000085ef0a00, 0x0000000085f00000| 93%| O|  |TAMS 0x0000000085e00000, 0x0000000085e00000| Untracked 
|  95|0x0000000085f00000, 0x0000000085f00000, 0x0000000086000000|  0%| F|  |TAMS 0x0000000085f00000, 0x0000000085f00000| Untracked 
|  96|0x0000000086000000, 0x0000000086000000, 0x0000000086100000|  0%| F|  |TAMS 0x0000000086000000, 0x0000000086000000| Untracked 
|  97|0x0000000086100000, 0x0000000086100000, 0x0000000086200000|  0%| F|  |TAMS 0x0000000086100000, 0x0000000086100000| Untracked 
|  98|0x0000000086200000, 0x0000000086200000, 0x0000000086300000|  0%| F|  |TAMS 0x0000000086200000, 0x0000000086200000| Untracked 
|  99|0x0000000086300000, 0x0000000086300000, 0x0000000086400000|  0%| F|  |TAMS 0x0000000086300000, 0x0000000086300000| Untracked 
| 100|0x0000000086400000, 0x0000000086400000, 0x0000000086500000|  0%| F|  |TAMS 0x0000000086400000, 0x0000000086400000| Untracked 
| 101|0x0000000086500000, 0x0000000086500000, 0x0000000086600000|  0%| F|  |TAMS 0x0000000086500000, 0x0000000086500000| Untracked 
| 102|0x0000000086600000, 0x0000000086600000, 0x0000000086700000|  0%| F|  |TAMS 0x0000000086600000, 0x0000000086600000| Untracked 
| 103|0x0000000086700000, 0x0000000086700000, 0x0000000086800000|  0%| F|  |TAMS 0x0000000086700000, 0x0000000086700000| Untracked 
| 104|0x0000000086800000, 0x0000000086900000, 0x0000000086900000|100%| O|  |TAMS 0x0000000086900000, 0x0000000086800000| Untracked 
| 105|0x0000000086900000, 0x0000000086a00000, 0x0000000086a00000|100%| O|  |TAMS 0x0000000086a00000, 0x0000000086900000| Untracked 
| 106|0x0000000086a00000, 0x0000000086b00000, 0x0000000086b00000|100%| O|  |TAMS 0x0000000086b00000, 0x0000000086a00000| Untracked 
| 107|0x0000000086b00000, 0x0000000086c00000, 0x0000000086c00000|100%| O|  |TAMS 0x0000000086c00000, 0x0000000086b00000| Untracked 
| 108|0x0000000086c00000, 0x0000000086c00000, 0x0000000086d00000|  0%| F|  |TAMS 0x0000000086c00000, 0x0000000086c00000| Untracked 
| 109|0x0000000086d00000, 0x0000000086e00000, 0x0000000086e00000|100%| O|  |TAMS 0x0000000086e00000, 0x0000000086d00000| Untracked 
| 110|0x0000000086e00000, 0x0000000086f00000, 0x0000000086f00000|100%| O|  |TAMS 0x0000000086f00000, 0x0000000086e00000| Untracked 
| 111|0x0000000086f00000, 0x0000000087000000, 0x0000000087000000|100%| O|  |TAMS 0x0000000087000000, 0x0000000086f00000| Untracked 
| 112|0x0000000087000000, 0x0000000087100000, 0x0000000087100000|100%| O|  |TAMS 0x0000000087100000, 0x0000000087000000| Untracked 
| 113|0x0000000087100000, 0x0000000087200000, 0x0000000087200000|100%| O|  |TAMS 0x0000000087200000, 0x0000000087100000| Untracked 
| 114|0x0000000087200000, 0x0000000087300000, 0x0000000087300000|100%| O|  |TAMS 0x0000000087300000, 0x0000000087200000| Untracked 
| 115|0x0000000087300000, 0x0000000087400000, 0x0000000087400000|100%| O|  |TAMS 0x00000000873a0800, 0x0000000087300000| Untracked 
| 116|0x0000000087400000, 0x0000000087400000, 0x0000000087500000|  0%| F|  |TAMS 0x0000000087400000, 0x0000000087400000| Untracked 
| 117|0x0000000087500000, 0x0000000087500000, 0x0000000087600000|  0%| F|  |TAMS 0x0000000087500000, 0x0000000087500000| Untracked 
| 118|0x0000000087600000, 0x0000000087600000, 0x0000000087700000|  0%| F|  |TAMS 0x0000000087600000, 0x0000000087600000| Untracked 
| 119|0x0000000087700000, 0x0000000087700000, 0x0000000087800000|  0%| F|  |TAMS 0x0000000087700000, 0x0000000087700000| Untracked 
| 120|0x0000000087800000, 0x0000000087800000, 0x0000000087900000|  0%| F|  |TAMS 0x0000000087800000, 0x0000000087800000| Untracked 
| 121|0x0000000087900000, 0x0000000087900000, 0x0000000087a00000|  0%| F|  |TAMS 0x0000000087900000, 0x0000000087900000| Untracked 
| 122|0x0000000087a00000, 0x0000000087a00000, 0x0000000087b00000|  0%| F|  |TAMS 0x0000000087a00000, 0x0000000087a00000| Untracked 
| 123|0x0000000087b00000, 0x0000000087b00000, 0x0000000087c00000|  0%| F|  |TAMS 0x0000000087b00000, 0x0000000087b00000| Untracked 
| 124|0x0000000087c00000, 0x0000000087c00000, 0x0000000087d00000|  0%| F|  |TAMS 0x0000000087c00000, 0x0000000087c00000| Untracked 
| 125|0x0000000087d00000, 0x0000000087d00000, 0x0000000087e00000|  0%| F|  |TAMS 0x0000000087d00000, 0x0000000087d00000| Untracked 
| 126|0x0000000087e00000, 0x0000000087e00000, 0x0000000087f00000|  0%| F|  |TAMS 0x0000000087e00000, 0x0000000087e00000| Untracked 
| 127|0x0000000087f00000, 0x0000000087f00000, 0x0000000088000000|  0%| F|  |TAMS 0x0000000087f00000, 0x0000000087f00000| Untracked 
| 128|0x0000000088000000, 0x0000000088000000, 0x0000000088100000|  0%| F|  |TAMS 0x0000000088000000, 0x0000000088000000| Untracked 
| 129|0x0000000088100000, 0x0000000088100000, 0x0000000088200000|  0%| F|  |TAMS 0x0000000088100000, 0x0000000088100000| Untracked 
| 130|0x0000000088200000, 0x0000000088200000, 0x0000000088300000|  0%| F|  |TAMS 0x0000000088200000, 0x0000000088200000| Untracked 
| 131|0x0000000088300000, 0x0000000088300000, 0x0000000088400000|  0%| F|  |TAMS 0x0000000088300000, 0x0000000088300000| Untracked 
| 132|0x0000000088400000, 0x0000000088400000, 0x0000000088500000|  0%| F|  |TAMS 0x0000000088400000, 0x0000000088400000| Untracked 
| 133|0x0000000088500000, 0x0000000088500000, 0x0000000088600000|  0%| F|  |TAMS 0x0000000088500000, 0x0000000088500000| Untracked 
| 134|0x0000000088600000, 0x0000000088600000, 0x0000000088700000|  0%| F|  |TAMS 0x0000000088600000, 0x0000000088600000| Untracked 
| 135|0x0000000088700000, 0x0000000088700000, 0x0000000088800000|  0%| F|  |TAMS 0x0000000088700000, 0x0000000088700000| Untracked 
| 136|0x0000000088800000, 0x0000000088800000, 0x0000000088900000|  0%| F|  |TAMS 0x0000000088800000, 0x0000000088800000| Untracked 
| 137|0x0000000088900000, 0x0000000088900000, 0x0000000088a00000|  0%| F|  |TAMS 0x0000000088900000, 0x0000000088900000| Untracked 
| 138|0x0000000088a00000, 0x0000000088a00000, 0x0000000088b00000|  0%| F|  |TAMS 0x0000000088a00000, 0x0000000088a00000| Untracked 
| 139|0x0000000088b00000, 0x0000000088b00000, 0x0000000088c00000|  0%| F|  |TAMS 0x0000000088b00000, 0x0000000088b00000| Untracked 
| 140|0x0000000088c00000, 0x0000000088c00000, 0x0000000088d00000|  0%| F|  |TAMS 0x0000000088c00000, 0x0000000088c00000| Untracked 
| 141|0x0000000088d00000, 0x0000000088d00000, 0x0000000088e00000|  0%| F|  |TAMS 0x0000000088d00000, 0x0000000088d00000| Untracked 
| 142|0x0000000088e00000, 0x0000000088e00000, 0x0000000088f00000|  0%| F|  |TAMS 0x0000000088e00000, 0x0000000088e00000| Untracked 
| 143|0x0000000088f00000, 0x0000000088f00000, 0x0000000089000000|  0%| F|  |TAMS 0x0000000088f00000, 0x0000000088f00000| Untracked 
| 144|0x0000000089000000, 0x0000000089000000, 0x0000000089100000|  0%| F|  |TAMS 0x0000000089000000, 0x0000000089000000| Untracked 
| 145|0x0000000089100000, 0x0000000089100000, 0x0000000089200000|  0%| F|  |TAMS 0x0000000089100000, 0x0000000089100000| Untracked 
| 146|0x0000000089200000, 0x0000000089200000, 0x0000000089300000|  0%| F|  |TAMS 0x0000000089200000, 0x0000000089200000| Untracked 
| 147|0x0000000089300000, 0x0000000089300000, 0x0000000089400000|  0%| F|  |TAMS 0x0000000089300000, 0x0000000089300000| Untracked 
| 148|0x0000000089400000, 0x0000000089400000, 0x0000000089500000|  0%| F|  |TAMS 0x0000000089400000, 0x0000000089400000| Untracked 
| 149|0x0000000089500000, 0x0000000089500000, 0x0000000089600000|  0%| F|  |TAMS 0x0000000089500000, 0x0000000089500000| Untracked 
| 150|0x0000000089600000, 0x0000000089600000, 0x0000000089700000|  0%| F|  |TAMS 0x0000000089600000, 0x0000000089600000| Untracked 
| 151|0x0000000089700000, 0x00000000897adeb0, 0x0000000089800000| 67%| S|CS|TAMS 0x0000000089700000, 0x0000000089700000| Complete 
| 152|0x0000000089800000, 0x0000000089900000, 0x0000000089900000|100%| S|CS|TAMS 0x0000000089800000, 0x0000000089800000| Complete 
| 153|0x0000000089900000, 0x0000000089a00000, 0x0000000089a00000|100%| S|CS|TAMS 0x0000000089900000, 0x0000000089900000| Complete 
| 154|0x0000000089a00000, 0x0000000089b00000, 0x0000000089b00000|100%| S|CS|TAMS 0x0000000089a00000, 0x0000000089a00000| Complete 
| 155|0x0000000089b00000, 0x0000000089c00000, 0x0000000089c00000|100%| S|CS|TAMS 0x0000000089b00000, 0x0000000089b00000| Complete 
| 156|0x0000000089c00000, 0x0000000089d00000, 0x0000000089d00000|100%| S|CS|TAMS 0x0000000089c00000, 0x0000000089c00000| Complete 
| 157|0x0000000089d00000, 0x0000000089d00000, 0x0000000089e00000|  0%| F|  |TAMS 0x0000000089d00000, 0x0000000089d00000| Untracked 
| 158|0x0000000089e00000, 0x0000000089e00000, 0x0000000089f00000|  0%| F|  |TAMS 0x0000000089e00000, 0x0000000089e00000| Untracked 
| 159|0x0000000089f00000, 0x0000000089f00000, 0x000000008a000000|  0%| F|  |TAMS 0x0000000089f00000, 0x0000000089f00000| Untracked 
| 160|0x000000008a000000, 0x000000008a000000, 0x000000008a100000|  0%| F|  |TAMS 0x000000008a000000, 0x000000008a000000| Untracked 
| 161|0x000000008a100000, 0x000000008a100000, 0x000000008a200000|  0%| F|  |TAMS 0x000000008a100000, 0x000000008a100000| Untracked 
| 162|0x000000008a200000, 0x000000008a200000, 0x000000008a300000|  0%| F|  |TAMS 0x000000008a200000, 0x000000008a200000| Untracked 
| 163|0x000000008a300000, 0x000000008a300000, 0x000000008a400000|  0%| F|  |TAMS 0x000000008a300000, 0x000000008a300000| Untracked 
| 164|0x000000008a400000, 0x000000008a400000, 0x000000008a500000|  0%| F|  |TAMS 0x000000008a400000, 0x000000008a400000| Untracked 
| 165|0x000000008a500000, 0x000000008a500000, 0x000000008a600000|  0%| F|  |TAMS 0x000000008a500000, 0x000000008a500000| Untracked 
| 166|0x000000008a600000, 0x000000008a600000, 0x000000008a700000|  0%| F|  |TAMS 0x000000008a600000, 0x000000008a600000| Untracked 
| 167|0x000000008a700000, 0x000000008a700000, 0x000000008a800000|  0%| F|  |TAMS 0x000000008a700000, 0x000000008a700000| Untracked 
| 168|0x000000008a800000, 0x000000008a800000, 0x000000008a900000|  0%| F|  |TAMS 0x000000008a800000, 0x000000008a800000| Untracked 
| 169|0x000000008a900000, 0x000000008a900000, 0x000000008aa00000|  0%| F|  |TAMS 0x000000008a900000, 0x000000008a900000| Untracked 
| 170|0x000000008aa00000, 0x000000008aa00000, 0x000000008ab00000|  0%| F|  |TAMS 0x000000008aa00000, 0x000000008aa00000| Untracked 
| 171|0x000000008ab00000, 0x000000008ab00000, 0x000000008ac00000|  0%| F|  |TAMS 0x000000008ab00000, 0x000000008ab00000| Untracked 
| 172|0x000000008ac00000, 0x000000008ac00000, 0x000000008ad00000|  0%| F|  |TAMS 0x000000008ac00000, 0x000000008ac00000| Untracked 
| 173|0x000000008ad00000, 0x000000008ad00000, 0x000000008ae00000|  0%| F|  |TAMS 0x000000008ad00000, 0x000000008ad00000| Untracked 
| 174|0x000000008ae00000, 0x000000008ae00000, 0x000000008af00000|  0%| F|  |TAMS 0x000000008ae00000, 0x000000008ae00000| Untracked 
| 175|0x000000008af00000, 0x000000008af00000, 0x000000008b000000|  0%| F|  |TAMS 0x000000008af00000, 0x000000008af00000| Untracked 
| 176|0x000000008b000000, 0x000000008b000000, 0x000000008b100000|  0%| F|  |TAMS 0x000000008b000000, 0x000000008b000000| Untracked 
| 177|0x000000008b100000, 0x000000008b100000, 0x000000008b200000|  0%| F|  |TAMS 0x000000008b100000, 0x000000008b100000| Untracked 
| 178|0x000000008b200000, 0x000000008b200000, 0x000000008b300000|  0%| F|  |TAMS 0x000000008b200000, 0x000000008b200000| Untracked 
| 179|0x000000008b300000, 0x000000008b300000, 0x000000008b400000|  0%| F|  |TAMS 0x000000008b300000, 0x000000008b300000| Untracked 
| 180|0x000000008b400000, 0x000000008b400000, 0x000000008b500000|  0%| F|  |TAMS 0x000000008b400000, 0x000000008b400000| Untracked 
| 181|0x000000008b500000, 0x000000008b500000, 0x000000008b600000|  0%| F|  |TAMS 0x000000008b500000, 0x000000008b500000| Untracked 
| 182|0x000000008b600000, 0x000000008b600000, 0x000000008b700000|  0%| F|  |TAMS 0x000000008b600000, 0x000000008b600000| Untracked 
| 183|0x000000008b700000, 0x000000008b700000, 0x000000008b800000|  0%| F|  |TAMS 0x000000008b700000, 0x000000008b700000| Untracked 
| 184|0x000000008b800000, 0x000000008b800000, 0x000000008b900000|  0%| F|  |TAMS 0x000000008b800000, 0x000000008b800000| Untracked 
| 185|0x000000008b900000, 0x000000008b900000, 0x000000008ba00000|  0%| F|  |TAMS 0x000000008b900000, 0x000000008b900000| Untracked 
| 186|0x000000008ba00000, 0x000000008ba00000, 0x000000008bb00000|  0%| F|  |TAMS 0x000000008ba00000, 0x000000008ba00000| Untracked 
| 187|0x000000008bb00000, 0x000000008bb00000, 0x000000008bc00000|  0%| F|  |TAMS 0x000000008bb00000, 0x000000008bb00000| Untracked 
| 188|0x000000008bc00000, 0x000000008bc00000, 0x000000008bd00000|  0%| F|  |TAMS 0x000000008bc00000, 0x000000008bc00000| Untracked 
| 189|0x000000008bd00000, 0x000000008bd00000, 0x000000008be00000|  0%| F|  |TAMS 0x000000008bd00000, 0x000000008bd00000| Untracked 
| 190|0x000000008be00000, 0x000000008be00000, 0x000000008bf00000|  0%| F|  |TAMS 0x000000008be00000, 0x000000008be00000| Untracked 
| 191|0x000000008bf00000, 0x000000008bf00000, 0x000000008c000000|  0%| F|  |TAMS 0x000000008bf00000, 0x000000008bf00000| Untracked 
| 192|0x000000008c000000, 0x000000008c000000, 0x000000008c100000|  0%| F|  |TAMS 0x000000008c000000, 0x000000008c000000| Untracked 
| 193|0x000000008c100000, 0x000000008c100000, 0x000000008c200000|  0%| F|  |TAMS 0x000000008c100000, 0x000000008c100000| Untracked 
| 194|0x000000008c200000, 0x000000008c200000, 0x000000008c300000|  0%| F|  |TAMS 0x000000008c200000, 0x000000008c200000| Untracked 
| 195|0x000000008c300000, 0x000000008c300000, 0x000000008c400000|  0%| F|  |TAMS 0x000000008c300000, 0x000000008c300000| Untracked 
| 196|0x000000008c400000, 0x000000008c400000, 0x000000008c500000|  0%| F|  |TAMS 0x000000008c400000, 0x000000008c400000| Untracked 
| 197|0x000000008c500000, 0x000000008c500000, 0x000000008c600000|  0%| F|  |TAMS 0x000000008c500000, 0x000000008c500000| Untracked 
| 198|0x000000008c600000, 0x000000008c600000, 0x000000008c700000|  0%| F|  |TAMS 0x000000008c600000, 0x000000008c600000| Untracked 
| 199|0x000000008c700000, 0x000000008c700000, 0x000000008c800000|  0%| F|  |TAMS 0x000000008c700000, 0x000000008c700000| Untracked 
| 200|0x000000008c800000, 0x000000008c800000, 0x000000008c900000|  0%| F|  |TAMS 0x000000008c800000, 0x000000008c800000| Untracked 
| 201|0x000000008c900000, 0x000000008c900000, 0x000000008ca00000|  0%| F|  |TAMS 0x000000008c900000, 0x000000008c900000| Untracked 
| 202|0x000000008ca00000, 0x000000008ca00000, 0x000000008cb00000|  0%| F|  |TAMS 0x000000008ca00000, 0x000000008ca00000| Untracked 
| 203|0x000000008cb00000, 0x000000008cb00000, 0x000000008cc00000|  0%| F|  |TAMS 0x000000008cb00000, 0x000000008cb00000| Untracked 
| 204|0x000000008cc00000, 0x000000008cc00000, 0x000000008cd00000|  0%| F|  |TAMS 0x000000008cc00000, 0x000000008cc00000| Untracked 
| 205|0x000000008cd00000, 0x000000008cd00000, 0x000000008ce00000|  0%| F|  |TAMS 0x000000008cd00000, 0x000000008cd00000| Untracked 
| 206|0x000000008ce00000, 0x000000008ce00000, 0x000000008cf00000|  0%| F|  |TAMS 0x000000008ce00000, 0x000000008ce00000| Untracked 
| 207|0x000000008cf00000, 0x000000008cf00000, 0x000000008d000000|  0%| F|  |TAMS 0x000000008cf00000, 0x000000008cf00000| Untracked 
| 208|0x000000008d000000, 0x000000008d000000, 0x000000008d100000|  0%| F|  |TAMS 0x000000008d000000, 0x000000008d000000| Untracked 
| 209|0x000000008d100000, 0x000000008d100000, 0x000000008d200000|  0%| F|  |TAMS 0x000000008d100000, 0x000000008d100000| Untracked 
| 210|0x000000008d200000, 0x000000008d200000, 0x000000008d300000|  0%| F|  |TAMS 0x000000008d200000, 0x000000008d200000| Untracked 
| 211|0x000000008d300000, 0x000000008d300000, 0x000000008d400000|  0%| F|  |TAMS 0x000000008d300000, 0x000000008d300000| Untracked 
| 212|0x000000008d400000, 0x000000008d400000, 0x000000008d500000|  0%| F|  |TAMS 0x000000008d400000, 0x000000008d400000| Untracked 
| 213|0x000000008d500000, 0x000000008d500000, 0x000000008d600000|  0%| F|  |TAMS 0x000000008d500000, 0x000000008d500000| Untracked 
| 214|0x000000008d600000, 0x000000008d600000, 0x000000008d700000|  0%| F|  |TAMS 0x000000008d600000, 0x000000008d600000| Untracked 
| 215|0x000000008d700000, 0x000000008d700000, 0x000000008d800000|  0%| F|  |TAMS 0x000000008d700000, 0x000000008d700000| Untracked 
| 216|0x000000008d800000, 0x000000008d800000, 0x000000008d900000|  0%| F|  |TAMS 0x000000008d800000, 0x000000008d800000| Untracked 
| 217|0x000000008d900000, 0x000000008d900000, 0x000000008da00000|  0%| F|  |TAMS 0x000000008d900000, 0x000000008d900000| Untracked 
| 218|0x000000008da00000, 0x000000008da00000, 0x000000008db00000|  0%| F|  |TAMS 0x000000008da00000, 0x000000008da00000| Untracked 
| 219|0x000000008db00000, 0x000000008db00000, 0x000000008dc00000|  0%| F|  |TAMS 0x000000008db00000, 0x000000008db00000| Untracked 
| 220|0x000000008dc00000, 0x000000008dc00000, 0x000000008dd00000|  0%| F|  |TAMS 0x000000008dc00000, 0x000000008dc00000| Untracked 
| 221|0x000000008dd00000, 0x000000008dd00000, 0x000000008de00000|  0%| F|  |TAMS 0x000000008dd00000, 0x000000008dd00000| Untracked 
| 222|0x000000008de00000, 0x000000008de00000, 0x000000008df00000|  0%| F|  |TAMS 0x000000008de00000, 0x000000008de00000| Untracked 
| 223|0x000000008df00000, 0x000000008df00000, 0x000000008e000000|  0%| F|  |TAMS 0x000000008df00000, 0x000000008df00000| Untracked 

Card table byte_map: [0x0000027dbd720000,0x0000027dbdb20000] _byte_map_base: 0x0000027dbd320000

Marking Bits (Prev, Next): (CMBitMap*) 0x0000027daab84930, (CMBitMap*) 0x0000027daab84970
 Prev Bits: [0x0000027dbdf20000, 0x0000027dbff20000)
 Next Bits: [0x0000027dbff20000, 0x0000027dc1f20000)

Polling page: 0x0000027da8a80000

Metaspace:

Usage:
  Non-class:     85.23 MB used.
      Class:     13.26 MB used.
       Both:     98.48 MB used.

Virtual space:
  Non-class space:       88.00 MB reserved,      85.56 MB ( 97%) committed,  11 nodes.
      Class space:        1.00 GB reserved,      13.56 MB (  1%) committed,  1 nodes.
             Both:        1.09 GB reserved,      99.12 MB (  9%) committed. 

Chunk freelists:
   Non-Class:  1.95 MB
       Class:  2.46 MB
        Both:  4.42 MB

MaxMetaspaceSize: unlimited
CompressedClassSpaceSize: 1.00 GB
Initial GC threshold: 21.00 MB
Current GC threshold: 162.19 MB
CDS: off
MetaspaceReclaimPolicy: balanced
 - commit_granule_bytes: 65536.
 - commit_granule_words: 8192.
 - virtual_space_node_default_size: 1048576.
 - enlarge_chunks_in_place: 1.
 - new_chunks_are_fully_committed: 0.
 - uncommit_free_chunks: 1.
 - use_allocation_guard: 0.
 - handle_deallocations: 1.


Internal statistics:

num_allocs_failed_limit: 6.
num_arena_births: 1008.
num_arena_deaths: 16.
num_vsnodes_births: 12.
num_vsnodes_deaths: 0.
num_space_committed: 1586.
num_space_uncommitted: 0.
num_chunks_returned_to_freelist: 26.
num_chunks_taken_from_freelist: 4748.
num_chunk_merges: 11.
num_chunk_splits: 3160.
num_chunks_enlarged: 2119.
num_purges: 2.
num_inconsistent_stats: 0.

CodeHeap 'non-profiled nmethods': size=120000Kb used=6585Kb max_used=6585Kb free=113414Kb
 bounds [0x0000027db5ac0000, 0x0000027db6130000, 0x0000027dbcff0000]
CodeHeap 'profiled nmethods': size=120000Kb used=23026Kb max_used=23026Kb free=96973Kb
 bounds [0x0000027dadff0000, 0x0000027daf670000, 0x0000027db5520000]
CodeHeap 'non-nmethods': size=5760Kb used=2404Kb max_used=2551Kb free=3355Kb
 bounds [0x0000027db5520000, 0x0000027db57c0000, 0x0000027db5ac0000]
 total_blobs=12724 nmethods=11785 adapters=851
 compilation: enabled
              stopped_count=0, restarted_count=0
 full_count=0

Compilation events (20 events):
Event: 21.132 Thread 0x0000027dc544c000 13585       1       org.gradle.api.internal.artifacts.transform.TransformationStep::stepsCount (2 bytes)
Event: 21.132 Thread 0x0000027dc544c000 nmethod 13585 0x0000027db612e010 code [0x0000027db612e1a0, 0x0000027db612e278]
Event: 21.132 Thread 0x0000027dc544c000 13583       2       java.util.BitSet::or (105 bytes)
Event: 21.133 Thread 0x0000027dc544c000 nmethod 13583 0x0000027daf667d10 code [0x0000027daf667ee0, 0x0000027daf668228]
Event: 21.134 Thread 0x0000027dc544c000 13586       2       org.gradle.api.internal.artifacts.transform.ConsumerProvidedVariantFinder$ChainNode::<init> (15 bytes)
Event: 21.135 Thread 0x0000027dc544c000 nmethod 13586 0x0000027daf668410 code [0x0000027daf6685a0, 0x0000027daf668758]
Event: 21.135 Thread 0x0000027dc544c000 13587       2       org.gradle.internal.collections.ImmutableFilteredList::withoutIndexFrom (72 bytes)
Event: 21.135 Thread 0x0000027dc544c000 nmethod 13587 0x0000027daf668810 code [0x0000027daf6689e0, 0x0000027daf668d48]
Event: 21.142 Thread 0x0000027dc544c000 13588       1       org.gradle.internal.reflect.annotations.impl.DefaultTypeAnnotationMetadataStore::access$100 (5 bytes)
Event: 21.142 Thread 0x0000027dc544c000 nmethod 13588 0x0000027db612e310 code [0x0000027db612e4a0, 0x0000027db612e558]
Event: 21.143 Thread 0x0000027dc544c000 13589       2       jdk.internal.org.objectweb.asm.ByteVector::putInt (74 bytes)
Event: 21.144 Thread 0x0000027dc544c000 nmethod 13589 0x0000027daf668f10 code [0x0000027daf6690c0, 0x0000027daf6692c8]
Event: 21.144 Thread 0x0000027dc544c000 13590       2       com.google.common.collect.Lists::newArrayList (8 bytes)
Event: 21.144 Thread 0x0000027dc544c000 nmethod 13590 0x0000027daf669410 code [0x0000027daf6695a0, 0x0000027daf669738]
Event: 21.163 Thread 0x0000027dc544c000 13595       2       sun.nio.fs.WindowsPathParser::parse (384 bytes)
Event: 21.167 Thread 0x0000027dc544c000 nmethod 13595 0x0000027daf669810 code [0x0000027daf669c00, 0x0000027daf66b2c8]
Event: 21.168 Thread 0x0000027dc544c000 13596       2       sun.nio.fs.WindowsPathParser::isLetter (30 bytes)
Event: 21.168 Thread 0x0000027dc544c000 nmethod 13596 0x0000027daf66c090 code [0x0000027daf66c220, 0x0000027daf66c358]
Event: 21.174 Thread 0x0000027dc544c000 13597       2       com.google.common.collect.Iterators$5::computeNext (45 bytes)
Event: 21.175 Thread 0x0000027dc544c000 nmethod 13597 0x0000027daf66c410 code [0x0000027daf66c5e0, 0x0000027daf66c888]

GC Heap History (20 events):
Event: 14.905 GC heap after
{Heap after GC invocations=35 (full 0):
 garbage-first heap   total 215040K, used 83107K [0x0000000080000000, 0x0000000100000000)
  region size 1024K, 13 young (13312K), 13 survivors (13312K)
 Metaspace       used 87317K, committed 88000K, reserved 1130496K
  class space    used 11849K, committed 12160K, reserved 1048576K
}
Event: 14.925 GC heap before
{Heap before GC invocations=35 (full 0):
 garbage-first heap   total 215040K, used 83107K [0x0000000080000000, 0x0000000100000000)
  region size 1024K, 14 young (14336K), 13 survivors (13312K)
 Metaspace       used 87392K, committed 88064K, reserved 1130496K
  class space    used 11861K, committed 12160K, reserved 1048576K
}
Event: 14.936 GC heap after
{Heap after GC invocations=36 (full 0):
 garbage-first heap   total 215040K, used 84851K [0x0000000080000000, 0x0000000100000000)
  region size 1024K, 2 young (2048K), 2 survivors (2048K)
 Metaspace       used 87392K, committed 88064K, reserved 1130496K
  class space    used 11861K, committed 12160K, reserved 1048576K
}
Event: 16.132 GC heap before
{Heap before GC invocations=36 (full 0):
 garbage-first heap   total 215040K, used 153459K [0x0000000080000000, 0x0000000100000000)
  region size 1024K, 70 young (71680K), 2 survivors (2048K)
 Metaspace       used 88435K, committed 89088K, reserved 1130496K
  class space    used 11990K, committed 12288K, reserved 1048576K
}
Event: 16.139 GC heap after
{Heap after GC invocations=37 (full 0):
 garbage-first heap   total 215040K, used 88131K [0x0000000080000000, 0x0000000100000000)
  region size 1024K, 5 young (5120K), 5 survivors (5120K)
 Metaspace       used 88435K, committed 89088K, reserved 1130496K
  class space    used 11990K, committed 12288K, reserved 1048576K
}
Event: 17.976 GC heap before
{Heap before GC invocations=37 (full 0):
 garbage-first heap   total 215040K, used 163907K [0x0000000080000000, 0x0000000100000000)
  region size 1024K, 77 young (78848K), 5 survivors (5120K)
 Metaspace       used 91851K, committed 92544K, reserved 1130496K
  class space    used 12439K, committed 12736K, reserved 1048576K
}
Event: 18.004 GC heap after
{Heap after GC invocations=38 (full 0):
 garbage-first heap   total 215040K, used 114071K [0x0000000080000000, 0x0000000100000000)
  region size 1024K, 10 young (10240K), 10 survivors (10240K)
 Metaspace       used 91851K, committed 92544K, reserved 1130496K
  class space    used 12439K, committed 12736K, reserved 1048576K
}
Event: 18.016 GC heap before
{Heap before GC invocations=38 (full 0):
 garbage-first heap   total 215040K, used 115095K [0x0000000080000000, 0x0000000100000000)
  region size 1024K, 12 young (12288K), 10 survivors (10240K)
 Metaspace       used 91851K, committed 92544K, reserved 1130496K
  class space    used 12439K, committed 12736K, reserved 1048576K
}
Event: 18.031 GC heap after
{Heap after GC invocations=39 (full 0):
 garbage-first heap   total 215040K, used 116507K [0x0000000080000000, 0x0000000100000000)
  region size 1024K, 1 young (1024K), 1 survivors (1024K)
 Metaspace       used 91851K, committed 92544K, reserved 1130496K
  class space    used 12439K, committed 12736K, reserved 1048576K
}
Event: 18.801 GC heap before
{Heap before GC invocations=40 (full 0):
 garbage-first heap   total 229376K, used 171803K [0x0000000080000000, 0x0000000100000000)
  region size 1024K, 39 young (39936K), 1 survivors (1024K)
 Metaspace       used 93559K, committed 94208K, reserved 1138688K
  class space    used 12638K, committed 12928K, reserved 1048576K
}
Event: 18.805 GC heap after
{Heap after GC invocations=41 (full 0):
 garbage-first heap   total 229376K, used 121840K [0x0000000080000000, 0x0000000100000000)
  region size 1024K, 3 young (3072K), 3 survivors (3072K)
 Metaspace       used 93559K, committed 94208K, reserved 1138688K
  class space    used 12638K, committed 12928K, reserved 1048576K
}
Event: 18.895 GC heap before
{Heap before GC invocations=41 (full 0):
 garbage-first heap   total 229376K, used 129008K [0x0000000080000000, 0x0000000100000000)
  region size 1024K, 11 young (11264K), 3 survivors (3072K)
 Metaspace       used 93867K, committed 94528K, reserved 1138688K
  class space    used 12674K, committed 12992K, reserved 1048576K
}
Event: 18.899 GC heap after
{Heap after GC invocations=42 (full 0):
 garbage-first heap   total 229376K, used 122127K [0x0000000080000000, 0x0000000100000000)
  region size 1024K, 1 young (1024K), 1 survivors (1024K)
 Metaspace       used 93867K, committed 94528K, reserved 1138688K
  class space    used 12674K, committed 12992K, reserved 1048576K
}
Event: 19.646 GC heap before
{Heap before GC invocations=42 (full 0):
 garbage-first heap   total 229376K, used 168207K [0x0000000080000000, 0x0000000100000000)
  region size 1024K, 47 young (48128K), 1 survivors (1024K)
 Metaspace       used 98504K, committed 99200K, reserved 1138688K
  class space    used 13270K, committed 13568K, reserved 1048576K
}
Event: 19.650 GC heap after
{Heap after GC invocations=43 (full 0):
 garbage-first heap   total 229376K, used 123452K [0x0000000080000000, 0x0000000100000000)
  region size 1024K, 2 young (2048K), 2 survivors (2048K)
 Metaspace       used 98504K, committed 99200K, reserved 1138688K
  class space    used 13270K, committed 13568K, reserved 1048576K
}
Event: 20.422 GC heap before
{Heap before GC invocations=44 (full 0):
 garbage-first heap   total 229376K, used 154172K [0x0000000080000000, 0x0000000100000000)
  region size 1024K, 52 young (53248K), 2 survivors (2048K)
 Metaspace       used 100021K, committed 100672K, reserved 1138688K
  class space    used 13478K, committed 13760K, reserved 1048576K
}
Event: 20.432 GC heap after
{Heap after GC invocations=45 (full 0):
 garbage-first heap   total 229376K, used 108602K [0x0000000080000000, 0x0000000100000000)
  region size 1024K, 7 young (7168K), 7 survivors (7168K)
 Metaspace       used 100021K, committed 100672K, reserved 1138688K
  class space    used 13478K, committed 13760K, reserved 1048576K
}
Event: 20.473 GC heap before
{Heap before GC invocations=45 (full 0):
 garbage-first heap   total 229376K, used 111674K [0x0000000080000000, 0x0000000100000000)
  region size 1024K, 11 young (11264K), 7 survivors (7168K)
 Metaspace       used 100086K, committed 100736K, reserved 1138688K
  class space    used 13486K, committed 13760K, reserved 1048576K
}
Event: 20.480 GC heap after
{Heap after GC invocations=46 (full 0):
 garbage-first heap   total 229376K, used 105538K [0x0000000080000000, 0x0000000100000000)
  region size 1024K, 2 young (2048K), 2 survivors (2048K)
 Metaspace       used 100086K, committed 100736K, reserved 1138688K
  class space    used 13486K, committed 13760K, reserved 1048576K
}
Event: 21.185 GC heap before
{Heap before GC invocations=46 (full 0):
 garbage-first heap   total 229376K, used 171074K [0x0000000080000000, 0x0000000100000000)
  region size 1024K, 67 young (68608K), 2 survivors (2048K)
 Metaspace       used 100848K, committed 101504K, reserved 1138688K
  class space    used 13574K, committed 13888K, reserved 1048576K
}

Dll operation events (2 events):
Event: 0.007 Loaded shared library C:\Program Files\Android\Android Studio\jbr\bin\java.dll
Event: 0.295 Loaded shared library C:\Program Files\Android\Android Studio\jbr\bin\verify.dll

Deoptimization events (20 events):
Event: 21.045 Thread 0x0000027dc8aa0550 Uncommon trap: trap_request=0xffffffde fr.pc=0x0000027db5bd5860 relative=0x00000000000012e0
Event: 21.045 Thread 0x0000027dc8aa0550 Uncommon trap: reason=class_check action=maybe_recompile pc=0x0000027db5bd5860 method=java.util.zip.InflaterInputStream.read([BII)I @ 100 c2
Event: 21.045 Thread 0x0000027dc8aa0550 DEOPT PACKING pc=0x0000027db5bd5860 sp=0x000000ff97efd050
Event: 21.045 Thread 0x0000027dc8aa0550 DEOPT UNPACKING pc=0x0000027db55769a3 sp=0x000000ff97efd0a0 mode 2
Event: 21.046 Thread 0x0000027dc8aa0550 Uncommon trap: trap_request=0xffffffde fr.pc=0x0000027db5bd5860 relative=0x00000000000012e0
Event: 21.046 Thread 0x0000027dc8aa0550 Uncommon trap: reason=class_check action=maybe_recompile pc=0x0000027db5bd5860 method=java.util.zip.InflaterInputStream.read([BII)I @ 100 c2
Event: 21.046 Thread 0x0000027dc8aa0550 DEOPT PACKING pc=0x0000027db5bd5860 sp=0x000000ff97efd050
Event: 21.046 Thread 0x0000027dc8aa0550 DEOPT UNPACKING pc=0x0000027db55769a3 sp=0x000000ff97efd0a0 mode 2
Event: 21.090 Thread 0x0000027dc853c080 DEOPT PACKING pc=0x0000027daf2da596 sp=0x000000ff97ffd280
Event: 21.090 Thread 0x0000027dc853c080 DEOPT UNPACKING pc=0x0000027db5577143 sp=0x000000ff97ffc7b0 mode 0
Event: 21.091 Thread 0x0000027dc853c080 DEOPT PACKING pc=0x0000027daf2da596 sp=0x000000ff97ffd2e0
Event: 21.091 Thread 0x0000027dc853c080 DEOPT UNPACKING pc=0x0000027db5577143 sp=0x000000ff97ffc810 mode 0
Event: 21.092 Thread 0x0000027dc853c080 DEOPT PACKING pc=0x0000027daf2da596 sp=0x000000ff97ffd280
Event: 21.093 Thread 0x0000027dc853c080 DEOPT UNPACKING pc=0x0000027db5577143 sp=0x000000ff97ffc7b0 mode 0
Event: 21.106 Thread 0x0000027dcadff5e0 Uncommon trap: trap_request=0xffffff45 fr.pc=0x0000027db5fe7218 relative=0x0000000000001298
Event: 21.106 Thread 0x0000027dcadff5e0 Uncommon trap: reason=unstable_if action=reinterpret pc=0x0000027db5fe7218 method=sun.nio.fs.WindowsPathParser.parse(Ljava/lang/String;Z)Lsun/nio/fs/WindowsPathParser$Result; @ 45 c2
Event: 21.106 Thread 0x0000027dcadff5e0 DEOPT PACKING pc=0x0000027db5fe7218 sp=0x000000ff97cfd880
Event: 21.106 Thread 0x0000027dcadff5e0 DEOPT UNPACKING pc=0x0000027db55769a3 sp=0x000000ff97cfd848 mode 2
Event: 21.182 Thread 0x0000027dc6a00690 DEOPT PACKING pc=0x0000027daf5e25ec sp=0x000000ff906fef40
Event: 21.182 Thread 0x0000027dc6a00690 DEOPT UNPACKING pc=0x0000027db5577143 sp=0x000000ff906fe498 mode 0

Classes unloaded (8 events):
Event: 19.769 Thread 0x0000027dc4988850 Unloading class 0x0000000100bf8800 'java/lang/invoke/LambdaForm$DMH+0x0000000100bf8800'
Event: 19.769 Thread 0x0000027dc4988850 Unloading class 0x0000000100bf8400 'java/lang/invoke/LambdaForm$DMH+0x0000000100bf8400'
Event: 19.769 Thread 0x0000027dc4988850 Unloading class 0x0000000100be9800 'java/lang/invoke/LambdaForm$DMH+0x0000000100be9800'
Event: 19.769 Thread 0x0000027dc4988850 Unloading class 0x0000000100be9400 'java/lang/invoke/LambdaForm$DMH+0x0000000100be9400'
Event: 19.769 Thread 0x0000027dc4988850 Unloading class 0x0000000100be9000 'java/lang/invoke/LambdaForm$DMH+0x0000000100be9000'
Event: 19.769 Thread 0x0000027dc4988850 Unloading class 0x0000000100be8800 'java/lang/invoke/LambdaForm$DMH+0x0000000100be8800'
Event: 19.769 Thread 0x0000027dc4988850 Unloading class 0x0000000100be8c00 'java/lang/invoke/LambdaForm$DMH+0x0000000100be8c00'
Event: 19.769 Thread 0x0000027dc4988850 Unloading class 0x0000000100be8000 'java/lang/invoke/LambdaForm$DMH+0x0000000100be8000'

Classes redefined (0 events):
No events

Internal exceptions (20 events):
Event: 18.850 Thread 0x0000027dc7fa58a0 Exception <a 'sun/nio/fs/WindowsException'{0x000000008da76378}> (0x000000008da76378) 
thrown [s\src\hotspot\share\prims\jni.cpp, line 517]
Event: 18.851 Thread 0x0000027dc7fa58a0 Exception <a 'sun/nio/fs/WindowsException'{0x000000008da76718}> (0x000000008da76718) 
thrown [s\src\hotspot\share\prims\jni.cpp, line 517]
Event: 18.851 Thread 0x0000027dc7fa58a0 Exception <a 'sun/nio/fs/WindowsException'{0x000000008da784d0}> (0x000000008da784d0) 
thrown [s\src\hotspot\share\prims\jni.cpp, line 517]
Event: 18.851 Thread 0x0000027dc7fa58a0 Exception <a 'sun/nio/fs/WindowsException'{0x000000008da79348}> (0x000000008da79348) 
thrown [s\src\hotspot\share\prims\jni.cpp, line 517]
Event: 18.851 Thread 0x0000027dc7fa58a0 Exception <a 'sun/nio/fs/WindowsException'{0x000000008da793b8}> (0x000000008da793b8) 
thrown [s\src\hotspot\share\prims\jni.cpp, line 517]
Event: 18.851 Thread 0x0000027dc7fa58a0 Exception <a 'sun/nio/fs/WindowsException'{0x000000008da79718}> (0x000000008da79718) 
thrown [s\src\hotspot\share\prims\jni.cpp, line 517]
Event: 18.947 Thread 0x0000027dc7fa58a0 Implicit null exception at 0x0000027db5f5ce44 to 0x0000027db5f5cf9c
Event: 19.187 Thread 0x0000027dc7fa58a0 Implicit null exception at 0x0000027db5bf3ef2 to 0x0000027db5bf4624
Event: 19.994 Thread 0x0000027dc7fa9c00 Exception <a 'java/lang/NoSuchMethodError'{0x000000008d108df0}: static Lcom/android/ide/common/resources/MergedAssetWriter$AssetWorkAction;.<clinit>()V> (0x000000008d108df0) 
thrown [s\src\hotspot\share\prims\jni.cpp, line 1108]
Event: 20.008 Thread 0x0000027dc7fa9c00 Exception <a 'sun/nio/fs/WindowsException'{0x000000008d157dc8}> (0x000000008d157dc8) 
thrown [s\src\hotspot\share\prims\jni.cpp, line 517]
Event: 20.019 Thread 0x0000027dc7fa9c00 Exception <a 'java/lang/NoSuchMethodError'{0x000000008d1ab070}: 'int java.lang.invoke.DirectMethodHandle$Holder.invokeSpecial(java.lang.Object, java.lang.Object, java.lang.Object, java.lang.Object, java.lang.Object)'> (0x000000008d1ab070) 
thrown [s\src\hotspot\share\interpreter\linkResolver.cpp, line 771]
Event: 20.155 Thread 0x0000027dc7fa53d0 Exception <a 'sun/nio/fs/WindowsException'{0x000000008c5121c8}> (0x000000008c5121c8) 
thrown [s\src\hotspot\share\prims\jni.cpp, line 517]
Event: 20.320 Thread 0x0000027dc7fa9c00 Exception <a 'sun/nio/fs/WindowsException'{0x000000008b604558}> (0x000000008b604558) 
thrown [s\src\hotspot\share\prims\jni.cpp, line 517]
Event: 20.320 Thread 0x0000027dc7fa9c00 Exception <a 'sun/nio/fs/WindowsException'{0x000000008b6053c8}> (0x000000008b6053c8) 
thrown [s\src\hotspot\share\prims\jni.cpp, line 517]
Event: 20.320 Thread 0x0000027dc7fa9c00 Exception <a 'sun/nio/fs/WindowsException'{0x000000008b605438}> (0x000000008b605438) 
thrown [s\src\hotspot\share\prims\jni.cpp, line 517]
Event: 20.320 Thread 0x0000027dc7fa9c00 Exception <a 'sun/nio/fs/WindowsException'{0x000000008b605798}> (0x000000008b605798) 
thrown [s\src\hotspot\share\prims\jni.cpp, line 517]
Event: 20.334 Thread 0x0000027dc8aa0550 Exception <a 'sun/nio/fs/WindowsException'{0x000000008b51df08}> (0x000000008b51df08) 
thrown [s\src\hotspot\share\prims\jni.cpp, line 517]
Event: 20.334 Thread 0x0000027dc8aa0550 Exception <a 'sun/nio/fs/WindowsException'{0x000000008b51e1d8}> (0x000000008b51e1d8) 
thrown [s\src\hotspot\share\prims\jni.cpp, line 517]
Event: 21.017 Thread 0x0000027dc7fa6240 Exception <a 'java/lang/NoSuchMethodError'{0x000000008aa42c40}: static Ljava/lang/Object;.<clinit>()V> (0x000000008aa42c40) 
thrown [s\src\hotspot\share\prims\jni.cpp, line 1108]
Event: 21.075 Thread 0x0000027dc7fa6240 Exception <a 'java/lang/NoSuchMethodError'{0x000000008a7a9220}: static Lcom/android/build/gradle/internal/tasks/MergeNativeLibsTask$InputFile;.<clinit>()V> (0x000000008a7a9220) 
thrown [s\src\hotspot\share\prims\jni.cpp, line 1108]

VM Operations (20 events):
Event: 19.781 Executing VM operation: G1Concurrent done
Event: 19.853 Executing VM operation: G1Concurrent
Event: 19.858 Executing VM operation: G1Concurrent done
Event: 19.882 Executing VM operation: HandshakeAllThreads
Event: 19.889 Executing VM operation: HandshakeAllThreads done
Event: 19.980 Executing VM operation: HandshakeAllThreads
Event: 19.980 Executing VM operation: HandshakeAllThreads done
Event: 19.983 Executing VM operation: HandshakeAllThreads
Event: 19.984 Executing VM operation: HandshakeAllThreads done
Event: 20.016 Executing VM operation: HandshakeAllThreads
Event: 20.016 Executing VM operation: HandshakeAllThreads done
Event: 20.210 Executing VM operation: ICBufferFull
Event: 20.211 Executing VM operation: ICBufferFull done
Event: 20.419 Executing VM operation: G1CollectForAllocation
Event: 20.433 Executing VM operation: G1CollectForAllocation done
Event: 20.473 Executing VM operation: G1CollectForAllocation
Event: 20.481 Executing VM operation: G1CollectForAllocation done
Event: 21.083 Executing VM operation: ICBufferFull
Event: 21.092 Executing VM operation: ICBufferFull done
Event: 21.185 Executing VM operation: G1CollectForAllocation

Events (20 events):
Event: 20.381 loading class java/util/regex/Pattern$SliceU
Event: 20.382 loading class java/util/regex/Pattern$SliceU done
Event: 20.382 loading class sun/nio/fs/WindowsFileSystem$2
Event: 20.382 loading class sun/nio/fs/WindowsFileSystem$2 done
Event: 20.508 loading class java/nio/file/TempFileHelper
Event: 20.508 loading class java/nio/file/TempFileHelper done
Event: 20.583 loading class sun/nio/cs/US_ASCII$Decoder
Event: 20.584 loading class sun/nio/cs/US_ASCII$Decoder done
Event: 20.599 loading class java/io/SequenceInputStream
Event: 20.599 loading class java/io/SequenceInputStream done
Event: 20.660 Thread 0x0000027dc7faaf40 Thread added: 0x0000027dc7faaf40
Event: 20.706 Thread 0x0000027dcadffab0 Thread added: 0x0000027dcadffab0
Event: 21.014 loading class java/util/concurrent/ConcurrentSkipListMap$KeySet
Event: 21.015 loading class java/util/concurrent/ConcurrentSkipListMap$KeySet done
Event: 21.015 loading class java/util/concurrent/ConcurrentSkipListMap$KeyIterator
Event: 21.015 loading class java/util/concurrent/ConcurrentSkipListMap$KeyIterator done
Event: 21.044 loading class java/util/Vector$1
Event: 21.044 loading class java/util/Vector$1 done
Event: 21.070 loading class java/nio/file/FileTreeWalker$1
Event: 21.070 loading class java/nio/file/FileTreeWalker$1 done


Dynamic libraries:
0x00007ff68bcd0000 - 0x00007ff68bcda000 	C:\Program Files\Android\Android Studio\jbr\bin\java.exe
0x00007ff83e590000 - 0x00007ff83e7a4000 	C:\WINDOWS\SYSTEM32\ntdll.dll
0x00007ff83df50000 - 0x00007ff83e012000 	C:\WINDOWS\System32\KERNEL32.DLL
0x00007ff83bb40000 - 0x00007ff83bedc000 	C:\WINDOWS\System32\KERNELBASE.dll
0x00007ff83c280000 - 0x00007ff83c391000 	C:\WINDOWS\System32\ucrtbase.dll
0x00007ff832d40000 - 0x00007ff832d57000 	C:\Program Files\Android\Android Studio\jbr\bin\jli.dll
0x00007ff832470000 - 0x00007ff83248b000 	C:\Program Files\Android\Android Studio\jbr\bin\VCRUNTIME140.dll
0x00007ff83d4e0000 - 0x00007ff83d68b000 	C:\WINDOWS\System32\USER32.dll
0x00007ff83bf60000 - 0x00007ff83bf86000 	C:\WINDOWS\System32\win32u.dll
0x00007ff81bb00000 - 0x00007ff81bd8e000 	C:\WINDOWS\WinSxS\amd64_microsoft.windows.common-controls_6595b64144ccf1df_6.0.22621.608_none_a9444ca7c10bb01d\COMCTL32.dll
0x00007ff83df20000 - 0x00007ff83df49000 	C:\WINDOWS\System32\GDI32.dll
0x00007ff83e040000 - 0x00007ff83e0e7000 	C:\WINDOWS\System32\msvcrt.dll
0x00007ff83bf90000 - 0x00007ff83c0a3000 	C:\WINDOWS\System32\gdi32full.dll
0x00007ff83c0b0000 - 0x00007ff83c14a000 	C:\WINDOWS\System32\msvcp_win.dll
0x00007ff83c5f0000 - 0x00007ff83c621000 	C:\WINDOWS\System32\IMM32.DLL
0x00007ff832e00000 - 0x00007ff832e0c000 	C:\Program Files\Android\Android Studio\jbr\bin\vcruntime140_1.dll
0x00007ff81dc60000 - 0x00007ff81dced000 	C:\Program Files\Android\Android Studio\jbr\bin\msvcp140.dll
0x00007fff913e0000 - 0x00007fff9204d000 	C:\Program Files\Android\Android Studio\jbr\bin\server\jvm.dll
0x00007ff83c850000 - 0x00007ff83c8fe000 	C:\WINDOWS\System32\ADVAPI32.dll
0x00007ff83d190000 - 0x00007ff83d234000 	C:\WINDOWS\System32\sechost.dll
0x00007ff83e150000 - 0x00007ff83e267000 	C:\WINDOWS\System32\RPCRT4.dll
0x00007ff832140000 - 0x00007ff832174000 	C:\WINDOWS\SYSTEM32\WINMM.dll
0x00007ff822e20000 - 0x00007ff822e29000 	C:\WINDOWS\SYSTEM32\WSOCK32.dll
0x00007ff831320000 - 0x00007ff83132a000 	C:\WINDOWS\SYSTEM32\VERSION.dll
0x00007ff83d690000 - 0x00007ff83d701000 	C:\WINDOWS\System32\WS2_32.dll
0x00007ff83aa20000 - 0x00007ff83aa38000 	C:\WINDOWS\SYSTEM32\kernel.appcore.dll
0x00007ff837380000 - 0x00007ff83738a000 	C:\Program Files\Android\Android Studio\jbr\bin\jimage.dll
0x00007ff839400000 - 0x00007ff83962e000 	C:\WINDOWS\SYSTEM32\DBGHELP.DLL
0x00007ff83d710000 - 0x00007ff83da99000 	C:\WINDOWS\System32\combase.dll
0x00007ff83d240000 - 0x00007ff83d317000 	C:\WINDOWS\System32\OLEAUT32.dll
0x00007ff8177b0000 - 0x00007ff8177e2000 	C:\WINDOWS\SYSTEM32\dbgcore.DLL
0x00007ff83bee0000 - 0x00007ff83bf5b000 	C:\WINDOWS\System32\bcryptPrimitives.dll
0x00007ffff2930000 - 0x00007ffff2955000 	C:\Program Files\Android\Android Studio\jbr\bin\java.dll
0x00007ff8336a0000 - 0x00007ff8336b8000 	C:\Program Files\Android\Android Studio\jbr\bin\zip.dll
0x00007ff83c9a0000 - 0x00007ff83d190000 	C:\WINDOWS\System32\SHELL32.dll
0x00007ff8399e0000 - 0x00007ff83a2ad000 	C:\WINDOWS\SYSTEM32\windows.storage.dll
0x00007ff8398a0000 - 0x00007ff8399de000 	C:\WINDOWS\SYSTEM32\wintypes.dll
0x00007ff83e450000 - 0x00007ff83e541000 	C:\WINDOWS\System32\SHCORE.dll
0x00007ff83e0f0000 - 0x00007ff83e14e000 	C:\WINDOWS\System32\shlwapi.dll
0x00007ff83b900000 - 0x00007ff83b921000 	C:\WINDOWS\SYSTEM32\profapi.dll
0x00007fffca780000 - 0x00007fffca799000 	C:\Program Files\Android\Android Studio\jbr\bin\net.dll
0x00007ff831c00000 - 0x00007ff831d37000 	C:\WINDOWS\SYSTEM32\WINHTTP.dll
0x00007ff83ae90000 - 0x00007ff83aef9000 	C:\WINDOWS\system32\mswsock.dll
0x00007fffc9340000 - 0x00007fffc9356000 	C:\Program Files\Android\Android Studio\jbr\bin\nio.dll
0x00007ff804e60000 - 0x00007ff804e70000 	C:\Program Files\Android\Android Studio\jbr\bin\verify.dll
0x00007ff836a60000 - 0x00007ff836a87000 	C:\Users\tranv\.gradle\native\68d5fa5c4cc2d200863cafc0d521ce42e7d3e7ee720ec0a83991735586a16f82\windows-amd64\native-platform.dll
0x00007ff80d9a0000 - 0x00007ff80dae4000 	C:\Users\tranv\.gradle\native\e376f236ea51e6404a007f0833ffe2c6e607c4080706a723a18a27aeea778392\windows-amd64\native-platform-file-events.dll
0x00007ff816cd0000 - 0x00007ff816cd9000 	C:\Program Files\Android\Android Studio\jbr\bin\management.dll
0x00007ff807490000 - 0x00007ff80749b000 	C:\Program Files\Android\Android Studio\jbr\bin\management_ext.dll
0x00007ff83e020000 - 0x00007ff83e028000 	C:\WINDOWS\System32\PSAPI.DLL
0x00007ff83b0f0000 - 0x00007ff83b10b000 	C:\WINDOWS\SYSTEM32\CRYPTSP.dll
0x00007ff83a990000 - 0x00007ff83a9c5000 	C:\WINDOWS\system32\rsaenh.dll
0x00007ff83af90000 - 0x00007ff83afb8000 	C:\WINDOWS\SYSTEM32\USERENV.dll
0x00007ff83b2b0000 - 0x00007ff83b2d8000 	C:\WINDOWS\SYSTEM32\bcrypt.dll
0x00007ff83b110000 - 0x00007ff83b11c000 	C:\WINDOWS\SYSTEM32\CRYPTBASE.dll
0x00007ff83a500000 - 0x00007ff83a52d000 	C:\WINDOWS\SYSTEM32\IPHLPAPI.DLL
0x00007ff83c900000 - 0x00007ff83c909000 	C:\WINDOWS\System32\NSI.dll
0x00007ff832120000 - 0x00007ff832139000 	C:\WINDOWS\SYSTEM32\dhcpcsvc6.DLL
0x00007ff8316e0000 - 0x00007ff8316ff000 	C:\WINDOWS\SYSTEM32\dhcpcsvc.DLL
0x00007ff83a570000 - 0x00007ff83a663000 	C:\WINDOWS\SYSTEM32\DNSAPI.dll
0x00007ff8044b0000 - 0x00007ff8044b8000 	C:\WINDOWS\system32\wshunix.dll
0x00007ff83aa40000 - 0x00007ff83aa74000 	C:\WINDOWS\SYSTEM32\ntmarta.dll

dbghelp: loaded successfully - version: 4.0.5 - missing functions: none
symbol engine: initialized successfully - sym options: 0x614 - pdb path: .;C:\Program Files\Android\Android Studio\jbr\bin;C:\WINDOWS\SYSTEM32;C:\WINDOWS\WinSxS\amd64_microsoft.windows.common-controls_6595b64144ccf1df_6.0.22621.608_none_a9444ca7c10bb01d;C:\Program Files\Android\Android Studio\jbr\bin\server;C:\Users\tranv\.gradle\native\68d5fa5c4cc2d200863cafc0d521ce42e7d3e7ee720ec0a83991735586a16f82\windows-amd64;C:\Users\tranv\.gradle\native\e376f236ea51e6404a007f0833ffe2c6e607c4080706a723a18a27aeea778392\windows-amd64

VM Arguments:
jvm_args: --add-opens=java.base/java.util=ALL-UNNAMED --add-opens=java.base/java.lang=ALL-UNNAMED --add-opens=java.base/java.lang.invoke=ALL-UNNAMED --add-opens=java.prefs/java.util.prefs=ALL-UNNAMED --add-opens=java.base/java.nio.charset=ALL-UNNAMED --add-opens=java.base/java.net=ALL-UNNAMED --add-opens=java.base/java.util.concurrent.atomic=ALL-UNNAMED -Xmx2048m -Dfile.encoding=UTF-8 -Duser.country=US -Duser.language=en -Duser.variant 
java_command: org.gradle.launcher.daemon.bootstrap.GradleDaemon 8.0
java_class_path (initial): C:\Users\tranv\.gradle\wrapper\dists\gradle-8.0-bin\ca5e32bp14vu59qr306oxotwh\gradle-8.0\lib\gradle-launcher-8.0.jar
Launcher Type: SUN_STANDARD

[Global flags]
     intx CICompilerCount                          = 4                                         {product} {ergonomic}
     uint ConcGCThreads                            = 2                                         {product} {ergonomic}
     uint G1ConcRefinementThreads                  = 8                                         {product} {ergonomic}
   size_t G1HeapRegionSize                         = 1048576                                   {product} {ergonomic}
    uintx GCDrainStackTargetSize                   = 64                                        {product} {ergonomic}
   size_t InitialHeapSize                          = 132120576                                 {product} {ergonomic}
   size_t MarkStackSize                            = 4194304                                   {product} {ergonomic}
   size_t MaxHeapSize                              = 2147483648                                {product} {command line}
   size_t MaxNewSize                               = 1287651328                                {product} {ergonomic}
   size_t MinHeapDeltaBytes                        = 1048576                                   {product} {ergonomic}
   size_t MinHeapSize                              = 8388608                                   {product} {ergonomic}
    uintx NonNMethodCodeHeapSize                   = 5839372                                {pd product} {ergonomic}
    uintx NonProfiledCodeHeapSize                  = 122909434                              {pd product} {ergonomic}
    uintx ProfiledCodeHeapSize                     = 122909434                              {pd product} {ergonomic}
    uintx ReservedCodeCacheSize                    = 251658240                              {pd product} {ergonomic}
     bool SegmentedCodeCache                       = true                                      {product} {ergonomic}
   size_t SoftMaxHeapSize                          = 2147483648                             {manageable} {ergonomic}
     bool UseCompressedClassPointers               = true                           {product lp64_product} {ergonomic}
     bool UseCompressedOops                        = true                           {product lp64_product} {ergonomic}
     bool UseG1GC                                  = true                                      {product} {ergonomic}
     bool UseLargePagesIndividualAllocation        = false                                  {pd product} {ergonomic}

Logging:
Log output configuration:
 #0: stdout all=warning uptime,level,tags
 #1: stderr all=off uptime,level,tags

Environment Variables:
PATH=C:\Program Files\Common Files\Oracle\Java\javapath;C:\Program Files (x86)\Common Files\Oracle\Java\javapath;C:\WINDOWS\system32;C:\WINDOWS;C:\WINDOWS\System32\Wbem;C:\WINDOWS\System32\WindowsPowerShell\v1.0\;C:\WINDOWS\System32\OpenSSH\;%JAVA_HOME%\bin;C:\Program Files\nodejs\;C:\Program Files\dotnet\;C:\Program Files\Git\cmd;D:\program\xampp\php;C:\composer;C:\Users\tranv\AppData\Local\Programs\Python\Python310\Scripts\;C:\Users\tranv\AppData\Local\Programs\Python\Python310\;C:\Users\tranv\AppData\Local\Microsoft\WindowsApps;C:\Users\tranv\AppData\Local\Programs\Microsoft VS Code\bin;C:\Users\tranv\AppData\Roaming\npm;C:\Users\tranv\.dotnet\tools;C:\Users\tranv\AppData\Local\GitHubDesktop\bin;C:\Program Files\Inkscape\bin;C:\Program Files\Java\jdk-19\bin;C:\Users\tranv\AppData\Local\JetBrains\Toolbox\scripts;C:\Program Files\heroku\bin;C:\Users\tranv\AppData\Roaming\Composer\vendor\bin
USERNAME=tranv
OS=Windows_NT
PROCESSOR_IDENTIFIER=Intel64 Family 6 Model 142 Stepping 12, GenuineIntel
TMP=C:\Users\tranv\AppData\Local\Temp
TEMP=C:\Users\tranv\AppData\Local\Temp



---------------  S Y S T E M  ---------------

OS:
 Windows 11 , 64 bit Build 22621 (10.0.22621.1485)
OS uptime: 0 days 20:43 hours

CPU: total 8 (initial active 8) (4 cores per cpu, 2 threads per core) family 6 model 142 stepping 12 microcode 0xec, cx8, cmov, fxsr, ht, mmx, 3dnowpref, sse, sse2, sse3, ssse3, sse4.1, sse4.2, popcnt, lzcnt, tsc, tscinvbit, avx, avx2, aes, erms, clmul, bmi1, bmi2, adx, fma, vzeroupper, clflush, clflushopt

Memory: 4k page, system-wide physical 8014M (433M free)
TotalPageFile size 32590M (AvailPageFile size 215M)
current process WorkingSet (physical memory assigned to process): 498M, peak: 518M
current process commit charge ("private bytes"): 557M, peak: 798M

vm_info: OpenJDK 64-Bit Server VM (17.0.6+0-b2043.56-9586694) for windows-amd64 JRE (17.0.6+0-b2043.56-9586694), built on Feb  9 2023 20:06:20 by "androidbuild" with MS VC++ 16.10 / 16.11 (VS2019)

END.
