#
# There is insufficient memory for the Java Runtime Environment to continue.
# Native memory allocation (mmap) failed to map 310378496 bytes for G1 virtual space
# Possible reasons:
#   The system is out of physical RAM or swap space
#   The process is running with CompressedOops enabled, and the Java Heap may be blocking the growth of the native heap
# Possible solutions:
#   Reduce memory load on the system
#   Increase physical memory or swap space
#   Check if swap backing store is full
#   Decrease Java heap size (-Xmx/-Xms)
#   Decrease number of Java threads
#   Decrease Java thread stack sizes (-Xss)
#   Set larger code cache with -XX:ReservedCodeCacheSize=
#   JVM is running with Unscaled Compressed Oops mode in which the Java heap is
#     placed in the first 4GB address space. The Java Heap base address is the
#     maximum limit for the native heap growth. Please use -XX:HeapBaseMinAddress
#     to set the Java Heap base and to place the Java Heap above 4GB virtual address.
# This output file may be truncated or incomplete.
#
#  Out of Memory Error (os_windows.cpp:3769), pid=10268, tid=22784
#
# JRE version: OpenJDK Runtime Environment (17.0.6) (build 17.0.6+0-b2043.56-9586694)
# Java VM: OpenJDK 64-Bit Server VM (17.0.6+0-b2043.56-9586694, mixed mode, tiered, compressed oops, compressed class ptrs, g1 gc, windows-amd64)
# No core dump will be written. Minidumps are not enabled by default on client versions of Windows
#

---------------  S U M M A R Y ------------

Command Line: --add-opens=java.base/java.util=ALL-UNNAMED --add-opens=java.base/java.lang=ALL-UNNAMED --add-opens=java.base/java.lang.invoke=ALL-UNNAMED --add-opens=java.prefs/java.util.prefs=ALL-UNNAMED --add-opens=java.base/java.nio.charset=ALL-UNNAMED --add-opens=java.base/java.net=ALL-UNNAMED --add-opens=java.base/java.util.concurrent.atomic=ALL-UNNAMED -Xmx2048m -Dfile.encoding=UTF-8 -Duser.country=US -Duser.language=en -Duser.variant org.gradle.launcher.daemon.bootstrap.GradleDaemon 8.0

Host: Intel(R) Core(TM) i5-10210U CPU @ 1.60GHz, 8 cores, 7G,  Windows 11 , 64 bit Build 22621 (10.0.22621.1485)
Time: Thu Apr 27 15:29:56 2023 SE Asia Standard Time elapsed time: 22.604944 seconds (0d 0h 0m 22s)

---------------  T H R E A D  ---------------

Current thread (0x000001feb6efc920):  VMThread "VM Thread" [stack: 0x00000037be700000,0x00000037be800000] [id=22784]

Stack: [0x00000037be700000,0x00000037be800000]
Native frames: (J=compiled Java code, j=interpreted, Vv=VM code, C=native code)
V  [jvm.dll+0x683b4a]
V  [jvm.dll+0x842654]
V  [jvm.dll+0x843dfe]
V  [jvm.dll+0x844463]
V  [jvm.dll+0x249b75]
V  [jvm.dll+0x680a19]
V  [jvm.dll+0x674f0a]
V  [jvm.dll+0x309acb]
V  [jvm.dll+0x310f86]
V  [jvm.dll+0x3608ee]
V  [jvm.dll+0x360b1f]
V  [jvm.dll+0x2dfbf8]
V  [jvm.dll+0x2ddec4]
V  [jvm.dll+0x2dd4cc]
V  [jvm.dll+0x321f3b]
V  [jvm.dll+0x84893b]
V  [jvm.dll+0x849674]
V  [jvm.dll+0x849b8d]
V  [jvm.dll+0x849f64]
V  [jvm.dll+0x84a030]
V  [jvm.dll+0x7f25fa]
V  [jvm.dll+0x682985]
C  [ucrtbase.dll+0x29363]
C  [KERNEL32.DLL+0x1269d]
C  [ntdll.dll+0x5a9f8]

VM_Operation (0x00000037c81fd290): G1CollectForAllocation, mode: safepoint, requested by thread 0x000001feba424780


---------------  P R O C E S S  ---------------

Threads class SMR info:
_java_thread_list=0x000001febb4dca00, length=146, elements={
0x000001fe9d08a9e0, 0x000001feb6efe3d0, 0x000001feb7822010, 0x000001feb78683a0,
0x000001feb7868f50, 0x000001feb7869900, 0x000001feb786a2b0, 0x000001feb7873050,
0x000001feb7874b00, 0x000001feb789f7f0, 0x000001feb7a14fe0, 0x000001feb7a207b0,
0x000001feb9002140, 0x000001feb9388940, 0x000001feb87a0660, 0x000001feb9d71d30,
0x000001feb92b8510, 0x000001feb8ff3b40, 0x000001feb86b2850, 0x000001feb9dc4100,
0x000001feb9dc5910, 0x000001feb9dc6c50, 0x000001feb9dc4f70, 0x000001feb9dc6780,
0x000001feb9dc45d0, 0x000001feb9dc4aa0, 0x000001feb9dc5440, 0x000001feb9dc5de0,
0x000001feb9dc7120, 0x000001feb9dc75f0, 0x000001feb9dc3c30, 0x000001feb9dc62b0,
0x000001febccbebb0, 0x000001febccbc530, 0x000001febccbf080, 0x000001febccbfa20,
0x000001febccbd3a0, 0x000001febccbd870, 0x000001febccbdd40, 0x000001febccbf550,
0x000001febccbced0, 0x000001febccc1bd0, 0x000001febccc2570, 0x000001febccc2a40,
0x000001febccbe6e0, 0x000001febccbfef0, 0x000001febccc20a0, 0x000001febccc03c0,
0x000001febccc2f10, 0x000001febccc0890, 0x000001febccc0d60, 0x000001febccc1230,
0x000001febccc1700, 0x000001febccc38b0, 0x000001febccbc060, 0x000001feba36be20,
0x000001feba36e970, 0x000001feba36db00, 0x000001feba36a140, 0x000001feba36fcb0,
0x000001feba3697a0, 0x000001feba36aae0, 0x000001feba36afb0, 0x000001feba36ee40,
0x000001feba36f310, 0x000001feba36a610, 0x000001feba368930, 0x000001feba36d160,
0x000001feba36dfd0, 0x000001feba36b480, 0x000001feba36e4a0, 0x000001feba36f7e0,
0x000001feba370180, 0x000001feba36cc90, 0x000001feba369c70, 0x000001feba368e00,
0x000001feba36c2f0, 0x000001feba36b950, 0x000001feba36c7c0, 0x000001feba36d630,
0x000001feba3692d0, 0x000001febb53e560, 0x000001febb53ef00, 0x000001febb53f3d0,
0x000001febb5428c0, 0x000001febb53f8a0, 0x000001febb5423f0, 0x000001febb542d90,
0x000001febb543260, 0x000001febb540be0, 0x000001febb53ba10, 0x000001febb5410b0,
0x000001febb53fd70, 0x000001febb53c3b0, 0x000001febb53bee0, 0x000001febb540710,
0x000001febb540240, 0x000001febb541580, 0x000001febb53c880, 0x000001febb541a50,
0x000001febb53cd50, 0x000001febb53ea30, 0x000001febb541f20, 0x000001febb53d220,
0x000001febb53d6f0, 0x000001febb53dbc0, 0x000001febb53e090, 0x000001febb02b570,
0x000001febb02ba40, 0x000001febb02e0c0, 0x000001febb028ef0, 0x000001febb02e590,
0x000001febb02c8b0, 0x000001febb02a230, 0x000001febb02ea60, 0x000001febb02bf10,
0x000001febb02ef30, 0x000001febb0276e0, 0x000001febb02dbf0, 0x000001febb02abd0,
0x000001febb027bb0, 0x000001febb02cd80, 0x000001febb028080, 0x000001febb028a20,
0x000001febb02d720, 0x000001febb0a5e00, 0x000001feb7e225f0, 0x000001feb7e1ff70,
0x000001feb7e212b0, 0x000001feb7e23460, 0x000001feb7e1e760, 0x000001feb7e22ac0,
0x000001feb7e21780, 0x000001feb7e23930, 0x000001feb7e23e00, 0x000001feb7e247a0,
0x000001feb7e1f5d0, 0x000001febb0a4ed0, 0x000001febdbf1400, 0x000001febdbf0590,
0x000001febdbf00c0, 0x000001feba424780, 0x000001febd9fc0b0, 0x000001febd9fb240,
0x000001fec145a3b0, 0x000001feba425ac0
}

Java Threads: ( => current thread )
  0x000001fe9d08a9e0 JavaThread "main" [_thread_blocked, id=13064, stack(0x00000037be100000,0x00000037be200000)]
  0x000001feb6efe3d0 JavaThread "Reference Handler" daemon [_thread_blocked, id=20528, stack(0x00000037be800000,0x00000037be900000)]
  0x000001feb7822010 JavaThread "Finalizer" daemon [_thread_blocked, id=13708, stack(0x00000037be900000,0x00000037bea00000)]
  0x000001feb78683a0 JavaThread "Signal Dispatcher" daemon [_thread_blocked, id=2620, stack(0x00000037bea00000,0x00000037beb00000)]
  0x000001feb7868f50 JavaThread "Attach Listener" daemon [_thread_blocked, id=13848, stack(0x00000037beb00000,0x00000037bec00000)]
  0x000001feb7869900 JavaThread "Service Thread" daemon [_thread_blocked, id=21100, stack(0x00000037bec00000,0x00000037bed00000)]
  0x000001feb786a2b0 JavaThread "Monitor Deflation Thread" daemon [_thread_blocked, id=14736, stack(0x00000037bed00000,0x00000037bee00000)]
  0x000001feb7873050 JavaThread "C2 CompilerThread0" daemon [_thread_blocked, id=19908, stack(0x00000037bee00000,0x00000037bef00000)]
  0x000001feb7874b00 JavaThread "C1 CompilerThread0" daemon [_thread_blocked, id=12752, stack(0x00000037bef00000,0x00000037bf000000)]
  0x000001feb789f7f0 JavaThread "Sweeper thread" daemon [_thread_blocked, id=3796, stack(0x00000037bf000000,0x00000037bf100000)]
  0x000001feb7a14fe0 JavaThread "Common-Cleaner" daemon [_thread_blocked, id=18776, stack(0x00000037bf100000,0x00000037bf200000)]
  0x000001feb7a207b0 JavaThread "Notification Thread" daemon [_thread_blocked, id=21616, stack(0x00000037bf200000,0x00000037bf300000)]
  0x000001feb9002140 JavaThread "Daemon health stats" [_thread_blocked, id=18552, stack(0x00000037bfa00000,0x00000037bfb00000)]
  0x000001feb9388940 JavaThread "Incoming local TCP Connector on port 50548" [_thread_in_native, id=13416, stack(0x00000037bfb00000,0x00000037bfc00000)]
  0x000001feb87a0660 JavaThread "Daemon periodic checks" [_thread_blocked, id=20068, stack(0x00000037bfc00000,0x00000037bfd00000)]
  0x000001feb9d71d30 JavaThread "Daemon" [_thread_blocked, id=22808, stack(0x00000037bfd00000,0x00000037bfe00000)]
  0x000001feb92b8510 JavaThread "Handler for socket connection from /127.0.0.1:50548 to /127.0.0.1:50549" [_thread_in_native, id=17608, stack(0x00000037bfe00000,0x00000037bff00000)]
  0x000001feb8ff3b40 JavaThread "Cancel handler" [_thread_blocked, id=13792, stack(0x00000037bff00000,0x00000037c0000000)]
  0x000001feb86b2850 JavaThread "Daemon worker" [_thread_blocked, id=5144, stack(0x00000037c0000000,0x00000037c0100000)]
  0x000001feb9dc4100 JavaThread "Asynchronous log dispatcher for DefaultDaemonConnection: socket connection from /127.0.0.1:50548 to /127.0.0.1:50549" [_thread_blocked, id=10256, stack(0x00000037c0100000,0x00000037c0200000)]
  0x000001feb9dc5910 JavaThread "Stdin handler" [_thread_blocked, id=2784, stack(0x00000037c0200000,0x00000037c0300000)]
  0x000001feb9dc6c50 JavaThread "Daemon client event forwarder" [_thread_blocked, id=10800, stack(0x00000037c0300000,0x00000037c0400000)]
  0x000001feb9dc4f70 JavaThread "Cache worker for journal cache (C:\Users\tranv\.gradle\caches\journal-1)" [_thread_blocked, id=19928, stack(0x00000037c0800000,0x00000037c0900000)]
  0x000001feb9dc6780 JavaThread "File lock request listener" [_thread_in_native, id=20884, stack(0x00000037c0900000,0x00000037c0a00000)]
  0x000001feb9dc45d0 JavaThread "Cache worker for file hash cache (C:\Users\tranv\.gradle\caches\8.0\fileHashes)" [_thread_blocked, id=8176, stack(0x00000037c0a00000,0x00000037c0b00000)]
  0x000001feb9dc4aa0 JavaThread "File watcher server" daemon [_thread_blocked, id=10832, stack(0x00000037c0b00000,0x00000037c0c00000)]
  0x000001feb9dc5440 JavaThread "File watcher consumer" daemon [_thread_blocked, id=17096, stack(0x00000037c0c00000,0x00000037c0d00000)]
  0x000001feb9dc5de0 JavaThread "Cache worker for checksums cache (C:\Users\tranv\AndroidStudio\BaoStore\.gradle\8.0\checksums)" [_thread_blocked, id=5056, stack(0x00000037c0d00000,0x00000037c0e00000)]
  0x000001feb9dc7120 JavaThread "Cache worker for cache directory md-rule (C:\Users\tranv\.gradle\caches\8.0\md-rule)" [_thread_blocked, id=20376, stack(0x00000037c0e00000,0x00000037c0f00000)]
  0x000001feb9dc75f0 JavaThread "Cache worker for file content cache (C:\Users\tranv\.gradle\caches\8.0\fileContent)" [_thread_blocked, id=4324, stack(0x00000037c0f00000,0x00000037c1000000)]
  0x000001feb9dc3c30 JavaThread "Cache worker for file hash cache (C:\Users\tranv\AndroidStudio\BaoStore\.gradle\8.0\fileHashes)" [_thread_blocked, id=14156, stack(0x00000037c1000000,0x00000037c1100000)]
  0x000001feb9dc62b0 JavaThread "Cache worker for cache directory md-supplier (C:\Users\tranv\.gradle\caches\8.0\md-supplier)" [_thread_blocked, id=21884, stack(0x00000037c1100000,0x00000037c1200000)]
  0x000001febccbebb0 JavaThread "Cache worker for execution history cache (C:\Users\tranv\.gradle\caches\8.0\executionHistory)" [_thread_blocked, id=14436, stack(0x00000037bf500000,0x00000037bf600000)]
  0x000001febccbc530 JavaThread "jar transforms" [_thread_blocked, id=13964, stack(0x00000037c1200000,0x00000037c1300000)]
  0x000001febccbf080 JavaThread "jar transforms Thread 2" [_thread_blocked, id=8792, stack(0x00000037c1300000,0x00000037c1400000)]
  0x000001febccbfa20 JavaThread "jar transforms Thread 3" [_thread_blocked, id=772, stack(0x00000037c1600000,0x00000037c1700000)]
  0x000001febccbd3a0 JavaThread "jar transforms Thread 4" [_thread_blocked, id=15388, stack(0x00000037c1700000,0x00000037c1800000)]
  0x000001febccbd870 JavaThread "Cache worker for dependencies-accessors (C:\Users\tranv\AndroidStudio\BaoStore\.gradle\8.0\dependencies-accessors)" [_thread_blocked, id=5548, stack(0x00000037c1800000,0x00000037c1900000)]
  0x000001febccbdd40 JavaThread "jar transforms Thread 5" [_thread_blocked, id=4108, stack(0x00000037c1900000,0x00000037c1a00000)]
  0x000001febccbf550 JavaThread "Cache worker for Build Output Cleanup Cache (C:\Users\tranv\AndroidStudio\BaoStore\.gradle\buildOutputCleanup)" [_thread_blocked, id=5324, stack(0x00000037c1a00000,0x00000037c1b00000)]
  0x000001febccbced0 JavaThread "Unconstrained build operations" [_thread_blocked, id=6816, stack(0x00000037c1b00000,0x00000037c1c00000)]
  0x000001febccc1bd0 JavaThread "Unconstrained build operations Thread 2" [_thread_blocked, id=12176, stack(0x00000037c1c00000,0x00000037c1d00000)]
  0x000001febccc2570 JavaThread "Unconstrained build operations Thread 3" [_thread_blocked, id=22980, stack(0x00000037c1d00000,0x00000037c1e00000)]
  0x000001febccc2a40 JavaThread "Unconstrained build operations Thread 4" [_thread_blocked, id=11960, stack(0x00000037c1e00000,0x00000037c1f00000)]
  0x000001febccbe6e0 JavaThread "Unconstrained build operations Thread 5" [_thread_blocked, id=14644, stack(0x00000037c1f00000,0x00000037c2000000)]
  0x000001febccbfef0 JavaThread "Unconstrained build operations Thread 6" [_thread_blocked, id=18700, stack(0x00000037c2000000,0x00000037c2100000)]
  0x000001febccc20a0 JavaThread "Unconstrained build operations Thread 7" [_thread_blocked, id=1460, stack(0x00000037c2100000,0x00000037c2200000)]
  0x000001febccc03c0 JavaThread "Unconstrained build operations Thread 8" [_thread_blocked, id=10880, stack(0x00000037c2200000,0x00000037c2300000)]
  0x000001febccc2f10 JavaThread "Unconstrained build operations Thread 9" [_thread_blocked, id=16080, stack(0x00000037c2300000,0x00000037c2400000)]
  0x000001febccc0890 JavaThread "Unconstrained build operations Thread 10" [_thread_blocked, id=7276, stack(0x00000037c2400000,0x00000037c2500000)]
  0x000001febccc0d60 JavaThread "Unconstrained build operations Thread 11" [_thread_blocked, id=10544, stack(0x00000037c2500000,0x00000037c2600000)]
  0x000001febccc1230 JavaThread "Unconstrained build operations Thread 12" [_thread_blocked, id=3976, stack(0x00000037c2600000,0x00000037c2700000)]
  0x000001febccc1700 JavaThread "Unconstrained build operations Thread 13" [_thread_blocked, id=12828, stack(0x00000037c2700000,0x00000037c2800000)]
  0x000001febccc38b0 JavaThread "Unconstrained build operations Thread 14" [_thread_blocked, id=17764, stack(0x00000037c2800000,0x00000037c2900000)]
  0x000001febccbc060 JavaThread "Unconstrained build operations Thread 15" [_thread_blocked, id=20168, stack(0x00000037c2900000,0x00000037c2a00000)]
  0x000001feba36be20 JavaThread "Unconstrained build operations Thread 16" [_thread_blocked, id=11908, stack(0x00000037c2a00000,0x00000037c2b00000)]
  0x000001feba36e970 JavaThread "Unconstrained build operations Thread 17" [_thread_blocked, id=8308, stack(0x00000037c2b00000,0x00000037c2c00000)]
  0x000001feba36db00 JavaThread "Unconstrained build operations Thread 18" [_thread_blocked, id=6052, stack(0x00000037c2c00000,0x00000037c2d00000)]
  0x000001feba36a140 JavaThread "Unconstrained build operations Thread 19" [_thread_blocked, id=17684, stack(0x00000037c2d00000,0x00000037c2e00000)]
  0x000001feba36fcb0 JavaThread "Unconstrained build operations Thread 20" [_thread_blocked, id=23488, stack(0x00000037c2e00000,0x00000037c2f00000)]
  0x000001feba3697a0 JavaThread "Unconstrained build operations Thread 21" [_thread_blocked, id=4752, stack(0x00000037c2f00000,0x00000037c3000000)]
  0x000001feba36aae0 JavaThread "Unconstrained build operations Thread 22" [_thread_blocked, id=20588, stack(0x00000037c3000000,0x00000037c3100000)]
  0x000001feba36afb0 JavaThread "Unconstrained build operations Thread 23" [_thread_blocked, id=21668, stack(0x00000037c3100000,0x00000037c3200000)]
  0x000001feba36ee40 JavaThread "Unconstrained build operations Thread 24" [_thread_blocked, id=780, stack(0x00000037c3200000,0x00000037c3300000)]
  0x000001feba36f310 JavaThread "Unconstrained build operations Thread 25" [_thread_blocked, id=17704, stack(0x00000037c3300000,0x00000037c3400000)]
  0x000001feba36a610 JavaThread "Unconstrained build operations Thread 26" [_thread_blocked, id=9488, stack(0x00000037c3400000,0x00000037c3500000)]
  0x000001feba368930 JavaThread "Unconstrained build operations Thread 27" [_thread_blocked, id=7072, stack(0x00000037c3500000,0x00000037c3600000)]
  0x000001feba36d160 JavaThread "Unconstrained build operations Thread 28" [_thread_blocked, id=10852, stack(0x00000037c3600000,0x00000037c3700000)]
  0x000001feba36dfd0 JavaThread "Unconstrained build operations Thread 29" [_thread_blocked, id=3596, stack(0x00000037c3700000,0x00000037c3800000)]
  0x000001feba36b480 JavaThread "Unconstrained build operations Thread 30" [_thread_blocked, id=11528, stack(0x00000037c3800000,0x00000037c3900000)]
  0x000001feba36e4a0 JavaThread "Unconstrained build operations Thread 31" [_thread_blocked, id=15492, stack(0x00000037c3900000,0x00000037c3a00000)]
  0x000001feba36f7e0 JavaThread "Unconstrained build operations Thread 32" [_thread_blocked, id=16860, stack(0x00000037c3a00000,0x00000037c3b00000)]
  0x000001feba370180 JavaThread "Unconstrained build operations Thread 33" [_thread_blocked, id=10220, stack(0x00000037c3b00000,0x00000037c3c00000)]
  0x000001feba36cc90 JavaThread "Unconstrained build operations Thread 34" [_thread_blocked, id=13300, stack(0x00000037c3c00000,0x00000037c3d00000)]
  0x000001feba369c70 JavaThread "Unconstrained build operations Thread 35" [_thread_blocked, id=11508, stack(0x00000037c3d00000,0x00000037c3e00000)]
  0x000001feba368e00 JavaThread "Unconstrained build operations Thread 36" [_thread_blocked, id=21088, stack(0x00000037c3e00000,0x00000037c3f00000)]
  0x000001feba36c2f0 JavaThread "Unconstrained build operations Thread 37" [_thread_blocked, id=12132, stack(0x00000037c3f00000,0x00000037c4000000)]
  0x000001feba36b950 JavaThread "Unconstrained build operations Thread 38" [_thread_blocked, id=21280, stack(0x00000037c4000000,0x00000037c4100000)]
  0x000001feba36c7c0 JavaThread "Unconstrained build operations Thread 39" [_thread_blocked, id=12860, stack(0x00000037c4100000,0x00000037c4200000)]
  0x000001feba36d630 JavaThread "Unconstrained build operations Thread 40" [_thread_blocked, id=21904, stack(0x00000037c4200000,0x00000037c4300000)]
  0x000001feba3692d0 JavaThread "Unconstrained build operations Thread 41" [_thread_blocked, id=18992, stack(0x00000037c4300000,0x00000037c4400000)]
  0x000001febb53e560 JavaThread "Unconstrained build operations Thread 42" [_thread_blocked, id=13728, stack(0x00000037c4400000,0x00000037c4500000)]
  0x000001febb53ef00 JavaThread "Unconstrained build operations Thread 43" [_thread_blocked, id=4184, stack(0x00000037c4500000,0x00000037c4600000)]
  0x000001febb53f3d0 JavaThread "Unconstrained build operations Thread 44" [_thread_blocked, id=4344, stack(0x00000037c4600000,0x00000037c4700000)]
  0x000001febb5428c0 JavaThread "Unconstrained build operations Thread 45" [_thread_blocked, id=7712, stack(0x00000037c4700000,0x00000037c4800000)]
  0x000001febb53f8a0 JavaThread "Unconstrained build operations Thread 46" [_thread_blocked, id=20224, stack(0x00000037c4800000,0x00000037c4900000)]
  0x000001febb5423f0 JavaThread "Unconstrained build operations Thread 47" [_thread_blocked, id=2848, stack(0x00000037c4900000,0x00000037c4a00000)]
  0x000001febb542d90 JavaThread "Unconstrained build operations Thread 48" [_thread_blocked, id=13960, stack(0x00000037c4a00000,0x00000037c4b00000)]
  0x000001febb543260 JavaThread "Unconstrained build operations Thread 49" [_thread_blocked, id=9408, stack(0x00000037c4b00000,0x00000037c4c00000)]
  0x000001febb540be0 JavaThread "Unconstrained build operations Thread 50" [_thread_blocked, id=9528, stack(0x00000037c4c00000,0x00000037c4d00000)]
  0x000001febb53ba10 JavaThread "Unconstrained build operations Thread 51" [_thread_blocked, id=1924, stack(0x00000037c4d00000,0x00000037c4e00000)]
  0x000001febb5410b0 JavaThread "Unconstrained build operations Thread 52" [_thread_blocked, id=14872, stack(0x00000037c4e00000,0x00000037c4f00000)]
  0x000001febb53fd70 JavaThread "Unconstrained build operations Thread 53" [_thread_blocked, id=21064, stack(0x00000037c4f00000,0x00000037c5000000)]
  0x000001febb53c3b0 JavaThread "Unconstrained build operations Thread 54" [_thread_blocked, id=18104, stack(0x00000037c5000000,0x00000037c5100000)]
  0x000001febb53bee0 JavaThread "Unconstrained build operations Thread 55" [_thread_blocked, id=1536, stack(0x00000037c5100000,0x00000037c5200000)]
  0x000001febb540710 JavaThread "Unconstrained build operations Thread 56" [_thread_blocked, id=14412, stack(0x00000037c5200000,0x00000037c5300000)]
  0x000001febb540240 JavaThread "Unconstrained build operations Thread 57" [_thread_blocked, id=19284, stack(0x00000037c5300000,0x00000037c5400000)]
  0x000001febb541580 JavaThread "Unconstrained build operations Thread 58" [_thread_blocked, id=14048, stack(0x00000037c5400000,0x00000037c5500000)]
  0x000001febb53c880 JavaThread "Unconstrained build operations Thread 59" [_thread_blocked, id=7688, stack(0x00000037c5500000,0x00000037c5600000)]
  0x000001febb541a50 JavaThread "Unconstrained build operations Thread 60" [_thread_blocked, id=22796, stack(0x00000037c5600000,0x00000037c5700000)]
  0x000001febb53cd50 JavaThread "Unconstrained build operations Thread 61" [_thread_blocked, id=16024, stack(0x00000037c5700000,0x00000037c5800000)]
  0x000001febb53ea30 JavaThread "Unconstrained build operations Thread 62" [_thread_blocked, id=10468, stack(0x00000037c5800000,0x00000037c5900000)]
  0x000001febb541f20 JavaThread "Unconstrained build operations Thread 63" [_thread_blocked, id=9296, stack(0x00000037c5900000,0x00000037c5a00000)]
  0x000001febb53d220 JavaThread "Unconstrained build operations Thread 64" [_thread_blocked, id=21916, stack(0x00000037c5a00000,0x00000037c5b00000)]
  0x000001febb53d6f0 JavaThread "Unconstrained build operations Thread 65" [_thread_blocked, id=14972, stack(0x00000037c5b00000,0x00000037c5c00000)]
  0x000001febb53dbc0 JavaThread "Unconstrained build operations Thread 66" [_thread_blocked, id=21428, stack(0x00000037c5c00000,0x00000037c5d00000)]
  0x000001febb53e090 JavaThread "Unconstrained build operations Thread 67" [_thread_blocked, id=15636, stack(0x00000037c5d00000,0x00000037c5e00000)]
  0x000001febb02b570 JavaThread "Unconstrained build operations Thread 68" [_thread_blocked, id=9432, stack(0x00000037c5e00000,0x00000037c5f00000)]
  0x000001febb02ba40 JavaThread "Unconstrained build operations Thread 69" [_thread_blocked, id=9864, stack(0x00000037c5f00000,0x00000037c6000000)]
  0x000001febb02e0c0 JavaThread "Unconstrained build operations Thread 70" [_thread_blocked, id=8456, stack(0x00000037c6000000,0x00000037c6100000)]
  0x000001febb028ef0 JavaThread "Unconstrained build operations Thread 71" [_thread_blocked, id=15272, stack(0x00000037c6100000,0x00000037c6200000)]
  0x000001febb02e590 JavaThread "Unconstrained build operations Thread 72" [_thread_blocked, id=11564, stack(0x00000037c6200000,0x00000037c6300000)]
  0x000001febb02c8b0 JavaThread "Unconstrained build operations Thread 73" [_thread_blocked, id=12948, stack(0x00000037c6300000,0x00000037c6400000)]
  0x000001febb02a230 JavaThread "Unconstrained build operations Thread 74" [_thread_blocked, id=8780, stack(0x00000037c6400000,0x00000037c6500000)]
  0x000001febb02ea60 JavaThread "Unconstrained build operations Thread 75" [_thread_blocked, id=13072, stack(0x00000037c6500000,0x00000037c6600000)]
  0x000001febb02bf10 JavaThread "Unconstrained build operations Thread 76" [_thread_blocked, id=19208, stack(0x00000037c6600000,0x00000037c6700000)]
  0x000001febb02ef30 JavaThread "Unconstrained build operations Thread 77" [_thread_blocked, id=1980, stack(0x00000037c6700000,0x00000037c6800000)]
  0x000001febb0276e0 JavaThread "Unconstrained build operations Thread 78" [_thread_blocked, id=14080, stack(0x00000037c6800000,0x00000037c6900000)]
  0x000001febb02dbf0 JavaThread "Unconstrained build operations Thread 79" [_thread_blocked, id=8276, stack(0x00000037c6900000,0x00000037c6a00000)]
  0x000001febb02abd0 JavaThread "Unconstrained build operations Thread 80" [_thread_blocked, id=840, stack(0x00000037c6a00000,0x00000037c6b00000)]
  0x000001febb027bb0 JavaThread "jar transforms Thread 6" [_thread_blocked, id=21568, stack(0x00000037c6b00000,0x00000037c6c00000)]
  0x000001febb02cd80 JavaThread "jar transforms Thread 7" [_thread_blocked, id=17952, stack(0x00000037c6c00000,0x00000037c6d00000)]
  0x000001febb028080 JavaThread "jar transforms Thread 8" [_thread_blocked, id=17328, stack(0x00000037c6d00000,0x00000037c6e00000)]
  0x000001febb028a20 JavaThread "build event listener" [_thread_blocked, id=12012, stack(0x00000037c6e00000,0x00000037c6f00000)]
  0x000001febb02d720 JavaThread "Memory manager" [_thread_blocked, id=14108, stack(0x00000037c6f00000,0x00000037c7000000)]
  0x000001febb0a5e00 JavaThread "C2 CompilerThread1" daemon [_thread_in_native, id=14948, stack(0x00000037bf400000,0x00000037bf500000)]
  0x000001feb7e225f0 JavaThread "pool-3-thread-1" [_thread_blocked, id=7484, stack(0x00000037c7100000,0x00000037c7200000)]
  0x000001feb7e1ff70 JavaThread "build event listener" [_thread_blocked, id=16076, stack(0x00000037c7200000,0x00000037c7300000)]
  0x000001feb7e212b0 JavaThread "included builds" [_thread_blocked, id=11504, stack(0x00000037c7300000,0x00000037c7400000)]
  0x000001feb7e23460 JavaThread "Execution worker" [_thread_blocked, id=18736, stack(0x00000037c7400000,0x00000037c7500000)]
  0x000001feb7e1e760 JavaThread "Execution worker Thread 2" [_thread_blocked, id=19436, stack(0x00000037c7500000,0x00000037c7600000)]
  0x000001feb7e22ac0 JavaThread "Execution worker Thread 3" [_thread_blocked, id=13740, stack(0x00000037c7600000,0x00000037c7700000)]
  0x000001feb7e21780 JavaThread "Execution worker Thread 4" [_thread_blocked, id=14268, stack(0x00000037c7700000,0x00000037c7800000)]
  0x000001feb7e23930 JavaThread "Execution worker Thread 5" [_thread_blocked, id=13248, stack(0x00000037c7800000,0x00000037c7900000)]
  0x000001feb7e23e00 JavaThread "Execution worker Thread 6" [_thread_blocked, id=16132, stack(0x00000037c7900000,0x00000037c7a00000)]
  0x000001feb7e247a0 JavaThread "Execution worker Thread 7" [_thread_blocked, id=1532, stack(0x00000037c7a00000,0x00000037c7b00000)]
  0x000001feb7e1f5d0 JavaThread "Cache worker for execution history cache (C:\Users\tranv\AndroidStudio\BaoStore\.gradle\8.0\executionHistory)" [_thread_blocked, id=14064, stack(0x00000037c7b00000,0x00000037c7c00000)]
  0x000001febb0a4ed0 JavaThread "C2 CompilerThread2" daemon [_thread_blocked, id=9748, stack(0x00000037c7c00000,0x00000037c7d00000)]
  0x000001febdbf1400 JavaThread "WorkerExecutor Queue" [_thread_blocked, id=10756, stack(0x00000037c7e00000,0x00000037c7f00000)]
  0x000001febdbf0590 JavaThread "WorkerExecutor Queue Thread 2" [_thread_blocked, id=14692, stack(0x00000037c7f00000,0x00000037c8000000)]
  0x000001febdbf00c0 JavaThread "WorkerExecutor Queue Thread 3" [_thread_blocked, id=2156, stack(0x00000037c8000000,0x00000037c8100000)]
  0x000001feba424780 JavaThread "WorkerExecutor Queue Thread 4" [_thread_blocked, id=14680, stack(0x00000037c8100000,0x00000037c8200000)]
  0x000001febd9fc0b0 JavaThread "WorkerExecutor Queue Thread 5" [_thread_blocked, id=11916, stack(0x00000037c8200000,0x00000037c8300000)]
  0x000001febd9fb240 JavaThread "WorkerExecutor Queue Thread 6" [_thread_blocked, id=14904, stack(0x00000037c8300000,0x00000037c8400000)]
  0x000001fec145a3b0 JavaThread "WorkerExecutor Queue Thread 7" [_thread_blocked, id=16884, stack(0x00000037c8400000,0x00000037c8500000)]
  0x000001feba425ac0 JavaThread "WorkerExecutor Queue Thread 8" [_thread_blocked, id=21108, stack(0x00000037c8500000,0x00000037c8600000)]

Other Threads:
=>0x000001feb6efc920 VMThread "VM Thread" [stack: 0x00000037be700000,0x00000037be800000] [id=22784]
  0x000001fe9d11bec0 WatcherThread [stack: 0x00000037bf300000,0x00000037bf400000] [id=9844]
  0x000001fe9d0e7be0 GCTaskThread "GC Thread#0" [stack: 0x00000037be200000,0x00000037be300000] [id=11280]
  0x000001feb7d6b1c0 GCTaskThread "GC Thread#1" [stack: 0x00000037bf600000,0x00000037bf700000] [id=16568]
  0x000001feb881d7b0 GCTaskThread "GC Thread#2" [stack: 0x00000037bf700000,0x00000037bf800000] [id=10264]
  0x000001feb7c4f0a0 GCTaskThread "GC Thread#3" [stack: 0x00000037bf800000,0x00000037bf900000] [id=10036]
  0x000001feb8b1a030 GCTaskThread "GC Thread#4" [stack: 0x00000037bf900000,0x00000037bfa00000] [id=9304]
  0x000001feb8ba24e0 GCTaskThread "GC Thread#5" [stack: 0x00000037c0400000,0x00000037c0500000] [id=10248]
  0x000001feba76f4f0 GCTaskThread "GC Thread#6" [stack: 0x00000037c0500000,0x00000037c0600000] [id=12532]
  0x000001feb9dcb830 GCTaskThread "GC Thread#7" [stack: 0x00000037c0600000,0x00000037c0700000] [id=7492]
  0x000001fe9d0f8b20 ConcurrentGCThread "G1 Main Marker" [stack: 0x00000037be300000,0x00000037be400000] [id=12568]
  0x000001fe9d0f9690 ConcurrentGCThread "G1 Conc#0" [stack: 0x00000037be400000,0x00000037be500000] [id=22208]
  0x000001feb8b42420 ConcurrentGCThread "G1 Conc#1" [stack: 0x00000037c0700000,0x00000037c0800000] [id=4016]
  0x000001feb6d75f80 ConcurrentGCThread "G1 Refine#0" [stack: 0x00000037be500000,0x00000037be600000] [id=11036]
  0x000001febcf008a0 ConcurrentGCThread "G1 Refine#1" [stack: 0x00000037c1500000,0x00000037c1600000] [id=12712]
  0x000001febe2ae460 ConcurrentGCThread "G1 Refine#2" [stack: 0x00000037c1400000,0x00000037c1500000] [id=12476]
  0x000001febe2ae740 ConcurrentGCThread "G1 Refine#3" [stack: 0x00000037c7000000,0x00000037c7100000] [id=1208]
  0x000001febe2ac7a0 ConcurrentGCThread "G1 Refine#4" [stack: 0x00000037c7d00000,0x00000037c7e00000] [id=11700]
  0x000001feb6d76840 ConcurrentGCThread "G1 Service" [stack: 0x00000037be600000,0x00000037be700000] [id=14312]

Threads with active compile tasks:
C2 CompilerThread0    22641 14069   !   4       java.util.concurrent.ConcurrentHashMap::computeIfAbsent (576 bytes)
C1 CompilerThread0    22641 14146       3       org.gradle.internal.execution.history.changes.OutputFileChanges::visitChangesSince (201 bytes)
C2 CompilerThread1    22641 13855       4       com.android.ide.common.resources.NodeUtils::duplicateNode (315 bytes)
C2 CompilerThread2    22641 14132       4       org.apache.xerces.impl.XMLEntityScanner::scanLiteral (746 bytes)

VM state: at safepoint (normal execution)

VM Mutex/Monitor currently owned by a thread:  ([mutex/lock_event])
[0x000001fe9d085bc0] Threads_lock - owner thread: 0x000001feb6efc920
[0x000001fe9d0845d0] Heap_lock - owner thread: 0x000001feba424780

Heap address: 0x0000000080000000, size: 2048 MB, Compressed Oops mode: 32-bit

CDS archive(s) not mapped
Compressed class space mapped at: 0x0000000100000000-0x0000000140000000, reserved size: 1073741824
Narrow klass base: 0x0000000000000000, Narrow klass shift: 3, Narrow klass range: 0x140000000

GC Precious Log:
 CPUs: 8 total, 8 available
 Memory: 8014M
 Large Page Support: Disabled
 NUMA Support: Disabled
 Compressed Oops: Enabled (32-bit)
 Heap Region Size: 1M
 Heap Min Capacity: 8M
 Heap Initial Capacity: 126M
 Heap Max Capacity: 2G
 Pre-touch: Disabled
 Parallel Workers: 8
 Concurrent Workers: 2
 Concurrent Refinement Workers: 8
 Periodic GC: Disabled

Heap:
 garbage-first heap   total 227328K, used 142751K [0x0000000080000000, 0x0000000100000000)
  region size 1024K, 2 young (2048K), 2 survivors (2048K)
 Metaspace       used 98755K, committed 99456K, reserved 1138688K
  class space    used 13074K, committed 13440K, reserved 1048576K

Heap Regions: E=young(eden), S=young(survivor), O=old, HS=humongous(starts), HC=humongous(continues), CS=collection set, F=free, OA=open archive, CA=closed archive, TAMS=top-at-mark-start (previous, next)
|   0|0x0000000080000000, 0x0000000080100000, 0x0000000080100000|100%|HS|  |TAMS 0x0000000080100000, 0x0000000080000000| Complete 
|   1|0x0000000080100000, 0x0000000080200000, 0x0000000080200000|100%|HC|  |TAMS 0x0000000080200000, 0x0000000080100000| Complete 
|   2|0x0000000080200000, 0x0000000080300000, 0x0000000080300000|100%|HC|  |TAMS 0x0000000080300000, 0x0000000080200000| Complete 
|   3|0x0000000080300000, 0x0000000080400000, 0x0000000080400000|100%|HC|  |TAMS 0x0000000080400000, 0x0000000080300000| Complete 
|   4|0x0000000080400000, 0x0000000080500000, 0x0000000080500000|100%| O|  |TAMS 0x0000000080500000, 0x0000000080400000| Untracked 
|   5|0x0000000080500000, 0x0000000080600000, 0x0000000080600000|100%| O|  |TAMS 0x0000000080600000, 0x0000000080500000| Untracked 
|   6|0x0000000080600000, 0x0000000080700000, 0x0000000080700000|100%| O|  |TAMS 0x0000000080700000, 0x0000000080600000| Untracked 
|   7|0x0000000080700000, 0x0000000080800000, 0x0000000080800000|100%| O|  |TAMS 0x0000000080800000, 0x0000000080700000| Untracked 
|   8|0x0000000080800000, 0x0000000080900000, 0x0000000080900000|100%| O|  |TAMS 0x0000000080900000, 0x0000000080800000| Untracked 
|   9|0x0000000080900000, 0x0000000080a00000, 0x0000000080a00000|100%| O|  |TAMS 0x0000000080a00000, 0x0000000080900000| Untracked 
|  10|0x0000000080a00000, 0x0000000080b00000, 0x0000000080b00000|100%| O|  |TAMS 0x0000000080b00000, 0x0000000080a00000| Untracked 
|  11|0x0000000080b00000, 0x0000000080c00000, 0x0000000080c00000|100%| O|  |TAMS 0x0000000080c00000, 0x0000000080b00000| Untracked 
|  12|0x0000000080c00000, 0x0000000080d00000, 0x0000000080d00000|100%| O|  |TAMS 0x0000000080d00000, 0x0000000080c00000| Untracked 
|  13|0x0000000080d00000, 0x0000000080e00000, 0x0000000080e00000|100%| O|  |TAMS 0x0000000080e00000, 0x0000000080d00000| Untracked 
|  14|0x0000000080e00000, 0x0000000080f00000, 0x0000000080f00000|100%| O|  |TAMS 0x0000000080f00000, 0x0000000080e00000| Untracked 
|  15|0x0000000080f00000, 0x0000000081000000, 0x0000000081000000|100%| O|  |TAMS 0x0000000081000000, 0x0000000080f00000| Untracked 
|  16|0x0000000081000000, 0x0000000081100000, 0x0000000081100000|100%| O|  |TAMS 0x0000000081100000, 0x0000000081000000| Untracked 
|  17|0x0000000081100000, 0x0000000081200000, 0x0000000081200000|100%| O|  |TAMS 0x0000000081200000, 0x0000000081100000| Untracked 
|  18|0x0000000081200000, 0x0000000081300000, 0x0000000081300000|100%| O|  |TAMS 0x0000000081300000, 0x0000000081200000| Untracked 
|  19|0x0000000081300000, 0x0000000081400000, 0x0000000081400000|100%| O|  |TAMS 0x0000000081400000, 0x0000000081300000| Untracked 
|  20|0x0000000081400000, 0x0000000081500000, 0x0000000081500000|100%| O|  |TAMS 0x0000000081500000, 0x0000000081400000| Untracked 
|  21|0x0000000081500000, 0x0000000081600000, 0x0000000081600000|100%| O|  |TAMS 0x0000000081600000, 0x0000000081500000| Untracked 
|  22|0x0000000081600000, 0x0000000081700000, 0x0000000081700000|100%| O|  |TAMS 0x0000000081700000, 0x0000000081600000| Untracked 
|  23|0x0000000081700000, 0x0000000081800000, 0x0000000081800000|100%| O|  |TAMS 0x0000000081800000, 0x0000000081700000| Untracked 
|  24|0x0000000081800000, 0x0000000081900000, 0x0000000081900000|100%| O|  |TAMS 0x0000000081900000, 0x0000000081800000| Untracked 
|  25|0x0000000081900000, 0x0000000081a00000, 0x0000000081a00000|100%|HS|  |TAMS 0x0000000081a00000, 0x0000000081900000| Complete 
|  26|0x0000000081a00000, 0x0000000081b00000, 0x0000000081b00000|100%| O|  |TAMS 0x0000000081b00000, 0x0000000081a00000| Untracked 
|  27|0x0000000081b00000, 0x0000000081c00000, 0x0000000081c00000|100%| O|  |TAMS 0x0000000081c00000, 0x0000000081b00000| Untracked 
|  28|0x0000000081c00000, 0x0000000081d00000, 0x0000000081d00000|100%| O|  |TAMS 0x0000000081d00000, 0x0000000081c00000| Untracked 
|  29|0x0000000081d00000, 0x0000000081e00000, 0x0000000081e00000|100%| O|  |TAMS 0x0000000081e00000, 0x0000000081d00000| Untracked 
|  30|0x0000000081e00000, 0x0000000081f00000, 0x0000000081f00000|100%| O|  |TAMS 0x0000000081f00000, 0x0000000081e00000| Untracked 
|  31|0x0000000081f00000, 0x0000000082000000, 0x0000000082000000|100%| O|  |TAMS 0x0000000082000000, 0x0000000081f00000| Untracked 
|  32|0x0000000082000000, 0x0000000082100000, 0x0000000082100000|100%| O|  |TAMS 0x0000000082100000, 0x0000000082000000| Untracked 
|  33|0x0000000082100000, 0x0000000082200000, 0x0000000082200000|100%| O|  |TAMS 0x0000000082200000, 0x0000000082100000| Untracked 
|  34|0x0000000082200000, 0x0000000082300000, 0x0000000082300000|100%|HS|  |TAMS 0x0000000082300000, 0x0000000082200000| Complete 
|  35|0x0000000082300000, 0x0000000082400000, 0x0000000082400000|100%| O|  |TAMS 0x0000000082400000, 0x0000000082300000| Untracked 
|  36|0x0000000082400000, 0x0000000082500000, 0x0000000082500000|100%| O|  |TAMS 0x0000000082500000, 0x0000000082400000| Untracked 
|  37|0x0000000082500000, 0x0000000082600000, 0x0000000082600000|100%| O|  |TAMS 0x0000000082600000, 0x0000000082500000| Untracked 
|  38|0x0000000082600000, 0x0000000082700000, 0x0000000082700000|100%| O|  |TAMS 0x0000000082700000, 0x0000000082600000| Untracked 
|  39|0x0000000082700000, 0x0000000082800000, 0x0000000082800000|100%| O|  |TAMS 0x0000000082800000, 0x0000000082700000| Untracked 
|  40|0x0000000082800000, 0x0000000082900000, 0x0000000082900000|100%| O|  |TAMS 0x0000000082900000, 0x0000000082800000| Untracked 
|  41|0x0000000082900000, 0x0000000082a00000, 0x0000000082a00000|100%| O|  |TAMS 0x0000000082a00000, 0x0000000082900000| Untracked 
|  42|0x0000000082a00000, 0x0000000082b00000, 0x0000000082b00000|100%| O|  |TAMS 0x0000000082b00000, 0x0000000082a00000| Untracked 
|  43|0x0000000082b00000, 0x0000000082c00000, 0x0000000082c00000|100%| O|  |TAMS 0x0000000082c00000, 0x0000000082b00000| Untracked 
|  44|0x0000000082c00000, 0x0000000082d00000, 0x0000000082d00000|100%| O|  |TAMS 0x0000000082d00000, 0x0000000082c00000| Untracked 
|  45|0x0000000082d00000, 0x0000000082e00000, 0x0000000082e00000|100%| O|  |TAMS 0x0000000082e00000, 0x0000000082d00000| Untracked 
|  46|0x0000000082e00000, 0x0000000082f00000, 0x0000000082f00000|100%| O|  |TAMS 0x0000000082f00000, 0x0000000082e00000| Untracked 
|  47|0x0000000082f00000, 0x0000000083000000, 0x0000000083000000|100%| O|  |TAMS 0x0000000083000000, 0x0000000082f00000| Untracked 
|  48|0x0000000083000000, 0x0000000083100000, 0x0000000083100000|100%| O|  |TAMS 0x0000000083100000, 0x0000000083000000| Untracked 
|  49|0x0000000083100000, 0x0000000083200000, 0x0000000083200000|100%| O|  |TAMS 0x0000000083200000, 0x0000000083100000| Untracked 
|  50|0x0000000083200000, 0x0000000083300000, 0x0000000083300000|100%| O|  |TAMS 0x0000000083300000, 0x0000000083200000| Untracked 
|  51|0x0000000083300000, 0x0000000083400000, 0x0000000083400000|100%| O|  |TAMS 0x0000000083400000, 0x0000000083300000| Untracked 
|  52|0x0000000083400000, 0x0000000083500000, 0x0000000083500000|100%| O|  |TAMS 0x0000000083500000, 0x0000000083400000| Untracked 
|  53|0x0000000083500000, 0x0000000083600000, 0x0000000083600000|100%| O|  |TAMS 0x0000000083600000, 0x0000000083500000| Untracked 
|  54|0x0000000083600000, 0x0000000083700000, 0x0000000083700000|100%| O|  |TAMS 0x0000000083700000, 0x0000000083600000| Untracked 
|  55|0x0000000083700000, 0x0000000083800000, 0x0000000083800000|100%| O|  |TAMS 0x0000000083800000, 0x0000000083700000| Untracked 
|  56|0x0000000083800000, 0x0000000083900000, 0x0000000083900000|100%| O|  |TAMS 0x0000000083900000, 0x0000000083800000| Untracked 
|  57|0x0000000083900000, 0x0000000083a00000, 0x0000000083a00000|100%| O|  |TAMS 0x0000000083a00000, 0x0000000083900000| Untracked 
|  58|0x0000000083a00000, 0x0000000083b00000, 0x0000000083b00000|100%| O|  |TAMS 0x0000000083b00000, 0x0000000083a00000| Untracked 
|  59|0x0000000083b00000, 0x0000000083c00000, 0x0000000083c00000|100%| O|  |TAMS 0x0000000083c00000, 0x0000000083b00000| Untracked 
|  60|0x0000000083c00000, 0x0000000083d00000, 0x0000000083d00000|100%| O|  |TAMS 0x0000000083d00000, 0x0000000083c00000| Untracked 
|  61|0x0000000083d00000, 0x0000000083e00000, 0x0000000083e00000|100%| O|  |TAMS 0x0000000083e00000, 0x0000000083d00000| Untracked 
|  62|0x0000000083e00000, 0x0000000083f00000, 0x0000000083f00000|100%| O|  |TAMS 0x0000000083f00000, 0x0000000083e00000| Untracked 
|  63|0x0000000083f00000, 0x0000000084000000, 0x0000000084000000|100%| O|  |TAMS 0x0000000084000000, 0x0000000083f00000| Untracked 
|  64|0x0000000084000000, 0x0000000084100000, 0x0000000084100000|100%| O|  |TAMS 0x0000000084100000, 0x0000000084000000| Untracked 
|  65|0x0000000084100000, 0x0000000084200000, 0x0000000084200000|100%| O|  |TAMS 0x0000000084200000, 0x0000000084100000| Untracked 
|  66|0x0000000084200000, 0x0000000084300000, 0x0000000084300000|100%| O|  |TAMS 0x0000000084300000, 0x0000000084200000| Untracked 
|  67|0x0000000084300000, 0x0000000084400000, 0x0000000084400000|100%| O|  |TAMS 0x0000000084400000, 0x0000000084300000| Untracked 
|  68|0x0000000084400000, 0x0000000084500000, 0x0000000084500000|100%| O|  |TAMS 0x0000000084500000, 0x0000000084400000| Untracked 
|  69|0x0000000084500000, 0x0000000084600000, 0x0000000084600000|100%| O|  |TAMS 0x0000000084600000, 0x0000000084500000| Untracked 
|  70|0x0000000084600000, 0x0000000084700000, 0x0000000084700000|100%| O|  |TAMS 0x0000000084700000, 0x0000000084600000| Untracked 
|  71|0x0000000084700000, 0x0000000084800000, 0x0000000084800000|100%| O|  |TAMS 0x0000000084800000, 0x0000000084700000| Untracked 
|  72|0x0000000084800000, 0x0000000084900000, 0x0000000084900000|100%| O|  |TAMS 0x0000000084900000, 0x0000000084800000| Untracked 
|  73|0x0000000084900000, 0x0000000084a00000, 0x0000000084a00000|100%| O|  |TAMS 0x0000000084a00000, 0x0000000084900000| Untracked 
|  74|0x0000000084a00000, 0x0000000084b00000, 0x0000000084b00000|100%| O|  |TAMS 0x0000000084b00000, 0x0000000084a00000| Untracked 
|  75|0x0000000084b00000, 0x0000000084c00000, 0x0000000084c00000|100%| O|  |TAMS 0x0000000084c00000, 0x0000000084b00000| Untracked 
|  76|0x0000000084c00000, 0x0000000084d00000, 0x0000000084d00000|100%| O|  |TAMS 0x0000000084d00000, 0x0000000084c00000| Untracked 
|  77|0x0000000084d00000, 0x0000000084e00000, 0x0000000084e00000|100%| O|  |TAMS 0x0000000084e00000, 0x0000000084d00000| Untracked 
|  78|0x0000000084e00000, 0x0000000084f00000, 0x0000000084f00000|100%| O|  |TAMS 0x0000000084f00000, 0x0000000084e00000| Untracked 
|  79|0x0000000084f00000, 0x0000000085000000, 0x0000000085000000|100%| O|  |TAMS 0x0000000085000000, 0x0000000084f00000| Untracked 
|  80|0x0000000085000000, 0x0000000085100000, 0x0000000085100000|100%| O|  |TAMS 0x0000000085100000, 0x0000000085000000| Untracked 
|  81|0x0000000085100000, 0x0000000085200000, 0x0000000085200000|100%| O|  |TAMS 0x0000000085200000, 0x0000000085100000| Untracked 
|  82|0x0000000085200000, 0x0000000085300000, 0x0000000085300000|100%| O|  |TAMS 0x0000000085300000, 0x0000000085200000| Untracked 
|  83|0x0000000085300000, 0x0000000085400000, 0x0000000085400000|100%| O|  |TAMS 0x0000000085300000, 0x0000000085300000| Untracked 
|  84|0x0000000085400000, 0x0000000085500000, 0x0000000085500000|100%| O|  |TAMS 0x0000000085500000, 0x0000000085400000| Untracked 
|  85|0x0000000085500000, 0x0000000085600000, 0x0000000085600000|100%| O|  |TAMS 0x0000000085600000, 0x0000000085500000| Untracked 
|  86|0x0000000085600000, 0x0000000085700000, 0x0000000085700000|100%| O|  |TAMS 0x0000000085700000, 0x0000000085600000| Untracked 
|  87|0x0000000085700000, 0x0000000085800000, 0x0000000085800000|100%| O|  |TAMS 0x0000000085800000, 0x0000000085700000| Untracked 
|  88|0x0000000085800000, 0x0000000085900000, 0x0000000085900000|100%| O|  |TAMS 0x0000000085900000, 0x0000000085800000| Untracked 
|  89|0x0000000085900000, 0x0000000085a00000, 0x0000000085a00000|100%| O|  |TAMS 0x0000000085a00000, 0x0000000085900000| Untracked 
|  90|0x0000000085a00000, 0x0000000085b00000, 0x0000000085b00000|100%| O|  |TAMS 0x0000000085b00000, 0x0000000085a00000| Untracked 
|  91|0x0000000085b00000, 0x0000000085c00000, 0x0000000085c00000|100%|HS|  |TAMS 0x0000000085c00000, 0x0000000085b00000| Complete 
|  92|0x0000000085c00000, 0x0000000085d00000, 0x0000000085d00000|100%|HC|  |TAMS 0x0000000085d00000, 0x0000000085c00000| Complete 
|  93|0x0000000085d00000, 0x0000000085e00000, 0x0000000085e00000|100%| O|  |TAMS 0x0000000085e00000, 0x0000000085d00000| Untracked 
|  94|0x0000000085e00000, 0x0000000085f00000, 0x0000000085f00000|100%| O|  |TAMS 0x0000000085f00000, 0x0000000085e00000| Untracked 
|  95|0x0000000085f00000, 0x0000000086000000, 0x0000000086000000|100%| O|  |TAMS 0x0000000086000000, 0x0000000085f00000| Untracked 
|  96|0x0000000086000000, 0x0000000086100000, 0x0000000086100000|100%| O|  |TAMS 0x0000000086100000, 0x0000000086000000| Untracked 
|  97|0x0000000086100000, 0x0000000086200000, 0x0000000086200000|100%| O|  |TAMS 0x0000000086200000, 0x0000000086100000| Untracked 
|  98|0x0000000086200000, 0x0000000086300000, 0x0000000086300000|100%| O|  |TAMS 0x0000000086300000, 0x0000000086200000| Untracked 
|  99|0x0000000086300000, 0x0000000086400000, 0x0000000086400000|100%| O|  |TAMS 0x0000000086400000, 0x0000000086300000| Untracked 
| 100|0x0000000086400000, 0x0000000086500000, 0x0000000086500000|100%| O|  |TAMS 0x0000000086500000, 0x0000000086400000| Untracked 
| 101|0x0000000086500000, 0x0000000086600000, 0x0000000086600000|100%| O|  |TAMS 0x0000000086600000, 0x0000000086500000| Untracked 
| 102|0x0000000086600000, 0x0000000086700000, 0x0000000086700000|100%| O|  |TAMS 0x0000000086700000, 0x0000000086600000| Untracked 
| 103|0x0000000086700000, 0x0000000086800000, 0x0000000086800000|100%| O|  |TAMS 0x0000000086800000, 0x0000000086700000| Untracked 
| 104|0x0000000086800000, 0x0000000086900000, 0x0000000086900000|100%| O|  |TAMS 0x0000000086900000, 0x0000000086800000| Untracked 
| 105|0x0000000086900000, 0x0000000086a00000, 0x0000000086a00000|100%| O|  |TAMS 0x0000000086900000, 0x0000000086900000| Untracked 
| 106|0x0000000086a00000, 0x0000000086b00000, 0x0000000086b00000|100%| O|  |TAMS 0x0000000086a00000, 0x0000000086a00000| Untracked 
| 107|0x0000000086b00000, 0x0000000086c00000, 0x0000000086c00000|100%| O|  |TAMS 0x0000000086b00000, 0x0000000086b00000| Untracked 
| 108|0x0000000086c00000, 0x0000000086d00000, 0x0000000086d00000|100%| O|  |TAMS 0x0000000086c00000, 0x0000000086c00000| Untracked 
| 109|0x0000000086d00000, 0x0000000086e00000, 0x0000000086e00000|100%| O|  |TAMS 0x0000000086d00000, 0x0000000086d00000| Untracked 
| 110|0x0000000086e00000, 0x0000000086f00000, 0x0000000086f00000|100%| O|  |TAMS 0x0000000086e00000, 0x0000000086e00000| Untracked 
| 111|0x0000000086f00000, 0x0000000087000000, 0x0000000087000000|100%| O|  |TAMS 0x0000000086f00000, 0x0000000086f00000| Untracked 
| 112|0x0000000087000000, 0x0000000087100000, 0x0000000087100000|100%| O|  |TAMS 0x0000000087000000, 0x0000000087000000| Untracked 
| 113|0x0000000087100000, 0x0000000087200000, 0x0000000087200000|100%| O|  |TAMS 0x0000000087100000, 0x0000000087100000| Untracked 
| 114|0x0000000087200000, 0x0000000087300000, 0x0000000087300000|100%| O|  |TAMS 0x0000000087200000, 0x0000000087200000| Untracked 
| 115|0x0000000087300000, 0x0000000087400000, 0x0000000087400000|100%| O|  |TAMS 0x0000000087300000, 0x0000000087300000| Untracked 
| 116|0x0000000087400000, 0x0000000087500000, 0x0000000087500000|100%| O|  |TAMS 0x0000000087400000, 0x0000000087400000| Untracked 
| 117|0x0000000087500000, 0x0000000087600000, 0x0000000087600000|100%| O|  |TAMS 0x0000000087500000, 0x0000000087500000| Untracked 
| 118|0x0000000087600000, 0x0000000087700000, 0x0000000087700000|100%| O|  |TAMS 0x0000000087600000, 0x0000000087600000| Untracked 
| 119|0x0000000087700000, 0x0000000087800000, 0x0000000087800000|100%| O|  |TAMS 0x0000000087700000, 0x0000000087700000| Untracked 
| 120|0x0000000087800000, 0x0000000087900000, 0x0000000087900000|100%| O|  |TAMS 0x0000000087800000, 0x0000000087800000| Untracked 
| 121|0x0000000087900000, 0x0000000087a00000, 0x0000000087a00000|100%| O|  |TAMS 0x0000000087900000, 0x0000000087900000| Untracked 
| 122|0x0000000087a00000, 0x0000000087b00000, 0x0000000087b00000|100%| O|  |TAMS 0x0000000087a00000, 0x0000000087a00000| Untracked 
| 123|0x0000000087b00000, 0x0000000087c00000, 0x0000000087c00000|100%| O|  |TAMS 0x0000000087b00000, 0x0000000087b00000| Untracked 
| 124|0x0000000087c00000, 0x0000000087d00000, 0x0000000087d00000|100%| O|  |TAMS 0x0000000087c00000, 0x0000000087c00000| Untracked 
| 125|0x0000000087d00000, 0x0000000087e00000, 0x0000000087e00000|100%| O|  |TAMS 0x0000000087d00000, 0x0000000087d00000| Untracked 
| 126|0x0000000087e00000, 0x0000000087f00000, 0x0000000087f00000|100%| O|  |TAMS 0x0000000087e00000, 0x0000000087e00000| Untracked 
| 127|0x0000000087f00000, 0x0000000088000000, 0x0000000088000000|100%| O|  |TAMS 0x0000000087f00000, 0x0000000087f00000| Untracked 
| 128|0x0000000088000000, 0x0000000088067e00, 0x0000000088100000| 40%| O|  |TAMS 0x0000000088000000, 0x0000000088000000| Untracked 
| 129|0x0000000088100000, 0x0000000088200000, 0x0000000088200000|100%| O|  |TAMS 0x0000000088100000, 0x0000000088100000| Untracked 
| 130|0x0000000088200000, 0x0000000088300000, 0x0000000088300000|100%| O|  |TAMS 0x0000000088200000, 0x0000000088200000| Untracked 
| 131|0x0000000088300000, 0x0000000088400000, 0x0000000088400000|100%| O|  |TAMS 0x0000000088300000, 0x0000000088300000| Untracked 
| 132|0x0000000088400000, 0x0000000088500000, 0x0000000088500000|100%| O|  |TAMS 0x0000000088400000, 0x0000000088400000| Untracked 
| 133|0x0000000088500000, 0x0000000088600000, 0x0000000088600000|100%| O|  |TAMS 0x0000000088500000, 0x0000000088500000| Untracked 
| 134|0x0000000088600000, 0x0000000088700000, 0x0000000088700000|100%| O|  |TAMS 0x0000000088600000, 0x0000000088600000| Untracked 
| 135|0x0000000088700000, 0x0000000088800000, 0x0000000088800000|100%| O|  |TAMS 0x0000000088700000, 0x0000000088700000| Untracked 
| 136|0x0000000088800000, 0x0000000088900000, 0x0000000088900000|100%| O|  |TAMS 0x0000000088800000, 0x0000000088800000| Untracked 
| 137|0x0000000088900000, 0x0000000088a00000, 0x0000000088a00000|100%| O|  |TAMS 0x0000000088900000, 0x0000000088900000| Untracked 
| 138|0x0000000088a00000, 0x0000000088a00000, 0x0000000088b00000|  0%| F|  |TAMS 0x0000000088a00000, 0x0000000088a00000| Untracked 
| 139|0x0000000088b00000, 0x0000000088b00000, 0x0000000088c00000|  0%| F|  |TAMS 0x0000000088b00000, 0x0000000088b00000| Untracked 
| 140|0x0000000088c00000, 0x0000000088c00000, 0x0000000088d00000|  0%| F|  |TAMS 0x0000000088c00000, 0x0000000088c00000| Untracked 
| 141|0x0000000088d00000, 0x0000000088d00000, 0x0000000088e00000|  0%| F|  |TAMS 0x0000000088d00000, 0x0000000088d00000| Untracked 
| 142|0x0000000088e00000, 0x0000000088e00000, 0x0000000088f00000|  0%| F|  |TAMS 0x0000000088e00000, 0x0000000088e00000| Untracked 
| 143|0x0000000088f00000, 0x0000000088f00000, 0x0000000089000000|  0%| F|  |TAMS 0x0000000088f00000, 0x0000000088f00000| Untracked 
| 144|0x0000000089000000, 0x0000000089000000, 0x0000000089100000|  0%| F|  |TAMS 0x0000000089000000, 0x0000000089000000| Untracked 
| 145|0x0000000089100000, 0x0000000089100000, 0x0000000089200000|  0%| F|  |TAMS 0x0000000089100000, 0x0000000089100000| Untracked 
| 146|0x0000000089200000, 0x0000000089200000, 0x0000000089300000|  0%| F|  |TAMS 0x0000000089200000, 0x0000000089200000| Untracked 
| 147|0x0000000089300000, 0x0000000089300000, 0x0000000089400000|  0%| F|  |TAMS 0x0000000089300000, 0x0000000089300000| Untracked 
| 148|0x0000000089400000, 0x0000000089400000, 0x0000000089500000|  0%| F|  |TAMS 0x0000000089400000, 0x0000000089400000| Untracked 
| 149|0x0000000089500000, 0x0000000089500000, 0x0000000089600000|  0%| F|  |TAMS 0x0000000089500000, 0x0000000089500000| Untracked 
| 150|0x0000000089600000, 0x0000000089600000, 0x0000000089700000|  0%| F|  |TAMS 0x0000000089600000, 0x0000000089600000| Untracked 
| 151|0x0000000089700000, 0x0000000089700000, 0x0000000089800000|  0%| F|  |TAMS 0x0000000089700000, 0x0000000089700000| Untracked 
| 152|0x0000000089800000, 0x0000000089800000, 0x0000000089900000|  0%| F|  |TAMS 0x0000000089800000, 0x0000000089800000| Untracked 
| 153|0x0000000089900000, 0x0000000089900000, 0x0000000089a00000|  0%| F|  |TAMS 0x0000000089900000, 0x0000000089900000| Untracked 
| 154|0x0000000089a00000, 0x0000000089a00000, 0x0000000089b00000|  0%| F|  |TAMS 0x0000000089a00000, 0x0000000089a00000| Untracked 
| 155|0x0000000089b00000, 0x0000000089b00000, 0x0000000089c00000|  0%| F|  |TAMS 0x0000000089b00000, 0x0000000089b00000| Untracked 
| 156|0x0000000089c00000, 0x0000000089c00000, 0x0000000089d00000|  0%| F|  |TAMS 0x0000000089c00000, 0x0000000089c00000| Untracked 
| 157|0x0000000089d00000, 0x0000000089d00000, 0x0000000089e00000|  0%| F|  |TAMS 0x0000000089d00000, 0x0000000089d00000| Untracked 
| 158|0x0000000089e00000, 0x0000000089e00000, 0x0000000089f00000|  0%| F|  |TAMS 0x0000000089e00000, 0x0000000089e00000| Untracked 
| 159|0x0000000089f00000, 0x0000000089f00000, 0x000000008a000000|  0%| F|  |TAMS 0x0000000089f00000, 0x0000000089f00000| Untracked 
| 160|0x000000008a000000, 0x000000008a000000, 0x000000008a100000|  0%| F|  |TAMS 0x000000008a000000, 0x000000008a000000| Untracked 
| 161|0x000000008a100000, 0x000000008a100000, 0x000000008a200000|  0%| F|  |TAMS 0x000000008a100000, 0x000000008a100000| Untracked 
| 162|0x000000008a200000, 0x000000008a200000, 0x000000008a300000|  0%| F|  |TAMS 0x000000008a200000, 0x000000008a200000| Untracked 
| 163|0x000000008a300000, 0x000000008a300000, 0x000000008a400000|  0%| F|  |TAMS 0x000000008a300000, 0x000000008a300000| Untracked 
| 164|0x000000008a400000, 0x000000008a400000, 0x000000008a500000|  0%| F|  |TAMS 0x000000008a400000, 0x000000008a400000| Untracked 
| 165|0x000000008a500000, 0x000000008a500000, 0x000000008a600000|  0%| F|  |TAMS 0x000000008a500000, 0x000000008a500000| Untracked 
| 166|0x000000008a600000, 0x000000008a600000, 0x000000008a700000|  0%| F|  |TAMS 0x000000008a600000, 0x000000008a600000| Untracked 
| 167|0x000000008a700000, 0x000000008a700000, 0x000000008a800000|  0%| F|  |TAMS 0x000000008a700000, 0x000000008a700000| Untracked 
| 168|0x000000008a800000, 0x000000008a800000, 0x000000008a900000|  0%| F|  |TAMS 0x000000008a800000, 0x000000008a800000| Untracked 
| 169|0x000000008a900000, 0x000000008a900000, 0x000000008aa00000|  0%| F|  |TAMS 0x000000008a900000, 0x000000008a900000| Untracked 
| 170|0x000000008aa00000, 0x000000008aa00000, 0x000000008ab00000|  0%| F|  |TAMS 0x000000008aa00000, 0x000000008aa00000| Untracked 
| 171|0x000000008ab00000, 0x000000008ab00000, 0x000000008ac00000|  0%| F|  |TAMS 0x000000008ab00000, 0x000000008ab00000| Untracked 
| 172|0x000000008ac00000, 0x000000008ac00000, 0x000000008ad00000|  0%| F|  |TAMS 0x000000008ac00000, 0x000000008ac00000| Untracked 
| 173|0x000000008ad00000, 0x000000008ad00000, 0x000000008ae00000|  0%| F|  |TAMS 0x000000008ad00000, 0x000000008ad00000| Untracked 
| 174|0x000000008ae00000, 0x000000008ae00000, 0x000000008af00000|  0%| F|  |TAMS 0x000000008ae00000, 0x000000008ae00000| Untracked 
| 175|0x000000008af00000, 0x000000008af00000, 0x000000008b000000|  0%| F|  |TAMS 0x000000008af00000, 0x000000008af00000| Untracked 
| 176|0x000000008b000000, 0x000000008b000000, 0x000000008b100000|  0%| F|  |TAMS 0x000000008b000000, 0x000000008b000000| Untracked 
| 177|0x000000008b100000, 0x000000008b100000, 0x000000008b200000|  0%| F|  |TAMS 0x000000008b100000, 0x000000008b100000| Untracked 
| 178|0x000000008b200000, 0x000000008b200000, 0x000000008b300000|  0%| F|  |TAMS 0x000000008b200000, 0x000000008b200000| Untracked 
| 179|0x000000008b300000, 0x000000008b300000, 0x000000008b400000|  0%| F|  |TAMS 0x000000008b300000, 0x000000008b300000| Untracked 
| 180|0x000000008b400000, 0x000000008b500000, 0x000000008b500000|100%| S|CS|TAMS 0x000000008b400000, 0x000000008b400000| Complete 
| 181|0x000000008b500000, 0x000000008b600000, 0x000000008b600000|100%| S|CS|TAMS 0x000000008b500000, 0x000000008b500000| Complete 
| 182|0x000000008b600000, 0x000000008b600000, 0x000000008b700000|  0%| F|  |TAMS 0x000000008b600000, 0x000000008b600000| Untracked 
| 183|0x000000008b700000, 0x000000008b700000, 0x000000008b800000|  0%| F|  |TAMS 0x000000008b700000, 0x000000008b700000| Untracked 
| 184|0x000000008b800000, 0x000000008b800000, 0x000000008b900000|  0%| F|  |TAMS 0x000000008b800000, 0x000000008b800000| Untracked 
| 185|0x000000008b900000, 0x000000008b900000, 0x000000008ba00000|  0%| F|  |TAMS 0x000000008b900000, 0x000000008b900000| Untracked 
| 186|0x000000008ba00000, 0x000000008ba00000, 0x000000008bb00000|  0%| F|  |TAMS 0x000000008ba00000, 0x000000008ba00000| Untracked 
| 187|0x000000008bb00000, 0x000000008bb00000, 0x000000008bc00000|  0%| F|  |TAMS 0x000000008bb00000, 0x000000008bb00000| Untracked 
| 188|0x000000008bc00000, 0x000000008bc00000, 0x000000008bd00000|  0%| F|  |TAMS 0x000000008bc00000, 0x000000008bc00000| Untracked 
| 189|0x000000008bd00000, 0x000000008bd00000, 0x000000008be00000|  0%| F|  |TAMS 0x000000008bd00000, 0x000000008bd00000| Untracked 
| 190|0x000000008be00000, 0x000000008be00000, 0x000000008bf00000|  0%| F|  |TAMS 0x000000008be00000, 0x000000008be00000| Untracked 
| 191|0x000000008bf00000, 0x000000008bf00000, 0x000000008c000000|  0%| F|  |TAMS 0x000000008bf00000, 0x000000008bf00000| Untracked 
| 192|0x000000008c000000, 0x000000008c000000, 0x000000008c100000|  0%| F|  |TAMS 0x000000008c000000, 0x000000008c000000| Untracked 
| 193|0x000000008c100000, 0x000000008c100000, 0x000000008c200000|  0%| F|  |TAMS 0x000000008c100000, 0x000000008c100000| Untracked 
| 194|0x000000008c200000, 0x000000008c200000, 0x000000008c300000|  0%| F|  |TAMS 0x000000008c200000, 0x000000008c200000| Untracked 
| 195|0x000000008c300000, 0x000000008c300000, 0x000000008c400000|  0%| F|  |TAMS 0x000000008c300000, 0x000000008c300000| Untracked 
| 196|0x000000008c400000, 0x000000008c400000, 0x000000008c500000|  0%| F|  |TAMS 0x000000008c400000, 0x000000008c400000| Untracked 
| 197|0x000000008c500000, 0x000000008c500000, 0x000000008c600000|  0%| F|  |TAMS 0x000000008c500000, 0x000000008c500000| Untracked 
| 198|0x000000008c600000, 0x000000008c600000, 0x000000008c700000|  0%| F|  |TAMS 0x000000008c600000, 0x000000008c600000| Untracked 
| 199|0x000000008c700000, 0x000000008c700000, 0x000000008c800000|  0%| F|  |TAMS 0x000000008c700000, 0x000000008c700000| Untracked 
| 200|0x000000008c800000, 0x000000008c800000, 0x000000008c900000|  0%| F|  |TAMS 0x000000008c800000, 0x000000008c800000| Untracked 
| 201|0x000000008c900000, 0x000000008c900000, 0x000000008ca00000|  0%| F|  |TAMS 0x000000008c900000, 0x000000008c900000| Untracked 
| 202|0x000000008ca00000, 0x000000008ca00000, 0x000000008cb00000|  0%| F|  |TAMS 0x000000008ca00000, 0x000000008ca00000| Untracked 
| 203|0x000000008cb00000, 0x000000008cb00000, 0x000000008cc00000|  0%| F|  |TAMS 0x000000008cb00000, 0x000000008cb00000| Untracked 
| 204|0x000000008cc00000, 0x000000008cc00000, 0x000000008cd00000|  0%| F|  |TAMS 0x000000008cc00000, 0x000000008cc00000| Untracked 
| 205|0x000000008cd00000, 0x000000008cd00000, 0x000000008ce00000|  0%| F|  |TAMS 0x000000008cd00000, 0x000000008cd00000| Untracked 
| 206|0x000000008ce00000, 0x000000008ce00000, 0x000000008cf00000|  0%| F|  |TAMS 0x000000008ce00000, 0x000000008ce00000| Untracked 
| 207|0x000000008cf00000, 0x000000008cf00000, 0x000000008d000000|  0%| F|  |TAMS 0x000000008cf00000, 0x000000008cf00000| Untracked 
| 208|0x000000008d000000, 0x000000008d000000, 0x000000008d100000|  0%| F|  |TAMS 0x000000008d000000, 0x000000008d000000| Untracked 
| 209|0x000000008d100000, 0x000000008d100000, 0x000000008d200000|  0%| F|  |TAMS 0x000000008d100000, 0x000000008d100000| Untracked 
| 210|0x000000008d200000, 0x000000008d200000, 0x000000008d300000|  0%| F|  |TAMS 0x000000008d200000, 0x000000008d200000| Untracked 
| 211|0x000000008d300000, 0x000000008d300000, 0x000000008d400000|  0%| F|  |TAMS 0x000000008d300000, 0x000000008d300000| Untracked 
| 212|0x000000008d400000, 0x000000008d400000, 0x000000008d500000|  0%| F|  |TAMS 0x000000008d400000, 0x000000008d400000| Untracked 
| 213|0x000000008d500000, 0x000000008d500000, 0x000000008d600000|  0%| F|  |TAMS 0x000000008d500000, 0x000000008d500000| Untracked 
| 214|0x000000008d600000, 0x000000008d600000, 0x000000008d700000|  0%| F|  |TAMS 0x000000008d600000, 0x000000008d600000| Untracked 
| 215|0x000000008d700000, 0x000000008d700000, 0x000000008d800000|  0%| F|  |TAMS 0x000000008d700000, 0x000000008d700000| Untracked 
| 216|0x000000008d800000, 0x000000008d800000, 0x000000008d900000|  0%| F|  |TAMS 0x000000008d800000, 0x000000008d800000| Untracked 
| 217|0x000000008d900000, 0x000000008d900000, 0x000000008da00000|  0%| F|  |TAMS 0x000000008d900000, 0x000000008d900000| Untracked 
| 218|0x000000008da00000, 0x000000008da00000, 0x000000008db00000|  0%| F|  |TAMS 0x000000008da00000, 0x000000008da00000| Untracked 
| 219|0x000000008db00000, 0x000000008db00000, 0x000000008dc00000|  0%| F|  |TAMS 0x000000008db00000, 0x000000008db00000| Untracked 
| 220|0x000000008dc00000, 0x000000008dc00000, 0x000000008dd00000|  0%| F|  |TAMS 0x000000008dc00000, 0x000000008dc00000| Untracked 
| 221|0x000000008dd00000, 0x000000008dd00000, 0x000000008de00000|  0%| F|  |TAMS 0x000000008dd00000, 0x000000008dd00000| Untracked 

Card table byte_map: [0x000001feafc80000,0x000001feb0080000] _byte_map_base: 0x000001feaf880000

Marking Bits (Prev, Next): (CMBitMap*) 0x000001fe9d0e81f0, (CMBitMap*) 0x000001fe9d0e8230
 Prev Bits: [0x000001feb0480000, 0x000001feb2480000)
 Next Bits: [0x000001feb2480000, 0x000001feb4480000)

Polling page: 0x000001fe9b220000

Metaspace:

Usage:
  Non-class:     83.67 MB used.
      Class:     12.77 MB used.
       Both:     96.44 MB used.

Virtual space:
  Non-class space:       88.00 MB reserved,      84.00 MB ( 95%) committed,  11 nodes.
      Class space:        1.00 GB reserved,      13.12 MB (  1%) committed,  1 nodes.
             Both:        1.09 GB reserved,      97.12 MB (  9%) committed. 

Chunk freelists:
   Non-Class:  3.94 MB
       Class:  2.91 MB
        Both:  6.84 MB

MaxMetaspaceSize: unlimited
CompressedClassSpaceSize: 1.00 GB
Initial GC threshold: 21.00 MB
Current GC threshold: 151.38 MB
CDS: off
MetaspaceReclaimPolicy: balanced
 - commit_granule_bytes: 65536.
 - commit_granule_words: 8192.
 - virtual_space_node_default_size: 1048576.
 - enlarge_chunks_in_place: 1.
 - new_chunks_are_fully_committed: 0.
 - uncommit_free_chunks: 1.
 - use_allocation_guard: 0.
 - handle_deallocations: 1.


Internal statistics:

num_allocs_failed_limit: 6.
num_arena_births: 980.
num_arena_deaths: 16.
num_vsnodes_births: 12.
num_vsnodes_deaths: 0.
num_space_committed: 1553.
num_space_uncommitted: 0.
num_chunks_returned_to_freelist: 25.
num_chunks_taken_from_freelist: 4633.
num_chunk_merges: 11.
num_chunk_splits: 3048.
num_chunks_enlarged: 2025.
num_purges: 2.
num_inconsistent_stats: 0.

CodeHeap 'non-profiled nmethods': size=120000Kb used=7381Kb max_used=7738Kb free=112619Kb
 bounds [0x000001fea8020000, 0x000001fea87b0000, 0x000001feaf550000]
CodeHeap 'profiled nmethods': size=120000Kb used=22134Kb max_used=24041Kb free=97865Kb
 bounds [0x000001fea0550000, 0x000001fea1cd0000, 0x000001fea7a80000]
CodeHeap 'non-nmethods': size=5760Kb used=2384Kb max_used=2484Kb free=3375Kb
 bounds [0x000001fea7a80000, 0x000001fea7d10000, 0x000001fea8020000]
 total_blobs=12439 nmethods=11521 adapters=830
 compilation: enabled
              stopped_count=0, restarted_count=0
 full_count=0

Compilation events (20 events):
Event: 22.574 Thread 0x000001feb7874b00 nmethod 14137 0x000001fea110b110 code [0x000001fea110b2e0, 0x000001fea110b5f8]
Event: 22.574 Thread 0x000001feb7874b00 14138       3       org.apache.xerces.dom.DeferredDocumentImpl::getChunkIndex (16 bytes)
Event: 22.574 Thread 0x000001feb7874b00 nmethod 14138 0x000001fea13c8a90 code [0x000001fea13c8c40, 0x000001fea13c8e18]
Event: 22.576 Thread 0x000001feb7874b00 14139       3       org.gradle.internal.serialize.BaseSerializerFactory$StringSerializer::write (10 bytes)
Event: 22.576 Thread 0x000001feb7874b00 nmethod 14139 0x000001fea124fd90 code [0x000001fea124ff40, 0x000001fea1250268]
Event: 22.576 Thread 0x000001feb7874b00 14140       3       org.gradle.internal.serialize.BaseSerializerFactory$StringSerializer::write (8 bytes)
Event: 22.576 Thread 0x000001feb7874b00 nmethod 14140 0x000001fea14dbc10 code [0x000001fea14dbdc0, 0x000001fea14dbf88]
Event: 22.577 Thread 0x000001feb7874b00 14141       3       org.apache.xerces.impl.XMLEntityManager$RewindableInputStream::readAndBuffer (97 bytes)
Event: 22.578 Thread 0x000001feb7874b00 nmethod 14141 0x000001fea0f43590 code [0x000001fea0f43760, 0x000001fea0f43bd8]
Event: 22.578 Thread 0x000001feb7874b00 14145       2       org.apache.xerces.impl.XMLDocumentFragmentScannerImpl::scanContent (235 bytes)
Event: 22.579 Thread 0x000001feb7874b00 nmethod 14145 0x000001fea1087690 code [0x000001fea1087900, 0x000001fea1087e58]
Event: 22.579 Thread 0x000001feb7874b00 14142       3       org.apache.xerces.impl.io.UTF8Reader::read (1402 bytes)
Event: 22.581 Thread 0x000001febb0a4ed0 nmethod 14084 0x000001fea8686310 code [0x000001fea86864e0, 0x000001fea8686ab8]
Event: 22.581 Thread 0x000001febb0a4ed0 14132       4       org.apache.xerces.impl.XMLEntityScanner::scanLiteral (746 bytes)
Event: 22.584 Thread 0x000001feb7874b00 nmethod 14142 0x000001fea093a110 code [0x000001fea093a5a0, 0x000001fea093cd48]
Event: 22.584 Thread 0x000001feb7874b00 14150       3       org.apache.xerces.dom.AttrImpl::getNodeName (16 bytes)
Event: 22.584 Thread 0x000001feb7874b00 nmethod 14150 0x000001fea19e6c90 code [0x000001fea19e6e40, 0x000001fea19e7108]
Event: 22.584 Thread 0x000001feb7874b00 14143       3       org.apache.xerces.impl.XMLEntityManager$RewindableInputStream::read (128 bytes)
Event: 22.585 Thread 0x000001feb7874b00 nmethod 14143 0x000001fea0fd7b90 code [0x000001fea0fd7da0, 0x000001fea0fd8388]
Event: 22.585 Thread 0x000001feb7874b00 14146       3       org.gradle.internal.execution.history.changes.OutputFileChanges::visitChangesSince (201 bytes)

GC Heap History (20 events):
Event: 15.134 GC heap after
{Heap after GC invocations=37 (full 0):
 garbage-first heap   total 146432K, used 85978K [0x0000000080000000, 0x0000000100000000)
  region size 1024K, 1 young (1024K), 1 survivors (1024K)
 Metaspace       used 88046K, committed 88704K, reserved 1130496K
  class space    used 11994K, committed 12288K, reserved 1048576K
}
Event: 15.528 GC heap before
{Heap before GC invocations=37 (full 0):
 garbage-first heap   total 146432K, used 117722K [0x0000000080000000, 0x0000000100000000)
  region size 1024K, 33 young (33792K), 1 survivors (1024K)
 Metaspace       used 88375K, committed 89088K, reserved 1130496K
  class space    used 12017K, committed 12352K, reserved 1048576K
}
Event: 15.532 GC heap after
{Heap after GC invocations=38 (full 0):
 garbage-first heap   total 227328K, used 87758K [0x0000000080000000, 0x0000000100000000)
  region size 1024K, 3 young (3072K), 3 survivors (3072K)
 Metaspace       used 88375K, committed 89088K, reserved 1130496K
  class space    used 12017K, committed 12352K, reserved 1048576K
}
Event: 18.251 GC heap before
{Heap before GC invocations=39 (full 0):
 garbage-first heap   total 227328K, used 182990K [0x0000000080000000, 0x0000000100000000)
  region size 1024K, 88 young (90112K), 3 survivors (3072K)
 Metaspace       used 91563K, committed 92224K, reserved 1130496K
  class space    used 12380K, committed 12672K, reserved 1048576K
}
Event: 18.269 GC heap after
{Heap after GC invocations=40 (full 0):
 garbage-first heap   total 227328K, used 107058K [0x0000000080000000, 0x0000000100000000)
  region size 1024K, 11 young (11264K), 11 survivors (11264K)
 Metaspace       used 91563K, committed 92224K, reserved 1130496K
  class space    used 12380K, committed 12672K, reserved 1048576K
}
Event: 18.301 GC heap before
{Heap before GC invocations=40 (full 0):
 garbage-first heap   total 227328K, used 107058K [0x0000000080000000, 0x0000000100000000)
  region size 1024K, 12 young (12288K), 11 survivors (11264K)
 Metaspace       used 91563K, committed 92224K, reserved 1130496K
  class space    used 12380K, committed 12672K, reserved 1048576K
}
Event: 18.315 GC heap after
{Heap after GC invocations=41 (full 0):
 garbage-first heap   total 227328K, used 108589K [0x0000000080000000, 0x0000000100000000)
  region size 1024K, 2 young (2048K), 2 survivors (2048K)
 Metaspace       used 91563K, committed 92224K, reserved 1130496K
  class space    used 12380K, committed 12672K, reserved 1048576K
}
Event: 19.795 GC heap before
{Heap before GC invocations=41 (full 0):
 garbage-first heap   total 227328K, used 182317K [0x0000000080000000, 0x0000000100000000)
  region size 1024K, 66 young (67584K), 2 survivors (2048K)
 Metaspace       used 92309K, committed 92992K, reserved 1130496K
  class space    used 12442K, committed 12736K, reserved 1048576K
}
Event: 19.810 GC heap after
{Heap after GC invocations=42 (full 0):
 garbage-first heap   total 227328K, used 122853K [0x0000000080000000, 0x0000000100000000)
  region size 1024K, 9 young (9216K), 9 survivors (9216K)
 Metaspace       used 92309K, committed 92992K, reserved 1130496K
  class space    used 12442K, committed 12736K, reserved 1048576K
}
Event: 20.374 GC heap before
{Heap before GC invocations=43 (full 0):
 garbage-first heap   total 227328K, used 192485K [0x0000000080000000, 0x0000000100000000)
  region size 1024K, 60 young (61440K), 9 survivors (9216K)
 Metaspace       used 92990K, committed 93632K, reserved 1130496K
  class space    used 12509K, committed 12800K, reserved 1048576K
}
Event: 20.392 GC heap after
{Heap after GC invocations=44 (full 0):
 garbage-first heap   total 227328K, used 131271K [0x0000000080000000, 0x0000000100000000)
  region size 1024K, 8 young (8192K), 8 survivors (8192K)
 Metaspace       used 92990K, committed 93632K, reserved 1130496K
  class space    used 12509K, committed 12800K, reserved 1048576K
}
Event: 20.405 GC heap before
{Heap before GC invocations=44 (full 0):
 garbage-first heap   total 227328K, used 134343K [0x0000000080000000, 0x0000000100000000)
  region size 1024K, 11 young (11264K), 8 survivors (8192K)
 Metaspace       used 93116K, committed 93824K, reserved 1130496K
  class space    used 12519K, committed 12800K, reserved 1048576K
}
Event: 20.412 GC heap after
{Heap after GC invocations=45 (full 0):
 garbage-first heap   total 227328K, used 132228K [0x0000000080000000, 0x0000000100000000)
  region size 1024K, 2 young (2048K), 2 survivors (2048K)
 Metaspace       used 93116K, committed 93824K, reserved 1130496K
  class space    used 12519K, committed 12800K, reserved 1048576K
}
Event: 20.915 GC heap before
{Heap before GC invocations=45 (full 0):
 garbage-first heap   total 227328K, used 178308K [0x0000000080000000, 0x0000000100000000)
  region size 1024K, 48 young (49152K), 2 survivors (2048K)
 Metaspace       used 96146K, committed 96832K, reserved 1138688K
  class space    used 12780K, committed 13120K, reserved 1048576K
}
Event: 20.920 GC heap after
{Heap after GC invocations=46 (full 0):
 garbage-first heap   total 227328K, used 134942K [0x0000000080000000, 0x0000000100000000)
  region size 1024K, 5 young (5120K), 5 survivors (5120K)
 Metaspace       used 96146K, committed 96832K, reserved 1138688K
  class space    used 12780K, committed 13120K, reserved 1048576K
}
Event: 21.258 GC heap before
{Heap before GC invocations=46 (full 0):
 garbage-first heap   total 227328K, used 181022K [0x0000000080000000, 0x0000000100000000)
  region size 1024K, 51 young (52224K), 5 survivors (5120K)
 Metaspace       used 96736K, committed 97472K, reserved 1138688K
  class space    used 12824K, committed 13184K, reserved 1048576K
}
Event: 21.263 GC heap after
{Heap after GC invocations=47 (full 0):
 garbage-first heap   total 227328K, used 135716K [0x0000000080000000, 0x0000000100000000)
  region size 1024K, 5 young (5120K), 5 survivors (5120K)
 Metaspace       used 96736K, committed 97472K, reserved 1138688K
  class space    used 12824K, committed 13184K, reserved 1048576K
}
Event: 21.688 GC heap before
{Heap before GC invocations=47 (full 0):
 garbage-first heap   total 227328K, used 183844K [0x0000000080000000, 0x0000000100000000)
  region size 1024K, 53 young (54272K), 5 survivors (5120K)
 Metaspace       used 97400K, committed 98112K, reserved 1138688K
  class space    used 12880K, committed 13248K, reserved 1048576K
}
Event: 21.700 GC heap after
{Heap after GC invocations=48 (full 0):
 garbage-first heap   total 227328K, used 144102K [0x0000000080000000, 0x0000000100000000)
  region size 1024K, 7 young (7168K), 7 survivors (7168K)
 Metaspace       used 97400K, committed 98112K, reserved 1138688K
  class space    used 12880K, committed 13248K, reserved 1048576K
}
Event: 22.591 GC heap before
{Heap before GC invocations=48 (full 0):
 garbage-first heap   total 227328K, used 184038K [0x0000000080000000, 0x0000000100000000)
  region size 1024K, 47 young (48128K), 7 survivors (7168K)
 Metaspace       used 98755K, committed 99456K, reserved 1138688K
  class space    used 13074K, committed 13440K, reserved 1048576K
}

Dll operation events (2 events):
Event: 0.008 Loaded shared library C:\Program Files\Android\Android Studio\jbr\bin\java.dll
Event: 0.332 Loaded shared library C:\Program Files\Android\Android Studio\jbr\bin\verify.dll

Deoptimization events (20 events):
Event: 22.567 Thread 0x000001feba424780 Uncommon trap: trap_request=0xffffffde fr.pc=0x000001fea85c6320 relative=0x0000000000000080
Event: 22.567 Thread 0x000001feba424780 Uncommon trap: reason=class_check action=maybe_recompile pc=0x000001fea85c6320 method=org.apache.xerces.dom.NodeImpl.getOwnerDocument()Lorg/w3c/dom/Document; @ 19 c2
Event: 22.567 Thread 0x000001feba424780 DEOPT PACKING pc=0x000001fea85c6320 sp=0x00000037c81fd870
Event: 22.567 Thread 0x000001feba424780 DEOPT UNPACKING pc=0x000001fea7ad69a3 sp=0x00000037c81fd810 mode 2
Event: 22.567 Thread 0x000001feba424780 Uncommon trap: trap_request=0xffffffc6 fr.pc=0x000001fea86ce810 relative=0x0000000000001750
Event: 22.567 Thread 0x000001feba424780 Uncommon trap: reason=bimorphic_or_optimized_type_check action=maybe_recompile pc=0x000001fea86ce810 method=org.apache.xerces.dom.AttributeMap.setNamedItem(Lorg/w3c/dom/Node;)Lorg/w3c/dom/Node; @ 4 c2
Event: 22.567 Thread 0x000001feba424780 DEOPT PACKING pc=0x000001fea86ce810 sp=0x00000037c81fd890
Event: 22.567 Thread 0x000001feba424780 DEOPT UNPACKING pc=0x000001fea7ad69a3 sp=0x00000037c81fd880 mode 2
Event: 22.567 Thread 0x000001feba424780 Uncommon trap: trap_request=0xffffffde fr.pc=0x000001fea85c6320 relative=0x0000000000000080
Event: 22.567 Thread 0x000001feba424780 Uncommon trap: reason=class_check action=maybe_recompile pc=0x000001fea85c6320 method=org.apache.xerces.dom.NodeImpl.getOwnerDocument()Lorg/w3c/dom/Document; @ 19 c2
Event: 22.567 Thread 0x000001feba424780 DEOPT PACKING pc=0x000001fea85c6320 sp=0x00000037c81fd870
Event: 22.567 Thread 0x000001feba424780 DEOPT UNPACKING pc=0x000001fea7ad69a3 sp=0x00000037c81fd810 mode 2
Event: 22.567 Thread 0x000001feba424780 Uncommon trap: trap_request=0xffffffde fr.pc=0x000001fea85e38d4 relative=0x0000000000000634
Event: 22.567 Thread 0x000001feba424780 Uncommon trap: reason=class_check action=maybe_recompile pc=0x000001fea85e38d4 method=org.apache.xerces.dom.NamedNodeMapImpl.findNamePoint(Ljava/lang/String;I)I @ 47 c2
Event: 22.567 Thread 0x000001feba424780 DEOPT PACKING pc=0x000001fea85e38d4 sp=0x00000037c81fd850
Event: 22.567 Thread 0x000001feba424780 DEOPT UNPACKING pc=0x000001fea7ad69a3 sp=0x00000037c81fd7e8 mode 2
Event: 22.569 Thread 0x000001feba424780 Uncommon trap: trap_request=0xffffffde fr.pc=0x000001fea85e38d4 relative=0x0000000000000634
Event: 22.569 Thread 0x000001feba424780 Uncommon trap: reason=class_check action=maybe_recompile pc=0x000001fea85e38d4 method=org.apache.xerces.dom.NamedNodeMapImpl.findNamePoint(Ljava/lang/String;I)I @ 47 c2
Event: 22.569 Thread 0x000001feba424780 DEOPT PACKING pc=0x000001fea85e38d4 sp=0x00000037c81fd850
Event: 22.569 Thread 0x000001feba424780 DEOPT UNPACKING pc=0x000001fea7ad69a3 sp=0x00000037c81fd7e8 mode 2

Classes unloaded (8 events):
Event: 15.653 Thread 0x000001feb6efc920 Unloading class 0x0000000100c0c800 'java/lang/invoke/LambdaForm$DMH+0x0000000100c0c800'
Event: 15.653 Thread 0x000001feb6efc920 Unloading class 0x0000000100c0c400 'java/lang/invoke/LambdaForm$DMH+0x0000000100c0c400'
Event: 15.653 Thread 0x000001feb6efc920 Unloading class 0x0000000100bfd800 'java/lang/invoke/LambdaForm$DMH+0x0000000100bfd800'
Event: 15.653 Thread 0x000001feb6efc920 Unloading class 0x0000000100bfd400 'java/lang/invoke/LambdaForm$DMH+0x0000000100bfd400'
Event: 15.653 Thread 0x000001feb6efc920 Unloading class 0x0000000100bfd000 'java/lang/invoke/LambdaForm$DMH+0x0000000100bfd000'
Event: 15.653 Thread 0x000001feb6efc920 Unloading class 0x0000000100bfc800 'java/lang/invoke/LambdaForm$DMH+0x0000000100bfc800'
Event: 15.653 Thread 0x000001feb6efc920 Unloading class 0x0000000100bfcc00 'java/lang/invoke/LambdaForm$DMH+0x0000000100bfcc00'
Event: 15.653 Thread 0x000001feb6efc920 Unloading class 0x0000000100bfc400 'java/lang/invoke/LambdaForm$DMH+0x0000000100bfc400'

Classes redefined (0 events):
No events

Internal exceptions (20 events):
Event: 22.040 Thread 0x000001feb7e247a0 Exception <a 'sun/nio/fs/WindowsException'{0x000000008cf91358}> (0x000000008cf91358) 
thrown [s\src\hotspot\share\prims\jni.cpp, line 517]
Event: 22.043 Thread 0x000001feb7e247a0 Exception <a 'sun/nio/fs/WindowsException'{0x000000008cf92488}> (0x000000008cf92488) 
thrown [s\src\hotspot\share\prims\jni.cpp, line 517]
Event: 22.044 Thread 0x000001feb7e247a0 Exception <a 'sun/nio/fs/WindowsException'{0x000000008cf93510}> (0x000000008cf93510) 
thrown [s\src\hotspot\share\prims\jni.cpp, line 517]
Event: 22.048 Thread 0x000001feb7e247a0 Exception <a 'sun/nio/fs/WindowsException'{0x000000008cf94688}> (0x000000008cf94688) 
thrown [s\src\hotspot\share\prims\jni.cpp, line 517]
Event: 22.050 Thread 0x000001feb7e247a0 Exception <a 'sun/nio/fs/WindowsException'{0x000000008cf957b8}> (0x000000008cf957b8) 
thrown [s\src\hotspot\share\prims\jni.cpp, line 517]
Event: 22.052 Thread 0x000001feb7e247a0 Exception <a 'sun/nio/fs/WindowsException'{0x000000008cf96890}> (0x000000008cf96890) 
thrown [s\src\hotspot\share\prims\jni.cpp, line 517]
Event: 22.055 Thread 0x000001feb7e247a0 Exception <a 'sun/nio/fs/WindowsException'{0x000000008cff5a90}> (0x000000008cff5a90) 
thrown [s\src\hotspot\share\prims\jni.cpp, line 517]
Event: 22.058 Thread 0x000001feb7e247a0 Exception <a 'sun/nio/fs/WindowsException'{0x000000008cff6c50}> (0x000000008cff6c50) 
thrown [s\src\hotspot\share\prims\jni.cpp, line 517]
Event: 22.064 Thread 0x000001feb7e247a0 Exception <a 'sun/nio/fs/WindowsException'{0x000000008cff7d38}> (0x000000008cff7d38) 
thrown [s\src\hotspot\share\prims\jni.cpp, line 517]
Event: 22.103 Thread 0x000001feb7e247a0 Exception <a 'sun/nio/fs/WindowsException'{0x000000008cff8df8}> (0x000000008cff8df8) 
thrown [s\src\hotspot\share\prims\jni.cpp, line 517]
Event: 22.108 Thread 0x000001feb7e247a0 Exception <a 'sun/nio/fs/WindowsException'{0x000000008cff9f88}> (0x000000008cff9f88) 
thrown [s\src\hotspot\share\prims\jni.cpp, line 517]
Event: 22.114 Thread 0x000001feb7e247a0 Exception <a 'sun/nio/fs/WindowsException'{0x000000008cffb140}> (0x000000008cffb140) 
thrown [s\src\hotspot\share\prims\jni.cpp, line 517]
Event: 22.358 Thread 0x000001feb7e247a0 Exception <a 'sun/nio/fs/WindowsException'{0x000000008c56dca0}> (0x000000008c56dca0) 
thrown [s\src\hotspot\share\prims\jni.cpp, line 517]
Event: 22.358 Thread 0x000001feb7e247a0 Exception <a 'sun/nio/fs/WindowsException'{0x000000008c56eb20}> (0x000000008c56eb20) 
thrown [s\src\hotspot\share\prims\jni.cpp, line 517]
Event: 22.358 Thread 0x000001feb7e247a0 Exception <a 'sun/nio/fs/WindowsException'{0x000000008c56eb90}> (0x000000008c56eb90) 
thrown [s\src\hotspot\share\prims\jni.cpp, line 517]
Event: 22.359 Thread 0x000001feb7e247a0 Exception <a 'sun/nio/fs/WindowsException'{0x000000008c56ef20}> (0x000000008c56ef20) 
thrown [s\src\hotspot\share\prims\jni.cpp, line 517]
Event: 22.477 Thread 0x000001feb7e212b0 Exception <a 'sun/nio/fs/WindowsException'{0x000000008c0bf730}> (0x000000008c0bf730) 
thrown [s\src\hotspot\share\prims\jni.cpp, line 517]
Event: 22.477 Thread 0x000001feb7e212b0 Exception <a 'sun/nio/fs/WindowsException'{0x000000008c0c0858}> (0x000000008c0c0858) 
thrown [s\src\hotspot\share\prims\jni.cpp, line 517]
Event: 22.477 Thread 0x000001feb7e212b0 Exception <a 'sun/nio/fs/WindowsException'{0x000000008c0c08c8}> (0x000000008c0c08c8) 
thrown [s\src\hotspot\share\prims\jni.cpp, line 517]
Event: 22.477 Thread 0x000001feb7e212b0 Exception <a 'sun/nio/fs/WindowsException'{0x000000008c0c0c50}> (0x000000008c0c0c50) 
thrown [s\src\hotspot\share\prims\jni.cpp, line 517]

VM Operations (20 events):
Event: 22.341 Executing VM operation: HandshakeAllThreads done
Event: 22.478 Executing VM operation: HandshakeAllThreads
Event: 22.478 Executing VM operation: HandshakeAllThreads done
Event: 22.497 Executing VM operation: ICBufferFull
Event: 22.497 Executing VM operation: ICBufferFull done
Event: 22.503 Executing VM operation: HandshakeAllThreads
Event: 22.503 Executing VM operation: HandshakeAllThreads done
Event: 22.508 Executing VM operation: HandshakeAllThreads
Event: 22.509 Executing VM operation: HandshakeAllThreads done
Event: 22.512 Executing VM operation: HandshakeAllThreads
Event: 22.512 Executing VM operation: HandshakeAllThreads done
Event: 22.519 Executing VM operation: HandshakeAllThreads
Event: 22.519 Executing VM operation: HandshakeAllThreads done
Event: 22.550 Executing VM operation: HandshakeAllThreads
Event: 22.551 Executing VM operation: HandshakeAllThreads done
Event: 22.562 Executing VM operation: HandshakeAllThreads
Event: 22.563 Executing VM operation: HandshakeAllThreads done
Event: 22.565 Executing VM operation: HandshakeAllThreads
Event: 22.566 Executing VM operation: HandshakeAllThreads done
Event: 22.591 Executing VM operation: G1CollectForAllocation

Events (20 events):
Event: 22.332 Thread 0x000001feb789f7f0 flushing nmethod 0x000001fea1bda310
Event: 22.332 Thread 0x000001feb789f7f0 flushing nmethod 0x000001fea1bdce10
Event: 22.332 Thread 0x000001feb789f7f0 flushing nmethod 0x000001fea1bea510
Event: 22.332 Thread 0x000001feb789f7f0 flushing nmethod 0x000001fea1c06e10
Event: 22.382 loading class java/util/zip/ZipInputStream
Event: 22.383 loading class java/util/zip/ZipInputStream done
Event: 22.392 loading class java/nio/file/FileChannelLinesSpliterator
Event: 22.393 loading class java/nio/file/FileChannelLinesSpliterator done
Event: 22.393 loading class java/util/stream/Streams$1
Event: 22.393 loading class java/util/stream/Streams$1 done
Event: 22.398 loading class java/nio/file/FileChannelLinesSpliterator$1
Event: 22.398 loading class java/nio/file/FileChannelLinesSpliterator$1 done
Event: 22.490 loading class java/net/HttpURLConnection
Event: 22.491 loading class java/net/HttpURLConnection done
Event: 22.492 loading class sun/net/ProgressMonitor
Event: 22.493 loading class sun/net/ProgressMonitor done
Event: 22.493 loading class sun/net/DefaultProgressMeteringPolicy
Event: 22.493 loading class sun/net/ProgressMeteringPolicy
Event: 22.493 loading class sun/net/ProgressMeteringPolicy done
Event: 22.493 loading class sun/net/DefaultProgressMeteringPolicy done


Dynamic libraries:
0x00007ff6f1de0000 - 0x00007ff6f1dea000 	C:\Program Files\Android\Android Studio\jbr\bin\java.exe
0x00007ff83e590000 - 0x00007ff83e7a4000 	C:\WINDOWS\SYSTEM32\ntdll.dll
0x00007ff83df50000 - 0x00007ff83e012000 	C:\WINDOWS\System32\KERNEL32.DLL
0x00007ff83bb40000 - 0x00007ff83bedc000 	C:\WINDOWS\System32\KERNELBASE.dll
0x00007ff83c280000 - 0x00007ff83c391000 	C:\WINDOWS\System32\ucrtbase.dll
0x00007ff832470000 - 0x00007ff83248b000 	C:\Program Files\Android\Android Studio\jbr\bin\VCRUNTIME140.dll
0x00007ff823320000 - 0x00007ff823337000 	C:\Program Files\Android\Android Studio\jbr\bin\jli.dll
0x00007ff83d4e0000 - 0x00007ff83d68b000 	C:\WINDOWS\System32\USER32.dll
0x00007ff81bb00000 - 0x00007ff81bd8e000 	C:\WINDOWS\WinSxS\amd64_microsoft.windows.common-controls_6595b64144ccf1df_6.0.22621.608_none_a9444ca7c10bb01d\COMCTL32.dll
0x00007ff83bf60000 - 0x00007ff83bf86000 	C:\WINDOWS\System32\win32u.dll
0x00007ff83e040000 - 0x00007ff83e0e7000 	C:\WINDOWS\System32\msvcrt.dll
0x00007ff83df20000 - 0x00007ff83df49000 	C:\WINDOWS\System32\GDI32.dll
0x00007ff83bf90000 - 0x00007ff83c0a3000 	C:\WINDOWS\System32\gdi32full.dll
0x00007ff83c0b0000 - 0x00007ff83c14a000 	C:\WINDOWS\System32\msvcp_win.dll
0x00007ff83c5f0000 - 0x00007ff83c621000 	C:\WINDOWS\System32\IMM32.DLL
0x00007ff832e00000 - 0x00007ff832e0c000 	C:\Program Files\Android\Android Studio\jbr\bin\vcruntime140_1.dll
0x00007ff81dc60000 - 0x00007ff81dced000 	C:\Program Files\Android\Android Studio\jbr\bin\msvcp140.dll
0x00007fff913e0000 - 0x00007fff9204d000 	C:\Program Files\Android\Android Studio\jbr\bin\server\jvm.dll
0x00007ff83c850000 - 0x00007ff83c8fe000 	C:\WINDOWS\System32\ADVAPI32.dll
0x00007ff83d190000 - 0x00007ff83d234000 	C:\WINDOWS\System32\sechost.dll
0x00007ff83e150000 - 0x00007ff83e267000 	C:\WINDOWS\System32\RPCRT4.dll
0x00007ff822e20000 - 0x00007ff822e29000 	C:\WINDOWS\SYSTEM32\WSOCK32.dll
0x00007ff832140000 - 0x00007ff832174000 	C:\WINDOWS\SYSTEM32\WINMM.dll
0x00007ff831320000 - 0x00007ff83132a000 	C:\WINDOWS\SYSTEM32\VERSION.dll
0x00007ff83d690000 - 0x00007ff83d701000 	C:\WINDOWS\System32\WS2_32.dll
0x00007ff83aa20000 - 0x00007ff83aa38000 	C:\WINDOWS\SYSTEM32\kernel.appcore.dll
0x00007ff837380000 - 0x00007ff83738a000 	C:\Program Files\Android\Android Studio\jbr\bin\jimage.dll
0x00007ff839400000 - 0x00007ff83962e000 	C:\WINDOWS\SYSTEM32\DBGHELP.DLL
0x00007ff83d710000 - 0x00007ff83da99000 	C:\WINDOWS\System32\combase.dll
0x00007ff83d240000 - 0x00007ff83d317000 	C:\WINDOWS\System32\OLEAUT32.dll
0x00007ff8177b0000 - 0x00007ff8177e2000 	C:\WINDOWS\SYSTEM32\dbgcore.DLL
0x00007ff83bee0000 - 0x00007ff83bf5b000 	C:\WINDOWS\System32\bcryptPrimitives.dll
0x00007ffff2930000 - 0x00007ffff2955000 	C:\Program Files\Android\Android Studio\jbr\bin\java.dll
0x00007ff8336a0000 - 0x00007ff8336b8000 	C:\Program Files\Android\Android Studio\jbr\bin\zip.dll
0x00007ff83c9a0000 - 0x00007ff83d190000 	C:\WINDOWS\System32\SHELL32.dll
0x00007ff8399e0000 - 0x00007ff83a2ad000 	C:\WINDOWS\SYSTEM32\windows.storage.dll
0x00007ff8398a0000 - 0x00007ff8399de000 	C:\WINDOWS\SYSTEM32\wintypes.dll
0x00007ff83e450000 - 0x00007ff83e541000 	C:\WINDOWS\System32\SHCORE.dll
0x00007ff83e0f0000 - 0x00007ff83e14e000 	C:\WINDOWS\System32\shlwapi.dll
0x00007ff83b900000 - 0x00007ff83b921000 	C:\WINDOWS\SYSTEM32\profapi.dll
0x00007fffca780000 - 0x00007fffca799000 	C:\Program Files\Android\Android Studio\jbr\bin\net.dll
0x00007ff831c00000 - 0x00007ff831d37000 	C:\WINDOWS\SYSTEM32\WINHTTP.dll
0x00007ff83ae90000 - 0x00007ff83aef9000 	C:\WINDOWS\system32\mswsock.dll
0x00007fffc9340000 - 0x00007fffc9356000 	C:\Program Files\Android\Android Studio\jbr\bin\nio.dll
0x00007ff804e60000 - 0x00007ff804e70000 	C:\Program Files\Android\Android Studio\jbr\bin\verify.dll
0x00007ff836a60000 - 0x00007ff836a87000 	C:\Users\tranv\.gradle\native\68d5fa5c4cc2d200863cafc0d521ce42e7d3e7ee720ec0a83991735586a16f82\windows-amd64\native-platform.dll
0x00007ffff86e0000 - 0x00007ffff8824000 	C:\Users\tranv\.gradle\native\e376f236ea51e6404a007f0833ffe2c6e607c4080706a723a18a27aeea778392\windows-amd64\native-platform-file-events.dll
0x00007ff816cd0000 - 0x00007ff816cd9000 	C:\Program Files\Android\Android Studio\jbr\bin\management.dll
0x00007ff807490000 - 0x00007ff80749b000 	C:\Program Files\Android\Android Studio\jbr\bin\management_ext.dll
0x00007ff83e020000 - 0x00007ff83e028000 	C:\WINDOWS\System32\PSAPI.DLL
0x00007ff83b0f0000 - 0x00007ff83b10b000 	C:\WINDOWS\SYSTEM32\CRYPTSP.dll
0x00007ff83a990000 - 0x00007ff83a9c5000 	C:\WINDOWS\system32\rsaenh.dll
0x00007ff83af90000 - 0x00007ff83afb8000 	C:\WINDOWS\SYSTEM32\USERENV.dll
0x00007ff83b2b0000 - 0x00007ff83b2d8000 	C:\WINDOWS\SYSTEM32\bcrypt.dll
0x00007ff83b110000 - 0x00007ff83b11c000 	C:\WINDOWS\SYSTEM32\CRYPTBASE.dll
0x00007ff83a500000 - 0x00007ff83a52d000 	C:\WINDOWS\SYSTEM32\IPHLPAPI.DLL
0x00007ff83c900000 - 0x00007ff83c909000 	C:\WINDOWS\System32\NSI.dll
0x00007ff832120000 - 0x00007ff832139000 	C:\WINDOWS\SYSTEM32\dhcpcsvc6.DLL
0x00007ff8316e0000 - 0x00007ff8316ff000 	C:\WINDOWS\SYSTEM32\dhcpcsvc.DLL
0x00007ff83a570000 - 0x00007ff83a663000 	C:\WINDOWS\SYSTEM32\DNSAPI.dll
0x00007ff8044b0000 - 0x00007ff8044b8000 	C:\WINDOWS\system32\wshunix.dll
0x00007ff83aa40000 - 0x00007ff83aa74000 	C:\WINDOWS\SYSTEM32\ntmarta.dll

dbghelp: loaded successfully - version: 4.0.5 - missing functions: none
symbol engine: initialized successfully - sym options: 0x614 - pdb path: .;C:\Program Files\Android\Android Studio\jbr\bin;C:\WINDOWS\SYSTEM32;C:\WINDOWS\WinSxS\amd64_microsoft.windows.common-controls_6595b64144ccf1df_6.0.22621.608_none_a9444ca7c10bb01d;C:\Program Files\Android\Android Studio\jbr\bin\server;C:\Users\tranv\.gradle\native\68d5fa5c4cc2d200863cafc0d521ce42e7d3e7ee720ec0a83991735586a16f82\windows-amd64;C:\Users\tranv\.gradle\native\e376f236ea51e6404a007f0833ffe2c6e607c4080706a723a18a27aeea778392\windows-amd64

VM Arguments:
jvm_args: --add-opens=java.base/java.util=ALL-UNNAMED --add-opens=java.base/java.lang=ALL-UNNAMED --add-opens=java.base/java.lang.invoke=ALL-UNNAMED --add-opens=java.prefs/java.util.prefs=ALL-UNNAMED --add-opens=java.base/java.nio.charset=ALL-UNNAMED --add-opens=java.base/java.net=ALL-UNNAMED --add-opens=java.base/java.util.concurrent.atomic=ALL-UNNAMED -Xmx2048m -Dfile.encoding=UTF-8 -Duser.country=US -Duser.language=en -Duser.variant 
java_command: org.gradle.launcher.daemon.bootstrap.GradleDaemon 8.0
java_class_path (initial): C:\Users\tranv\.gradle\wrapper\dists\gradle-8.0-bin\ca5e32bp14vu59qr306oxotwh\gradle-8.0\lib\gradle-launcher-8.0.jar
Launcher Type: SUN_STANDARD

[Global flags]
     intx CICompilerCount                          = 4                                         {product} {ergonomic}
     uint ConcGCThreads                            = 2                                         {product} {ergonomic}
     uint G1ConcRefinementThreads                  = 8                                         {product} {ergonomic}
   size_t G1HeapRegionSize                         = 1048576                                   {product} {ergonomic}
    uintx GCDrainStackTargetSize                   = 64                                        {product} {ergonomic}
   size_t InitialHeapSize                          = 132120576                                 {product} {ergonomic}
   size_t MarkStackSize                            = 4194304                                   {product} {ergonomic}
   size_t MaxHeapSize                              = 2147483648                                {product} {command line}
   size_t MaxNewSize                               = 1287651328                                {product} {ergonomic}
   size_t MinHeapDeltaBytes                        = 1048576                                   {product} {ergonomic}
   size_t MinHeapSize                              = 8388608                                   {product} {ergonomic}
    uintx NonNMethodCodeHeapSize                   = 5839372                                {pd product} {ergonomic}
    uintx NonProfiledCodeHeapSize                  = 122909434                              {pd product} {ergonomic}
    uintx ProfiledCodeHeapSize                     = 122909434                              {pd product} {ergonomic}
    uintx ReservedCodeCacheSize                    = 251658240                              {pd product} {ergonomic}
     bool SegmentedCodeCache                       = true                                      {product} {ergonomic}
   size_t SoftMaxHeapSize                          = 2147483648                             {manageable} {ergonomic}
     bool UseCompressedClassPointers               = true                           {product lp64_product} {ergonomic}
     bool UseCompressedOops                        = true                           {product lp64_product} {ergonomic}
     bool UseG1GC                                  = true                                      {product} {ergonomic}
     bool UseLargePagesIndividualAllocation        = false                                  {pd product} {ergonomic}

Logging:
Log output configuration:
 #0: stdout all=warning uptime,level,tags
 #1: stderr all=off uptime,level,tags

Environment Variables:
PATH=C:\Program Files\Common Files\Oracle\Java\javapath;C:\Program Files (x86)\Common Files\Oracle\Java\javapath;C:\WINDOWS\system32;C:\WINDOWS;C:\WINDOWS\System32\Wbem;C:\WINDOWS\System32\WindowsPowerShell\v1.0\;C:\WINDOWS\System32\OpenSSH\;%JAVA_HOME%\bin;C:\Program Files\nodejs\;C:\Program Files\dotnet\;C:\Program Files\Git\cmd;D:\program\xampp\php;C:\composer;C:\Users\tranv\AppData\Local\Programs\Python\Python310\Scripts\;C:\Users\tranv\AppData\Local\Programs\Python\Python310\;C:\Users\tranv\AppData\Local\Microsoft\WindowsApps;C:\Users\tranv\AppData\Local\Programs\Microsoft VS Code\bin;C:\Users\tranv\AppData\Roaming\npm;C:\Users\tranv\.dotnet\tools;C:\Users\tranv\AppData\Local\GitHubDesktop\bin;C:\Program Files\Inkscape\bin;C:\Program Files\Java\jdk-19\bin;C:\Users\tranv\AppData\Local\JetBrains\Toolbox\scripts;C:\Program Files\heroku\bin;C:\Users\tranv\AppData\Roaming\Composer\vendor\bin
USERNAME=tranv
OS=Windows_NT
PROCESSOR_IDENTIFIER=Intel64 Family 6 Model 142 Stepping 12, GenuineIntel
TMP=C:\Users\tranv\AppData\Local\Temp
TEMP=C:\Users\tranv\AppData\Local\Temp



---------------  S Y S T E M  ---------------

OS:
 Windows 11 , 64 bit Build 22621 (10.0.22621.1485)
OS uptime: 0 days 20:40 hours

CPU: total 8 (initial active 8) (4 cores per cpu, 2 threads per core) family 6 model 142 stepping 12 microcode 0xec, cx8, cmov, fxsr, ht, mmx, 3dnowpref, sse, sse2, sse3, ssse3, sse4.1, sse4.2, popcnt, lzcnt, tsc, tscinvbit, avx, avx2, aes, erms, clmul, bmi1, bmi2, adx, fma, vzeroupper, clflush, clflushopt

Memory: 4k page, system-wide physical 8014M (647M free)
TotalPageFile size 32590M (AvailPageFile size 199M)
current process WorkingSet (physical memory assigned to process): 513M, peak: 520M
current process commit charge ("private bytes"): 548M, peak: 845M

vm_info: OpenJDK 64-Bit Server VM (17.0.6+0-b2043.56-9586694) for windows-amd64 JRE (17.0.6+0-b2043.56-9586694), built on Feb  9 2023 20:06:20 by "androidbuild" with MS VC++ 16.10 / 16.11 (VS2019)

END.
