#
# There is insufficient memory for the Java Runtime Environment to continue.
# Native memory allocation (malloc) failed to allocate 1530512 bytes for Chunk::new
# Possible reasons:
#   The system is out of physical RAM or swap space
#   The process is running with CompressedOops enabled, and the Java Heap may be blocking the growth of the native heap
# Possible solutions:
#   Reduce memory load on the system
#   Increase physical memory or swap space
#   Check if swap backing store is full
#   Decrease Java heap size (-Xmx/-Xms)
#   Decrease number of Java threads
#   Decrease Java thread stack sizes (-Xss)
#   Set larger code cache with -XX:ReservedCodeCacheSize=
#   JVM is running with Unscaled Compressed Oops mode in which the Java heap is
#     placed in the first 4GB address space. The Java Heap base address is the
#     maximum limit for the native heap growth. Please use -XX:HeapBaseMinAddress
#     to set the Java Heap base and to place the Java Heap above 4GB virtual address.
# This output file may be truncated or incomplete.
#
#  Out of Memory Error (arena.cpp:189), pid=10348, tid=15376
#
# JRE version: OpenJDK Runtime Environment (17.0.6) (build 17.0.6+0-b2043.56-9586694)
# Java VM: OpenJDK 64-Bit Server VM (17.0.6+0-b2043.56-9586694, mixed mode, tiered, compressed oops, compressed class ptrs, g1 gc, windows-amd64)
# No core dump will be written. Minidumps are not enabled by default on client versions of Windows
#

---------------  S U M M A R Y ------------

Command Line: --add-opens=java.base/java.util=ALL-UNNAMED --add-opens=java.base/java.lang=ALL-UNNAMED --add-opens=java.base/java.lang.invoke=ALL-UNNAMED --add-opens=java.prefs/java.util.prefs=ALL-UNNAMED --add-opens=java.base/java.nio.charset=ALL-UNNAMED --add-opens=java.base/java.net=ALL-UNNAMED --add-opens=java.base/java.util.concurrent.atomic=ALL-UNNAMED -Xmx2048m -Dfile.encoding=UTF-8 -Duser.country=US -Duser.language=en -Duser.variant org.gradle.launcher.daemon.bootstrap.GradleDaemon 8.0

Host: Intel(R) Core(TM) i5-10210U CPU @ 1.60GHz, 8 cores, 7G,  Windows 11 , 64 bit Build 22621 (10.0.22621.1485)
Time: Thu Apr 27 15:25:57 2023 SE Asia Standard Time elapsed time: 16.820941 seconds (0d 0h 0m 16s)

---------------  T H R E A D  ---------------

Current thread (0x0000023747453900):  JavaThread "C2 CompilerThread0" daemon [_thread_in_native, id=15376, stack(0x0000003f53900000,0x0000003f53a00000)]


Current CompileTask:
C2:  16821 6082   !   4       com.google.common.reflect.TypeVisitor::visit (244 bytes)

Stack: [0x0000003f53900000,0x0000003f53a00000]
Native frames: (J=compiled Java code, j=interpreted, Vv=VM code, C=native code)
V  [jvm.dll+0x683b4a]
V  [jvm.dll+0x842654]
V  [jvm.dll+0x843dfe]
V  [jvm.dll+0x844463]
V  [jvm.dll+0x249b75]
V  [jvm.dll+0xabcac]
V  [jvm.dll+0xac27c]
V  [jvm.dll+0x368857]
V  [jvm.dll+0x1bd0b8]
V  [jvm.dll+0x21c359]
V  [jvm.dll+0x21b621]
V  [jvm.dll+0x1a4fdd]
V  [jvm.dll+0x22b098]
V  [jvm.dll+0x229159]
V  [jvm.dll+0x7f809c]
V  [jvm.dll+0x7f25fa]
V  [jvm.dll+0x682985]
C  [ucrtbase.dll+0x29363]
C  [KERNEL32.DLL+0x1269d]
C  [ntdll.dll+0x5a9f8]


---------------  P R O C E S S  ---------------

Threads class SMR info:
_java_thread_list=0x000002374c6e9930, length=124, elements={
0x000002372c9ca560, 0x0000023747433260, 0x0000023747433d20, 0x00000237474580a0,
0x0000023747450110, 0x00000237474509d0, 0x0000023747451290, 0x0000023747453900,
0x000002374745be80, 0x0000023747466550, 0x00000237475dac10, 0x00000237475dd960,
0x0000023748a45010, 0x0000023748dbca80, 0x0000023748c68dc0, 0x0000023748fb23c0,
0x0000023748fa8060, 0x0000023748c98c50, 0x0000023748c99120, 0x0000023748e88460,
0x0000023748e8e1a0, 0x0000023748e8d330, 0x0000023748e8e670, 0x0000023748e8f4e0,
0x0000023748e8f010, 0x0000023748e8f9b0, 0x0000023748e8dcd0, 0x0000023748e8fe80,
0x0000023748e90350, 0x0000023748e8c990, 0x0000023748e8eb40, 0x0000023748e8ce60,
0x0000023748e8d800, 0x00000237476d4530, 0x00000237476d8890, 0x00000237476d66e0,
0x00000237476d9230, 0x00000237476db3e0, 0x00000237476d4ed0, 0x00000237476d9bd0,
0x00000237476d6bb0, 0x00000237476d5d40, 0x00000237476da0a0, 0x00000237476d4060,
0x00000237476d53a0, 0x00000237476d9700, 0x00000237476daa40, 0x00000237476d7ef0,
0x00000237476d6210, 0x00000237476d7080, 0x00000237476d83c0, 0x00000237476d7550,
0x00000237476d7a20, 0x0000023749b74f60, 0x0000023749b76c40, 0x0000023749b775e0,
0x0000023749b75430, 0x0000023749b73280, 0x0000023749b762a0, 0x0000023749b74a90,
0x0000023749b70730, 0x0000023749b71f40, 0x0000023749b710d0, 0x0000023749b72410,
0x0000023749b728e0, 0x0000023749b740f0, 0x0000023749b75900, 0x0000023749b75dd0,
0x0000023749b76770, 0x0000023749b77110, 0x0000023749b70c00, 0x0000023749b72db0,
0x0000023749b73750, 0x0000023749b6fd90, 0x0000023749b70260, 0x0000023749b73c20,
0x0000023749b745c0, 0x0000023749b715a0, 0x0000023749b71a70, 0x0000023748428730,
0x00000237484278c0, 0x0000023748422220, 0x00000237484226f0, 0x00000237484273f0,
0x0000023748421d50, 0x0000023748425240, 0x0000023748422bc0, 0x0000023748428c00,
0x0000023748425be0, 0x0000023748423560, 0x0000023748423090, 0x0000023748427d90,
0x0000023748428260, 0x00000237484213b0, 0x0000023748423a30, 0x0000023748426f20,
0x0000023748423f00, 0x0000023748421880, 0x00000237484243d0, 0x00000237484248a0,
0x0000023748424d70, 0x0000023748425710, 0x00000237484260b0, 0x0000023748426580,
0x0000023748426a50, 0x000002374c597da0, 0x000002374c592700, 0x000002374c595bf0,
0x000002374c598270, 0x000002374c5978d0, 0x000002374c590a20, 0x000002374c590ef0,
0x000002374c597400, 0x000002374c593a40, 0x000002374c593f10, 0x000002374c5913c0,
0x000002374c591890, 0x000002374c592bd0, 0x000002374c596a60, 0x000002374c591d60,
0x000002374c592230, 0x000002374c595250, 0x000002374c5930a0, 0x000002374c5948b0
}

Java Threads: ( => current thread )
  0x000002372c9ca560 JavaThread "main" [_thread_blocked, id=6444, stack(0x0000003f52c00000,0x0000003f52d00000)]
  0x0000023747433260 JavaThread "Reference Handler" daemon [_thread_blocked, id=7416, stack(0x0000003f53300000,0x0000003f53400000)]
  0x0000023747433d20 JavaThread "Finalizer" daemon [_thread_blocked, id=15940, stack(0x0000003f53400000,0x0000003f53500000)]
  0x00000237474580a0 JavaThread "Signal Dispatcher" daemon [_thread_blocked, id=22128, stack(0x0000003f53500000,0x0000003f53600000)]
  0x0000023747450110 JavaThread "Attach Listener" daemon [_thread_blocked, id=3672, stack(0x0000003f53600000,0x0000003f53700000)]
  0x00000237474509d0 JavaThread "Service Thread" daemon [_thread_blocked, id=10356, stack(0x0000003f53700000,0x0000003f53800000)]
  0x0000023747451290 JavaThread "Monitor Deflation Thread" daemon [_thread_blocked, id=16188, stack(0x0000003f53800000,0x0000003f53900000)]
=>0x0000023747453900 JavaThread "C2 CompilerThread0" daemon [_thread_in_native, id=15376, stack(0x0000003f53900000,0x0000003f53a00000)]
  0x000002374745be80 JavaThread "C1 CompilerThread0" daemon [_thread_blocked, id=6656, stack(0x0000003f53a00000,0x0000003f53b00000)]
  0x0000023747466550 JavaThread "Sweeper thread" daemon [_thread_blocked, id=20348, stack(0x0000003f53b00000,0x0000003f53c00000)]
  0x00000237475dac10 JavaThread "Common-Cleaner" daemon [_thread_blocked, id=8000, stack(0x0000003f53c00000,0x0000003f53d00000)]
  0x00000237475dd960 JavaThread "Notification Thread" daemon [_thread_blocked, id=16668, stack(0x0000003f53d00000,0x0000003f53e00000)]
  0x0000023748a45010 JavaThread "Daemon health stats" [_thread_blocked, id=15576, stack(0x0000003f54300000,0x0000003f54400000)]
  0x0000023748dbca80 JavaThread "Incoming local TCP Connector on port 49932" [_thread_in_native, id=15484, stack(0x0000003f54400000,0x0000003f54500000)]
  0x0000023748c68dc0 JavaThread "Daemon periodic checks" [_thread_blocked, id=2748, stack(0x0000003f54600000,0x0000003f54700000)]
  0x0000023748fb23c0 JavaThread "Daemon" [_thread_blocked, id=15720, stack(0x0000003f54700000,0x0000003f54800000)]
  0x0000023748fa8060 JavaThread "Handler for socket connection from /127.0.0.1:49932 to /127.0.0.1:49934" [_thread_in_native, id=11004, stack(0x0000003f54800000,0x0000003f54900000)]
  0x0000023748c98c50 JavaThread "Cancel handler" [_thread_blocked, id=19980, stack(0x0000003f54900000,0x0000003f54a00000)]
  0x0000023748c99120 JavaThread "Daemon worker" [_thread_in_vm, id=3736, stack(0x0000003f54a00000,0x0000003f54b00000)]
  0x0000023748e88460 JavaThread "Asynchronous log dispatcher for DefaultDaemonConnection: socket connection from /127.0.0.1:49932 to /127.0.0.1:49934" [_thread_blocked, id=14400, stack(0x0000003f54b00000,0x0000003f54c00000)]
  0x0000023748e8e1a0 JavaThread "Stdin handler" [_thread_blocked, id=20344, stack(0x0000003f54c00000,0x0000003f54d00000)]
  0x0000023748e8d330 JavaThread "Daemon client event forwarder" [_thread_blocked, id=10372, stack(0x0000003f54d00000,0x0000003f54e00000)]
  0x0000023748e8e670 JavaThread "Cache worker for journal cache (C:\Users\tranv\.gradle\caches\journal-1)" [_thread_blocked, id=15264, stack(0x0000003f55200000,0x0000003f55300000)]
  0x0000023748e8f4e0 JavaThread "File lock request listener" [_thread_in_native, id=23260, stack(0x0000003f55300000,0x0000003f55400000)]
  0x0000023748e8f010 JavaThread "Cache worker for file hash cache (C:\Users\tranv\.gradle\caches\8.0\fileHashes)" [_thread_blocked, id=13396, stack(0x0000003f55400000,0x0000003f55500000)]
  0x0000023748e8f9b0 JavaThread "File watcher server" daemon [_thread_in_native, id=17596, stack(0x0000003f54500000,0x0000003f54600000)]
  0x0000023748e8dcd0 JavaThread "File watcher consumer" daemon [_thread_blocked, id=14676, stack(0x0000003f55500000,0x0000003f55600000)]
  0x0000023748e8fe80 JavaThread "Cache worker for checksums cache (C:\Users\tranv\AndroidStudio\BaoStore\.gradle\8.0\checksums)" [_thread_blocked, id=18920, stack(0x0000003f55600000,0x0000003f55700000)]
  0x0000023748e90350 JavaThread "Cache worker for cache directory md-rule (C:\Users\tranv\.gradle\caches\8.0\md-rule)" [_thread_blocked, id=12824, stack(0x0000003f55700000,0x0000003f55800000)]
  0x0000023748e8c990 JavaThread "Cache worker for file content cache (C:\Users\tranv\.gradle\caches\8.0\fileContent)" [_thread_blocked, id=15588, stack(0x0000003f55800000,0x0000003f55900000)]
  0x0000023748e8eb40 JavaThread "Cache worker for file hash cache (C:\Users\tranv\AndroidStudio\BaoStore\.gradle\8.0\fileHashes)" [_thread_blocked, id=8536, stack(0x0000003f55900000,0x0000003f55a00000)]
  0x0000023748e8ce60 JavaThread "Cache worker for cache directory md-supplier (C:\Users\tranv\.gradle\caches\8.0\md-supplier)" [_thread_blocked, id=2580, stack(0x0000003f55a00000,0x0000003f55b00000)]
  0x0000023748e8d800 JavaThread "Cache worker for execution history cache (C:\Users\tranv\.gradle\caches\8.0\executionHistory)" [_thread_blocked, id=8488, stack(0x0000003f55b00000,0x0000003f55c00000)]
  0x00000237476d4530 JavaThread "jar transforms" [_thread_blocked, id=2524, stack(0x0000003f55c00000,0x0000003f55d00000)]
  0x00000237476d8890 JavaThread "jar transforms Thread 2" [_thread_blocked, id=20956, stack(0x0000003f55d00000,0x0000003f55e00000)]
  0x00000237476d66e0 JavaThread "jar transforms Thread 3" [_thread_blocked, id=15012, stack(0x0000003f55f00000,0x0000003f56000000)]
  0x00000237476d9230 JavaThread "jar transforms Thread 4" [_thread_blocked, id=10228, stack(0x0000003f56000000,0x0000003f56100000)]
  0x00000237476db3e0 JavaThread "Cache worker for dependencies-accessors (C:\Users\tranv\AndroidStudio\BaoStore\.gradle\8.0\dependencies-accessors)" [_thread_blocked, id=8996, stack(0x0000003f56100000,0x0000003f56200000)]
  0x00000237476d4ed0 JavaThread "jar transforms Thread 5" [_thread_blocked, id=2468, stack(0x0000003f56200000,0x0000003f56300000)]
  0x00000237476d9bd0 JavaThread "Cache worker for Build Output Cleanup Cache (C:\Users\tranv\AndroidStudio\BaoStore\.gradle\buildOutputCleanup)" [_thread_blocked, id=20036, stack(0x0000003f56300000,0x0000003f56400000)]
  0x00000237476d6bb0 JavaThread "Unconstrained build operations" [_thread_blocked, id=13776, stack(0x0000003f56400000,0x0000003f56500000)]
  0x00000237476d5d40 JavaThread "Unconstrained build operations Thread 2" [_thread_blocked, id=21220, stack(0x0000003f56500000,0x0000003f56600000)]
  0x00000237476da0a0 JavaThread "Unconstrained build operations Thread 3" [_thread_blocked, id=9612, stack(0x0000003f56600000,0x0000003f56700000)]
  0x00000237476d4060 JavaThread "Unconstrained build operations Thread 4" [_thread_blocked, id=21532, stack(0x0000003f56700000,0x0000003f56800000)]
  0x00000237476d53a0 JavaThread "Unconstrained build operations Thread 5" [_thread_blocked, id=18556, stack(0x0000003f56800000,0x0000003f56900000)]
  0x00000237476d9700 JavaThread "Unconstrained build operations Thread 6" [_thread_blocked, id=17944, stack(0x0000003f56900000,0x0000003f56a00000)]
  0x00000237476daa40 JavaThread "Unconstrained build operations Thread 7" [_thread_blocked, id=14408, stack(0x0000003f56a00000,0x0000003f56b00000)]
  0x00000237476d7ef0 JavaThread "Unconstrained build operations Thread 8" [_thread_blocked, id=17972, stack(0x0000003f56b00000,0x0000003f56c00000)]
  0x00000237476d6210 JavaThread "Unconstrained build operations Thread 9" [_thread_blocked, id=10184, stack(0x0000003f56c00000,0x0000003f56d00000)]
  0x00000237476d7080 JavaThread "Unconstrained build operations Thread 10" [_thread_blocked, id=19764, stack(0x0000003f56d00000,0x0000003f56e00000)]
  0x00000237476d83c0 JavaThread "Unconstrained build operations Thread 11" [_thread_blocked, id=23028, stack(0x0000003f56e00000,0x0000003f56f00000)]
  0x00000237476d7550 JavaThread "Unconstrained build operations Thread 12" [_thread_blocked, id=19032, stack(0x0000003f56f00000,0x0000003f57000000)]
  0x00000237476d7a20 JavaThread "Unconstrained build operations Thread 13" [_thread_blocked, id=7936, stack(0x0000003f57000000,0x0000003f57100000)]
  0x0000023749b74f60 JavaThread "Unconstrained build operations Thread 14" [_thread_blocked, id=15936, stack(0x0000003f57100000,0x0000003f57200000)]
  0x0000023749b76c40 JavaThread "Unconstrained build operations Thread 15" [_thread_blocked, id=5132, stack(0x0000003f57200000,0x0000003f57300000)]
  0x0000023749b775e0 JavaThread "Unconstrained build operations Thread 16" [_thread_blocked, id=11860, stack(0x0000003f57300000,0x0000003f57400000)]
  0x0000023749b75430 JavaThread "Unconstrained build operations Thread 17" [_thread_blocked, id=19808, stack(0x0000003f57400000,0x0000003f57500000)]
  0x0000023749b73280 JavaThread "Unconstrained build operations Thread 18" [_thread_blocked, id=12124, stack(0x0000003f57500000,0x0000003f57600000)]
  0x0000023749b762a0 JavaThread "Unconstrained build operations Thread 19" [_thread_blocked, id=5512, stack(0x0000003f57600000,0x0000003f57700000)]
  0x0000023749b74a90 JavaThread "Unconstrained build operations Thread 20" [_thread_blocked, id=20012, stack(0x0000003f57700000,0x0000003f57800000)]
  0x0000023749b70730 JavaThread "Unconstrained build operations Thread 21" [_thread_blocked, id=16872, stack(0x0000003f57800000,0x0000003f57900000)]
  0x0000023749b71f40 JavaThread "Unconstrained build operations Thread 22" [_thread_blocked, id=8408, stack(0x0000003f57900000,0x0000003f57a00000)]
  0x0000023749b710d0 JavaThread "Unconstrained build operations Thread 23" [_thread_blocked, id=12004, stack(0x0000003f57a00000,0x0000003f57b00000)]
  0x0000023749b72410 JavaThread "Unconstrained build operations Thread 24" [_thread_blocked, id=20620, stack(0x0000003f57b00000,0x0000003f57c00000)]
  0x0000023749b728e0 JavaThread "Unconstrained build operations Thread 25" [_thread_blocked, id=18288, stack(0x0000003f57c00000,0x0000003f57d00000)]
  0x0000023749b740f0 JavaThread "Unconstrained build operations Thread 26" [_thread_blocked, id=20064, stack(0x0000003f57d00000,0x0000003f57e00000)]
  0x0000023749b75900 JavaThread "Unconstrained build operations Thread 27" [_thread_blocked, id=6196, stack(0x0000003f57e00000,0x0000003f57f00000)]
  0x0000023749b75dd0 JavaThread "Unconstrained build operations Thread 28" [_thread_blocked, id=5376, stack(0x0000003f57f00000,0x0000003f58000000)]
  0x0000023749b76770 JavaThread "Unconstrained build operations Thread 29" [_thread_blocked, id=5668, stack(0x0000003f58000000,0x0000003f58100000)]
  0x0000023749b77110 JavaThread "Unconstrained build operations Thread 30" [_thread_blocked, id=7452, stack(0x0000003f58100000,0x0000003f58200000)]
  0x0000023749b70c00 JavaThread "Unconstrained build operations Thread 31" [_thread_blocked, id=16920, stack(0x0000003f58200000,0x0000003f58300000)]
  0x0000023749b72db0 JavaThread "Unconstrained build operations Thread 32" [_thread_blocked, id=12476, stack(0x0000003f58300000,0x0000003f58400000)]
  0x0000023749b73750 JavaThread "Unconstrained build operations Thread 33" [_thread_blocked, id=11968, stack(0x0000003f58400000,0x0000003f58500000)]
  0x0000023749b6fd90 JavaThread "Unconstrained build operations Thread 34" [_thread_blocked, id=18204, stack(0x0000003f58500000,0x0000003f58600000)]
  0x0000023749b70260 JavaThread "Unconstrained build operations Thread 35" [_thread_blocked, id=17000, stack(0x0000003f58600000,0x0000003f58700000)]
  0x0000023749b73c20 JavaThread "Unconstrained build operations Thread 36" [_thread_blocked, id=21972, stack(0x0000003f58700000,0x0000003f58800000)]
  0x0000023749b745c0 JavaThread "Unconstrained build operations Thread 37" [_thread_blocked, id=10216, stack(0x0000003f58800000,0x0000003f58900000)]
  0x0000023749b715a0 JavaThread "Unconstrained build operations Thread 38" [_thread_blocked, id=8984, stack(0x0000003f58900000,0x0000003f58a00000)]
  0x0000023749b71a70 JavaThread "Unconstrained build operations Thread 39" [_thread_blocked, id=14692, stack(0x0000003f58a00000,0x0000003f58b00000)]
  0x0000023748428730 JavaThread "Unconstrained build operations Thread 40" [_thread_blocked, id=2156, stack(0x0000003f58b00000,0x0000003f58c00000)]
  0x00000237484278c0 JavaThread "Unconstrained build operations Thread 41" [_thread_blocked, id=14680, stack(0x0000003f58c00000,0x0000003f58d00000)]
  0x0000023748422220 JavaThread "Unconstrained build operations Thread 42" [_thread_blocked, id=11916, stack(0x0000003f58d00000,0x0000003f58e00000)]
  0x00000237484226f0 JavaThread "Unconstrained build operations Thread 43" [_thread_blocked, id=14904, stack(0x0000003f58e00000,0x0000003f58f00000)]
  0x00000237484273f0 JavaThread "Unconstrained build operations Thread 44" [_thread_blocked, id=16884, stack(0x0000003f58f00000,0x0000003f59000000)]
  0x0000023748421d50 JavaThread "Unconstrained build operations Thread 45" [_thread_blocked, id=21108, stack(0x0000003f59000000,0x0000003f59100000)]
  0x0000023748425240 JavaThread "Unconstrained build operations Thread 46" [_thread_blocked, id=20724, stack(0x0000003f59100000,0x0000003f59200000)]
  0x0000023748422bc0 JavaThread "Unconstrained build operations Thread 47" [_thread_blocked, id=796, stack(0x0000003f59200000,0x0000003f59300000)]
  0x0000023748428c00 JavaThread "Unconstrained build operations Thread 48" [_thread_blocked, id=6932, stack(0x0000003f59300000,0x0000003f59400000)]
  0x0000023748425be0 JavaThread "Unconstrained build operations Thread 49" [_thread_blocked, id=11572, stack(0x0000003f59400000,0x0000003f59500000)]
  0x0000023748423560 JavaThread "Unconstrained build operations Thread 50" [_thread_blocked, id=21248, stack(0x0000003f59500000,0x0000003f59600000)]
  0x0000023748423090 JavaThread "Unconstrained build operations Thread 51" [_thread_blocked, id=10376, stack(0x0000003f59600000,0x0000003f59700000)]
  0x0000023748427d90 JavaThread "Unconstrained build operations Thread 52" [_thread_blocked, id=12680, stack(0x0000003f59700000,0x0000003f59800000)]
  0x0000023748428260 JavaThread "Unconstrained build operations Thread 53" [_thread_blocked, id=10612, stack(0x0000003f59800000,0x0000003f59900000)]
  0x00000237484213b0 JavaThread "Unconstrained build operations Thread 54" [_thread_blocked, id=2204, stack(0x0000003f59900000,0x0000003f59a00000)]
  0x0000023748423a30 JavaThread "Unconstrained build operations Thread 55" [_thread_blocked, id=16264, stack(0x0000003f59a00000,0x0000003f59b00000)]
  0x0000023748426f20 JavaThread "Unconstrained build operations Thread 56" [_thread_blocked, id=19224, stack(0x0000003f59b00000,0x0000003f59c00000)]
  0x0000023748423f00 JavaThread "Unconstrained build operations Thread 57" [_thread_blocked, id=9724, stack(0x0000003f59c00000,0x0000003f59d00000)]
  0x0000023748421880 JavaThread "Unconstrained build operations Thread 58" [_thread_blocked, id=11152, stack(0x0000003f59d00000,0x0000003f59e00000)]
  0x00000237484243d0 JavaThread "Unconstrained build operations Thread 59" [_thread_blocked, id=2804, stack(0x0000003f59e00000,0x0000003f59f00000)]
  0x00000237484248a0 JavaThread "Unconstrained build operations Thread 60" [_thread_blocked, id=14816, stack(0x0000003f59f00000,0x0000003f5a000000)]
  0x0000023748424d70 JavaThread "Unconstrained build operations Thread 61" [_thread_blocked, id=22812, stack(0x0000003f5a000000,0x0000003f5a100000)]
  0x0000023748425710 JavaThread "Unconstrained build operations Thread 62" [_thread_blocked, id=10056, stack(0x0000003f5a100000,0x0000003f5a200000)]
  0x00000237484260b0 JavaThread "Unconstrained build operations Thread 63" [_thread_blocked, id=5508, stack(0x0000003f5a200000,0x0000003f5a300000)]
  0x0000023748426580 JavaThread "Unconstrained build operations Thread 64" [_thread_blocked, id=16596, stack(0x0000003f5a300000,0x0000003f5a400000)]
  0x0000023748426a50 JavaThread "Unconstrained build operations Thread 65" [_thread_blocked, id=3268, stack(0x0000003f5a400000,0x0000003f5a500000)]
  0x000002374c597da0 JavaThread "Unconstrained build operations Thread 66" [_thread_blocked, id=4532, stack(0x0000003f5a500000,0x0000003f5a600000)]
  0x000002374c592700 JavaThread "Unconstrained build operations Thread 67" [_thread_blocked, id=22504, stack(0x0000003f5a600000,0x0000003f5a700000)]
  0x000002374c595bf0 JavaThread "Unconstrained build operations Thread 68" [_thread_blocked, id=22140, stack(0x0000003f5a700000,0x0000003f5a800000)]
  0x000002374c598270 JavaThread "Unconstrained build operations Thread 69" [_thread_blocked, id=9004, stack(0x0000003f5a800000,0x0000003f5a900000)]
  0x000002374c5978d0 JavaThread "Unconstrained build operations Thread 70" [_thread_blocked, id=23144, stack(0x0000003f5a900000,0x0000003f5aa00000)]
  0x000002374c590a20 JavaThread "Unconstrained build operations Thread 71" [_thread_blocked, id=15288, stack(0x0000003f5aa00000,0x0000003f5ab00000)]
  0x000002374c590ef0 JavaThread "Unconstrained build operations Thread 72" [_thread_blocked, id=17936, stack(0x0000003f5ab00000,0x0000003f5ac00000)]
  0x000002374c597400 JavaThread "Unconstrained build operations Thread 73" [_thread_blocked, id=6648, stack(0x0000003f5ac00000,0x0000003f5ad00000)]
  0x000002374c593a40 JavaThread "Unconstrained build operations Thread 74" [_thread_blocked, id=3956, stack(0x0000003f5ad00000,0x0000003f5ae00000)]
  0x000002374c593f10 JavaThread "Unconstrained build operations Thread 75" [_thread_blocked, id=16724, stack(0x0000003f5ae00000,0x0000003f5af00000)]
  0x000002374c5913c0 JavaThread "Unconstrained build operations Thread 76" [_thread_blocked, id=9192, stack(0x0000003f5af00000,0x0000003f5b000000)]
  0x000002374c591890 JavaThread "Unconstrained build operations Thread 77" [_thread_blocked, id=8292, stack(0x0000003f5b000000,0x0000003f5b100000)]
  0x000002374c592bd0 JavaThread "Unconstrained build operations Thread 78" [_thread_blocked, id=15284, stack(0x0000003f5b100000,0x0000003f5b200000)]
  0x000002374c596a60 JavaThread "Unconstrained build operations Thread 79" [_thread_blocked, id=14976, stack(0x0000003f5b200000,0x0000003f5b300000)]
  0x000002374c591d60 JavaThread "Unconstrained build operations Thread 80" [_thread_blocked, id=1172, stack(0x0000003f5b300000,0x0000003f5b400000)]
  0x000002374c592230 JavaThread "jar transforms Thread 6" [_thread_blocked, id=15308, stack(0x0000003f5b400000,0x0000003f5b500000)]
  0x000002374c595250 JavaThread "jar transforms Thread 7" [_thread_blocked, id=4540, stack(0x0000003f5b500000,0x0000003f5b600000)]
  0x000002374c5930a0 JavaThread "jar transforms Thread 8" [_thread_blocked, id=3684, stack(0x0000003f5b600000,0x0000003f5b700000)]
  0x000002374c5948b0 JavaThread "build event listener" [_thread_blocked, id=8236, stack(0x0000003f5b700000,0x0000003f5b800000)]

Other Threads:
  0x000002374741f950 VMThread "VM Thread" [stack: 0x0000003f53200000,0x0000003f53300000] [id=2124]
  0x000002372ca40e50 WatcherThread [stack: 0x0000003f53e00000,0x0000003f53f00000] [id=7252]
  0x000002372ca26c50 GCTaskThread "GC Thread#0" [stack: 0x0000003f52d00000,0x0000003f52e00000] [id=10476]
  0x0000023747fe46b0 GCTaskThread "GC Thread#1" [stack: 0x0000003f53f00000,0x0000003f54000000] [id=17780]
  0x0000023747fe4960 GCTaskThread "GC Thread#2" [stack: 0x0000003f54000000,0x0000003f54100000] [id=10492]
  0x000002374820d660 GCTaskThread "GC Thread#3" [stack: 0x0000003f54100000,0x0000003f54200000] [id=11376]
  0x00000237487fe450 GCTaskThread "GC Thread#4" [stack: 0x0000003f54200000,0x0000003f54300000] [id=4928]
  0x000002374999ca10 GCTaskThread "GC Thread#5" [stack: 0x0000003f54e00000,0x0000003f54f00000] [id=8836]
  0x000002374999bca0 GCTaskThread "GC Thread#6" [stack: 0x0000003f54f00000,0x0000003f55000000] [id=22236]
  0x000002374999c200 GCTaskThread "GC Thread#7" [stack: 0x0000003f55000000,0x0000003f55100000] [id=9312]
  0x000002372ca393b0 ConcurrentGCThread "G1 Main Marker" [stack: 0x0000003f52e00000,0x0000003f52f00000] [id=13448]
  0x000002372ca39cd0 ConcurrentGCThread "G1 Conc#0" [stack: 0x0000003f52f00000,0x0000003f53000000] [id=13332]
  0x000002374999bf50 ConcurrentGCThread "G1 Conc#1" [stack: 0x0000003f55100000,0x0000003f55200000] [id=20244]
  0x0000023746687d10 ConcurrentGCThread "G1 Refine#0" [stack: 0x0000003f53000000,0x0000003f53100000] [id=15440]
  0x0000023749de3b50 ConcurrentGCThread "G1 Refine#1" [stack: 0x0000003f55e00000,0x0000003f55f00000] [id=14940]
  0x00000237466894f0 ConcurrentGCThread "G1 Service" [stack: 0x0000003f53100000,0x0000003f53200000] [id=284]

Threads with active compile tasks:
C2 CompilerThread0    16878 6082   !   4       com.google.common.reflect.TypeVisitor::visit (244 bytes)

VM state: not at safepoint (normal execution)

VM Mutex/Monitor currently owned by a thread: None

Heap address: 0x0000000080000000, size: 2048 MB, Compressed Oops mode: 32-bit

CDS archive(s) not mapped
Compressed class space mapped at: 0x0000000100000000-0x0000000140000000, reserved size: 1073741824
Narrow klass base: 0x0000000000000000, Narrow klass shift: 3, Narrow klass range: 0x140000000

GC Precious Log:
 CPUs: 8 total, 8 available
 Memory: 8014M
 Large Page Support: Disabled
 NUMA Support: Disabled
 Compressed Oops: Enabled (32-bit)
 Heap Region Size: 1M
 Heap Min Capacity: 8M
 Heap Initial Capacity: 126M
 Heap Max Capacity: 2G
 Pre-touch: Disabled
 Parallel Workers: 8
 Concurrent Workers: 2
 Concurrent Refinement Workers: 8
 Periodic GC: Disabled

Heap:
 garbage-first heap   total 83968K, used 59077K [0x0000000080000000, 0x0000000100000000)
  region size 1024K, 15 young (15360K), 2 survivors (2048K)
 Metaspace       used 61617K, committed 62144K, reserved 1105920K
  class space    used 8093K, committed 8320K, reserved 1048576K

Heap Regions: E=young(eden), S=young(survivor), O=old, HS=humongous(starts), HC=humongous(continues), CS=collection set, F=free, OA=open archive, CA=closed archive, TAMS=top-at-mark-start (previous, next)
|   0|0x0000000080000000, 0x0000000080100000, 0x0000000080100000|100%|HS|  |TAMS 0x0000000080100000, 0x0000000080000000| Complete 
|   1|0x0000000080100000, 0x0000000080200000, 0x0000000080200000|100%|HC|  |TAMS 0x0000000080200000, 0x0000000080100000| Complete 
|   2|0x0000000080200000, 0x0000000080300000, 0x0000000080300000|100%|HC|  |TAMS 0x0000000080300000, 0x0000000080200000| Complete 
|   3|0x0000000080300000, 0x0000000080400000, 0x0000000080400000|100%|HC|  |TAMS 0x0000000080400000, 0x0000000080300000| Complete 
|   4|0x0000000080400000, 0x0000000080500000, 0x0000000080500000|100%| O|  |TAMS 0x0000000080500000, 0x0000000080400000| Untracked 
|   5|0x0000000080500000, 0x0000000080600000, 0x0000000080600000|100%| O|  |TAMS 0x0000000080600000, 0x0000000080500000| Untracked 
|   6|0x0000000080600000, 0x0000000080700000, 0x0000000080700000|100%| O|  |TAMS 0x0000000080700000, 0x0000000080600000| Untracked 
|   7|0x0000000080700000, 0x0000000080800000, 0x0000000080800000|100%| O|  |TAMS 0x0000000080800000, 0x0000000080700000| Untracked 
|   8|0x0000000080800000, 0x0000000080900000, 0x0000000080900000|100%| O|  |TAMS 0x0000000080900000, 0x0000000080800000| Untracked 
|   9|0x0000000080900000, 0x0000000080a00000, 0x0000000080a00000|100%| O|  |TAMS 0x0000000080a00000, 0x0000000080900000| Untracked 
|  10|0x0000000080a00000, 0x0000000080b00000, 0x0000000080b00000|100%| O|  |TAMS 0x0000000080b00000, 0x0000000080a00000| Untracked 
|  11|0x0000000080b00000, 0x0000000080b54000, 0x0000000080c00000| 32%| O|  |TAMS 0x0000000080b54000, 0x0000000080b00000| Untracked 
|  12|0x0000000080c00000, 0x0000000080d00000, 0x0000000080d00000|100%| O|  |TAMS 0x0000000080d00000, 0x0000000080c00000| Untracked 
|  13|0x0000000080d00000, 0x0000000080e00000, 0x0000000080e00000|100%| O|  |TAMS 0x0000000080e00000, 0x0000000080d00000| Untracked 
|  14|0x0000000080e00000, 0x0000000080f00000, 0x0000000080f00000|100%| O|  |TAMS 0x0000000080f00000, 0x0000000080e00000| Untracked 
|  15|0x0000000080f00000, 0x0000000081000000, 0x0000000081000000|100%| O|  |TAMS 0x0000000081000000, 0x0000000080f00000| Untracked 
|  16|0x0000000081000000, 0x0000000081100000, 0x0000000081100000|100%| O|  |TAMS 0x0000000081100000, 0x0000000081000000| Untracked 
|  17|0x0000000081100000, 0x0000000081200000, 0x0000000081200000|100%| O|  |TAMS 0x0000000081200000, 0x0000000081100000| Untracked 
|  18|0x0000000081200000, 0x0000000081300000, 0x0000000081300000|100%| O|  |TAMS 0x0000000081300000, 0x0000000081200000| Untracked 
|  19|0x0000000081300000, 0x0000000081400000, 0x0000000081400000|100%| O|  |TAMS 0x0000000081400000, 0x0000000081300000| Untracked 
|  20|0x0000000081400000, 0x0000000081500000, 0x0000000081500000|100%| O|  |TAMS 0x0000000081500000, 0x0000000081400000| Untracked 
|  21|0x0000000081500000, 0x0000000081600000, 0x0000000081600000|100%| O|  |TAMS 0x0000000081600000, 0x0000000081500000| Untracked 
|  22|0x0000000081600000, 0x0000000081700000, 0x0000000081700000|100%| O|  |TAMS 0x0000000081700000, 0x0000000081600000| Untracked 
|  23|0x0000000081700000, 0x0000000081800000, 0x0000000081800000|100%| O|  |TAMS 0x0000000081800000, 0x0000000081700000| Untracked 
|  24|0x0000000081800000, 0x0000000081900000, 0x0000000081900000|100%| O|  |TAMS 0x0000000081900000, 0x0000000081800000| Untracked 
|  25|0x0000000081900000, 0x0000000081a00000, 0x0000000081a00000|100%| O|  |TAMS 0x0000000081a00000, 0x0000000081900000| Untracked 
|  26|0x0000000081a00000, 0x0000000081b00000, 0x0000000081b00000|100%| O|  |TAMS 0x0000000081b00000, 0x0000000081a00000| Untracked 
|  27|0x0000000081b00000, 0x0000000081c00000, 0x0000000081c00000|100%| O|  |TAMS 0x0000000081c00000, 0x0000000081b00000| Untracked 
|  28|0x0000000081c00000, 0x0000000081d00000, 0x0000000081d00000|100%| O|  |TAMS 0x0000000081d00000, 0x0000000081c00000| Untracked 
|  29|0x0000000081d00000, 0x0000000081e00000, 0x0000000081e00000|100%| O|  |TAMS 0x0000000081e00000, 0x0000000081d00000| Untracked 
|  30|0x0000000081e00000, 0x0000000081f00000, 0x0000000081f00000|100%| O|  |TAMS 0x0000000081f00000, 0x0000000081e00000| Untracked 
|  31|0x0000000081f00000, 0x0000000082000000, 0x0000000082000000|100%| O|  |TAMS 0x0000000082000000, 0x0000000081f00000| Untracked 
|  32|0x0000000082000000, 0x0000000082100000, 0x0000000082100000|100%| O|  |TAMS 0x0000000082100000, 0x0000000082000000| Untracked 
|  33|0x0000000082100000, 0x0000000082200000, 0x0000000082200000|100%| O|  |TAMS 0x0000000082200000, 0x0000000082100000| Untracked 
|  34|0x0000000082200000, 0x0000000082300000, 0x0000000082300000|100%| O|  |TAMS 0x0000000082300000, 0x0000000082200000| Untracked 
|  35|0x0000000082300000, 0x0000000082400000, 0x0000000082400000|100%|HS|  |TAMS 0x0000000082400000, 0x0000000082300000| Complete 
|  36|0x0000000082400000, 0x0000000082500000, 0x0000000082500000|100%| O|  |TAMS 0x0000000082500000, 0x0000000082400000| Untracked 
|  37|0x0000000082500000, 0x0000000082600000, 0x0000000082600000|100%| O|  |TAMS 0x0000000082600000, 0x0000000082500000| Untracked 
|  38|0x0000000082600000, 0x0000000082700000, 0x0000000082700000|100%|HS|  |TAMS 0x0000000082700000, 0x0000000082600000| Complete 
|  39|0x0000000082700000, 0x0000000082800000, 0x0000000082800000|100%| O|  |TAMS 0x0000000082800000, 0x0000000082700000| Untracked 
|  40|0x0000000082800000, 0x0000000082900000, 0x0000000082900000|100%| O|  |TAMS 0x0000000082900000, 0x0000000082800000| Untracked 
|  41|0x0000000082900000, 0x0000000082a00000, 0x0000000082a00000|100%| O|  |TAMS 0x0000000082a00000, 0x0000000082900000| Untracked 
|  42|0x0000000082a00000, 0x0000000082ad3600, 0x0000000082b00000| 82%| O|  |TAMS 0x0000000082ad3600, 0x0000000082a00000| Untracked 
|  43|0x0000000082b00000, 0x0000000082c00000, 0x0000000082c00000|100%| O|  |TAMS 0x0000000082c00000, 0x0000000082b00000| Untracked 
|  44|0x0000000082c00000, 0x0000000082d00000, 0x0000000082d00000|100%| O|  |TAMS 0x0000000082d00000, 0x0000000082c00000| Untracked 
|  45|0x0000000082d00000, 0x0000000082d00000, 0x0000000082e00000|  0%| F|  |TAMS 0x0000000082d00000, 0x0000000082d00000| Untracked 
|  46|0x0000000082e00000, 0x0000000082e00000, 0x0000000082f00000|  0%| F|  |TAMS 0x0000000082e00000, 0x0000000082e00000| Untracked 
|  47|0x0000000082f00000, 0x0000000082f00000, 0x0000000083000000|  0%| F|  |TAMS 0x0000000082f00000, 0x0000000082f00000| Untracked 
|  48|0x0000000083000000, 0x0000000083000000, 0x0000000083100000|  0%| F|  |TAMS 0x0000000083000000, 0x0000000083000000| Untracked 
|  49|0x0000000083100000, 0x0000000083100000, 0x0000000083200000|  0%| F|  |TAMS 0x0000000083100000, 0x0000000083100000| Untracked 
|  50|0x0000000083200000, 0x0000000083200000, 0x0000000083300000|  0%| F|  |TAMS 0x0000000083200000, 0x0000000083200000| Untracked 
|  51|0x0000000083300000, 0x0000000083300000, 0x0000000083400000|  0%| F|  |TAMS 0x0000000083300000, 0x0000000083300000| Untracked 
|  52|0x0000000083400000, 0x0000000083400000, 0x0000000083500000|  0%| F|  |TAMS 0x0000000083400000, 0x0000000083400000| Untracked 
|  53|0x0000000083500000, 0x0000000083500000, 0x0000000083600000|  0%| F|  |TAMS 0x0000000083500000, 0x0000000083500000| Untracked 
|  54|0x0000000083600000, 0x0000000083600000, 0x0000000083700000|  0%| F|  |TAMS 0x0000000083600000, 0x0000000083600000| Untracked 
|  55|0x0000000083700000, 0x0000000083700000, 0x0000000083800000|  0%| F|  |TAMS 0x0000000083700000, 0x0000000083700000| Untracked 
|  56|0x0000000083800000, 0x0000000083800000, 0x0000000083900000|  0%| F|  |TAMS 0x0000000083800000, 0x0000000083800000| Untracked 
|  57|0x0000000083900000, 0x0000000083900000, 0x0000000083a00000|  0%| F|  |TAMS 0x0000000083900000, 0x0000000083900000| Untracked 
|  58|0x0000000083a00000, 0x0000000083a00000, 0x0000000083b00000|  0%| F|  |TAMS 0x0000000083a00000, 0x0000000083a00000| Untracked 
|  59|0x0000000083b00000, 0x0000000083b00000, 0x0000000083c00000|  0%| F|  |TAMS 0x0000000083b00000, 0x0000000083b00000| Untracked 
|  60|0x0000000083c00000, 0x0000000083c00000, 0x0000000083d00000|  0%| F|  |TAMS 0x0000000083c00000, 0x0000000083c00000| Untracked 
|  61|0x0000000083d00000, 0x0000000083d00000, 0x0000000083e00000|  0%| F|  |TAMS 0x0000000083d00000, 0x0000000083d00000| Untracked 
|  62|0x0000000083e00000, 0x0000000083e8a168, 0x0000000083f00000| 53%| S|CS|TAMS 0x0000000083e00000, 0x0000000083e00000| Complete 
|  63|0x0000000083f00000, 0x0000000084000000, 0x0000000084000000|100%| S|CS|TAMS 0x0000000083f00000, 0x0000000083f00000| Complete 
|  64|0x0000000084000000, 0x0000000084000000, 0x0000000084100000|  0%| F|  |TAMS 0x0000000084000000, 0x0000000084000000| Untracked 
|  65|0x0000000084100000, 0x0000000084100000, 0x0000000084200000|  0%| F|  |TAMS 0x0000000084100000, 0x0000000084100000| Untracked 
|  66|0x0000000084200000, 0x0000000084200000, 0x0000000084300000|  0%| F|  |TAMS 0x0000000084200000, 0x0000000084200000| Untracked 
|  67|0x0000000084300000, 0x0000000084300000, 0x0000000084400000|  0%| F|  |TAMS 0x0000000084300000, 0x0000000084300000| Untracked 
|  68|0x0000000084400000, 0x0000000084400000, 0x0000000084500000|  0%| F|  |TAMS 0x0000000084400000, 0x0000000084400000| Untracked 
|  69|0x0000000084500000, 0x00000000845a1018, 0x0000000084600000| 62%| E|  |TAMS 0x0000000084500000, 0x0000000084500000| Complete 
|  70|0x0000000084600000, 0x0000000084700000, 0x0000000084700000|100%| E|CS|TAMS 0x0000000084600000, 0x0000000084600000| Complete 
|  71|0x0000000084700000, 0x0000000084800000, 0x0000000084800000|100%| E|CS|TAMS 0x0000000084700000, 0x0000000084700000| Complete 
|  72|0x0000000084800000, 0x0000000084900000, 0x0000000084900000|100%| E|CS|TAMS 0x0000000084800000, 0x0000000084800000| Complete 
|  76|0x0000000084c00000, 0x0000000084d00000, 0x0000000084d00000|100%| E|CS|TAMS 0x0000000084c00000, 0x0000000084c00000| Complete 
|  77|0x0000000084d00000, 0x0000000084e00000, 0x0000000084e00000|100%| E|CS|TAMS 0x0000000084d00000, 0x0000000084d00000| Complete 
|  78|0x0000000084e00000, 0x0000000084f00000, 0x0000000084f00000|100%| E|CS|TAMS 0x0000000084e00000, 0x0000000084e00000| Complete 
|  79|0x0000000084f00000, 0x0000000085000000, 0x0000000085000000|100%| E|CS|TAMS 0x0000000084f00000, 0x0000000084f00000| Complete 
|  80|0x0000000085000000, 0x0000000085100000, 0x0000000085100000|100%| E|CS|TAMS 0x0000000085000000, 0x0000000085000000| Complete 
|  81|0x0000000085100000, 0x0000000085200000, 0x0000000085200000|100%| E|CS|TAMS 0x0000000085100000, 0x0000000085100000| Complete 
|  82|0x0000000085200000, 0x0000000085300000, 0x0000000085300000|100%| E|CS|TAMS 0x0000000085200000, 0x0000000085200000| Complete 
|  83|0x0000000085300000, 0x0000000085400000, 0x0000000085400000|100%| E|CS|TAMS 0x0000000085300000, 0x0000000085300000| Complete 
| 125|0x0000000087d00000, 0x0000000087e00000, 0x0000000087e00000|100%| E|CS|TAMS 0x0000000087d00000, 0x0000000087d00000| Complete 

Card table byte_map: [0x000002373f5c0000,0x000002373f9c0000] _byte_map_base: 0x000002373f1c0000

Marking Bits (Prev, Next): (CMBitMap*) 0x000002372ca28180, (CMBitMap*) 0x000002372ca281c0
 Prev Bits: [0x000002373fdc0000, 0x0000023741dc0000)
 Next Bits: [0x0000023741dc0000, 0x0000023743dc0000)

Polling page: 0x000002372c190000

Metaspace:

Usage:
  Non-class:     52.28 MB used.
      Class:      7.91 MB used.
       Both:     60.19 MB used.

Virtual space:
  Non-class space:       56.00 MB reserved,      52.56 MB ( 94%) committed,  7 nodes.
      Class space:        1.00 GB reserved,       8.12 MB ( <1%) committed,  1 nodes.
             Both:        1.05 GB reserved,      60.69 MB (  6%) committed. 

Chunk freelists:
   Non-Class:  2.88 MB
       Class:  3.72 MB
        Both:  6.60 MB

MaxMetaspaceSize: unlimited
CompressedClassSpaceSize: 1.00 GB
Initial GC threshold: 21.00 MB
Current GC threshold: 97.44 MB
CDS: off
MetaspaceReclaimPolicy: balanced
 - commit_granule_bytes: 65536.
 - commit_granule_words: 8192.
 - virtual_space_node_default_size: 1048576.
 - enlarge_chunks_in_place: 1.
 - new_chunks_are_fully_committed: 0.
 - uncommit_free_chunks: 1.
 - use_allocation_guard: 0.
 - handle_deallocations: 1.


Internal statistics:

num_allocs_failed_limit: 6.
num_arena_births: 586.
num_arena_deaths: 0.
num_vsnodes_births: 8.
num_vsnodes_deaths: 0.
num_space_committed: 971.
num_space_uncommitted: 0.
num_chunks_returned_to_freelist: 6.
num_chunks_taken_from_freelist: 2571.
num_chunk_merges: 6.
num_chunk_splits: 1725.
num_chunks_enlarged: 1191.
num_purges: 0.
num_inconsistent_stats: 0.

CodeHeap 'non-profiled nmethods': size=120000Kb used=3018Kb max_used=3018Kb free=116981Kb
 bounds [0x0000023737960000, 0x0000023737c60000, 0x000002373ee90000]
CodeHeap 'profiled nmethods': size=120000Kb used=12702Kb max_used=12702Kb free=107297Kb
 bounds [0x000002372fe90000, 0x0000023730b00000, 0x00000237373c0000]
CodeHeap 'non-nmethods': size=5760Kb used=2334Kb max_used=2399Kb free=3425Kb
 bounds [0x00000237373c0000, 0x0000023737630000, 0x0000023737960000]
 total_blobs=7092 nmethods=6234 adapters=770
 compilation: enabled
              stopped_count=0, restarted_count=0
 full_count=0

Compilation events (20 events):
Event: 16.779 Thread 0x000002374745be80 nmethod 6245 0x0000023730ae6b10 code [0x0000023730ae6ce0, 0x0000023730ae7198]
Event: 16.788 Thread 0x000002374745be80 6246       3       java.lang.invoke.DirectMethodHandle$Holder::invokeStatic (15 bytes)
Event: 16.788 Thread 0x000002374745be80 nmethod 6246 0x0000023730ae7290 code [0x0000023730ae7460, 0x0000023730ae7998]
Event: 16.788 Thread 0x000002374745be80 6247       3       java.util.logging.LogManager::getProperty (9 bytes)
Event: 16.788 Thread 0x000002374745be80 nmethod 6247 0x0000023730ae7a90 code [0x0000023730ae7c40, 0x0000023730ae7e08]
Event: 16.791 Thread 0x000002374745be80 6249       2       java.lang.invoke.LambdaForm::identityForm (27 bytes)
Event: 16.791 Thread 0x000002374745be80 nmethod 6249 0x0000023730ae7f10 code [0x0000023730ae80c0, 0x0000023730ae8248]
Event: 16.791 Thread 0x000002374745be80 6250       2       java.lang.invoke.MethodHandleImpl::makeIntrinsic (14 bytes)
Event: 16.792 Thread 0x000002374745be80 nmethod 6250 0x0000023730ae8390 code [0x0000023730ae8540, 0x0000023730ae8858]
Event: 16.792 Thread 0x000002374745be80 6251       2       java.lang.invoke.MethodHandleImpl$IntrinsicMethodHandle::<init> (8 bytes)
Event: 16.792 Thread 0x000002374745be80 nmethod 6251 0x0000023730ae8a10 code [0x0000023730ae8bc0, 0x0000023730ae8eb8]
Event: 16.808 Thread 0x000002374745be80 6252       2       java.lang.String$CaseInsensitiveComparator::compare (13 bytes)
Event: 16.808 Thread 0x000002374745be80 nmethod 6252 0x0000023730ae9010 code [0x0000023730ae91c0, 0x0000023730ae9348]
Event: 16.812 Thread 0x000002374745be80 6253       2       java.util.IdentityHashMap::maskNull (12 bytes)
Event: 16.812 Thread 0x000002374745be80 nmethod 6253 0x0000023730ae9410 code [0x0000023730ae95a0, 0x0000023730ae9698]
Event: 16.812 Thread 0x000002374745be80 6254       2       java.util.IdentityHashMap::hash (18 bytes)
Event: 16.812 Thread 0x000002374745be80 nmethod 6254 0x0000023730ae9710 code [0x0000023730ae98a0, 0x0000023730ae99c8]
Event: 16.812 Thread 0x000002374745be80 6255       2       com.sun.jmx.mbeanserver.MBeanAnalyzer$MethodOrder::compare (13 bytes)
Event: 16.813 Thread 0x000002374745be80 nmethod 6255 0x0000023730ae9a90 code [0x0000023730ae9c40, 0x0000023730ae9dc8]
Event: 16.813 Thread 0x000002374745be80 6256       2       com.sun.jmx.mbeanserver.MBeanAnalyzer$MethodOrder::compare (106 bytes)

GC Heap History (20 events):
Event: 10.582 GC heap before
{Heap before GC invocations=12 (full 0):
 garbage-first heap   total 68608K, used 51902K [0x0000000080000000, 0x0000000100000000)
  region size 1024K, 23 young (23552K), 3 survivors (3072K)
 Metaspace       used 47172K, committed 47552K, reserved 1097728K
  class space    used 6174K, committed 6336K, reserved 1048576K
}
Event: 10.587 GC heap after
{Heap after GC invocations=13 (full 0):
 garbage-first heap   total 68608K, used 32892K [0x0000000080000000, 0x0000000100000000)
  region size 1024K, 2 young (2048K), 2 survivors (2048K)
 Metaspace       used 47172K, committed 47552K, reserved 1097728K
  class space    used 6174K, committed 6336K, reserved 1048576K
}
Event: 11.188 GC heap before
{Heap before GC invocations=13 (full 0):
 garbage-first heap   total 68608K, used 52348K [0x0000000080000000, 0x0000000100000000)
  region size 1024K, 21 young (21504K), 2 survivors (2048K)
 Metaspace       used 49455K, committed 49856K, reserved 1097728K
  class space    used 6532K, committed 6720K, reserved 1048576K
}
Event: 11.192 GC heap after
{Heap after GC invocations=14 (full 0):
 garbage-first heap   total 68608K, used 33745K [0x0000000080000000, 0x0000000100000000)
  region size 1024K, 3 young (3072K), 3 survivors (3072K)
 Metaspace       used 49455K, committed 49856K, reserved 1097728K
  class space    used 6532K, committed 6720K, reserved 1048576K
}
Event: 12.798 GC heap before
{Heap before GC invocations=15 (full 0):
 garbage-first heap   total 68608K, used 53201K [0x0000000080000000, 0x0000000100000000)
  region size 1024K, 22 young (22528K), 3 survivors (3072K)
 Metaspace       used 51251K, committed 51712K, reserved 1097728K
  class space    used 6774K, committed 6976K, reserved 1048576K
}
Event: 12.804 GC heap after
{Heap after GC invocations=16 (full 0):
 garbage-first heap   total 68608K, used 35466K [0x0000000080000000, 0x0000000100000000)
  region size 1024K, 3 young (3072K), 3 survivors (3072K)
 Metaspace       used 51251K, committed 51712K, reserved 1097728K
  class space    used 6774K, committed 6976K, reserved 1048576K
}
Event: 14.152 GC heap before
{Heap before GC invocations=16 (full 0):
 garbage-first heap   total 68608K, used 52874K [0x0000000080000000, 0x0000000100000000)
  region size 1024K, 21 young (21504K), 3 survivors (3072K)
 Metaspace       used 51859K, committed 52352K, reserved 1097728K
  class space    used 6843K, committed 7040K, reserved 1048576K
}
Event: 14.158 GC heap after
{Heap after GC invocations=17 (full 0):
 garbage-first heap   total 68608K, used 37061K [0x0000000080000000, 0x0000000100000000)
  region size 1024K, 3 young (3072K), 3 survivors (3072K)
 Metaspace       used 51859K, committed 52352K, reserved 1097728K
  class space    used 6843K, committed 7040K, reserved 1048576K
}
Event: 14.275 GC heap before
{Heap before GC invocations=18 (full 0):
 garbage-first heap   total 68608K, used 38085K [0x0000000080000000, 0x0000000100000000)
  region size 1024K, 5 young (5120K), 3 survivors (3072K)
 Metaspace       used 51880K, committed 52352K, reserved 1097728K
  class space    used 6844K, committed 7040K, reserved 1048576K
}
Event: 14.279 GC heap after
{Heap after GC invocations=19 (full 0):
 garbage-first heap   total 68608K, used 39482K [0x0000000080000000, 0x0000000100000000)
  region size 1024K, 2 young (2048K), 2 survivors (2048K)
 Metaspace       used 51880K, committed 52352K, reserved 1097728K
  class space    used 6844K, committed 7040K, reserved 1048576K
}
Event: 14.638 GC heap before
{Heap before GC invocations=20 (full 0):
 garbage-first heap   total 71680K, used 44602K [0x0000000080000000, 0x0000000100000000)
  region size 1024K, 8 young (8192K), 2 survivors (2048K)
 Metaspace       used 52006K, committed 52416K, reserved 1097728K
  class space    used 6854K, committed 7040K, reserved 1048576K
}
Event: 14.642 GC heap after
{Heap after GC invocations=21 (full 0):
 garbage-first heap   total 71680K, used 44023K [0x0000000080000000, 0x0000000100000000)
  region size 1024K, 2 young (2048K), 2 survivors (2048K)
 Metaspace       used 52006K, committed 52416K, reserved 1097728K
  class space    used 6854K, committed 7040K, reserved 1048576K
}
Event: 15.110 GC heap before
{Heap before GC invocations=22 (full 0):
 garbage-first heap   total 78848K, used 52215K [0x0000000080000000, 0x0000000100000000)
  region size 1024K, 10 young (10240K), 2 survivors (2048K)
 Metaspace       used 52963K, committed 53376K, reserved 1097728K
  class space    used 6970K, committed 7168K, reserved 1048576K
}
Event: 15.116 GC heap after
{Heap after GC invocations=23 (full 0):
 garbage-first heap   total 78848K, used 45268K [0x0000000080000000, 0x0000000100000000)
  region size 1024K, 2 young (2048K), 2 survivors (2048K)
 Metaspace       used 52963K, committed 53376K, reserved 1097728K
  class space    used 6970K, committed 7168K, reserved 1048576K
}
Event: 15.693 GC heap before
{Heap before GC invocations=23 (full 0):
 garbage-first heap   total 78848K, used 55508K [0x0000000080000000, 0x0000000100000000)
  region size 1024K, 12 young (12288K), 2 survivors (2048K)
 Metaspace       used 54314K, committed 54784K, reserved 1097728K
  class space    used 7171K, committed 7360K, reserved 1048576K
}
Event: 15.699 GC heap after
{Heap after GC invocations=24 (full 0):
 garbage-first heap   total 78848K, used 45646K [0x0000000080000000, 0x0000000100000000)
  region size 1024K, 1 young (1024K), 1 survivors (1024K)
 Metaspace       used 54314K, committed 54784K, reserved 1097728K
  class space    used 7171K, committed 7360K, reserved 1048576K
}
Event: 16.038 GC heap before
{Heap before GC invocations=25 (full 0):
 garbage-first heap   total 81920K, used 57934K [0x0000000080000000, 0x0000000100000000)
  region size 1024K, 13 young (13312K), 1 survivors (1024K)
 Metaspace       used 56402K, committed 56832K, reserved 1105920K
  class space    used 7422K, committed 7616K, reserved 1048576K
}
Event: 16.041 GC heap after
{Heap after GC invocations=26 (full 0):
 garbage-first heap   total 81920K, used 46134K [0x0000000080000000, 0x0000000100000000)
  region size 1024K, 1 young (1024K), 1 survivors (1024K)
 Metaspace       used 56402K, committed 56832K, reserved 1105920K
  class space    used 7422K, committed 7616K, reserved 1048576K
}
Event: 16.466 GC heap before
{Heap before GC invocations=26 (full 0):
 garbage-first heap   total 81920K, used 61494K [0x0000000080000000, 0x0000000100000000)
  region size 1024K, 16 young (16384K), 1 survivors (1024K)
 Metaspace       used 59120K, committed 59584K, reserved 1105920K
  class space    used 7733K, committed 7936K, reserved 1048576K
}
Event: 16.470 GC heap after
{Heap after GC invocations=27 (full 0):
 garbage-first heap   total 81920K, used 46789K [0x0000000080000000, 0x0000000100000000)
  region size 1024K, 2 young (2048K), 2 survivors (2048K)
 Metaspace       used 59120K, committed 59584K, reserved 1105920K
  class space    used 7733K, committed 7936K, reserved 1048576K
}

Dll operation events (2 events):
Event: 0.030 Loaded shared library C:\Program Files\Android\Android Studio\jbr\bin\java.dll
Event: 0.764 Loaded shared library C:\Program Files\Android\Android Studio\jbr\bin\verify.dll

Deoptimization events (20 events):
Event: 15.830 Thread 0x0000023748c99120 Uncommon trap: trap_request=0xffffffde fr.pc=0x0000023737af6290 relative=0x0000000000000910
Event: 15.830 Thread 0x0000023748c99120 Uncommon trap: reason=class_check action=maybe_recompile pc=0x0000023737af6290 method=java.io.BufferedInputStream.read1([BII)I @ 39 c2
Event: 15.830 Thread 0x0000023748c99120 DEOPT PACKING pc=0x0000023737af6290 sp=0x0000003f54af6e90
Event: 15.830 Thread 0x0000023748c99120 DEOPT UNPACKING pc=0x00000237374169a3 sp=0x0000003f54af6da8 mode 2
Event: 15.830 Thread 0x0000023748c99120 Uncommon trap: trap_request=0xffffffde fr.pc=0x0000023737af6290 relative=0x0000000000000910
Event: 15.830 Thread 0x0000023748c99120 Uncommon trap: reason=class_check action=maybe_recompile pc=0x0000023737af6290 method=java.io.BufferedInputStream.read1([BII)I @ 39 c2
Event: 15.830 Thread 0x0000023748c99120 DEOPT PACKING pc=0x0000023737af6290 sp=0x0000003f54af6e90
Event: 15.831 Thread 0x0000023748c99120 DEOPT UNPACKING pc=0x00000237374169a3 sp=0x0000003f54af6da8 mode 2
Event: 15.831 Thread 0x0000023748c99120 Uncommon trap: trap_request=0xffffffde fr.pc=0x0000023737af6290 relative=0x0000000000000910
Event: 15.831 Thread 0x0000023748c99120 Uncommon trap: reason=class_check action=maybe_recompile pc=0x0000023737af6290 method=java.io.BufferedInputStream.read1([BII)I @ 39 c2
Event: 15.831 Thread 0x0000023748c99120 DEOPT PACKING pc=0x0000023737af6290 sp=0x0000003f54af6e90
Event: 15.831 Thread 0x0000023748c99120 DEOPT UNPACKING pc=0x00000237374169a3 sp=0x0000003f54af6da8 mode 2
Event: 15.860 Thread 0x0000023748c99120 Uncommon trap: trap_request=0xffffffde fr.pc=0x0000023737af6290 relative=0x0000000000000910
Event: 15.860 Thread 0x0000023748c99120 Uncommon trap: reason=class_check action=maybe_recompile pc=0x0000023737af6290 method=java.io.BufferedInputStream.read1([BII)I @ 39 c2
Event: 15.860 Thread 0x0000023748c99120 DEOPT PACKING pc=0x0000023737af6290 sp=0x0000003f54af7920
Event: 15.860 Thread 0x0000023748c99120 DEOPT UNPACKING pc=0x00000237374169a3 sp=0x0000003f54af7838 mode 2
Event: 15.860 Thread 0x0000023748c99120 Uncommon trap: trap_request=0xffffffde fr.pc=0x0000023737acec1c relative=0x00000000000001dc
Event: 15.860 Thread 0x0000023748c99120 Uncommon trap: reason=class_check action=maybe_recompile pc=0x0000023737acec1c method=java.io.BufferedInputStream.read1([BII)I @ 39 c2
Event: 15.860 Thread 0x0000023748c99120 DEOPT PACKING pc=0x0000023737acec1c sp=0x0000003f54af7870
Event: 15.860 Thread 0x0000023748c99120 DEOPT UNPACKING pc=0x00000237374169a3 sp=0x0000003f54af7828 mode 2

Classes unloaded (0 events):
No events

Classes redefined (0 events):
No events

Internal exceptions (20 events):
Event: 11.575 Thread 0x0000023748c99120 Exception <a 'java/lang/NoSuchMethodError'{0x0000000084c1cc70}: 'java.lang.Object java.lang.invoke.DirectMethodHandle$Holder.invokeStatic(java.lang.Object, java.lang.Object, java.lang.Object, java.lang.Object, java.lang.Object, java.lang.Object, java.lang.Object, java.lang.Object, java.lang.Object, java.lang.Object, java.lang.Object, java.lang.Object, java.lang.Object, java.lang.Object, java.lang.Object, java.lang.Object, java.lang.Object, java.lang.Object, java.lang.Object, java.lang.Object, java.lang.Obj
Event: 11.580 Thread 0x0000023748c99120 Exception <a 'java/lang/NoSuchMethodError'{0x0000000084c4b818}: 'java.lang.Object java.lang.invoke.DirectMethodHandle$Holder.invokeStatic(java.lang.Object, java.lang.Object, java.lang.Object, java.lang.Object, java.lang.Object, java.lang.Object, java.lang.Object, java.lang.Object, java.lang.Object, java.lang.Object, java.lang.Object, java.lang.Object, java.lang.Object, java.lang.Object, java.lang.Object, java.lang.Object, java.lang.Object, java.lang.Object, java.lang.Object, java.lang.Object, java.lang.Obj
Event: 14.106 Thread 0x0000023748c99120 Exception <a 'java/lang/NoSuchMethodError'{0x00000000832e9fa0}: 'long java.lang.invoke.DirectMethodHandle$Holder.invokeVirtual(java.lang.Object, java.lang.Object)'> (0x00000000832e9fa0) 
thrown [s\src\hotspot\share\interpreter\linkResolver.cpp, line 771]
Event: 14.114 Thread 0x0000023748e8d330 Exception <a 'java/lang/NoSuchMethodError'{0x0000000083167548}: static Lorg/gradle/internal/build/event/types/DefaultOperationFinishedProgressEvent;.<clinit>()V> (0x0000000083167548) 
thrown [s\src\hotspot\share\prims\jni.cpp, line 1108]
Event: 14.121 Thread 0x0000023748e8d330 Exception <a 'java/lang/NoSuchMethodError'{0x0000000083190018}: static Lorg/gradle/internal/build/event/types/DefaultProjectConfigurationSuccessResult;.<clinit>()V> (0x0000000083190018) 
thrown [s\src\hotspot\share\prims\jni.cpp, line 1108]
Event: 14.121 Thread 0x0000023748e8d330 Exception <a 'java/lang/NoSuchMethodError'{0x0000000083191598}: static Lorg/gradle/internal/build/event/types/AbstractProjectConfigurationResult;.<clinit>()V> (0x0000000083191598) 
thrown [s\src\hotspot\share\prims\jni.cpp, line 1108]
Event: 14.121 Thread 0x0000023748e8d330 Exception <a 'java/lang/NoSuchMethodError'{0x0000000083192cf0}: static Lorg/gradle/internal/build/event/types/AbstractOperationResult;.<clinit>()V> (0x0000000083192cf0) 
thrown [s\src\hotspot\share\prims\jni.cpp, line 1108]
Event: 14.121 Thread 0x0000023748e8d330 Exception <a 'java/lang/NoSuchMethodError'{0x0000000083194168}: static Lorg/gradle/internal/build/event/types/AbstractResult;.<clinit>()V> (0x0000000083194168) 
thrown [s\src\hotspot\share\prims\jni.cpp, line 1108]
Event: 14.124 Thread 0x0000023748e8d330 Exception <a 'java/lang/NoSuchMethodError'{0x00000000831abf38}: static Lorg/gradle/internal/build/event/types/DefaultPluginApplicationResult;.<clinit>()V> (0x00000000831abf38) 
thrown [s\src\hotspot\share\prims\jni.cpp, line 1108]
Event: 14.127 Thread 0x0000023748e8d330 Exception <a 'java/lang/NoSuchMethodError'{0x00000000831b82f0}: static Lorg/gradle/internal/build/event/types/DefaultBinaryPluginIdentifier;.<clinit>()V> (0x00000000831b82f0) 
thrown [s\src\hotspot\share\prims\jni.cpp, line 1108]
Event: 14.135 Thread 0x0000023748e8d330 Exception <a 'java/lang/NoSuchMethodError'{0x00000000831d0410}: static Lorg/gradle/internal/build/event/types/DefaultScriptPluginIdentifier;.<clinit>()V> (0x00000000831d0410) 
thrown [s\src\hotspot\share\prims\jni.cpp, line 1108]
Event: 14.161 Thread 0x0000023748c99120 Exception <a 'java/lang/ClassNotFoundException'{0x0000000087d1b308}: build_td7bktcj4plk5urc3uupn93iBeanInfo> (0x0000000087d1b308) 
thrown [s\src\hotspot\share\classfile\systemDictionary.cpp, line 256]
Event: 14.161 Thread 0x0000023748c99120 Exception <a 'java/lang/ClassNotFoundException'{0x0000000087d21b68}: build_td7bktcj4plk5urc3uupn93iCustomizer> (0x0000000087d21b68) 
thrown [s\src\hotspot\share\classfile\systemDictionary.cpp, line 256]
Event: 14.837 Thread 0x0000023748c99120 Exception <a 'java/lang/ClassNotFoundException'{0x00000000853cd5c0}: org/gradle/api/internal/plugins/DefaultObjectConfigurationActionBeanInfo> (0x00000000853cd5c0) 
thrown [s\src\hotspot\share\classfile\systemDictionary.cpp, line 256]
Event: 14.839 Thread 0x0000023748c99120 Exception <a 'java/lang/ClassNotFoundException'{0x00000000853dfec8}: org/gradle/api/internal/plugins/DefaultObjectConfigurationActionCustomizer> (0x00000000853dfec8) 
thrown [s\src\hotspot\share\classfile\systemDictionary.cpp, line 256]
Event: 15.418 Thread 0x0000023748c99120 Exception <a 'java/lang/NoSuchMethodError'{0x000000008508a918}: 'java.lang.Object java.lang.invoke.DirectMethodHandle$Holder.newInvokeSpecial(java.lang.Object, java.lang.Object, java.lang.Object, java.lang.Object, int)'> (0x000000008508a918) 
thrown [s\src\hotspot\share\interpreter\linkResolver.cpp, line 771]
Event: 15.419 Thread 0x0000023748c99120 Exception <a 'java/lang/NoSuchMethodError'{0x000000008508fab8}: 'java.lang.Object java.lang.invoke.DirectMethodHandle$Holder.invokeSpecial(java.lang.Object, java.lang.Object, java.lang.Object, java.lang.Object, java.lang.Object, int)'> (0x000000008508fab8) 
thrown [s\src\hotspot\share\interpreter\linkResolver.cpp, line 771]
Event: 15.420 Thread 0x0000023748c99120 Exception <a 'java/lang/NoSuchMethodError'{0x0000000085094590}: 'java.lang.Object java.lang.invoke.Invokers$Holder.linkToTargetMethod(java.lang.Object, java.lang.Object, java.lang.Object, int, java.lang.Object)'> (0x0000000085094590) 
thrown [s\src\hotspot\share\interpreter\linkResolver.cpp, line 771]
Event: 15.934 Thread 0x0000023748c99120 Exception <a 'java/lang/NoSuchMethodError'{0x0000000084db8060}: 'int java.lang.invoke.DirectMethodHandle$Holder.invokeInterface(java.lang.Object, java.lang.Object, java.lang.Object, java.lang.Object)'> (0x0000000084db8060) 
thrown [s\src\hotspot\share\interpreter\linkResolver.cpp, line 771]
Event: 16.790 Thread 0x0000023748c99120 Exception <a 'java/lang/IncompatibleClassChangeError'{0x00000000847b6b18}: Found class java.lang.Object, but interface was expected> (0x00000000847b6b18) 
thrown [s\src\hotspot\share\interpreter\linkResolver.cpp, line 838]

VM Operations (20 events):
Event: 15.109 Executing VM operation: G1CollectForAllocation
Event: 15.117 Executing VM operation: G1CollectForAllocation done
Event: 15.693 Executing VM operation: G1CollectForAllocation
Event: 15.699 Executing VM operation: G1CollectForAllocation done
Event: 15.751 Executing VM operation: G1Concurrent
Event: 15.755 Executing VM operation: G1Concurrent done
Event: 15.779 Executing VM operation: G1Concurrent
Event: 15.779 Executing VM operation: G1Concurrent done
Event: 15.918 Executing VM operation: HandshakeAllThreads
Event: 15.918 Executing VM operation: HandshakeAllThreads done
Event: 15.931 Executing VM operation: HandshakeAllThreads
Event: 15.931 Executing VM operation: HandshakeAllThreads done
Event: 16.038 Executing VM operation: G1CollectForAllocation
Event: 16.041 Executing VM operation: G1CollectForAllocation done
Event: 16.466 Executing VM operation: G1CollectForAllocation
Event: 16.470 Executing VM operation: G1CollectForAllocation done
Event: 16.524 Executing VM operation: G1Concurrent
Event: 16.528 Executing VM operation: G1Concurrent done
Event: 16.555 Executing VM operation: G1Concurrent
Event: 16.555 Executing VM operation: G1Concurrent done

Events (20 events):
Event: 16.807 loading class javax/management/openmbean/OpenMBeanParameterInfo done
Event: 16.807 loading class javax/management/openmbean/OpenMBeanAttributeInfo done
Event: 16.807 loading class javax/management/openmbean/OpenMBeanAttributeInfoSupport done
Event: 16.808 loading class com/sun/jmx/mbeanserver/PerInterface
Event: 16.809 loading class com/sun/jmx/mbeanserver/PerInterface done
Event: 16.809 loading class com/sun/jmx/mbeanserver/PerInterface$InitMaps
Event: 16.809 loading class com/sun/jmx/mbeanserver/PerInterface$InitMaps done
Event: 16.809 loading class com/sun/jmx/mbeanserver/MXBeanLookup
Event: 16.810 loading class com/sun/jmx/mbeanserver/MXBeanLookup done
Event: 16.810 loading class com/sun/jmx/mbeanserver/WeakIdentityHashMap
Event: 16.810 loading class com/sun/jmx/mbeanserver/WeakIdentityHashMap done
Event: 16.810 loading class com/sun/jmx/mbeanserver/WeakIdentityHashMap$IdentityWeakReference
Event: 16.810 loading class com/sun/jmx/mbeanserver/WeakIdentityHashMap$IdentityWeakReference done
Event: 16.811 loading class java/lang/management/ThreadInfo
Event: 16.811 loading class java/lang/management/ThreadInfo done
Event: 16.812 loading class java/lang/management/LockInfo
Event: 16.812 loading class java/lang/management/LockInfo done
Event: 16.812 loading class java/lang/management/MonitorInfo
Event: 16.812 loading class java/lang/management/MonitorInfo done
Event: 16.813 loading class com/sun/jmx/mbeanserver/DefaultMXBeanMappingFactory$CompositeMapping


Dynamic libraries:
0x00007ff7d9cf0000 - 0x00007ff7d9cfa000 	C:\Program Files\Android\Android Studio\jbr\bin\java.exe
0x00007ff83e590000 - 0x00007ff83e7a4000 	C:\WINDOWS\SYSTEM32\ntdll.dll
0x00007ff83df50000 - 0x00007ff83e012000 	C:\WINDOWS\System32\KERNEL32.DLL
0x00007ff83bb40000 - 0x00007ff83bedc000 	C:\WINDOWS\System32\KERNELBASE.dll
0x00007ff83c280000 - 0x00007ff83c391000 	C:\WINDOWS\System32\ucrtbase.dll
0x00007ff832470000 - 0x00007ff832487000 	C:\Program Files\Android\Android Studio\jbr\bin\jli.dll
0x00007ff823320000 - 0x00007ff82333b000 	C:\Program Files\Android\Android Studio\jbr\bin\VCRUNTIME140.dll
0x00007ff83d4e0000 - 0x00007ff83d68b000 	C:\WINDOWS\System32\USER32.dll
0x00007ff83bf60000 - 0x00007ff83bf86000 	C:\WINDOWS\System32\win32u.dll
0x00007ff83df20000 - 0x00007ff83df49000 	C:\WINDOWS\System32\GDI32.dll
0x00007ff83bf90000 - 0x00007ff83c0a3000 	C:\WINDOWS\System32\gdi32full.dll
0x00007ff83c0b0000 - 0x00007ff83c14a000 	C:\WINDOWS\System32\msvcp_win.dll
0x00007ff81bb00000 - 0x00007ff81bd8e000 	C:\WINDOWS\WinSxS\amd64_microsoft.windows.common-controls_6595b64144ccf1df_6.0.22621.608_none_a9444ca7c10bb01d\COMCTL32.dll
0x00007ff83e040000 - 0x00007ff83e0e7000 	C:\WINDOWS\System32\msvcrt.dll
0x00007ff83c5f0000 - 0x00007ff83c621000 	C:\WINDOWS\System32\IMM32.DLL
0x00007ff832750000 - 0x00007ff83275c000 	C:\Program Files\Android\Android Studio\jbr\bin\vcruntime140_1.dll
0x00007ff81db90000 - 0x00007ff81dc1d000 	C:\Program Files\Android\Android Studio\jbr\bin\msvcp140.dll
0x00007fff913e0000 - 0x00007fff9204d000 	C:\Program Files\Android\Android Studio\jbr\bin\server\jvm.dll
0x00007ff83c850000 - 0x00007ff83c8fe000 	C:\WINDOWS\System32\ADVAPI32.dll
0x00007ff83d190000 - 0x00007ff83d234000 	C:\WINDOWS\System32\sechost.dll
0x00007ff83e150000 - 0x00007ff83e267000 	C:\WINDOWS\System32\RPCRT4.dll
0x00007ff832140000 - 0x00007ff832174000 	C:\WINDOWS\SYSTEM32\WINMM.dll
0x00007ff831320000 - 0x00007ff83132a000 	C:\WINDOWS\SYSTEM32\VERSION.dll
0x00007ff822e20000 - 0x00007ff822e29000 	C:\WINDOWS\SYSTEM32\WSOCK32.dll
0x00007ff83d690000 - 0x00007ff83d701000 	C:\WINDOWS\System32\WS2_32.dll
0x00007ff83aa20000 - 0x00007ff83aa38000 	C:\WINDOWS\SYSTEM32\kernel.appcore.dll
0x00007ff837380000 - 0x00007ff83738a000 	C:\Program Files\Android\Android Studio\jbr\bin\jimage.dll
0x00007ff839400000 - 0x00007ff83962e000 	C:\WINDOWS\SYSTEM32\DBGHELP.DLL
0x00007ff83d710000 - 0x00007ff83da99000 	C:\WINDOWS\System32\combase.dll
0x00007ff83d240000 - 0x00007ff83d317000 	C:\WINDOWS\System32\OLEAUT32.dll
0x00007ff8177b0000 - 0x00007ff8177e2000 	C:\WINDOWS\SYSTEM32\dbgcore.DLL
0x00007ff83bee0000 - 0x00007ff83bf5b000 	C:\WINDOWS\System32\bcryptPrimitives.dll
0x00007ffff2930000 - 0x00007ffff2955000 	C:\Program Files\Android\Android Studio\jbr\bin\java.dll
0x00007ff8336a0000 - 0x00007ff8336b8000 	C:\Program Files\Android\Android Studio\jbr\bin\zip.dll
0x00007ff83c9a0000 - 0x00007ff83d190000 	C:\WINDOWS\System32\SHELL32.dll
0x00007ff8399e0000 - 0x00007ff83a2ad000 	C:\WINDOWS\SYSTEM32\windows.storage.dll
0x00007ff8398a0000 - 0x00007ff8399de000 	C:\WINDOWS\SYSTEM32\wintypes.dll
0x00007ff83e450000 - 0x00007ff83e541000 	C:\WINDOWS\System32\SHCORE.dll
0x00007ff83e0f0000 - 0x00007ff83e14e000 	C:\WINDOWS\System32\shlwapi.dll
0x00007ff83b900000 - 0x00007ff83b921000 	C:\WINDOWS\SYSTEM32\profapi.dll
0x00007fffca780000 - 0x00007fffca799000 	C:\Program Files\Android\Android Studio\jbr\bin\net.dll
0x00007ff831c00000 - 0x00007ff831d37000 	C:\WINDOWS\SYSTEM32\WINHTTP.dll
0x00007ff83ae90000 - 0x00007ff83aef9000 	C:\WINDOWS\system32\mswsock.dll
0x00007fffc9340000 - 0x00007fffc9356000 	C:\Program Files\Android\Android Studio\jbr\bin\nio.dll
0x00007ff804e60000 - 0x00007ff804e70000 	C:\Program Files\Android\Android Studio\jbr\bin\verify.dll
0x00007ff836a60000 - 0x00007ff836a87000 	C:\Users\tranv\.gradle\native\68d5fa5c4cc2d200863cafc0d521ce42e7d3e7ee720ec0a83991735586a16f82\windows-amd64\native-platform.dll
0x00007ffff2430000 - 0x00007ffff2574000 	C:\Users\tranv\.gradle\native\e376f236ea51e6404a007f0833ffe2c6e607c4080706a723a18a27aeea778392\windows-amd64\native-platform-file-events.dll
0x00007ff816cd0000 - 0x00007ff816cd9000 	C:\Program Files\Android\Android Studio\jbr\bin\management.dll
0x00007ff807490000 - 0x00007ff80749b000 	C:\Program Files\Android\Android Studio\jbr\bin\management_ext.dll
0x00007ff83e020000 - 0x00007ff83e028000 	C:\WINDOWS\System32\PSAPI.DLL
0x00007ff83b0f0000 - 0x00007ff83b10b000 	C:\WINDOWS\SYSTEM32\CRYPTSP.dll
0x00007ff83a990000 - 0x00007ff83a9c5000 	C:\WINDOWS\system32\rsaenh.dll
0x00007ff83af90000 - 0x00007ff83afb8000 	C:\WINDOWS\SYSTEM32\USERENV.dll
0x00007ff83b2b0000 - 0x00007ff83b2d8000 	C:\WINDOWS\SYSTEM32\bcrypt.dll
0x00007ff83b110000 - 0x00007ff83b11c000 	C:\WINDOWS\SYSTEM32\CRYPTBASE.dll
0x00007ff83a500000 - 0x00007ff83a52d000 	C:\WINDOWS\SYSTEM32\IPHLPAPI.DLL
0x00007ff83c900000 - 0x00007ff83c909000 	C:\WINDOWS\System32\NSI.dll
0x00007ff832120000 - 0x00007ff832139000 	C:\WINDOWS\SYSTEM32\dhcpcsvc6.DLL
0x00007ff8316e0000 - 0x00007ff8316ff000 	C:\WINDOWS\SYSTEM32\dhcpcsvc.DLL
0x00007ff83a570000 - 0x00007ff83a663000 	C:\WINDOWS\SYSTEM32\DNSAPI.dll
0x00007ff8044b0000 - 0x00007ff8044b8000 	C:\WINDOWS\system32\wshunix.dll

dbghelp: loaded successfully - version: 4.0.5 - missing functions: none
symbol engine: initialized successfully - sym options: 0x614 - pdb path: .;C:\Program Files\Android\Android Studio\jbr\bin;C:\WINDOWS\SYSTEM32;C:\WINDOWS\WinSxS\amd64_microsoft.windows.common-controls_6595b64144ccf1df_6.0.22621.608_none_a9444ca7c10bb01d;C:\Program Files\Android\Android Studio\jbr\bin\server;C:\Users\tranv\.gradle\native\68d5fa5c4cc2d200863cafc0d521ce42e7d3e7ee720ec0a83991735586a16f82\windows-amd64;C:\Users\tranv\.gradle\native\e376f236ea51e6404a007f0833ffe2c6e607c4080706a723a18a27aeea778392\windows-amd64

VM Arguments:
jvm_args: --add-opens=java.base/java.util=ALL-UNNAMED --add-opens=java.base/java.lang=ALL-UNNAMED --add-opens=java.base/java.lang.invoke=ALL-UNNAMED --add-opens=java.prefs/java.util.prefs=ALL-UNNAMED --add-opens=java.base/java.nio.charset=ALL-UNNAMED --add-opens=java.base/java.net=ALL-UNNAMED --add-opens=java.base/java.util.concurrent.atomic=ALL-UNNAMED -Xmx2048m -Dfile.encoding=UTF-8 -Duser.country=US -Duser.language=en -Duser.variant 
java_command: org.gradle.launcher.daemon.bootstrap.GradleDaemon 8.0
java_class_path (initial): C:\Users\tranv\.gradle\wrapper\dists\gradle-8.0-bin\ca5e32bp14vu59qr306oxotwh\gradle-8.0\lib\gradle-launcher-8.0.jar
Launcher Type: SUN_STANDARD

[Global flags]
     intx CICompilerCount                          = 4                                         {product} {ergonomic}
     uint ConcGCThreads                            = 2                                         {product} {ergonomic}
     uint G1ConcRefinementThreads                  = 8                                         {product} {ergonomic}
   size_t G1HeapRegionSize                         = 1048576                                   {product} {ergonomic}
    uintx GCDrainStackTargetSize                   = 64                                        {product} {ergonomic}
   size_t InitialHeapSize                          = 132120576                                 {product} {ergonomic}
   size_t MarkStackSize                            = 4194304                                   {product} {ergonomic}
   size_t MaxHeapSize                              = 2147483648                                {product} {command line}
   size_t MaxNewSize                               = 1287651328                                {product} {ergonomic}
   size_t MinHeapDeltaBytes                        = 1048576                                   {product} {ergonomic}
   size_t MinHeapSize                              = 8388608                                   {product} {ergonomic}
    uintx NonNMethodCodeHeapSize                   = 5839372                                {pd product} {ergonomic}
    uintx NonProfiledCodeHeapSize                  = 122909434                              {pd product} {ergonomic}
    uintx ProfiledCodeHeapSize                     = 122909434                              {pd product} {ergonomic}
    uintx ReservedCodeCacheSize                    = 251658240                              {pd product} {ergonomic}
     bool SegmentedCodeCache                       = true                                      {product} {ergonomic}
   size_t SoftMaxHeapSize                          = 2147483648                             {manageable} {ergonomic}
     bool UseCompressedClassPointers               = true                           {product lp64_product} {ergonomic}
     bool UseCompressedOops                        = true                           {product lp64_product} {ergonomic}
     bool UseG1GC                                  = true                                      {product} {ergonomic}
     bool UseLargePagesIndividualAllocation        = false                                  {pd product} {ergonomic}

Logging:
Log output configuration:
 #0: stdout all=warning uptime,level,tags
 #1: stderr all=off uptime,level,tags

Environment Variables:
PATH=C:\Program Files\Common Files\Oracle\Java\javapath;C:\Program Files (x86)\Common Files\Oracle\Java\javapath;C:\WINDOWS\system32;C:\WINDOWS;C:\WINDOWS\System32\Wbem;C:\WINDOWS\System32\WindowsPowerShell\v1.0\;C:\WINDOWS\System32\OpenSSH\;%JAVA_HOME%\bin;C:\Program Files\nodejs\;C:\Program Files\dotnet\;C:\Program Files\Git\cmd;D:\program\xampp\php;C:\composer;C:\Users\tranv\AppData\Local\Programs\Python\Python310\Scripts\;C:\Users\tranv\AppData\Local\Programs\Python\Python310\;C:\Users\tranv\AppData\Local\Microsoft\WindowsApps;C:\Users\tranv\AppData\Local\Programs\Microsoft VS Code\bin;C:\Users\tranv\AppData\Roaming\npm;C:\Users\tranv\.dotnet\tools;C:\Users\tranv\AppData\Local\GitHubDesktop\bin;C:\Program Files\Inkscape\bin;C:\Program Files\Java\jdk-19\bin;C:\Users\tranv\AppData\Local\JetBrains\Toolbox\scripts;C:\Program Files\heroku\bin;C:\Users\tranv\AppData\Roaming\Composer\vendor\bin
USERNAME=tranv
OS=Windows_NT
PROCESSOR_IDENTIFIER=Intel64 Family 6 Model 142 Stepping 12, GenuineIntel
TMP=C:\Users\tranv\AppData\Local\Temp
TEMP=C:\Users\tranv\AppData\Local\Temp



---------------  S Y S T E M  ---------------

OS:
 Windows 11 , 64 bit Build 22621 (10.0.22621.1485)
OS uptime: 0 days 20:36 hours

CPU: total 8 (initial active 8) (4 cores per cpu, 2 threads per core) family 6 model 142 stepping 12 microcode 0xec, cx8, cmov, fxsr, ht, mmx, 3dnowpref, sse, sse2, sse3, ssse3, sse4.1, sse4.2, popcnt, lzcnt, tsc, tscinvbit, avx, avx2, aes, erms, clmul, bmi1, bmi2, adx, fma, vzeroupper, clflush, clflushopt

Memory: 4k page, system-wide physical 8014M (118M free)
TotalPageFile size 32590M (AvailPageFile size 4M)
current process WorkingSet (physical memory assigned to process): 216M, peak: 216M
current process commit charge ("private bytes"): 306M, peak: 308M

vm_info: OpenJDK 64-Bit Server VM (17.0.6+0-b2043.56-9586694) for windows-amd64 JRE (17.0.6+0-b2043.56-9586694), built on Feb  9 2023 20:06:20 by "androidbuild" with MS VC++ 16.10 / 16.11 (VS2019)

END.
